[4.609s] Invoking command in '/mnt/c/Users/David/onedrive/Documents/Projects/PortaMailCapstone/src/carmen_player': PYTHONPATH=/mnt/c/Users/David/onedrive/Documents/Projects/PortaMailCapstone/build/carmen_player/prefix_override:/usr/lib/python3/dist-packages/colcon_core/task/python/colcon_distutils_commands:/mnt/c/Users/David/onedrive/Documents/Projects/PortaMailCapstone/install/carmen_player/lib/python3.12/site-packages:${PYTHONPATH} /usr/bin/python3 -W ignore:setup.py install is deprecated -W ignore:easy_install command is deprecated setup.py egg_info --egg-base ../../build/carmen_player build --build-base /mnt/c/Users/David/onedrive/Documents/Projects/PortaMailCapstone/build/carmen_player/build install --record /mnt/c/Users/David/onedrive/Documents/Projects/PortaMailCapstone/build/carmen_player/install.log --single-version-externally-managed install_data
[6.046s] running egg_info
[6.098s] writing ../../build/carmen_player/carmen_player.egg-info/PKG-INFO
[6.111s] writing dependency_links to ../../build/carmen_player/carmen_player.egg-info/dependency_links.txt
[6.120s] writing entry points to ../../build/carmen_player/carmen_player.egg-info/entry_points.txt
[6.129s] writing requirements to ../../build/carmen_player/carmen_player.egg-info/requires.txt
[6.143s] writing top-level names to ../../build/carmen_player/carmen_player.egg-info/top_level.txt
[6.309s] reading manifest file '../../build/carmen_player/carmen_player.egg-info/SOURCES.txt'
[6.433s] writing manifest file '../../build/carmen_player/carmen_player.egg-info/SOURCES.txt'
[6.439s] running build
[6.440s] running build_py
[6.491s] running install
[6.507s] running install_lib
[6.700s] running install_data
[6.741s] running install_egg_info
[6.804s] removing '/mnt/c/Users/David/OneDrive/Documents/Projects/PortaMailCapstone/install/carmen_player/lib/python3.12/site-packages/carmen_player-0.0.0-py3.12.egg-info' (and everything under it)
[6.902s] Copying ../../build/carmen_player/carmen_player.egg-info to /mnt/c/Users/David/OneDrive/Documents/Projects/PortaMailCapstone/install/carmen_player/lib/python3.12/site-packages/carmen_player-0.0.0-py3.12.egg-info
[7.228s] running install_scripts
[7.721s] Installing play_log script to /mnt/c/Users/David/OneDrive/Documents/Projects/PortaMailCapstone/install/carmen_player/lib/carmen_player
[7.741s] writing list of installed files to '/mnt/c/Users/David/onedrive/Documents/Projects/PortaMailCapstone/build/carmen_player/install.log'
[7.802s] Invoked command in '/mnt/c/Users/David/onedrive/Documents/Projects/PortaMailCapstone/src/carmen_player' returned '0': PYTHONPATH=/mnt/c/Users/David/onedrive/Documents/Projects/PortaMailCapstone/build/carmen_player/prefix_override:/usr/lib/python3/dist-packages/colcon_core/task/python/colcon_distutils_commands:/mnt/c/Users/David/onedrive/Documents/Projects/PortaMailCapstone/install/carmen_player/lib/python3.12/site-packages:${PYTHONPATH} /usr/bin/python3 -W ignore:setup.py install is deprecated -W ignore:easy_install command is deprecated setup.py egg_info --egg-base ../../build/carmen_player build --build-base /mnt/c/Users/David/onedrive/Documents/Projects/PortaMailCapstone/build/carmen_player/build install --record /mnt/c/Users/David/onedrive/Documents/Projects/PortaMailCapstone/build/carmen_player/install.log --single-version-externally-managed install_data
