[3.970s] Invoking command in '/mnt/c/Users/David/onedrive/Documents/Projects/PortaMailCapstone/src/carmen_player': PYTHONPATH=/mnt/c/Users/David/onedrive/Documents/Projects/PortaMailCapstone/build/carmen_player/prefix_override:/usr/lib/python3/dist-packages/colcon_core/task/python/colcon_distutils_commands:/mnt/c/Users/David/onedrive/Documents/Projects/PortaMailCapstone/install/carmen_player/lib/python3.12/site-packages:${PYTHONPATH} /usr/bin/python3 -W ignore:setup.py install is deprecated -W ignore:easy_install command is deprecated setup.py egg_info --egg-base ../../build/carmen_player build --build-base /mnt/c/Users/David/onedrive/Documents/Projects/PortaMailCapstone/build/carmen_player/build install --record /mnt/c/Users/David/onedrive/Documents/Projects/PortaMailCapstone/build/carmen_player/install.log --single-version-externally-managed install_data
[5.233s] running egg_info
[5.288s] writing ../../build/carmen_player/carmen_player.egg-info/PKG-INFO
[5.300s] writing dependency_links to ../../build/carmen_player/carmen_player.egg-info/dependency_links.txt
[5.308s] writing entry points to ../../build/carmen_player/carmen_player.egg-info/entry_points.txt
[5.317s] writing requirements to ../../build/carmen_player/carmen_player.egg-info/requires.txt
[5.322s] writing top-level names to ../../build/carmen_player/carmen_player.egg-info/top_level.txt
[5.481s] reading manifest file '../../build/carmen_player/carmen_player.egg-info/SOURCES.txt'
[5.622s] writing manifest file '../../build/carmen_player/carmen_player.egg-info/SOURCES.txt'
[5.627s] running build
[5.628s] running build_py
[5.690s] running install
[5.705s] running install_lib
[5.920s] running install_data
[5.970s] running install_egg_info
[6.041s] removing '/mnt/c/Users/David/onedrive/Documents/Projects/PortaMailCapstone/install/carmen_player/lib/python3.12/site-packages/carmen_player-0.0.0-py3.12.egg-info' (and everything under it)
[6.138s] Copying ../../build/carmen_player/carmen_player.egg-info to /mnt/c/Users/David/onedrive/Documents/Projects/PortaMailCapstone/install/carmen_player/lib/python3.12/site-packages/carmen_player-0.0.0-py3.12.egg-info
[6.916s] running install_scripts
[7.719s] Installing play_log script to /mnt/c/Users/David/onedrive/Documents/Projects/PortaMailCapstone/install/carmen_player/lib/carmen_player
[7.738s] writing list of installed files to '/mnt/c/Users/David/onedrive/Documents/Projects/PortaMailCapstone/build/carmen_player/install.log'
[7.778s] Invoked command in '/mnt/c/Users/David/onedrive/Documents/Projects/PortaMailCapstone/src/carmen_player' returned '0': PYTHONPATH=/mnt/c/Users/David/onedrive/Documents/Projects/PortaMailCapstone/build/carmen_player/prefix_override:/usr/lib/python3/dist-packages/colcon_core/task/python/colcon_distutils_commands:/mnt/c/Users/David/onedrive/Documents/Projects/PortaMailCapstone/install/carmen_player/lib/python3.12/site-packages:${PYTHONPATH} /usr/bin/python3 -W ignore:setup.py install is deprecated -W ignore:easy_install command is deprecated setup.py egg_info --egg-base ../../build/carmen_player build --build-base /mnt/c/Users/David/onedrive/Documents/Projects/PortaMailCapstone/build/carmen_player/build install --record /mnt/c/Users/David/onedrive/Documents/Projects/PortaMailCapstone/build/carmen_player/install.log --single-version-externally-managed install_data
