[0.005s] Invoking command in '/home/david-ezuma/Documents/PortaMailCapstone/build/portamail_navigator': CMAKE_PREFIX_PATH=/opt/ros/jazzy DEBUGINFOD_URLS=https://debuginfod.ubuntu.com /usr/bin/cmake /home/david-ezuma/Documents/PortaMailCapstone/src/portamail_navigator -DCMAKE_INSTALL_PREFIX=/home/david-ezuma/Documents/PortaMailCapstone/install/portamail_navigator
[0.097s] -- The C compiler identification is GNU 13.3.0
[0.173s] -- The CXX compiler identification is GNU 13.3.0
[0.186s] -- Detecting C compiler ABI info
[0.248s] -- Detecting C compiler ABI info - done
[0.271s] -- Check for working C compiler: /usr/bin/cc - skipped
[0.271s] -- Detecting C compile features
[0.272s] -- Detecting C compile features - done
[0.284s] -- Detecting CXX compiler ABI info
[0.358s] -- Detecting CXX compiler ABI info - done
[0.380s] -- Check for working CXX compiler: /usr/bin/c++ - skipped
[0.381s] -- Detecting CXX compile features
[0.382s] -- Detecting CXX compile features - done
[0.387s] -- Found ament_cmake: 2.5.5 (/opt/ros/jazzy/share/ament_cmake/cmake)
[0.492s] -- Found Python3: /usr/bin/python3 (found version "3.12.3") found components: Interpreter 
[0.584s] -- Found rclcpp: 28.1.16 (/opt/ros/jazzy/share/rclcpp/cmake)
[0.618s] -- Found rosidl_generator_c: 4.6.7 (/opt/ros/jazzy/share/rosidl_generator_c/cmake)
[0.629s] -- Found rosidl_generator_cpp: 4.6.7 (/opt/ros/jazzy/share/rosidl_generator_cpp/cmake)
[0.645s] -- Using all available rosidl_typesupport_c: rosidl_typesupport_fastrtps_c;rosidl_typesupport_introspection_c
[0.662s] -- Using all available rosidl_typesupport_cpp: rosidl_typesupport_fastrtps_cpp;rosidl_typesupport_introspection_cpp
[0.736s] -- Found rmw_implementation_cmake: 7.3.3 (/opt/ros/jazzy/share/rmw_implementation_cmake/cmake)
[0.738s] -- Found rmw_fastrtps_cpp: 8.4.3 (/opt/ros/jazzy/share/rmw_fastrtps_cpp/cmake)
[0.794s] -- Found OpenSSL: /usr/lib/x86_64-linux-gnu/libcrypto.so (found version "3.0.13")  
[0.808s] -- Found FastRTPS: /opt/ros/jazzy/include (Required is at least version "2.13") 
[0.825s] -- Using RMW implementation 'rmw_fastrtps_cpp' as default
[0.897s] -- Found geometry_msgs: 5.3.6 (/opt/ros/jazzy/share/geometry_msgs/cmake)
[0.932s] -- Found nav_msgs: 5.3.6 (/opt/ros/jazzy/share/nav_msgs/cmake)
[0.960s] -- Found tf2: 0.36.19 (/opt/ros/jazzy/share/tf2/cmake)
[0.965s] -- Found tf2_ros: 0.36.19 (/opt/ros/jazzy/share/tf2_ros/cmake)
[1.080s] -- Found tf2_geometry_msgs: 0.36.19 (/opt/ros/jazzy/share/tf2_geometry_msgs/cmake)
[1.090s] -- Found eigen3_cmake_module: 0.3.0 (/opt/ros/jazzy/share/eigen3_cmake_module/cmake)
[1.091s] -- Found Eigen3: TRUE (found version "3.4.0") 
[1.091s] -- Ensuring Eigen3 include directory is part of orocos-kdl CMake target
[1.097s] CMake Error at CMakeLists.txt:19 (find_package):
[1.097s]   By not providing "Findslam_toolbox.cmake" in CMAKE_MODULE_PATH this project
[1.097s]   has asked CMake to find a package configuration file provided by
[1.097s]   "slam_toolbox", but CMake did not find one.
[1.097s] 
[1.097s]   Could not find a package configuration file provided by "slam_toolbox" with
[1.097s]   any of the following names:
[1.098s] 
[1.098s]     slam_toolboxConfig.cmake
[1.098s]     slam_toolbox-config.cmake
[1.098s] 
[1.098s]   Add the installation prefix of "slam_toolbox" to CMAKE_PREFIX_PATH or set
[1.098s]   "slam_toolbox_DIR" to a directory containing one of the above files.  If
[1.098s]   "slam_toolbox" provides a separate development package or SDK, be sure it
[1.098s]   has been installed.
[1.098s] 
[1.098s] 
[1.098s] -- Configuring incomplete, errors occurred!
