[0.069s] Invoking command in '/mnt/c/Users/k1411090/Documents/Projects/PortaMailCapstone/src/portamail_navigation/build/portamail_navigation': CMAKE_PREFIX_PATH=${CMAKE_PREFIX_PATH}:/opt/ros/jazzy /usr/bin/cmake /mnt/c/Users/k1411090/Documents/Projects/PortaMailCapstone/src/portamail_navigation -DCMAKE_INSTALL_PREFIX=/mnt/c/Users/k1411090/Documents/Projects/PortaMailCapstone/src/portamail_navigation/install/portamail_navigation
[0.287s] -- The C compiler identification is GNU 13.3.0
[0.761s] -- The CXX compiler identification is GNU 13.3.0
[1.239s] -- Detecting C compiler ABI info
[2.805s] -- Detecting C compiler ABI info - done
[2.896s] -- Check for working C compiler: /usr/bin/cc - skipped
[2.898s] -- Detecting C compile features
[2.901s] -- Detecting C compile features - done
[3.190s] -- Detecting CXX compiler ABI info
[4.532s] -- Detecting CXX compiler ABI info - done
[4.567s] -- Check for working CXX compiler: /usr/bin/c++ - skipped
[4.568s] -- Detecting CXX compile features
[4.568s] -- Detecting CXX compile features - done
[4.629s] -- Found ament_cmake: 2.5.4 (/opt/ros/jazzy/share/ament_cmake/cmake)
[4.780s] -- Found Python3: /usr/bin/python3 (found version "3.12.3") found components: Interpreter 
[5.372s] -- Found rclcpp: 28.1.13 (/opt/ros/jazzy/share/rclcpp/cmake)
[5.750s] -- Found rosidl_generator_c: 4.6.6 (/opt/ros/jazzy/share/rosidl_generator_c/cmake)
[5.825s] -- Found rosidl_generator_cpp: 4.6.6 (/opt/ros/jazzy/share/rosidl_generator_cpp/cmake)
[6.115s] -- Using all available rosidl_typesupport_c: rosidl_typesupport_fastrtps_c;rosidl_typesupport_introspection_c
[6.416s] -- Using all available rosidl_typesupport_cpp: rosidl_typesupport_fastrtps_cpp;rosidl_typesupport_introspection_cpp
[6.731s] -- Found rmw_implementation_cmake: 7.3.2 (/opt/ros/jazzy/share/rmw_implementation_cmake/cmake)
[6.774s] -- Found rmw_fastrtps_cpp: 8.4.3 (/opt/ros/jazzy/share/rmw_fastrtps_cpp/cmake)
[7.032s] -- Found OpenSSL: /usr/lib/x86_64-linux-gnu/libcrypto.so (found version "3.0.13")  
[7.185s] -- Found FastRTPS: /opt/ros/jazzy/include (Required is at least version "2.13") 
[7.281s] -- Using RMW implementation 'rmw_fastrtps_cpp' as default
[7.570s] -- Found rclcpp_action: 28.1.13 (/opt/ros/jazzy/share/rclcpp_action/cmake)
[7.675s] -- Found std_msgs: 5.3.6 (/opt/ros/jazzy/share/std_msgs/cmake)
[7.703s] -- Found geometry_msgs: 5.3.6 (/opt/ros/jazzy/share/geometry_msgs/cmake)
[9.528s] [31mCMake Error at CMakeLists.txt:18 (find_package):
[9.529s]   By not providing "Findnav2_msgs.cmake" in CMAKE_MODULE_PATH this project
[9.530s]   has asked CMake to find a package configuration file provided by
[9.531s]   "nav2_msgs", but CMake did not find one.
[9.533s] 
[9.534s]   Could not find a package configuration file provided by "nav2_msgs" with
[9.536s]   any of the following names:
[9.540s] 
[9.542s]     nav2_msgsConfig.cmake
[9.543s]     nav2_msgs-config.cmake
[9.551s] 
[9.552s]   Add the installation prefix of "nav2_msgs" to CMAKE_PREFIX_PATH or set
[9.554s]   "nav2_msgs_DIR" to a directory containing one of the above files.  If
[9.556s]   "nav2_msgs" provides a separate development package or SDK, be sure it has
[9.557s]   been installed.
[9.559s] 
[9.560s] [0m
[9.561s] -- Configuring incomplete, errors occurred!
[9.571s] Invoked command in '/mnt/c/Users/k1411090/Documents/Projects/PortaMailCapstone/src/portamail_navigation/build/portamail_navigation' returned '1': CMAKE_PREFIX_PATH=${CMAKE_PREFIX_PATH}:/opt/ros/jazzy /usr/bin/cmake /mnt/c/Users/k1411090/Documents/Projects/PortaMailCapstone/src/portamail_navigation -DCMAKE_INSTALL_PREFIX=/mnt/c/Users/k1411090/Documents/Projects/PortaMailCapstone/src/portamail_navigation/install/portamail_navigation
