[1.095s] DEBUG:colcon:Command line arguments: ['/usr/bin/colcon', 'build', '--packages-select', 'portamail_navigation']
[1.096s] DEBUG:colcon:Parsed command line arguments: Namespace(log_base=None, log_level=None, verb_name='build', build_base='build', install_base='install', merge_install=False, symlink_install=False, test_result_base=None, continue_on_error=False, executor='parallel', parallel_workers=12, event_handlers=None, ignore_user_meta=False, metas=['./colcon.meta'], base_paths=['.'], packages_ignore=None, packages_ignore_regex=None, paths=None, packages_up_to=None, packages_up_to_regex=None, packages_above=None, packages_above_and_dependencies=None, packages_above_depth=None, packages_select_by_dep=None, packages_skip_by_dep=None, packages_skip_up_to=None, packages_select_build_failed=False, packages_skip_build_finished=False, packages_select_test_failures=False, packages_skip_test_passed=False, packages_select=['portamail_navigation'], packages_skip=None, packages_select_regex=None, packages_skip_regex=None, packages_start=None, packages_end=None, allow_overriding=[], cmake_args=None, cmake_target=None, cmake_target_skip_unavailable=False, cmake_clean_cache=False, cmake_clean_first=False, cmake_force_configure=False, ament_cmake_args=None, catkin_cmake_args=None, catkin_skip_building_tests=False, mixin_files=None, mixin=None, verb_parser=<colcon_mixin.mixin.mixin_argument.MixinArgumentDecorator object at 0x7583fae7a6c0>, verb_extension=<colcon_core.verb.build.BuildVerb object at 0x7583fafa23f0>, main=<bound method BuildVerb.main of <colcon_core.verb.build.BuildVerb object at 0x7583fafa23f0>>, mixin_verb=('build',))
[1.142s] Level 1:colcon.colcon_core.package_discovery:discover_packages(colcon_meta) check parameters
[1.143s] Level 1:colcon.colcon_core.package_discovery:discover_packages(recursive) check parameters
[1.143s] Level 1:colcon.colcon_core.package_discovery:discover_packages(ignore) check parameters
[1.143s] Level 1:colcon.colcon_core.package_discovery:discover_packages(path) check parameters
[1.143s] Level 1:colcon.colcon_core.package_discovery:discover_packages(colcon_meta) discover
[1.143s] Level 1:colcon.colcon_core.package_discovery:discover_packages(recursive) discover
[1.144s] INFO:colcon.colcon_core.package_discovery:Crawling recursively for packages in '/mnt/c/Users/David/OneDrive/Documents/Projects/PortaMailCapstone'
[1.145s] Level 1:colcon.colcon_core.package_identification:_identify(.) by extensions ['ignore', 'ignore_ament_install']
[1.145s] Level 1:colcon.colcon_core.package_identification:_identify(.) by extension 'ignore'
[1.145s] Level 1:colcon.colcon_core.package_identification:_identify(.) by extension 'ignore_ament_install'
[1.146s] Level 1:colcon.colcon_core.package_identification:_identify(.) by extensions ['colcon_pkg']
[1.146s] Level 1:colcon.colcon_core.package_identification:_identify(.) by extension 'colcon_pkg'
[1.146s] Level 1:colcon.colcon_core.package_identification:_identify(.) by extensions ['colcon_meta']
[1.147s] Level 1:colcon.colcon_core.package_identification:_identify(.) by extension 'colcon_meta'
[1.147s] Level 1:colcon.colcon_core.package_identification:_identify(.) by extensions ['ros']
[1.147s] Level 1:colcon.colcon_core.package_identification:_identify(.) by extension 'ros'
[1.171s] Level 1:colcon.colcon_core.package_identification:_identify(.) by extensions ['cmake', 'python']
[1.171s] Level 1:colcon.colcon_core.package_identification:_identify(.) by extension 'cmake'
[1.171s] Level 1:colcon.colcon_core.package_identification:_identify(.) by extension 'python'
[1.172s] Level 1:colcon.colcon_core.package_identification:_identify(.) by extensions ['python_setup_py']
[1.172s] Level 1:colcon.colcon_core.package_identification:_identify(.) by extension 'python_setup_py'
[1.175s] Level 1:colcon.colcon_core.package_identification:_identify(build) by extensions ['ignore', 'ignore_ament_install']
[1.175s] Level 1:colcon.colcon_core.package_identification:_identify(build) by extension 'ignore'
[1.176s] Level 1:colcon.colcon_core.package_identification:_identify(build) ignored
[1.178s] Level 1:colcon.colcon_core.package_identification:_identify(install) by extensions ['ignore', 'ignore_ament_install']
[1.178s] Level 1:colcon.colcon_core.package_identification:_identify(install) by extension 'ignore'
[1.179s] Level 1:colcon.colcon_core.package_identification:_identify(install) ignored
[1.183s] Level 1:colcon.colcon_core.package_identification:_identify(log) by extensions ['ignore', 'ignore_ament_install']
[1.183s] Level 1:colcon.colcon_core.package_identification:_identify(log) by extension 'ignore'
[1.184s] Level 1:colcon.colcon_core.package_identification:_identify(log) ignored
[1.186s] Level 1:colcon.colcon_core.package_identification:_identify(src) by extensions ['ignore', 'ignore_ament_install']
[1.186s] Level 1:colcon.colcon_core.package_identification:_identify(src) by extension 'ignore'
[1.186s] Level 1:colcon.colcon_core.package_identification:_identify(src) by extension 'ignore_ament_install'
[1.189s] Level 1:colcon.colcon_core.package_identification:_identify(src) by extensions ['colcon_pkg']
[1.189s] Level 1:colcon.colcon_core.package_identification:_identify(src) by extension 'colcon_pkg'
[1.191s] Level 1:colcon.colcon_core.package_identification:_identify(src) by extensions ['colcon_meta']
[1.192s] Level 1:colcon.colcon_core.package_identification:_identify(src) by extension 'colcon_meta'
[1.193s] Level 1:colcon.colcon_core.package_identification:_identify(src) by extensions ['ros']
[1.194s] Level 1:colcon.colcon_core.package_identification:_identify(src) by extension 'ros'
[1.198s] Level 1:colcon.colcon_core.package_identification:_identify(src) by extensions ['cmake', 'python']
[1.198s] Level 1:colcon.colcon_core.package_identification:_identify(src) by extension 'cmake'
[1.199s] Level 1:colcon.colcon_core.package_identification:_identify(src) by extension 'python'
[1.200s] Level 1:colcon.colcon_core.package_identification:_identify(src) by extensions ['python_setup_py']
[1.200s] Level 1:colcon.colcon_core.package_identification:_identify(src) by extension 'python_setup_py'
[1.204s] Level 1:colcon.colcon_core.package_identification:_identify(src/Maps) by extensions ['ignore', 'ignore_ament_install']
[1.205s] Level 1:colcon.colcon_core.package_identification:_identify(src/Maps) by extension 'ignore'
[1.206s] Level 1:colcon.colcon_core.package_identification:_identify(src/Maps) by extension 'ignore_ament_install'
[1.208s] Level 1:colcon.colcon_core.package_identification:_identify(src/Maps) by extensions ['colcon_pkg']
[1.208s] Level 1:colcon.colcon_core.package_identification:_identify(src/Maps) by extension 'colcon_pkg'
[1.209s] Level 1:colcon.colcon_core.package_identification:_identify(src/Maps) by extensions ['colcon_meta']
[1.210s] Level 1:colcon.colcon_core.package_identification:_identify(src/Maps) by extension 'colcon_meta'
[1.211s] Level 1:colcon.colcon_core.package_identification:_identify(src/Maps) by extensions ['ros']
[1.211s] Level 1:colcon.colcon_core.package_identification:_identify(src/Maps) by extension 'ros'
[1.217s] Level 1:colcon.colcon_core.package_identification:_identify(src/Maps) by extensions ['cmake', 'python']
[1.217s] Level 1:colcon.colcon_core.package_identification:_identify(src/Maps) by extension 'cmake'
[1.218s] Level 1:colcon.colcon_core.package_identification:_identify(src/Maps) by extension 'python'
[1.219s] Level 1:colcon.colcon_core.package_identification:_identify(src/Maps) by extensions ['python_setup_py']
[1.219s] Level 1:colcon.colcon_core.package_identification:_identify(src/Maps) by extension 'python_setup_py'
[1.224s] Level 1:colcon.colcon_core.package_identification:_identify(src/Navigation) by extensions ['ignore', 'ignore_ament_install']
[1.225s] Level 1:colcon.colcon_core.package_identification:_identify(src/Navigation) by extension 'ignore'
[1.226s] Level 1:colcon.colcon_core.package_identification:_identify(src/Navigation) by extension 'ignore_ament_install'
[1.228s] Level 1:colcon.colcon_core.package_identification:_identify(src/Navigation) by extensions ['colcon_pkg']
[1.228s] Level 1:colcon.colcon_core.package_identification:_identify(src/Navigation) by extension 'colcon_pkg'
[1.230s] Level 1:colcon.colcon_core.package_identification:_identify(src/Navigation) by extensions ['colcon_meta']
[1.230s] Level 1:colcon.colcon_core.package_identification:_identify(src/Navigation) by extension 'colcon_meta'
[1.231s] Level 1:colcon.colcon_core.package_identification:_identify(src/Navigation) by extensions ['ros']
[1.232s] Level 1:colcon.colcon_core.package_identification:_identify(src/Navigation) by extension 'ros'
[1.237s] Level 1:colcon.colcon_core.package_identification:_identify(src/Navigation) by extensions ['cmake', 'python']
[1.238s] Level 1:colcon.colcon_core.package_identification:_identify(src/Navigation) by extension 'cmake'
[1.239s] Level 1:colcon.colcon_core.package_identification:_identify(src/Navigation) by extension 'python'
[1.240s] Level 1:colcon.colcon_core.package_identification:_identify(src/Navigation) by extensions ['python_setup_py']
[1.240s] Level 1:colcon.colcon_core.package_identification:_identify(src/Navigation) by extension 'python_setup_py'
[1.245s] Level 1:colcon.colcon_core.package_identification:_identify(src/build) by extensions ['ignore', 'ignore_ament_install']
[1.245s] Level 1:colcon.colcon_core.package_identification:_identify(src/build) by extension 'ignore'
[1.246s] Level 1:colcon.colcon_core.package_identification:_identify(src/build) ignored
[1.250s] Level 1:colcon.colcon_core.package_identification:_identify(src/install) by extensions ['ignore', 'ignore_ament_install']
[1.250s] Level 1:colcon.colcon_core.package_identification:_identify(src/install) by extension 'ignore'
[1.252s] Level 1:colcon.colcon_core.package_identification:_identify(src/install) ignored
[1.257s] Level 1:colcon.colcon_core.package_identification:_identify(src/log) by extensions ['ignore', 'ignore_ament_install']
[1.258s] Level 1:colcon.colcon_core.package_identification:_identify(src/log) by extension 'ignore'
[1.259s] Level 1:colcon.colcon_core.package_identification:_identify(src/log) ignored
[1.263s] Level 1:colcon.colcon_core.package_identification:_identify(src/portamail_navigation) by extensions ['ignore', 'ignore_ament_install']
[1.263s] Level 1:colcon.colcon_core.package_identification:_identify(src/portamail_navigation) by extension 'ignore'
[1.264s] Level 1:colcon.colcon_core.package_identification:_identify(src/portamail_navigation) by extension 'ignore_ament_install'
[1.266s] Level 1:colcon.colcon_core.package_identification:_identify(src/portamail_navigation) by extensions ['colcon_pkg']
[1.266s] Level 1:colcon.colcon_core.package_identification:_identify(src/portamail_navigation) by extension 'colcon_pkg'
[1.267s] Level 1:colcon.colcon_core.package_identification:_identify(src/portamail_navigation) by extensions ['colcon_meta']
[1.267s] Level 1:colcon.colcon_core.package_identification:_identify(src/portamail_navigation) by extension 'colcon_meta'
[1.269s] Level 1:colcon.colcon_core.package_identification:_identify(src/portamail_navigation) by extensions ['ros']
[1.269s] Level 1:colcon.colcon_core.package_identification:_identify(src/portamail_navigation) by extension 'ros'
[1.283s] DEBUG:colcon.colcon_core.package_identification:Package 'src/portamail_navigation' with type 'ros.ament_cmake' and name 'portamail_navigation'
[1.283s] Level 1:colcon.colcon_core.package_discovery:discover_packages(recursive) using defaults
[1.283s] Level 1:colcon.colcon_core.package_discovery:discover_packages(ignore) discover
[1.283s] Level 1:colcon.colcon_core.package_discovery:discover_packages(ignore) using defaults
[1.283s] Level 1:colcon.colcon_core.package_discovery:discover_packages(path) discover
[1.284s] Level 1:colcon.colcon_core.package_discovery:discover_packages(path) using defaults
[1.303s] Level 1:colcon.colcon_core.package_discovery:discover_packages(prefix_path) check parameters
[1.303s] Level 1:colcon.colcon_core.package_discovery:discover_packages(prefix_path) discover
[1.306s] DEBUG:colcon.colcon_installed_package_information.package_discovery:Found 379 installed packages in /opt/ros/jazzy
[1.307s] Level 1:colcon.colcon_core.package_discovery:discover_packages(prefix_path) using defaults
[1.359s] Level 5:colcon.colcon_core.verb:set package 'portamail_navigation' build argument 'cmake_args' from command line to 'None'
[1.359s] Level 5:colcon.colcon_core.verb:set package 'portamail_navigation' build argument 'cmake_target' from command line to 'None'
[1.359s] Level 5:colcon.colcon_core.verb:set package 'portamail_navigation' build argument 'cmake_target_skip_unavailable' from command line to 'False'
[1.360s] Level 5:colcon.colcon_core.verb:set package 'portamail_navigation' build argument 'cmake_clean_cache' from command line to 'False'
[1.360s] Level 5:colcon.colcon_core.verb:set package 'portamail_navigation' build argument 'cmake_clean_first' from command line to 'False'
[1.360s] Level 5:colcon.colcon_core.verb:set package 'portamail_navigation' build argument 'cmake_force_configure' from command line to 'False'
[1.360s] Level 5:colcon.colcon_core.verb:set package 'portamail_navigation' build argument 'ament_cmake_args' from command line to 'None'
[1.360s] Level 5:colcon.colcon_core.verb:set package 'portamail_navigation' build argument 'catkin_cmake_args' from command line to 'None'
[1.360s] Level 5:colcon.colcon_core.verb:set package 'portamail_navigation' build argument 'catkin_skip_building_tests' from command line to 'False'
[1.360s] DEBUG:colcon.colcon_core.verb:Building package 'portamail_navigation' with the following arguments: {'ament_cmake_args': None, 'build_base': '/mnt/c/Users/David/OneDrive/Documents/Projects/PortaMailCapstone/build/portamail_navigation', 'catkin_cmake_args': None, 'catkin_skip_building_tests': False, 'cmake_args': None, 'cmake_clean_cache': False, 'cmake_clean_first': False, 'cmake_force_configure': False, 'cmake_target': None, 'cmake_target_skip_unavailable': False, 'install_base': '/mnt/c/Users/David/OneDrive/Documents/Projects/PortaMailCapstone/install/portamail_navigation', 'merge_install': False, 'path': '/mnt/c/Users/David/OneDrive/Documents/Projects/PortaMailCapstone/src/portamail_navigation', 'symlink_install': False, 'test_result_base': None}
[1.361s] INFO:colcon.colcon_core.executor:Executing jobs using 'parallel' executor
[1.362s] DEBUG:colcon.colcon_parallel_executor.executor.parallel:run_until_complete
[1.362s] INFO:colcon.colcon_ros.task.ament_cmake.build:Building ROS package in '/mnt/c/Users/David/OneDrive/Documents/Projects/PortaMailCapstone/src/portamail_navigation' with build type 'ament_cmake'
[1.362s] INFO:colcon.colcon_cmake.task.cmake.build:Building CMake package in '/mnt/c/Users/David/OneDrive/Documents/Projects/PortaMailCapstone/src/portamail_navigation'
[1.365s] INFO:colcon.colcon_core.plugin_system:Skipping extension 'colcon_core.shell.bat': Not used on non-Windows systems
[1.366s] INFO:colcon.colcon_core.shell:Skip shell extension 'powershell' for command environment: Not usable outside of PowerShell
[1.366s] DEBUG:colcon.colcon_core.shell:Skip shell extension 'dsv' for command environment
[1.422s] DEBUG:colcon.colcon_core.event_handler.log_command:Invoking command in '/mnt/c/Users/David/OneDrive/Documents/Projects/PortaMailCapstone/build/portamail_navigation': CMAKE_PREFIX_PATH=${CMAKE_PREFIX_PATH}:/opt/ros/jazzy /usr/bin/cmake --build /mnt/c/Users/David/OneDrive/Documents/Projects/PortaMailCapstone/build/portamail_navigation -- -j12 -l12
[1.717s] DEBUG:colcon.colcon_core.event_handler.log_command:Invoked command in '/mnt/c/Users/David/OneDrive/Documents/Projects/PortaMailCapstone/build/portamail_navigation' returned '0': CMAKE_PREFIX_PATH=${CMAKE_PREFIX_PATH}:/opt/ros/jazzy /usr/bin/cmake --build /mnt/c/Users/David/OneDrive/Documents/Projects/PortaMailCapstone/build/portamail_navigation -- -j12 -l12
[1.747s] DEBUG:colcon.colcon_core.event_handler.log_command:Invoking command in '/mnt/c/Users/David/OneDrive/Documents/Projects/PortaMailCapstone/build/portamail_navigation': CMAKE_PREFIX_PATH=${CMAKE_PREFIX_PATH}:/opt/ros/jazzy /usr/bin/cmake --install /mnt/c/Users/David/OneDrive/Documents/Projects/PortaMailCapstone/build/portamail_navigation
[2.279s] Level 1:colcon.colcon_core.environment:create_environment_scripts_only(portamail_navigation)
[2.280s] DEBUG:colcon.colcon_core.event_handler.log_command:Invoked command in '/mnt/c/Users/David/OneDrive/Documents/Projects/PortaMailCapstone/build/portamail_navigation' returned '0': CMAKE_PREFIX_PATH=${CMAKE_PREFIX_PATH}:/opt/ros/jazzy /usr/bin/cmake --install /mnt/c/Users/David/OneDrive/Documents/Projects/PortaMailCapstone/build/portamail_navigation
[2.282s] Level 1:colcon.colcon_core.environment:checking '/mnt/c/Users/David/OneDrive/Documents/Projects/PortaMailCapstone/install/portamail_navigation' for CMake module files
[2.372s] Level 1:colcon.colcon_core.environment:checking '/mnt/c/Users/David/OneDrive/Documents/Projects/PortaMailCapstone/install/portamail_navigation' for CMake config files
[2.450s] Level 1:colcon.colcon_core.shell:create_environment_hook('portamail_navigation', 'cmake_prefix_path')
[2.450s] INFO:colcon.colcon_core.shell:Creating environment hook '/mnt/c/Users/David/OneDrive/Documents/Projects/PortaMailCapstone/install/portamail_navigation/share/portamail_navigation/hook/cmake_prefix_path.ps1'
[2.465s] INFO:colcon.colcon_core.shell:Creating environment descriptor '/mnt/c/Users/David/OneDrive/Documents/Projects/PortaMailCapstone/install/portamail_navigation/share/portamail_navigation/hook/cmake_prefix_path.dsv'
[2.480s] INFO:colcon.colcon_core.shell:Creating environment hook '/mnt/c/Users/David/OneDrive/Documents/Projects/PortaMailCapstone/install/portamail_navigation/share/portamail_navigation/hook/cmake_prefix_path.sh'
[2.499s] Level 1:colcon.colcon_core.environment:checking '/mnt/c/Users/David/OneDrive/Documents/Projects/PortaMailCapstone/install/portamail_navigation/lib'
[2.503s] Level 1:colcon.colcon_core.environment:checking '/mnt/c/Users/David/OneDrive/Documents/Projects/PortaMailCapstone/install/portamail_navigation/bin'
[2.504s] Level 1:colcon.colcon_core.environment:checking '/mnt/c/Users/David/OneDrive/Documents/Projects/PortaMailCapstone/install/portamail_navigation/lib/pkgconfig/portamail_navigation.pc'
[2.506s] Level 1:colcon.colcon_core.environment:checking '/mnt/c/Users/David/OneDrive/Documents/Projects/PortaMailCapstone/install/portamail_navigation/lib/python3.12/site-packages'
[2.508s] Level 1:colcon.colcon_core.environment:checking '/mnt/c/Users/David/OneDrive/Documents/Projects/PortaMailCapstone/install/portamail_navigation/bin'
[2.509s] INFO:colcon.colcon_core.shell:Creating package script '/mnt/c/Users/David/OneDrive/Documents/Projects/PortaMailCapstone/install/portamail_navigation/share/portamail_navigation/package.ps1'
[2.521s] INFO:colcon.colcon_core.shell:Creating package descriptor '/mnt/c/Users/David/OneDrive/Documents/Projects/PortaMailCapstone/install/portamail_navigation/share/portamail_navigation/package.dsv'
[2.533s] INFO:colcon.colcon_core.shell:Creating package script '/mnt/c/Users/David/OneDrive/Documents/Projects/PortaMailCapstone/install/portamail_navigation/share/portamail_navigation/package.sh'
[2.546s] INFO:colcon.colcon_core.shell:Creating package script '/mnt/c/Users/David/OneDrive/Documents/Projects/PortaMailCapstone/install/portamail_navigation/share/portamail_navigation/package.bash'
[2.559s] INFO:colcon.colcon_core.shell:Creating package script '/mnt/c/Users/David/OneDrive/Documents/Projects/PortaMailCapstone/install/portamail_navigation/share/portamail_navigation/package.zsh'
[2.571s] Level 1:colcon.colcon_core.environment:create_file_with_runtime_dependencies(/mnt/c/Users/David/OneDrive/Documents/Projects/PortaMailCapstone/install/portamail_navigation/share/colcon-core/packages/portamail_navigation)
[2.597s] Level 1:colcon.colcon_core.environment:create_environment_scripts_only(portamail_navigation)
[2.597s] Level 1:colcon.colcon_core.environment:checking '/mnt/c/Users/David/OneDrive/Documents/Projects/PortaMailCapstone/install/portamail_navigation' for CMake module files
[2.684s] Level 1:colcon.colcon_core.environment:checking '/mnt/c/Users/David/OneDrive/Documents/Projects/PortaMailCapstone/install/portamail_navigation' for CMake config files
[2.760s] Level 1:colcon.colcon_core.shell:create_environment_hook('portamail_navigation', 'cmake_prefix_path')
[2.761s] INFO:colcon.colcon_core.shell:Creating environment hook '/mnt/c/Users/David/OneDrive/Documents/Projects/PortaMailCapstone/install/portamail_navigation/share/portamail_navigation/hook/cmake_prefix_path.ps1'
[2.774s] INFO:colcon.colcon_core.shell:Creating environment descriptor '/mnt/c/Users/David/OneDrive/Documents/Projects/PortaMailCapstone/install/portamail_navigation/share/portamail_navigation/hook/cmake_prefix_path.dsv'
[2.788s] INFO:colcon.colcon_core.shell:Creating environment hook '/mnt/c/Users/David/OneDrive/Documents/Projects/PortaMailCapstone/install/portamail_navigation/share/portamail_navigation/hook/cmake_prefix_path.sh'
[2.806s] Level 1:colcon.colcon_core.environment:checking '/mnt/c/Users/David/OneDrive/Documents/Projects/PortaMailCapstone/install/portamail_navigation/lib'
[2.811s] Level 1:colcon.colcon_core.environment:checking '/mnt/c/Users/David/OneDrive/Documents/Projects/PortaMailCapstone/install/portamail_navigation/bin'
[2.812s] Level 1:colcon.colcon_core.environment:checking '/mnt/c/Users/David/OneDrive/Documents/Projects/PortaMailCapstone/install/portamail_navigation/lib/pkgconfig/portamail_navigation.pc'
[2.814s] Level 1:colcon.colcon_core.environment:checking '/mnt/c/Users/David/OneDrive/Documents/Projects/PortaMailCapstone/install/portamail_navigation/lib/python3.12/site-packages'
[2.816s] Level 1:colcon.colcon_core.environment:checking '/mnt/c/Users/David/OneDrive/Documents/Projects/PortaMailCapstone/install/portamail_navigation/bin'
[2.817s] INFO:colcon.colcon_core.shell:Creating package script '/mnt/c/Users/David/OneDrive/Documents/Projects/PortaMailCapstone/install/portamail_navigation/share/portamail_navigation/package.ps1'
[2.828s] INFO:colcon.colcon_core.shell:Creating package descriptor '/mnt/c/Users/David/OneDrive/Documents/Projects/PortaMailCapstone/install/portamail_navigation/share/portamail_navigation/package.dsv'
[2.840s] INFO:colcon.colcon_core.shell:Creating package script '/mnt/c/Users/David/OneDrive/Documents/Projects/PortaMailCapstone/install/portamail_navigation/share/portamail_navigation/package.sh'
[2.852s] INFO:colcon.colcon_core.shell:Creating package script '/mnt/c/Users/David/OneDrive/Documents/Projects/PortaMailCapstone/install/portamail_navigation/share/portamail_navigation/package.bash'
[2.864s] INFO:colcon.colcon_core.shell:Creating package script '/mnt/c/Users/David/OneDrive/Documents/Projects/PortaMailCapstone/install/portamail_navigation/share/portamail_navigation/package.zsh'
[2.876s] Level 1:colcon.colcon_core.environment:create_file_with_runtime_dependencies(/mnt/c/Users/David/OneDrive/Documents/Projects/PortaMailCapstone/install/portamail_navigation/share/colcon-core/packages/portamail_navigation)
[2.886s] DEBUG:colcon.colcon_parallel_executor.executor.parallel:closing loop
[2.886s] DEBUG:colcon.colcon_parallel_executor.executor.parallel:loop closed
[2.887s] DEBUG:colcon.colcon_parallel_executor.executor.parallel:run_until_complete finished with '0'
[2.887s] DEBUG:colcon.colcon_core.event_reactor:joining thread
[2.962s] INFO:colcon.colcon_core.plugin_system:Skipping extension 'colcon_notification.desktop_notification.notify_send': Could not find 'notify-send'
[2.962s] INFO:colcon.colcon_core.plugin_system:Skipping extension 'colcon_notification.desktop_notification.terminal_notifier': Not used on non-Darwin systems
[2.962s] INFO:colcon.colcon_core.plugin_system:Skipping extension 'colcon_notification.desktop_notification.win32': Not used on non-Windows systems
[2.963s] INFO:colcon.colcon_notification.desktop_notification:Sending desktop notification using 'notify2'
[2.964s] DEBUG:colcon.colcon_notification.desktop_notification.notify2:Failed to initialize notify2: org.freedesktop.DBus.Error.ServiceUnknown: The name org.freedesktop.Notifications was not provided by any .service files
[2.964s] DEBUG:colcon.colcon_core.event_reactor:joined thread
[2.964s] INFO:colcon.colcon_core.shell:Creating prefix script '/mnt/c/Users/David/OneDrive/Documents/Projects/PortaMailCapstone/install/local_setup.ps1'
[2.969s] INFO:colcon.colcon_core.shell:Creating prefix util module '/mnt/c/Users/David/OneDrive/Documents/Projects/PortaMailCapstone/install/_local_setup_util_ps1.py'
[2.975s] INFO:colcon.colcon_core.shell:Creating prefix chain script '/mnt/c/Users/David/OneDrive/Documents/Projects/PortaMailCapstone/install/setup.ps1'
[2.981s] INFO:colcon.colcon_core.shell:Creating prefix script '/mnt/c/Users/David/OneDrive/Documents/Projects/PortaMailCapstone/install/local_setup.sh'
[2.986s] INFO:colcon.colcon_core.shell:Creating prefix util module '/mnt/c/Users/David/OneDrive/Documents/Projects/PortaMailCapstone/install/_local_setup_util_sh.py'
[2.992s] INFO:colcon.colcon_core.shell:Creating prefix chain script '/mnt/c/Users/David/OneDrive/Documents/Projects/PortaMailCapstone/install/setup.sh'
[2.997s] INFO:colcon.colcon_core.shell:Creating prefix script '/mnt/c/Users/David/OneDrive/Documents/Projects/PortaMailCapstone/install/local_setup.bash'
[3.003s] INFO:colcon.colcon_core.shell:Creating prefix chain script '/mnt/c/Users/David/OneDrive/Documents/Projects/PortaMailCapstone/install/setup.bash'
[3.009s] INFO:colcon.colcon_core.shell:Creating prefix script '/mnt/c/Users/David/OneDrive/Documents/Projects/PortaMailCapstone/install/local_setup.zsh'
[3.014s] INFO:colcon.colcon_core.shell:Creating prefix chain script '/mnt/c/Users/David/OneDrive/Documents/Projects/PortaMailCapstone/install/setup.zsh'
