[0.017s] Invoking command in '/home/davidezuma/PortaMailCapstone/build/portamail_navigator': CMAKE_PREFIX_PATH=${CMAKE_PREFIX_PATH}:/home/davidezuma/PortaMailCapstone/install/lcd_bridge:/opt/ros/jazzy /usr/bin/cmake /home/davidezuma/PortaMailCapstone/src/portamail_navigator -DCMAKE_INSTALL_PREFIX=/home/davidezuma/PortaMailCapstone/install/portamail_navigator
[0.041s] -- Found ament_cmake: 2.5.5 (/opt/ros/jazzy/share/ament_cmake/cmake)
[0.356s] -- Override CMake install command with custom implementation using symlinks instead of copying resources
[0.366s] -- Found rclcpp: 28.1.16 (/opt/ros/jazzy/share/rclcpp/cmake)
[0.402s] -- Found rosidl_generator_c: 4.6.7 (/opt/ros/jazzy/share/rosidl_generator_c/cmake)
[0.415s] -- Found rosidl_generator_cpp: 4.6.7 (/opt/ros/jazzy/share/rosidl_generator_cpp/cmake)
[0.432s] -- Using all available rosidl_typesupport_c: rosidl_typesupport_fastrtps_c;rosidl_typesupport_introspection_c
[0.451s] -- Using all available rosidl_typesupport_cpp: rosidl_typesupport_fastrtps_cpp;rosidl_typesupport_introspection_cpp
[0.532s] -- Found rmw_implementation_cmake: 7.3.3 (/opt/ros/jazzy/share/rmw_implementation_cmake/cmake)
[0.534s] -- Found rmw_fastrtps_cpp: 8.4.3 (/opt/ros/jazzy/share/rmw_fastrtps_cpp/cmake)
[0.628s] -- Using RMW implementation 'rmw_fastrtps_cpp' as default
[0.710s] -- Found geometry_msgs: 5.3.6 (/opt/ros/jazzy/share/geometry_msgs/cmake)
[0.750s] -- Found nav_msgs: 5.3.6 (/opt/ros/jazzy/share/nav_msgs/cmake)
[0.782s] -- Found tf2: 0.36.19 (/opt/ros/jazzy/share/tf2/cmake)
[0.787s] -- Found tf2_ros: 0.36.19 (/opt/ros/jazzy/share/tf2_ros/cmake)
[0.923s] -- Found tf2_geometry_msgs: 0.36.19 (/opt/ros/jazzy/share/tf2_geometry_msgs/cmake)
[0.928s] -- Found eigen3_cmake_module: 0.3.0 (/opt/ros/jazzy/share/eigen3_cmake_module/cmake)
[0.930s] -- Ensuring Eigen3 include directory is part of orocos-kdl CMake target
[0.932s] -- Found slam_toolbox: 2.8.3 (/opt/ros/jazzy/share/slam_toolbox/cmake)
[1.183s] -- Setting OGRE_DIR to: '/opt/ros/jazzy/share/rviz_ogre_vendor/cmake/../../../opt/rviz_ogre_vendor/lib/OGRE/cmake'
[1.184s] -- Found OGRE
[1.185s] --   static     : OFF
[1.185s] --   components : MeshLodGenerator;Overlay;Paging;Property;RTShaderSystem;Terrain;Volume
[1.185s] --   plugins    : Plugin_BSPSceneManager;Plugin_OctreeSceneManager;Plugin_PCZSceneManager;Plugin_ParticleFX;RenderSystem_GL;RenderSystem_GL3Plus;Codec_STBI
[1.185s] --   media      : /opt/ros/jazzy/opt/rviz_ogre_vendor/share/OGRE/Media
[1.185s] -- OGRE_LIBRARIES: OgreMeshLodGenerator;OgreOverlay;OgrePaging;OgreProperty;OgreRTShaderSystem;OgreTerrain;OgreVolume;OgreMain
[1.185s] -- OGRE_LIBRARY_DIRS: /opt/ros/jazzy/opt/rviz_ogre_vendor/lib
[1.185s] -- OGRE_PLUGINS: Plugin_BSPSceneManager;Plugin_OctreeSceneManager;Plugin_PCZSceneManager;Plugin_ParticleFX;RenderSystem_GL;RenderSystem_GL3Plus;Codec_STBI
[1.185s] -- OGRE_PLUGIN_DIR: /opt/ros/jazzy/opt/rviz_ogre_vendor/lib/OGRE
[1.185s] -- rviz_ogre_vendor::OgreOverlay for IMPORTED_LOCATION_RELEASE: /opt/ros/jazzy/opt/rviz_ogre_vendor/lib/libOgreOverlay.so
[1.185s] -- rviz_ogre_vendor::OgreOverlay for IMPORTED_LOCATION_DEBUG: /opt/ros/jazzy/opt/rviz_ogre_vendor/lib/libOgreOverlay.so
[1.185s] -- rviz_ogre_vendor::OgreMain for IMPORTED_LOCATION_RELEASE: /opt/ros/jazzy/opt/rviz_ogre_vendor/lib/libOgreMain.so
[1.186s] -- rviz_ogre_vendor::OgreMain for IMPORTED_LOCATION_DEBUG: /opt/ros/jazzy/opt/rviz_ogre_vendor/lib/libOgreMain.so
[1.310s] -- Setting yaml-cpp_DIR to: '/opt/ros/jazzy/share/yaml_cpp_vendor/cmake/../../../opt/yaml_cpp_vendor/share/cmake/yaml-cpp'
[1.595s] -- Configuring done (1.6s)
[1.652s] -- Generating done (0.0s)
[1.683s] -- Build files have been written to: /home/davidezuma/PortaMailCapstone/build/portamail_navigator
[1.706s] Invoked command in '/home/davidezuma/PortaMailCapstone/build/portamail_navigator' returned '0': CMAKE_PREFIX_PATH=${CMAKE_PREFIX_PATH}:/home/davidezuma/PortaMailCapstone/install/lcd_bridge:/opt/ros/jazzy /usr/bin/cmake /home/davidezuma/PortaMailCapstone/src/portamail_navigator -DCMAKE_INSTALL_PREFIX=/home/davidezuma/PortaMailCapstone/install/portamail_navigator
[1.709s] Invoking command in '/home/davidezuma/PortaMailCapstone/build/portamail_navigator': CMAKE_PREFIX_PATH=${CMAKE_PREFIX_PATH}:/home/davidezuma/PortaMailCapstone/install/lcd_bridge:/opt/ros/jazzy /usr/bin/cmake --build /home/davidezuma/PortaMailCapstone/build/portamail_navigator -- -j4 -l4
[1.824s] [ 50%] Built target map_autosave_node
[1.827s] [100%] Built target mock_driver
[1.849s] Invoked command in '/home/davidezuma/PortaMailCapstone/build/portamail_navigator' returned '0': CMAKE_PREFIX_PATH=${CMAKE_PREFIX_PATH}:/home/davidezuma/PortaMailCapstone/install/lcd_bridge:/opt/ros/jazzy /usr/bin/cmake --build /home/davidezuma/PortaMailCapstone/build/portamail_navigator -- -j4 -l4
[1.868s] Invoking command in '/home/davidezuma/PortaMailCapstone/build/portamail_navigator': CMAKE_PREFIX_PATH=${CMAKE_PREFIX_PATH}:/home/davidezuma/PortaMailCapstone/install/lcd_bridge:/opt/ros/jazzy /usr/bin/cmake --install /home/davidezuma/PortaMailCapstone/build/portamail_navigator
[1.884s] -- Install configuration: ""
[1.884s] -- Execute custom install script
[1.885s] -- Up-to-date symlink: /home/davidezuma/PortaMailCapstone/install/portamail_navigator/lib/portamail_navigator/mock_driver
[1.885s] -- Up-to-date symlink: /home/davidezuma/PortaMailCapstone/install/portamail_navigator/lib/portamail_navigator/map_autosave_node
[1.885s] -- Up-to-date symlink: /home/davidezuma/PortaMailCapstone/install/portamail_navigator/include/portamail_navigator/map_autosave_node.hpp
[1.886s] -- Up-to-date symlink: /home/davidezuma/PortaMailCapstone/install/portamail_navigator/share/portamail_navigator/launch/gazebo_classic_mapping.launch.py
[1.886s] -- Up-to-date symlink: /home/davidezuma/PortaMailCapstone/install/portamail_navigator/share/portamail_navigator/launch/hardware.launch.py
[1.886s] -- Up-to-date symlink: /home/davidezuma/PortaMailCapstone/install/portamail_navigator/share/portamail_navigator/launch/joystick.launch.py
[1.886s] -- Up-to-date symlink: /home/davidezuma/PortaMailCapstone/install/portamail_navigator/share/portamail_navigator/launch/mapping.launch.py
[1.886s] -- Up-to-date symlink: /home/davidezuma/PortaMailCapstone/install/portamail_navigator/share/portamail_navigator/config/ekf.yaml
[1.887s] -- Up-to-date symlink: /home/davidezuma/PortaMailCapstone/install/portamail_navigator/share/portamail_navigator/config/ekf_no_imu.yaml
[1.887s] -- Up-to-date symlink: /home/davidezuma/PortaMailCapstone/install/portamail_navigator/share/portamail_navigator/config/map_autosave.yaml
[1.887s] -- Up-to-date symlink: /home/davidezuma/PortaMailCapstone/install/portamail_navigator/share/portamail_navigator/config/slam.yaml
[1.887s] -- Up-to-date symlink: /home/davidezuma/PortaMailCapstone/install/portamail_navigator/share/portamail_navigator/firmware/teensy_driver/locale_stubs.c
[1.887s] -- Up-to-date symlink: /home/davidezuma/PortaMailCapstone/install/portamail_navigator/share/portamail_navigator/firmware/teensy_driver/teensy_driver.ino
[1.888s] -- Up-to-date symlink: /home/davidezuma/PortaMailCapstone/install/portamail_navigator/share/portamail_navigator/urdf/portamail.urdf
[1.888s] -- Up-to-date symlink: /home/davidezuma/PortaMailCapstone/install/portamail_navigator/share/portamail_navigator/urdf/portamail_classic.urdf
[1.888s] -- Up-to-date symlink: /home/davidezuma/PortaMailCapstone/install/portamail_navigator/share/portamail_navigator/meshes/base_link.STL
[1.888s] -- Up-to-date symlink: /home/davidezuma/PortaMailCapstone/install/portamail_navigator/share/portamail_navigator/meshes/caster_swivel.STL
[1.888s] -- Up-to-date symlink: /home/davidezuma/PortaMailCapstone/install/portamail_navigator/share/portamail_navigator/meshes/caster_wheel.STL
[1.888s] -- Up-to-date symlink: /home/davidezuma/PortaMailCapstone/install/portamail_navigator/share/portamail_navigator/meshes/left_wheel.STL
[1.889s] -- Up-to-date symlink: /home/davidezuma/PortaMailCapstone/install/portamail_navigator/share/portamail_navigator/meshes/right_wheel.STL
[1.889s] -- Up-to-date symlink: /home/davidezuma/PortaMailCapstone/install/portamail_navigator/share/ament_index/resource_index/package_run_dependencies/portamail_navigator
[1.889s] -- Up-to-date symlink: /home/davidezuma/PortaMailCapstone/install/portamail_navigator/share/ament_index/resource_index/parent_prefix_path/portamail_navigator
[1.889s] -- Up-to-date symlink: /home/davidezuma/PortaMailCapstone/install/portamail_navigator/share/portamail_navigator/environment/ament_prefix_path.sh
[1.889s] -- Up-to-date symlink: /home/davidezuma/PortaMailCapstone/install/portamail_navigator/share/portamail_navigator/environment/ament_prefix_path.dsv
[1.890s] -- Up-to-date symlink: /home/davidezuma/PortaMailCapstone/install/portamail_navigator/share/portamail_navigator/environment/path.sh
[1.890s] -- Up-to-date symlink: /home/davidezuma/PortaMailCapstone/install/portamail_navigator/share/portamail_navigator/environment/path.dsv
[1.890s] -- Up-to-date symlink: /home/davidezuma/PortaMailCapstone/install/portamail_navigator/share/portamail_navigator/local_setup.bash
[1.890s] -- Up-to-date symlink: /home/davidezuma/PortaMailCapstone/install/portamail_navigator/share/portamail_navigator/local_setup.sh
[1.890s] -- Up-to-date symlink: /home/davidezuma/PortaMailCapstone/install/portamail_navigator/share/portamail_navigator/local_setup.zsh
[1.891s] -- Up-to-date symlink: /home/davidezuma/PortaMailCapstone/install/portamail_navigator/share/portamail_navigator/local_setup.dsv
[1.891s] -- Symlinking: /home/davidezuma/PortaMailCapstone/install/portamail_navigator/share/portamail_navigator/package.dsv
[1.910s] -- Up-to-date symlink: /home/davidezuma/PortaMailCapstone/install/portamail_navigator/share/ament_index/resource_index/packages/portamail_navigator
[1.911s] -- Up-to-date symlink: /home/davidezuma/PortaMailCapstone/install/portamail_navigator/share/portamail_navigator/cmake/portamail_navigatorConfig.cmake
[1.911s] -- Up-to-date symlink: /home/davidezuma/PortaMailCapstone/install/portamail_navigator/share/portamail_navigator/cmake/portamail_navigatorConfig-version.cmake
[1.911s] -- Up-to-date symlink: /home/davidezuma/PortaMailCapstone/install/portamail_navigator/share/portamail_navigator/package.xml
[1.914s] Invoked command in '/home/davidezuma/PortaMailCapstone/build/portamail_navigator' returned '0': CMAKE_PREFIX_PATH=${CMAKE_PREFIX_PATH}:/home/davidezuma/PortaMailCapstone/install/lcd_bridge:/opt/ros/jazzy /usr/bin/cmake --install /home/davidezuma/PortaMailCapstone/build/portamail_navigator
