[0.031s] Invoking command in '/home/davidezuma/PortaMailCapstone/build/portamail_navigator': CMAKE_PREFIX_PATH=${CMAKE_PREFIX_PATH}:/home/davidezuma/PortaMailCapstone/install/portamail_navigator:/home/davidezuma/PortaMailCapstone/install/portamail_coordinator:/opt/ros/jazzy /usr/bin/cmake --build /home/davidezuma/PortaMailCapstone/build/portamail_navigator -- -j4 -l4
[0.608s] -- Found ament_cmake: 2.5.5 (/opt/ros/jazzy/share/ament_cmake/cmake)
[1.029s] -- Found rclcpp: 28.1.16 (/opt/ros/jazzy/share/rclcpp/cmake)
[1.131s] -- Found rosidl_generator_c: 4.6.7 (/opt/ros/jazzy/share/rosidl_generator_c/cmake)
[1.154s] -- Found rosidl_generator_cpp: 4.6.7 (/opt/ros/jazzy/share/rosidl_generator_cpp/cmake)
[1.191s] -- Using all available rosidl_typesupport_c: rosidl_typesupport_fastrtps_c;rosidl_typesupport_introspection_c
[1.228s] -- Using all available rosidl_typesupport_cpp: rosidl_typesupport_fastrtps_cpp;rosidl_typesupport_introspection_cpp
[1.393s] -- Found rmw_implementation_cmake: 7.3.3 (/opt/ros/jazzy/share/rmw_implementation_cmake/cmake)
[1.400s] -- Found rmw_fastrtps_cpp: 8.4.3 (/opt/ros/jazzy/share/rmw_fastrtps_cpp/cmake)
[1.572s] -- Using RMW implementation 'rmw_fastrtps_cpp' as default
[1.738s] -- Found geometry_msgs: 5.3.6 (/opt/ros/jazzy/share/geometry_msgs/cmake)
[1.822s] -- Found nav_msgs: 5.3.6 (/opt/ros/jazzy/share/nav_msgs/cmake)
[1.877s] -- Found tf2: 0.36.19 (/opt/ros/jazzy/share/tf2/cmake)
[1.888s] -- Found tf2_ros: 0.36.19 (/opt/ros/jazzy/share/tf2_ros/cmake)
[2.143s] -- Found tf2_geometry_msgs: 0.36.19 (/opt/ros/jazzy/share/tf2_geometry_msgs/cmake)
[2.157s] -- Found eigen3_cmake_module: 0.3.0 (/opt/ros/jazzy/share/eigen3_cmake_module/cmake)
[2.160s] -- Ensuring Eigen3 include directory is part of orocos-kdl CMake target
[2.270s] -- Found slam_toolbox: 2.8.3 (/opt/ros/jazzy/share/slam_toolbox/cmake)
[2.970s] -- Setting OGRE_DIR to: '/opt/ros/jazzy/share/rviz_ogre_vendor/cmake/../../../opt/rviz_ogre_vendor/lib/OGRE/cmake'
[2.984s] -- Found OGRE
[2.984s] --   static     : OFF
[2.984s] --   components : MeshLodGenerator;Overlay;Paging;Property;RTShaderSystem;Terrain;Volume
[2.985s] --   plugins    : Plugin_BSPSceneManager;Plugin_OctreeSceneManager;Plugin_PCZSceneManager;Plugin_ParticleFX;RenderSystem_GL;RenderSystem_GL3Plus;Codec_STBI
[2.985s] --   media      : /opt/ros/jazzy/opt/rviz_ogre_vendor/share/OGRE/Media
[2.985s] -- OGRE_LIBRARIES: OgreMeshLodGenerator;OgreOverlay;OgrePaging;OgreProperty;OgreRTShaderSystem;OgreTerrain;OgreVolume;OgreMain
[2.985s] -- OGRE_LIBRARY_DIRS: /opt/ros/jazzy/opt/rviz_ogre_vendor/lib
[2.985s] -- OGRE_PLUGINS: Plugin_BSPSceneManager;Plugin_OctreeSceneManager;Plugin_PCZSceneManager;Plugin_ParticleFX;RenderSystem_GL;RenderSystem_GL3Plus;Codec_STBI
[2.986s] -- OGRE_PLUGIN_DIR: /opt/ros/jazzy/opt/rviz_ogre_vendor/lib/OGRE
[2.986s] -- rviz_ogre_vendor::OgreOverlay for IMPORTED_LOCATION_RELEASE: /opt/ros/jazzy/opt/rviz_ogre_vendor/lib/libOgreOverlay.so
[2.986s] -- rviz_ogre_vendor::OgreOverlay for IMPORTED_LOCATION_DEBUG: /opt/ros/jazzy/opt/rviz_ogre_vendor/lib/libOgreOverlay.so
[2.986s] -- rviz_ogre_vendor::OgreMain for IMPORTED_LOCATION_RELEASE: /opt/ros/jazzy/opt/rviz_ogre_vendor/lib/libOgreMain.so
[2.986s] -- rviz_ogre_vendor::OgreMain for IMPORTED_LOCATION_DEBUG: /opt/ros/jazzy/opt/rviz_ogre_vendor/lib/libOgreMain.so
[3.108s] -- Found ZLIB: /usr/lib/aarch64-linux-gnu/libz.so (found version "1.3")  
[3.168s] -- Found OpenGL: /usr/lib/aarch64-linux-gnu/libOpenGL.so   
[3.351s] -- Found X11: /usr/include   
[3.353s] -- Looking for XOpenDisplay in /usr/lib/aarch64-linux-gnu/libX11.so;/usr/lib/aarch64-linux-gnu/libXext.so
[3.989s] -- Looking for XOpenDisplay in /usr/lib/aarch64-linux-gnu/libX11.so;/usr/lib/aarch64-linux-gnu/libXext.so - found
[3.989s] -- Looking for gethostbyname
[4.149s] -- Looking for gethostbyname - found
[4.149s] -- Looking for connect
[4.304s] -- Looking for connect - found
[4.304s] -- Looking for remove
[4.460s] -- Looking for remove - found
[4.461s] -- Looking for shmat
[4.617s] -- Looking for shmat - found
[4.617s] -- Looking for IceConnectionNumber in ICE
[4.777s] -- Looking for IceConnectionNumber in ICE - found
[4.831s] -- Setting yaml-cpp_DIR to: '/opt/ros/jazzy/share/yaml_cpp_vendor/cmake/../../../opt/yaml_cpp_vendor/share/cmake/yaml-cpp'
[5.321s] -- Configuring done (4.8s)
[5.448s] -- Generating done (0.1s)
[5.477s] -- Build files have been written to: /home/davidezuma/PortaMailCapstone/build/portamail_navigator
[5.554s] [ 25%] [32mBuilding CXX object CMakeFiles/map_autosave_node.dir/src/map_autosave_node.cpp.o[0m
[5.891s] [ 75%] Built target mock_driver
[12.725s] [100%] [32m[1mLinking CXX executable map_autosave_node[0m
[13.618s] [100%] Built target map_autosave_node
[13.641s] Invoked command in '/home/davidezuma/PortaMailCapstone/build/portamail_navigator' returned '0': CMAKE_PREFIX_PATH=${CMAKE_PREFIX_PATH}:/home/davidezuma/PortaMailCapstone/install/portamail_navigator:/home/davidezuma/PortaMailCapstone/install/portamail_coordinator:/opt/ros/jazzy /usr/bin/cmake --build /home/davidezuma/PortaMailCapstone/build/portamail_navigator -- -j4 -l4
[13.661s] Invoking command in '/home/davidezuma/PortaMailCapstone/build/portamail_navigator': CMAKE_PREFIX_PATH=${CMAKE_PREFIX_PATH}:/home/davidezuma/PortaMailCapstone/install/portamail_navigator:/home/davidezuma/PortaMailCapstone/install/portamail_coordinator:/opt/ros/jazzy /usr/bin/cmake --install /home/davidezuma/PortaMailCapstone/build/portamail_navigator
[13.676s] -- Install configuration: ""
[13.678s] -- Up-to-date: /home/davidezuma/PortaMailCapstone/install/portamail_navigator/lib/portamail_navigator/mock_driver
[13.682s] -- Installing: /home/davidezuma/PortaMailCapstone/install/portamail_navigator/lib/portamail_navigator/map_autosave_node
[13.687s] -- Set non-toolchain portion of runtime path of "/home/davidezuma/PortaMailCapstone/install/portamail_navigator/lib/portamail_navigator/map_autosave_node" to ""
[13.687s] -- Installing: /home/davidezuma/PortaMailCapstone/install/portamail_navigator/include
[13.687s] -- Installing: /home/davidezuma/PortaMailCapstone/install/portamail_navigator/include/portamail_navigator
[13.688s] -- Installing: /home/davidezuma/PortaMailCapstone/install/portamail_navigator/include/portamail_navigator/map_autosave_node.hpp
[13.688s] -- Up-to-date: /home/davidezuma/PortaMailCapstone/install/portamail_navigator/share/portamail_navigator/launch
[13.688s] -- Installing: /home/davidezuma/PortaMailCapstone/install/portamail_navigator/share/portamail_navigator/launch/mapping.launch.py
[13.689s] -- Up-to-date: /home/davidezuma/PortaMailCapstone/install/portamail_navigator/share/portamail_navigator/launch/gazebo_classic_mapping.launch.py
[13.689s] -- Installing: /home/davidezuma/PortaMailCapstone/install/portamail_navigator/share/portamail_navigator/launch/hardware.launch.py
[13.690s] -- Up-to-date: /home/davidezuma/PortaMailCapstone/install/portamail_navigator/share/portamail_navigator/launch/joystick.launch.py
[13.690s] -- Up-to-date: /home/davidezuma/PortaMailCapstone/install/portamail_navigator/share/portamail_navigator/config
[13.691s] -- Installing: /home/davidezuma/PortaMailCapstone/install/portamail_navigator/share/portamail_navigator/config/map_autosave.yaml
[13.691s] -- Up-to-date: /home/davidezuma/PortaMailCapstone/install/portamail_navigator/share/portamail_navigator/config/ekf.yaml
[13.691s] -- Installing: /home/davidezuma/PortaMailCapstone/install/portamail_navigator/share/portamail_navigator/config/ekf_no_imu.yaml
[13.692s] -- Installing: /home/davidezuma/PortaMailCapstone/install/portamail_navigator/share/portamail_navigator/config/slam.yaml
[13.692s] -- Up-to-date: /home/davidezuma/PortaMailCapstone/install/portamail_navigator/share/portamail_navigator/firmware
[13.693s] -- Up-to-date: /home/davidezuma/PortaMailCapstone/install/portamail_navigator/share/portamail_navigator/firmware/teensy_driver
[13.693s] -- Installing: /home/davidezuma/PortaMailCapstone/install/portamail_navigator/share/portamail_navigator/firmware/teensy_driver/teensy_driver.ino
[13.694s] -- Up-to-date: /home/davidezuma/PortaMailCapstone/install/portamail_navigator/share/portamail_navigator/firmware/teensy_driver/locale_stubs.c
[13.695s] -- Up-to-date: /home/davidezuma/PortaMailCapstone/install/portamail_navigator/share/portamail_navigator/urdf
[13.695s] -- Installing: /home/davidezuma/PortaMailCapstone/install/portamail_navigator/share/portamail_navigator/urdf/portamail.urdf
[13.696s] -- Up-to-date: /home/davidezuma/PortaMailCapstone/install/portamail_navigator/share/portamail_navigator/urdf/portamail_classic.urdf
[13.696s] -- Up-to-date: /home/davidezuma/PortaMailCapstone/install/portamail_navigator/share/portamail_navigator/meshes
[13.697s] -- Up-to-date: /home/davidezuma/PortaMailCapstone/install/portamail_navigator/share/portamail_navigator/meshes/left_wheel.STL
[13.697s] -- Up-to-date: /home/davidezuma/PortaMailCapstone/install/portamail_navigator/share/portamail_navigator/meshes/caster_wheel.STL
[13.697s] -- Up-to-date: /home/davidezuma/PortaMailCapstone/install/portamail_navigator/share/portamail_navigator/meshes/right_wheel.STL
[13.697s] -- Up-to-date: /home/davidezuma/PortaMailCapstone/install/portamail_navigator/share/portamail_navigator/meshes/base_link.STL
[13.697s] -- Up-to-date: /home/davidezuma/PortaMailCapstone/install/portamail_navigator/share/portamail_navigator/meshes/caster_swivel.STL
[13.697s] -- Installing: /home/davidezuma/PortaMailCapstone/install/portamail_navigator/share/portamail_navigator/scripts
[13.698s] -- Installing: /home/davidezuma/PortaMailCapstone/install/portamail_navigator/share/portamail_navigator/scripts/prespinlidar.py
[13.699s] -- Installing: /home/davidezuma/PortaMailCapstone/install/portamail_navigator/share/ament_index/resource_index/package_run_dependencies/portamail_navigator
[13.700s] -- Installing: /home/davidezuma/PortaMailCapstone/install/portamail_navigator/share/ament_index/resource_index/parent_prefix_path/portamail_navigator
[13.700s] -- Up-to-date: /home/davidezuma/PortaMailCapstone/install/portamail_navigator/share/portamail_navigator/environment/ament_prefix_path.sh
[13.701s] -- Up-to-date: /home/davidezuma/PortaMailCapstone/install/portamail_navigator/share/portamail_navigator/environment/ament_prefix_path.dsv
[13.701s] -- Up-to-date: /home/davidezuma/PortaMailCapstone/install/portamail_navigator/share/portamail_navigator/environment/path.sh
[13.701s] -- Up-to-date: /home/davidezuma/PortaMailCapstone/install/portamail_navigator/share/portamail_navigator/environment/path.dsv
[13.701s] -- Up-to-date: /home/davidezuma/PortaMailCapstone/install/portamail_navigator/share/portamail_navigator/local_setup.bash
[13.701s] -- Up-to-date: /home/davidezuma/PortaMailCapstone/install/portamail_navigator/share/portamail_navigator/local_setup.sh
[13.701s] -- Up-to-date: /home/davidezuma/PortaMailCapstone/install/portamail_navigator/share/portamail_navigator/local_setup.zsh
[13.701s] -- Up-to-date: /home/davidezuma/PortaMailCapstone/install/portamail_navigator/share/portamail_navigator/local_setup.dsv
[13.701s] -- Up-to-date: /home/davidezuma/PortaMailCapstone/install/portamail_navigator/share/portamail_navigator/package.dsv
[13.702s] -- Up-to-date: /home/davidezuma/PortaMailCapstone/install/portamail_navigator/share/ament_index/resource_index/packages/portamail_navigator
[13.702s] -- Up-to-date: /home/davidezuma/PortaMailCapstone/install/portamail_navigator/share/portamail_navigator/cmake/portamail_navigatorConfig.cmake
[13.702s] -- Up-to-date: /home/davidezuma/PortaMailCapstone/install/portamail_navigator/share/portamail_navigator/cmake/portamail_navigatorConfig-version.cmake
[13.702s] -- Installing: /home/davidezuma/PortaMailCapstone/install/portamail_navigator/share/portamail_navigator/package.xml
[13.705s] Invoked command in '/home/davidezuma/PortaMailCapstone/build/portamail_navigator' returned '0': CMAKE_PREFIX_PATH=${CMAKE_PREFIX_PATH}:/home/davidezuma/PortaMailCapstone/install/portamail_navigator:/home/davidezuma/PortaMailCapstone/install/portamail_coordinator:/opt/ros/jazzy /usr/bin/cmake --install /home/davidezuma/PortaMailCapstone/build/portamail_navigator
