[0.051s] Invoking command in '/mnt/c/Users/David/OneDrive/Documents/Projects/PortaMailCapstone/build/portamail_navigation': CMAKE_PREFIX_PATH=${CMAKE_PREFIX_PATH}:/opt/ros/jazzy /usr/bin/cmake --build /mnt/c/Users/David/OneDrive/Documents/Projects/PortaMailCapstone/build/portamail_navigation -- -j12 -l12
[0.289s] [100%] Built target coordinator
[0.315s] Invoked command in '/mnt/c/Users/David/OneDrive/Documents/Projects/PortaMailCapstone/build/portamail_navigation' returned '0': CMAKE_PREFIX_PATH=${CMAKE_PREFIX_PATH}:/opt/ros/jazzy /usr/bin/cmake --build /mnt/c/Users/David/OneDrive/Documents/Projects/PortaMailCapstone/build/portamail_navigation -- -j12 -l12
[0.342s] Invoking command in '/mnt/c/Users/David/OneDrive/Documents/Projects/PortaMailCapstone/build/portamail_navigation': CMAKE_PREFIX_PATH=${CMAKE_PREFIX_PATH}:/opt/ros/jazzy /usr/bin/cmake --install /mnt/c/Users/David/OneDrive/Documents/Projects/PortaMailCapstone/build/portamail_navigation
[0.353s] -- Install configuration: ""
[0.387s] -- Up-to-date: /mnt/c/Users/David/OneDrive/Documents/Projects/PortaMailCapstone/install/portamail_navigation/lib/portamail_navigation/coordinator
[0.443s] -- Up-to-date: /mnt/c/Users/David/OneDrive/Documents/Projects/PortaMailCapstone/install/portamail_navigation/share/ament_index/resource_index/package_run_dependencies/portamail_navigation
[0.471s] -- Up-to-date: /mnt/c/Users/David/OneDrive/Documents/Projects/PortaMailCapstone/install/portamail_navigation/share/ament_index/resource_index/parent_prefix_path/portamail_navigation
[0.487s] -- Up-to-date: /mnt/c/Users/David/OneDrive/Documents/Projects/PortaMailCapstone/install/portamail_navigation/share/portamail_navigation/environment/ament_prefix_path.sh
[0.505s] -- Up-to-date: /mnt/c/Users/David/OneDrive/Documents/Projects/PortaMailCapstone/install/portamail_navigation/share/portamail_navigation/environment/ament_prefix_path.dsv
[0.519s] -- Up-to-date: /mnt/c/Users/David/OneDrive/Documents/Projects/PortaMailCapstone/install/portamail_navigation/share/portamail_navigation/environment/path.sh
[0.538s] -- Up-to-date: /mnt/c/Users/David/OneDrive/Documents/Projects/PortaMailCapstone/install/portamail_navigation/share/portamail_navigation/environment/path.dsv
[0.555s] -- Up-to-date: /mnt/c/Users/David/OneDrive/Documents/Projects/PortaMailCapstone/install/portamail_navigation/share/portamail_navigation/local_setup.bash
[0.576s] -- Up-to-date: /mnt/c/Users/David/OneDrive/Documents/Projects/PortaMailCapstone/install/portamail_navigation/share/portamail_navigation/local_setup.sh
[0.593s] -- Up-to-date: /mnt/c/Users/David/OneDrive/Documents/Projects/PortaMailCapstone/install/portamail_navigation/share/portamail_navigation/local_setup.zsh
[0.610s] -- Up-to-date: /mnt/c/Users/David/OneDrive/Documents/Projects/PortaMailCapstone/install/portamail_navigation/share/portamail_navigation/local_setup.dsv
[0.626s] -- Installing: /mnt/c/Users/David/OneDrive/Documents/Projects/PortaMailCapstone/install/portamail_navigation/share/portamail_navigation/package.dsv
[0.689s] -- Up-to-date: /mnt/c/Users/David/OneDrive/Documents/Projects/PortaMailCapstone/install/portamail_navigation/share/ament_index/resource_index/packages/portamail_navigation
[0.707s] -- Up-to-date: /mnt/c/Users/David/OneDrive/Documents/Projects/PortaMailCapstone/install/portamail_navigation/share/portamail_navigation/cmake/portamail_navigationConfig.cmake
[0.721s] -- Up-to-date: /mnt/c/Users/David/OneDrive/Documents/Projects/PortaMailCapstone/install/portamail_navigation/share/portamail_navigation/cmake/portamail_navigationConfig-version.cmake
[0.739s] -- Up-to-date: /mnt/c/Users/David/OneDrive/Documents/Projects/PortaMailCapstone/install/portamail_navigation/share/portamail_navigation/package.xml
[0.748s] Invoked command in '/mnt/c/Users/David/OneDrive/Documents/Projects/PortaMailCapstone/build/portamail_navigation' returned '0': CMAKE_PREFIX_PATH=${CMAKE_PREFIX_PATH}:/opt/ros/jazzy /usr/bin/cmake --install /mnt/c/Users/David/OneDrive/Documents/Projects/PortaMailCapstone/build/portamail_navigation
