[0.266s] DEBUG:colcon:Command line arguments: ['/usr/bin/colcon', 'build', '--packages-select', 'portamail_navigation']
[0.267s] DEBUG:colcon:Parsed command line arguments: Namespace(log_base=None, log_level=None, verb_name='build', build_base='build', install_base='install', merge_install=False, symlink_install=False, test_result_base=None, continue_on_error=False, executor='parallel', parallel_workers=12, event_handlers=None, ignore_user_meta=False, metas=['./colcon.meta'], base_paths=['.'], packages_ignore=None, packages_ignore_regex=None, paths=None, packages_up_to=None, packages_up_to_regex=None, packages_above=None, packages_above_and_dependencies=None, packages_above_depth=None, packages_select_by_dep=None, packages_skip_by_dep=None, packages_skip_up_to=None, packages_select_build_failed=False, packages_skip_build_finished=False, packages_select_test_failures=False, packages_skip_test_passed=False, packages_select=['portamail_navigation'], packages_skip=None, packages_select_regex=None, packages_skip_regex=None, packages_start=None, packages_end=None, allow_overriding=[], cmake_args=None, cmake_target=None, cmake_target_skip_unavailable=False, cmake_clean_cache=False, cmake_clean_first=False, cmake_force_configure=False, ament_cmake_args=None, catkin_cmake_args=None, catkin_skip_building_tests=False, mixin_files=None, mixin=None, verb_parser=<colcon_mixin.mixin.mixin_argument.MixinArgumentDecorator object at 0x78823fc7e480>, verb_extension=<colcon_core.verb.build.BuildVerb object at 0x78823fda6330>, main=<bound method BuildVerb.main of <colcon_core.verb.build.BuildVerb object at 0x78823fda6330>>, mixin_verb=('build',))
[0.314s] Level 1:colcon.colcon_core.package_discovery:discover_packages(colcon_meta) check parameters
[0.314s] Level 1:colcon.colcon_core.package_discovery:discover_packages(recursive) check parameters
[0.314s] Level 1:colcon.colcon_core.package_discovery:discover_packages(ignore) check parameters
[0.314s] Level 1:colcon.colcon_core.package_discovery:discover_packages(path) check parameters
[0.315s] Level 1:colcon.colcon_core.package_discovery:discover_packages(colcon_meta) discover
[0.315s] Level 1:colcon.colcon_core.package_discovery:discover_packages(recursive) discover
[0.315s] INFO:colcon.colcon_core.package_discovery:Crawling recursively for packages in '/mnt/c/Users/David/OneDrive/Documents/Projects/PortaMailCapstone'
[0.316s] Level 1:colcon.colcon_core.package_identification:_identify(.) by extensions ['ignore', 'ignore_ament_install']
[0.316s] Level 1:colcon.colcon_core.package_identification:_identify(.) by extension 'ignore'
[0.317s] Level 1:colcon.colcon_core.package_identification:_identify(.) by extension 'ignore_ament_install'
[0.317s] Level 1:colcon.colcon_core.package_identification:_identify(.) by extensions ['colcon_pkg']
[0.317s] Level 1:colcon.colcon_core.package_identification:_identify(.) by extension 'colcon_pkg'
[0.317s] Level 1:colcon.colcon_core.package_identification:_identify(.) by extensions ['colcon_meta']
[0.317s] Level 1:colcon.colcon_core.package_identification:_identify(.) by extension 'colcon_meta'
[0.318s] Level 1:colcon.colcon_core.package_identification:_identify(.) by extensions ['ros']
[0.318s] Level 1:colcon.colcon_core.package_identification:_identify(.) by extension 'ros'
[0.340s] Level 1:colcon.colcon_core.package_identification:_identify(.) by extensions ['cmake', 'python']
[0.340s] Level 1:colcon.colcon_core.package_identification:_identify(.) by extension 'cmake'
[0.341s] Level 1:colcon.colcon_core.package_identification:_identify(.) by extension 'python'
[0.341s] Level 1:colcon.colcon_core.package_identification:_identify(.) by extensions ['python_setup_py']
[0.341s] Level 1:colcon.colcon_core.package_identification:_identify(.) by extension 'python_setup_py'
[0.343s] Level 1:colcon.colcon_core.package_identification:_identify(build) by extensions ['ignore', 'ignore_ament_install']
[0.344s] Level 1:colcon.colcon_core.package_identification:_identify(build) by extension 'ignore'
[0.345s] Level 1:colcon.colcon_core.package_identification:_identify(build) ignored
[0.347s] Level 1:colcon.colcon_core.package_identification:_identify(install) by extensions ['ignore', 'ignore_ament_install']
[0.347s] Level 1:colcon.colcon_core.package_identification:_identify(install) by extension 'ignore'
[0.348s] Level 1:colcon.colcon_core.package_identification:_identify(install) ignored
[0.351s] Level 1:colcon.colcon_core.package_identification:_identify(log) by extensions ['ignore', 'ignore_ament_install']
[0.351s] Level 1:colcon.colcon_core.package_identification:_identify(log) by extension 'ignore'
[0.352s] Level 1:colcon.colcon_core.package_identification:_identify(log) ignored
[0.354s] Level 1:colcon.colcon_core.package_identification:_identify(src) by extensions ['ignore', 'ignore_ament_install']
[0.354s] Level 1:colcon.colcon_core.package_identification:_identify(src) by extension 'ignore'
[0.355s] Level 1:colcon.colcon_core.package_identification:_identify(src) by extension 'ignore_ament_install'
[0.356s] Level 1:colcon.colcon_core.package_identification:_identify(src) by extensions ['colcon_pkg']
[0.356s] Level 1:colcon.colcon_core.package_identification:_identify(src) by extension 'colcon_pkg'
[0.356s] Level 1:colcon.colcon_core.package_identification:_identify(src) by extensions ['colcon_meta']
[0.357s] Level 1:colcon.colcon_core.package_identification:_identify(src) by extension 'colcon_meta'
[0.357s] Level 1:colcon.colcon_core.package_identification:_identify(src) by extensions ['ros']
[0.357s] Level 1:colcon.colcon_core.package_identification:_identify(src) by extension 'ros'
[0.360s] Level 1:colcon.colcon_core.package_identification:_identify(src) by extensions ['cmake', 'python']
[0.360s] Level 1:colcon.colcon_core.package_identification:_identify(src) by extension 'cmake'
[0.361s] Level 1:colcon.colcon_core.package_identification:_identify(src) by extension 'python'
[0.362s] Level 1:colcon.colcon_core.package_identification:_identify(src) by extensions ['python_setup_py']
[0.362s] Level 1:colcon.colcon_core.package_identification:_identify(src) by extension 'python_setup_py'
[0.365s] Level 1:colcon.colcon_core.package_identification:_identify(src/Maps) by extensions ['ignore', 'ignore_ament_install']
[0.366s] Level 1:colcon.colcon_core.package_identification:_identify(src/Maps) by extension 'ignore'
[0.367s] Level 1:colcon.colcon_core.package_identification:_identify(src/Maps) by extension 'ignore_ament_install'
[0.368s] Level 1:colcon.colcon_core.package_identification:_identify(src/Maps) by extensions ['colcon_pkg']
[0.369s] Level 1:colcon.colcon_core.package_identification:_identify(src/Maps) by extension 'colcon_pkg'
[0.370s] Level 1:colcon.colcon_core.package_identification:_identify(src/Maps) by extensions ['colcon_meta']
[0.370s] Level 1:colcon.colcon_core.package_identification:_identify(src/Maps) by extension 'colcon_meta'
[0.371s] Level 1:colcon.colcon_core.package_identification:_identify(src/Maps) by extensions ['ros']
[0.371s] Level 1:colcon.colcon_core.package_identification:_identify(src/Maps) by extension 'ros'
[0.376s] Level 1:colcon.colcon_core.package_identification:_identify(src/Maps) by extensions ['cmake', 'python']
[0.376s] Level 1:colcon.colcon_core.package_identification:_identify(src/Maps) by extension 'cmake'
[0.377s] Level 1:colcon.colcon_core.package_identification:_identify(src/Maps) by extension 'python'
[0.378s] Level 1:colcon.colcon_core.package_identification:_identify(src/Maps) by extensions ['python_setup_py']
[0.378s] Level 1:colcon.colcon_core.package_identification:_identify(src/Maps) by extension 'python_setup_py'
[0.383s] Level 1:colcon.colcon_core.package_identification:_identify(src/Navigation) by extensions ['ignore', 'ignore_ament_install']
[0.383s] Level 1:colcon.colcon_core.package_identification:_identify(src/Navigation) by extension 'ignore'
[0.384s] Level 1:colcon.colcon_core.package_identification:_identify(src/Navigation) by extension 'ignore_ament_install'
[0.386s] Level 1:colcon.colcon_core.package_identification:_identify(src/Navigation) by extensions ['colcon_pkg']
[0.386s] Level 1:colcon.colcon_core.package_identification:_identify(src/Navigation) by extension 'colcon_pkg'
[0.387s] Level 1:colcon.colcon_core.package_identification:_identify(src/Navigation) by extensions ['colcon_meta']
[0.388s] Level 1:colcon.colcon_core.package_identification:_identify(src/Navigation) by extension 'colcon_meta'
[0.389s] Level 1:colcon.colcon_core.package_identification:_identify(src/Navigation) by extensions ['ros']
[0.389s] Level 1:colcon.colcon_core.package_identification:_identify(src/Navigation) by extension 'ros'
[0.394s] Level 1:colcon.colcon_core.package_identification:_identify(src/Navigation) by extensions ['cmake', 'python']
[0.394s] Level 1:colcon.colcon_core.package_identification:_identify(src/Navigation) by extension 'cmake'
[0.395s] Level 1:colcon.colcon_core.package_identification:_identify(src/Navigation) by extension 'python'
[0.396s] Level 1:colcon.colcon_core.package_identification:_identify(src/Navigation) by extensions ['python_setup_py']
[0.396s] Level 1:colcon.colcon_core.package_identification:_identify(src/Navigation) by extension 'python_setup_py'
[0.401s] Level 1:colcon.colcon_core.package_identification:_identify(src/build) by extensions ['ignore', 'ignore_ament_install']
[0.401s] Level 1:colcon.colcon_core.package_identification:_identify(src/build) by extension 'ignore'
[0.402s] Level 1:colcon.colcon_core.package_identification:_identify(src/build) ignored
[0.405s] Level 1:colcon.colcon_core.package_identification:_identify(src/install) by extensions ['ignore', 'ignore_ament_install']
[0.406s] Level 1:colcon.colcon_core.package_identification:_identify(src/install) by extension 'ignore'
[0.407s] Level 1:colcon.colcon_core.package_identification:_identify(src/install) ignored
[0.413s] Level 1:colcon.colcon_core.package_identification:_identify(src/log) by extensions ['ignore', 'ignore_ament_install']
[0.413s] Level 1:colcon.colcon_core.package_identification:_identify(src/log) by extension 'ignore'
[0.414s] Level 1:colcon.colcon_core.package_identification:_identify(src/log) ignored
[0.418s] Level 1:colcon.colcon_core.package_identification:_identify(src/portamail_navigation) by extensions ['ignore', 'ignore_ament_install']
[0.418s] Level 1:colcon.colcon_core.package_identification:_identify(src/portamail_navigation) by extension 'ignore'
[0.419s] Level 1:colcon.colcon_core.package_identification:_identify(src/portamail_navigation) by extension 'ignore_ament_install'
[0.421s] Level 1:colcon.colcon_core.package_identification:_identify(src/portamail_navigation) by extensions ['colcon_pkg']
[0.421s] Level 1:colcon.colcon_core.package_identification:_identify(src/portamail_navigation) by extension 'colcon_pkg'
[0.422s] Level 1:colcon.colcon_core.package_identification:_identify(src/portamail_navigation) by extensions ['colcon_meta']
[0.422s] Level 1:colcon.colcon_core.package_identification:_identify(src/portamail_navigation) by extension 'colcon_meta'
[0.423s] Level 1:colcon.colcon_core.package_identification:_identify(src/portamail_navigation) by extensions ['ros']
[0.424s] Level 1:colcon.colcon_core.package_identification:_identify(src/portamail_navigation) by extension 'ros'
[0.436s] DEBUG:colcon.colcon_core.package_identification:Package 'src/portamail_navigation' with type 'ros.ament_cmake' and name 'portamail_navigation'
[0.436s] Level 1:colcon.colcon_core.package_discovery:discover_packages(recursive) using defaults
[0.436s] Level 1:colcon.colcon_core.package_discovery:discover_packages(ignore) discover
[0.436s] Level 1:colcon.colcon_core.package_discovery:discover_packages(ignore) using defaults
[0.436s] Level 1:colcon.colcon_core.package_discovery:discover_packages(path) discover
[0.436s] Level 1:colcon.colcon_core.package_discovery:discover_packages(path) using defaults
[0.453s] Level 1:colcon.colcon_core.package_discovery:discover_packages(prefix_path) check parameters
[0.454s] Level 1:colcon.colcon_core.package_discovery:discover_packages(prefix_path) discover
[0.458s] DEBUG:colcon.colcon_installed_package_information.package_discovery:Found 379 installed packages in /opt/ros/jazzy
[0.460s] Level 1:colcon.colcon_core.package_discovery:discover_packages(prefix_path) using defaults
[0.508s] Level 5:colcon.colcon_core.verb:set package 'portamail_navigation' build argument 'cmake_args' from command line to 'None'
[0.508s] Level 5:colcon.colcon_core.verb:set package 'portamail_navigation' build argument 'cmake_target' from command line to 'None'
[0.508s] Level 5:colcon.colcon_core.verb:set package 'portamail_navigation' build argument 'cmake_target_skip_unavailable' from command line to 'False'
[0.508s] Level 5:colcon.colcon_core.verb:set package 'portamail_navigation' build argument 'cmake_clean_cache' from command line to 'False'
[0.508s] Level 5:colcon.colcon_core.verb:set package 'portamail_navigation' build argument 'cmake_clean_first' from command line to 'False'
[0.509s] Level 5:colcon.colcon_core.verb:set package 'portamail_navigation' build argument 'cmake_force_configure' from command line to 'False'
[0.509s] Level 5:colcon.colcon_core.verb:set package 'portamail_navigation' build argument 'ament_cmake_args' from command line to 'None'
[0.509s] Level 5:colcon.colcon_core.verb:set package 'portamail_navigation' build argument 'catkin_cmake_args' from command line to 'None'
[0.509s] Level 5:colcon.colcon_core.verb:set package 'portamail_navigation' build argument 'catkin_skip_building_tests' from command line to 'False'
[0.509s] DEBUG:colcon.colcon_core.verb:Building package 'portamail_navigation' with the following arguments: {'ament_cmake_args': None, 'build_base': '/mnt/c/Users/David/OneDrive/Documents/Projects/PortaMailCapstone/build/portamail_navigation', 'catkin_cmake_args': None, 'catkin_skip_building_tests': False, 'cmake_args': None, 'cmake_clean_cache': False, 'cmake_clean_first': False, 'cmake_force_configure': False, 'cmake_target': None, 'cmake_target_skip_unavailable': False, 'install_base': '/mnt/c/Users/David/OneDrive/Documents/Projects/PortaMailCapstone/install/portamail_navigation', 'merge_install': False, 'path': '/mnt/c/Users/David/OneDrive/Documents/Projects/PortaMailCapstone/src/portamail_navigation', 'symlink_install': False, 'test_result_base': None}
[0.509s] INFO:colcon.colcon_core.executor:Executing jobs using 'parallel' executor
[0.510s] DEBUG:colcon.colcon_parallel_executor.executor.parallel:run_until_complete
[0.510s] INFO:colcon.colcon_ros.task.ament_cmake.build:Building ROS package in '/mnt/c/Users/David/OneDrive/Documents/Projects/PortaMailCapstone/src/portamail_navigation' with build type 'ament_cmake'
[0.511s] INFO:colcon.colcon_cmake.task.cmake.build:Building CMake package in '/mnt/c/Users/David/OneDrive/Documents/Projects/PortaMailCapstone/src/portamail_navigation'
[0.513s] INFO:colcon.colcon_core.plugin_system:Skipping extension 'colcon_core.shell.bat': Not used on non-Windows systems
[0.514s] INFO:colcon.colcon_core.shell:Skip shell extension 'powershell' for command environment: Not usable outside of PowerShell
[0.514s] DEBUG:colcon.colcon_core.shell:Skip shell extension 'dsv' for command environment
[0.566s] DEBUG:colcon.colcon_core.event_handler.log_command:Invoking command in '/mnt/c/Users/David/OneDrive/Documents/Projects/PortaMailCapstone/build/portamail_navigation': CMAKE_PREFIX_PATH=${CMAKE_PREFIX_PATH}:/opt/ros/jazzy /usr/bin/cmake /mnt/c/Users/David/OneDrive/Documents/Projects/PortaMailCapstone/src/portamail_navigation -DCMAKE_INSTALL_PREFIX=/mnt/c/Users/David/OneDrive/Documents/Projects/PortaMailCapstone/install/portamail_navigation
[22.895s] DEBUG:colcon.colcon_core.event_handler.log_command:Invoked command in '/mnt/c/Users/David/OneDrive/Documents/Projects/PortaMailCapstone/build/portamail_navigation' returned '0': CMAKE_PREFIX_PATH=${CMAKE_PREFIX_PATH}:/opt/ros/jazzy /usr/bin/cmake /mnt/c/Users/David/OneDrive/Documents/Projects/PortaMailCapstone/src/portamail_navigation -DCMAKE_INSTALL_PREFIX=/mnt/c/Users/David/OneDrive/Documents/Projects/PortaMailCapstone/install/portamail_navigation
[22.903s] DEBUG:colcon.colcon_core.event_handler.log_command:Invoking command in '/mnt/c/Users/David/OneDrive/Documents/Projects/PortaMailCapstone/build/portamail_navigation': CMAKE_PREFIX_PATH=${CMAKE_PREFIX_PATH}:/opt/ros/jazzy /usr/bin/cmake --build /mnt/c/Users/David/OneDrive/Documents/Projects/PortaMailCapstone/build/portamail_navigation -- -j12 -l12
[38.570s] DEBUG:colcon.colcon_core.event_handler.log_command:Invoked command in '/mnt/c/Users/David/OneDrive/Documents/Projects/PortaMailCapstone/build/portamail_navigation' returned '0': CMAKE_PREFIX_PATH=${CMAKE_PREFIX_PATH}:/opt/ros/jazzy /usr/bin/cmake --build /mnt/c/Users/David/OneDrive/Documents/Projects/PortaMailCapstone/build/portamail_navigation -- -j12 -l12
[38.595s] DEBUG:colcon.colcon_core.event_handler.log_command:Invoking command in '/mnt/c/Users/David/OneDrive/Documents/Projects/PortaMailCapstone/build/portamail_navigation': CMAKE_PREFIX_PATH=${CMAKE_PREFIX_PATH}:/opt/ros/jazzy /usr/bin/cmake --install /mnt/c/Users/David/OneDrive/Documents/Projects/PortaMailCapstone/build/portamail_navigation
[38.875s] DEBUG:colcon.colcon_core.event_handler.log_command:Invoked command in '/mnt/c/Users/David/OneDrive/Documents/Projects/PortaMailCapstone/build/portamail_navigation' returned '1': CMAKE_PREFIX_PATH=${CMAKE_PREFIX_PATH}:/opt/ros/jazzy /usr/bin/cmake --install /mnt/c/Users/David/OneDrive/Documents/Projects/PortaMailCapstone/build/portamail_navigation
[38.885s] Level 1:colcon.colcon_core.environment:create_environment_scripts_only(portamail_navigation)
[38.886s] Level 1:colcon.colcon_core.environment:checking '/mnt/c/Users/David/OneDrive/Documents/Projects/PortaMailCapstone/install/portamail_navigation' for CMake module files
[38.925s] Level 1:colcon.colcon_core.environment:checking '/mnt/c/Users/David/OneDrive/Documents/Projects/PortaMailCapstone/install/portamail_navigation' for CMake config files
[38.953s] Level 1:colcon.colcon_core.environment:checking '/mnt/c/Users/David/OneDrive/Documents/Projects/PortaMailCapstone/install/portamail_navigation/lib'
[38.957s] Level 1:colcon.colcon_core.environment:checking '/mnt/c/Users/David/OneDrive/Documents/Projects/PortaMailCapstone/install/portamail_navigation/bin'
[38.958s] Level 1:colcon.colcon_core.environment:checking '/mnt/c/Users/David/OneDrive/Documents/Projects/PortaMailCapstone/install/portamail_navigation/lib/pkgconfig/portamail_navigation.pc'
[38.960s] Level 1:colcon.colcon_core.environment:checking '/mnt/c/Users/David/OneDrive/Documents/Projects/PortaMailCapstone/install/portamail_navigation/lib/python3.12/site-packages'
[38.962s] Level 1:colcon.colcon_core.environment:checking '/mnt/c/Users/David/OneDrive/Documents/Projects/PortaMailCapstone/install/portamail_navigation/bin'
[38.963s] INFO:colcon.colcon_core.shell:Creating package script '/mnt/c/Users/David/OneDrive/Documents/Projects/PortaMailCapstone/install/portamail_navigation/share/portamail_navigation/package.ps1'
[38.974s] INFO:colcon.colcon_core.shell:Creating package descriptor '/mnt/c/Users/David/OneDrive/Documents/Projects/PortaMailCapstone/install/portamail_navigation/share/portamail_navigation/package.dsv'
[38.987s] INFO:colcon.colcon_core.shell:Creating package script '/mnt/c/Users/David/OneDrive/Documents/Projects/PortaMailCapstone/install/portamail_navigation/share/portamail_navigation/package.sh'
[38.998s] INFO:colcon.colcon_core.shell:Creating package script '/mnt/c/Users/David/OneDrive/Documents/Projects/PortaMailCapstone/install/portamail_navigation/share/portamail_navigation/package.bash'
[39.010s] INFO:colcon.colcon_core.shell:Creating package script '/mnt/c/Users/David/OneDrive/Documents/Projects/PortaMailCapstone/install/portamail_navigation/share/portamail_navigation/package.zsh'
[39.021s] Level 1:colcon.colcon_core.environment:create_file_with_runtime_dependencies(/mnt/c/Users/David/OneDrive/Documents/Projects/PortaMailCapstone/install/portamail_navigation/share/colcon-core/packages/portamail_navigation)
[39.040s] DEBUG:colcon.colcon_parallel_executor.executor.parallel:closing loop
[39.040s] DEBUG:colcon.colcon_parallel_executor.executor.parallel:loop closed
[39.040s] DEBUG:colcon.colcon_parallel_executor.executor.parallel:run_until_complete finished with '1'
[39.041s] DEBUG:colcon.colcon_core.event_reactor:joining thread
[39.100s] INFO:colcon.colcon_core.plugin_system:Skipping extension 'colcon_notification.desktop_notification.notify_send': Could not find 'notify-send'
[39.101s] INFO:colcon.colcon_core.plugin_system:Skipping extension 'colcon_notification.desktop_notification.terminal_notifier': Not used on non-Darwin systems
[39.101s] INFO:colcon.colcon_core.plugin_system:Skipping extension 'colcon_notification.desktop_notification.win32': Not used on non-Windows systems
[39.101s] INFO:colcon.colcon_notification.desktop_notification:Sending desktop notification using 'notify2'
[39.102s] DEBUG:colcon.colcon_notification.desktop_notification.notify2:Failed to initialize notify2: org.freedesktop.DBus.Error.ServiceUnknown: The name org.freedesktop.Notifications was not provided by any .service files
[39.102s] DEBUG:colcon.colcon_core.event_reactor:joined thread
[39.103s] INFO:colcon.colcon_core.shell:Creating prefix script '/mnt/c/Users/David/OneDrive/Documents/Projects/PortaMailCapstone/install/local_setup.ps1'
[39.107s] INFO:colcon.colcon_core.shell:Creating prefix util module '/mnt/c/Users/David/OneDrive/Documents/Projects/PortaMailCapstone/install/_local_setup_util_ps1.py'
[39.112s] INFO:colcon.colcon_core.shell:Creating prefix chain script '/mnt/c/Users/David/OneDrive/Documents/Projects/PortaMailCapstone/install/setup.ps1'
[39.118s] INFO:colcon.colcon_core.shell:Creating prefix script '/mnt/c/Users/David/OneDrive/Documents/Projects/PortaMailCapstone/install/local_setup.sh'
[39.122s] INFO:colcon.colcon_core.shell:Creating prefix util module '/mnt/c/Users/David/OneDrive/Documents/Projects/PortaMailCapstone/install/_local_setup_util_sh.py'
[39.127s] INFO:colcon.colcon_core.shell:Creating prefix chain script '/mnt/c/Users/David/OneDrive/Documents/Projects/PortaMailCapstone/install/setup.sh'
[39.133s] INFO:colcon.colcon_core.shell:Creating prefix script '/mnt/c/Users/David/OneDrive/Documents/Projects/PortaMailCapstone/install/local_setup.bash'
[39.138s] INFO:colcon.colcon_core.shell:Creating prefix chain script '/mnt/c/Users/David/OneDrive/Documents/Projects/PortaMailCapstone/install/setup.bash'
[39.144s] INFO:colcon.colcon_core.shell:Creating prefix script '/mnt/c/Users/David/OneDrive/Documents/Projects/PortaMailCapstone/install/local_setup.zsh'
[39.152s] INFO:colcon.colcon_core.shell:Creating prefix chain script '/mnt/c/Users/David/OneDrive/Documents/Projects/PortaMailCapstone/install/setup.zsh'
