[0.076s] Invoking command in '/mnt/c/Users/k1411090/Documents/Projects/PortaMailCapstone/build/portamail_navigation': CMAKE_PREFIX_PATH=${CMAKE_PREFIX_PATH}:/opt/ros/jazzy /usr/bin/cmake /mnt/c/Users/k1411090/Documents/Projects/PortaMailCapstone/src/portamail_navigation -DCMAKE_INSTALL_PREFIX=/mnt/c/Users/k1411090/Documents/Projects/PortaMailCapstone/install/portamail_navigation
[0.524s] -- The C compiler identification is GNU 13.3.0
[1.383s] -- The CXX compiler identification is GNU 13.3.0
[1.812s] -- Detecting C compiler ABI info
[5.070s] -- Detecting C compiler ABI info - done
[5.111s] -- Check for working C compiler: /usr/bin/cc - skipped
[5.119s] -- Detecting C compile features
[5.120s] -- Detecting C compile features - done
[5.333s] -- Detecting CXX compiler ABI info
[7.374s] -- Detecting CXX compiler ABI info - done
[7.428s] -- Check for working CXX compiler: /usr/bin/c++ - skipped
[7.429s] -- Detecting CXX compile features
[7.430s] -- Detecting CXX compile features - done
[7.521s] -- Found ament_cmake: 2.5.4 (/opt/ros/jazzy/share/ament_cmake/cmake)
[7.676s] -- Found Python3: /usr/bin/python3 (found version "3.12.3") found components: Interpreter 
[8.322s] -- Found rclcpp: 28.1.13 (/opt/ros/jazzy/share/rclcpp/cmake)
[8.759s] -- Found rosidl_generator_c: 4.6.6 (/opt/ros/jazzy/share/rosidl_generator_c/cmake)
[8.841s] -- Found rosidl_generator_cpp: 4.6.6 (/opt/ros/jazzy/share/rosidl_generator_cpp/cmake)
[8.940s] -- Using all available rosidl_typesupport_c: rosidl_typesupport_fastrtps_c;rosidl_typesupport_introspection_c
[9.106s] -- Using all available rosidl_typesupport_cpp: rosidl_typesupport_fastrtps_cpp;rosidl_typesupport_introspection_cpp
[9.599s] -- Found rmw_implementation_cmake: 7.3.2 (/opt/ros/jazzy/share/rmw_implementation_cmake/cmake)
[9.625s] -- Found rmw_fastrtps_cpp: 8.4.3 (/opt/ros/jazzy/share/rmw_fastrtps_cpp/cmake)
[9.812s] -- Found OpenSSL: /usr/lib/x86_64-linux-gnu/libcrypto.so (found version "3.0.13")  
[9.930s] -- Found FastRTPS: /opt/ros/jazzy/include (Required is at least version "2.13") 
[10.076s] -- Using RMW implementation 'rmw_fastrtps_cpp' as default
[10.458s] -- Found rclcpp_action: 28.1.13 (/opt/ros/jazzy/share/rclcpp_action/cmake)
[10.663s] -- Found std_msgs: 5.3.6 (/opt/ros/jazzy/share/std_msgs/cmake)
[10.697s] -- Found geometry_msgs: 5.3.6 (/opt/ros/jazzy/share/geometry_msgs/cmake)
[10.733s] -- Found nav2_msgs: 1.3.10 (/opt/ros/jazzy/share/nav2_msgs/cmake)
[10.911s] -- Found slam_toolbox: 2.8.3 (/opt/ros/jazzy/share/slam_toolbox/cmake)
[11.763s] -- Found eigen3_cmake_module: 0.3.0 (/opt/ros/jazzy/share/eigen3_cmake_module/cmake)
[11.768s] -- Found Eigen3: TRUE (found version "3.4.0") 
[11.769s] -- Ensuring Eigen3 include directory is part of orocos-kdl CMake target
[12.417s] -- Setting OGRE_DIR to: '/opt/ros/jazzy/share/rviz_ogre_vendor/cmake/../../../opt/rviz_ogre_vendor/lib/OGRE/cmake'
[12.422s] -- Found OGRE
[12.423s] --   static     : OFF
[12.424s] --   components : MeshLodGenerator;Overlay;Paging;Property;RTShaderSystem;Terrain;Volume
[12.425s] --   plugins    : Plugin_BSPSceneManager;Plugin_OctreeSceneManager;Plugin_PCZSceneManager;Plugin_ParticleFX;RenderSystem_GL;RenderSystem_GL3Plus;Codec_STBI
[12.425s] --   media      : /opt/ros/jazzy/opt/rviz_ogre_vendor/share/OGRE/Media
[12.426s] -- OGRE_LIBRARIES: OgreMeshLodGenerator;OgreOverlay;OgrePaging;OgreProperty;OgreRTShaderSystem;OgreTerrain;OgreVolume;OgreMain
[12.427s] -- OGRE_LIBRARY_DIRS: /opt/ros/jazzy/opt/rviz_ogre_vendor/lib
[12.427s] -- OGRE_PLUGINS: Plugin_BSPSceneManager;Plugin_OctreeSceneManager;Plugin_PCZSceneManager;Plugin_ParticleFX;RenderSystem_GL;RenderSystem_GL3Plus;Codec_STBI
[12.428s] -- OGRE_PLUGIN_DIR: /opt/ros/jazzy/opt/rviz_ogre_vendor/lib/OGRE
[12.429s] -- rviz_ogre_vendor::OgreOverlay for IMPORTED_LOCATION_RELEASE: /opt/ros/jazzy/opt/rviz_ogre_vendor/lib/libOgreOverlay.so
[12.429s] -- rviz_ogre_vendor::OgreOverlay for IMPORTED_LOCATION_DEBUG: /opt/ros/jazzy/opt/rviz_ogre_vendor/lib/libOgreOverlay.so
[12.430s] -- rviz_ogre_vendor::OgreMain for IMPORTED_LOCATION_RELEASE: /opt/ros/jazzy/opt/rviz_ogre_vendor/lib/libOgreMain.so
[12.431s] -- rviz_ogre_vendor::OgreMain for IMPORTED_LOCATION_DEBUG: /opt/ros/jazzy/opt/rviz_ogre_vendor/lib/libOgreMain.so
[14.538s] -- Found ZLIB: /usr/lib/x86_64-linux-gnu/libz.so (found version "1.3")  
[14.928s] -- Found OpenGL: /usr/lib/x86_64-linux-gnu/libOpenGL.so   
[20.024s] -- Found X11: /usr/include   
[20.036s] -- Looking for XOpenDisplay in /usr/lib/x86_64-linux-gnu/libX11.so;/usr/lib/x86_64-linux-gnu/libXext.so
[21.727s] -- Looking for XOpenDisplay in /usr/lib/x86_64-linux-gnu/libX11.so;/usr/lib/x86_64-linux-gnu/libXext.so - found
[21.729s] -- Looking for gethostbyname
[23.629s] -- Looking for gethostbyname - found
[23.630s] -- Looking for connect
[27.258s] -- Looking for connect - found
[27.260s] -- Looking for remove
[29.507s] -- Looking for remove - found
[29.508s] -- Looking for shmat
[31.381s] -- Looking for shmat - found
[31.382s] -- Looking for IceConnectionNumber in ICE
[33.457s] -- Looking for IceConnectionNumber in ICE - found
[33.576s] -- Setting yaml-cpp_DIR to: '/opt/ros/jazzy/share/yaml_cpp_vendor/cmake/../../../opt/yaml_cpp_vendor/share/cmake/yaml-cpp'
[33.990s] -- Found PkgConfig: /usr/bin/pkg-config (found version "1.8.1") 
[33.991s] -- Checking for module 'yaml-cpp'
[34.001s] --   Found yaml-cpp, version 0.8.0
[34.780s] -- Configuring done (34.7s)
[36.235s] -- Generating done (1.3s)
[36.778s] -- Build files have been written to: /mnt/c/Users/k1411090/Documents/Projects/PortaMailCapstone/build/portamail_navigation
[36.791s] Invoked command in '/mnt/c/Users/k1411090/Documents/Projects/PortaMailCapstone/build/portamail_navigation' returned '0': CMAKE_PREFIX_PATH=${CMAKE_PREFIX_PATH}:/opt/ros/jazzy /usr/bin/cmake /mnt/c/Users/k1411090/Documents/Projects/PortaMailCapstone/src/portamail_navigation -DCMAKE_INSTALL_PREFIX=/mnt/c/Users/k1411090/Documents/Projects/PortaMailCapstone/install/portamail_navigation
[36.811s] Invoking command in '/mnt/c/Users/k1411090/Documents/Projects/PortaMailCapstone/build/portamail_navigation': CMAKE_PREFIX_PATH=${CMAKE_PREFIX_PATH}:/opt/ros/jazzy /usr/bin/cmake --build /mnt/c/Users/k1411090/Documents/Projects/PortaMailCapstone/build/portamail_navigation -- -j16 -l16
[37.284s] [ 50%] [32mBuilding CXX object CMakeFiles/coordinator.dir/src/navigation_coordinator.cpp.o[0m
[46.119s] [100%] [32m[1mLinking CXX executable coordinator[0m
[51.341s] [100%] Built target coordinator
[51.386s] Invoked command in '/mnt/c/Users/k1411090/Documents/Projects/PortaMailCapstone/build/portamail_navigation' returned '0': CMAKE_PREFIX_PATH=${CMAKE_PREFIX_PATH}:/opt/ros/jazzy /usr/bin/cmake --build /mnt/c/Users/k1411090/Documents/Projects/PortaMailCapstone/build/portamail_navigation -- -j16 -l16
[51.456s] Invoking command in '/mnt/c/Users/k1411090/Documents/Projects/PortaMailCapstone/build/portamail_navigation': CMAKE_PREFIX_PATH=${CMAKE_PREFIX_PATH}:/opt/ros/jazzy /usr/bin/cmake --install /mnt/c/Users/k1411090/Documents/Projects/PortaMailCapstone/build/portamail_navigation
[51.467s] -- Install configuration: ""
[51.515s] -- Installing: /mnt/c/Users/k1411090/Documents/Projects/PortaMailCapstone/install/portamail_navigation/lib/portamail_navigation/coordinator
[52.002s] -- Set non-toolchain portion of runtime path of "/mnt/c/Users/k1411090/Documents/Projects/PortaMailCapstone/install/portamail_navigation/lib/portamail_navigation/coordinator" to ""
[52.013s] -- Installing: /mnt/c/Users/k1411090/Documents/Projects/PortaMailCapstone/install/portamail_navigation/share/portamail_navigation/launch
[52.066s] -- Installing: /mnt/c/Users/k1411090/Documents/Projects/PortaMailCapstone/install/portamail_navigation/share/portamail_navigation/launch/bringup.launch.py
[52.126s] -- Installing: /mnt/c/Users/k1411090/Documents/Projects/PortaMailCapstone/install/portamail_navigation/share/portamail_navigation/config
[52.184s] -- Installing: /mnt/c/Users/k1411090/Documents/Projects/PortaMailCapstone/install/portamail_navigation/share/portamail_navigation/config/locations.yaml
[52.290s] -- Installing: /mnt/c/Users/k1411090/Documents/Projects/PortaMailCapstone/install/portamail_navigation/share/ament_index/resource_index/package_run_dependencies/portamail_navigation
[52.435s] -- Installing: /mnt/c/Users/k1411090/Documents/Projects/PortaMailCapstone/install/portamail_navigation/share/ament_index/resource_index/parent_prefix_path/portamail_navigation
[52.542s] -- Installing: /mnt/c/Users/k1411090/Documents/Projects/PortaMailCapstone/install/portamail_navigation/share/portamail_navigation/environment/ament_prefix_path.sh
[52.636s] -- Installing: /mnt/c/Users/k1411090/Documents/Projects/PortaMailCapstone/install/portamail_navigation/share/portamail_navigation/environment/ament_prefix_path.dsv
[52.714s] -- Installing: /mnt/c/Users/k1411090/Documents/Projects/PortaMailCapstone/install/portamail_navigation/share/portamail_navigation/environment/path.sh
[52.797s] -- Installing: /mnt/c/Users/k1411090/Documents/Projects/PortaMailCapstone/install/portamail_navigation/share/portamail_navigation/environment/path.dsv
[52.872s] -- Installing: /mnt/c/Users/k1411090/Documents/Projects/PortaMailCapstone/install/portamail_navigation/share/portamail_navigation/local_setup.bash
[52.994s] -- Installing: /mnt/c/Users/k1411090/Documents/Projects/PortaMailCapstone/install/portamail_navigation/share/portamail_navigation/local_setup.sh
[53.037s] -- Installing: /mnt/c/Users/k1411090/Documents/Projects/PortaMailCapstone/install/portamail_navigation/share/portamail_navigation/local_setup.zsh
[53.153s] -- Installing: /mnt/c/Users/k1411090/Documents/Projects/PortaMailCapstone/install/portamail_navigation/share/portamail_navigation/local_setup.dsv
[53.241s] -- Installing: /mnt/c/Users/k1411090/Documents/Projects/PortaMailCapstone/install/portamail_navigation/share/portamail_navigation/package.dsv
[53.378s] -- Installing: /mnt/c/Users/k1411090/Documents/Projects/PortaMailCapstone/install/portamail_navigation/share/ament_index/resource_index/packages/portamail_navigation
[53.508s] -- Installing: /mnt/c/Users/k1411090/Documents/Projects/PortaMailCapstone/install/portamail_navigation/share/portamail_navigation/cmake/portamail_navigationConfig.cmake
[53.602s] -- Installing: /mnt/c/Users/k1411090/Documents/Projects/PortaMailCapstone/install/portamail_navigation/share/portamail_navigation/cmake/portamail_navigationConfig-version.cmake
[53.669s] -- Installing: /mnt/c/Users/k1411090/Documents/Projects/PortaMailCapstone/install/portamail_navigation/share/portamail_navigation/package.xml
[53.747s] Invoked command in '/mnt/c/Users/k1411090/Documents/Projects/PortaMailCapstone/build/portamail_navigation' returned '0': CMAKE_PREFIX_PATH=${CMAKE_PREFIX_PATH}:/opt/ros/jazzy /usr/bin/cmake --install /mnt/c/Users/k1411090/Documents/Projects/PortaMailCapstone/build/portamail_navigation
