[0.338s] DEBUG:colcon:Command line arguments: ['/usr/bin/colcon', 'build', '--packages-select', 'carmen_player']
[0.339s] DEBUG:colcon:Parsed command line arguments: Namespace(log_base=None, log_level=None, verb_name='build', build_base='build', install_base='install', merge_install=False, symlink_install=False, test_result_base=None, continue_on_error=False, executor='parallel', parallel_workers=12, event_handlers=None, ignore_user_meta=False, metas=['./colcon.meta'], base_paths=['.'], packages_ignore=None, packages_ignore_regex=None, paths=None, packages_up_to=None, packages_up_to_regex=None, packages_above=None, packages_above_and_dependencies=None, packages_above_depth=None, packages_select_by_dep=None, packages_skip_by_dep=None, packages_skip_up_to=None, packages_select_build_failed=False, packages_skip_build_finished=False, packages_select_test_failures=False, packages_skip_test_passed=False, packages_select=['carmen_player'], packages_skip=None, packages_select_regex=None, packages_skip_regex=None, packages_start=None, packages_end=None, allow_overriding=[], cmake_args=None, cmake_target=None, cmake_target_skip_unavailable=False, cmake_clean_cache=False, cmake_clean_first=False, cmake_force_configure=False, ament_cmake_args=None, catkin_cmake_args=None, catkin_skip_building_tests=False, mixin_files=None, mixin=None, verb_parser=<colcon_mixin.mixin.mixin_argument.MixinArgumentDecorator object at 0x7aba96692330>, verb_extension=<colcon_core.verb.build.BuildVerb object at 0x7aba967aa9c0>, main=<bound method BuildVerb.main of <colcon_core.verb.build.BuildVerb object at 0x7aba967aa9c0>>, mixin_verb=('build',))
[0.947s] Level 1:colcon.colcon_core.package_discovery:discover_packages(colcon_meta) check parameters
[0.948s] Level 1:colcon.colcon_core.package_discovery:discover_packages(recursive) check parameters
[0.948s] Level 1:colcon.colcon_core.package_discovery:discover_packages(ignore) check parameters
[0.948s] Level 1:colcon.colcon_core.package_discovery:discover_packages(path) check parameters
[0.948s] Level 1:colcon.colcon_core.package_discovery:discover_packages(colcon_meta) discover
[0.948s] Level 1:colcon.colcon_core.package_discovery:discover_packages(recursive) discover
[0.949s] INFO:colcon.colcon_core.package_discovery:Crawling recursively for packages in '/mnt/c/Users/David/OneDrive/Documents/Projects/PortaMailCapstone'
[0.950s] Level 1:colcon.colcon_core.package_identification:_identify(.) by extensions ['ignore', 'ignore_ament_install']
[0.950s] Level 1:colcon.colcon_core.package_identification:_identify(.) by extension 'ignore'
[0.951s] Level 1:colcon.colcon_core.package_identification:_identify(.) by extension 'ignore_ament_install'
[0.951s] Level 1:colcon.colcon_core.package_identification:_identify(.) by extensions ['colcon_pkg']
[0.951s] Level 1:colcon.colcon_core.package_identification:_identify(.) by extension 'colcon_pkg'
[0.952s] Level 1:colcon.colcon_core.package_identification:_identify(.) by extensions ['colcon_meta']
[0.952s] Level 1:colcon.colcon_core.package_identification:_identify(.) by extension 'colcon_meta'
[0.952s] Level 1:colcon.colcon_core.package_identification:_identify(.) by extensions ['ros']
[0.952s] Level 1:colcon.colcon_core.package_identification:_identify(.) by extension 'ros'
[1.001s] Level 1:colcon.colcon_core.package_identification:_identify(.) by extensions ['cmake', 'python']
[1.001s] Level 1:colcon.colcon_core.package_identification:_identify(.) by extension 'cmake'
[1.001s] Level 1:colcon.colcon_core.package_identification:_identify(.) by extension 'python'
[1.001s] Level 1:colcon.colcon_core.package_identification:_identify(.) by extensions ['python_setup_py']
[1.002s] Level 1:colcon.colcon_core.package_identification:_identify(.) by extension 'python_setup_py'
[1.004s] Level 1:colcon.colcon_core.package_identification:_identify(Datasets) by extensions ['ignore', 'ignore_ament_install']
[1.004s] Level 1:colcon.colcon_core.package_identification:_identify(Datasets) by extension 'ignore'
[1.005s] Level 1:colcon.colcon_core.package_identification:_identify(Datasets) by extension 'ignore_ament_install'
[1.007s] Level 1:colcon.colcon_core.package_identification:_identify(Datasets) by extensions ['colcon_pkg']
[1.007s] Level 1:colcon.colcon_core.package_identification:_identify(Datasets) by extension 'colcon_pkg'
[1.007s] Level 1:colcon.colcon_core.package_identification:_identify(Datasets) by extensions ['colcon_meta']
[1.008s] Level 1:colcon.colcon_core.package_identification:_identify(Datasets) by extension 'colcon_meta'
[1.008s] Level 1:colcon.colcon_core.package_identification:_identify(Datasets) by extensions ['ros']
[1.008s] Level 1:colcon.colcon_core.package_identification:_identify(Datasets) by extension 'ros'
[1.011s] Level 1:colcon.colcon_core.package_identification:_identify(Datasets) by extensions ['cmake', 'python']
[1.012s] Level 1:colcon.colcon_core.package_identification:_identify(Datasets) by extension 'cmake'
[1.012s] Level 1:colcon.colcon_core.package_identification:_identify(Datasets) by extension 'python'
[1.013s] Level 1:colcon.colcon_core.package_identification:_identify(Datasets) by extensions ['python_setup_py']
[1.013s] Level 1:colcon.colcon_core.package_identification:_identify(Datasets) by extension 'python_setup_py'
[1.016s] Level 1:colcon.colcon_core.package_identification:_identify(build) by extensions ['ignore', 'ignore_ament_install']
[1.016s] Level 1:colcon.colcon_core.package_identification:_identify(build) by extension 'ignore'
[1.017s] Level 1:colcon.colcon_core.package_identification:_identify(build) ignored
[1.020s] Level 1:colcon.colcon_core.package_identification:_identify(install) by extensions ['ignore', 'ignore_ament_install']
[1.020s] Level 1:colcon.colcon_core.package_identification:_identify(install) by extension 'ignore'
[1.021s] Level 1:colcon.colcon_core.package_identification:_identify(install) ignored
[1.024s] Level 1:colcon.colcon_core.package_identification:_identify(log) by extensions ['ignore', 'ignore_ament_install']
[1.025s] Level 1:colcon.colcon_core.package_identification:_identify(log) by extension 'ignore'
[1.025s] Level 1:colcon.colcon_core.package_identification:_identify(log) ignored
[1.027s] Level 1:colcon.colcon_core.package_identification:_identify(src) by extensions ['ignore', 'ignore_ament_install']
[1.028s] Level 1:colcon.colcon_core.package_identification:_identify(src) by extension 'ignore'
[1.028s] Level 1:colcon.colcon_core.package_identification:_identify(src) by extension 'ignore_ament_install'
[1.030s] Level 1:colcon.colcon_core.package_identification:_identify(src) by extensions ['colcon_pkg']
[1.030s] Level 1:colcon.colcon_core.package_identification:_identify(src) by extension 'colcon_pkg'
[1.031s] Level 1:colcon.colcon_core.package_identification:_identify(src) by extensions ['colcon_meta']
[1.031s] Level 1:colcon.colcon_core.package_identification:_identify(src) by extension 'colcon_meta'
[1.032s] Level 1:colcon.colcon_core.package_identification:_identify(src) by extensions ['ros']
[1.032s] Level 1:colcon.colcon_core.package_identification:_identify(src) by extension 'ros'
[1.035s] Level 1:colcon.colcon_core.package_identification:_identify(src) by extensions ['cmake', 'python']
[1.035s] Level 1:colcon.colcon_core.package_identification:_identify(src) by extension 'cmake'
[1.036s] Level 1:colcon.colcon_core.package_identification:_identify(src) by extension 'python'
[1.036s] Level 1:colcon.colcon_core.package_identification:_identify(src) by extensions ['python_setup_py']
[1.036s] Level 1:colcon.colcon_core.package_identification:_identify(src) by extension 'python_setup_py'
[1.040s] Level 1:colcon.colcon_core.package_identification:_identify(src/carmen_player) by extensions ['ignore', 'ignore_ament_install']
[1.041s] Level 1:colcon.colcon_core.package_identification:_identify(src/carmen_player) by extension 'ignore'
[1.042s] Level 1:colcon.colcon_core.package_identification:_identify(src/carmen_player) by extension 'ignore_ament_install'
[1.044s] Level 1:colcon.colcon_core.package_identification:_identify(src/carmen_player) by extensions ['colcon_pkg']
[1.044s] Level 1:colcon.colcon_core.package_identification:_identify(src/carmen_player) by extension 'colcon_pkg'
[1.045s] Level 1:colcon.colcon_core.package_identification:_identify(src/carmen_player) by extensions ['colcon_meta']
[1.045s] Level 1:colcon.colcon_core.package_identification:_identify(src/carmen_player) by extension 'colcon_meta'
[1.047s] Level 1:colcon.colcon_core.package_identification:_identify(src/carmen_player) by extensions ['ros']
[1.047s] Level 1:colcon.colcon_core.package_identification:_identify(src/carmen_player) by extension 'ros'
[1.251s] DEBUG:colcon.colcon_core.package_identification:Package 'src/carmen_player' with type 'ros.ament_python' and name 'carmen_player'
[1.251s] Level 1:colcon.colcon_core.package_discovery:discover_packages(recursive) using defaults
[1.252s] Level 1:colcon.colcon_core.package_discovery:discover_packages(ignore) discover
[1.252s] Level 1:colcon.colcon_core.package_discovery:discover_packages(ignore) using defaults
[1.252s] Level 1:colcon.colcon_core.package_discovery:discover_packages(path) discover
[1.252s] Level 1:colcon.colcon_core.package_discovery:discover_packages(path) using defaults
[1.626s] Level 1:colcon.colcon_core.package_discovery:discover_packages(prefix_path) check parameters
[1.627s] Level 1:colcon.colcon_core.package_discovery:discover_packages(prefix_path) discover
[1.695s] DEBUG:colcon.colcon_installed_package_information.package_discovery:Found 1 installed packages in /mnt/c/Users/David/OneDrive/Documents/Projects/PortaMailCapstone/install
[1.697s] DEBUG:colcon.colcon_installed_package_information.package_discovery:Found 285 installed packages in /opt/ros/jazzy
[1.699s] Level 1:colcon.colcon_core.package_discovery:discover_packages(prefix_path) using defaults
[1.761s] Level 5:colcon.colcon_core.verb:set package 'carmen_player' build argument 'cmake_args' from command line to 'None'
[1.761s] Level 5:colcon.colcon_core.verb:set package 'carmen_player' build argument 'cmake_target' from command line to 'None'
[1.761s] Level 5:colcon.colcon_core.verb:set package 'carmen_player' build argument 'cmake_target_skip_unavailable' from command line to 'False'
[1.761s] Level 5:colcon.colcon_core.verb:set package 'carmen_player' build argument 'cmake_clean_cache' from command line to 'False'
[1.761s] Level 5:colcon.colcon_core.verb:set package 'carmen_player' build argument 'cmake_clean_first' from command line to 'False'
[1.761s] Level 5:colcon.colcon_core.verb:set package 'carmen_player' build argument 'cmake_force_configure' from command line to 'False'
[1.762s] Level 5:colcon.colcon_core.verb:set package 'carmen_player' build argument 'ament_cmake_args' from command line to 'None'
[1.762s] Level 5:colcon.colcon_core.verb:set package 'carmen_player' build argument 'catkin_cmake_args' from command line to 'None'
[1.762s] Level 5:colcon.colcon_core.verb:set package 'carmen_player' build argument 'catkin_skip_building_tests' from command line to 'False'
[1.762s] DEBUG:colcon.colcon_core.verb:Building package 'carmen_player' with the following arguments: {'ament_cmake_args': None, 'build_base': '/mnt/c/Users/David/OneDrive/Documents/Projects/PortaMailCapstone/build/carmen_player', 'catkin_cmake_args': None, 'catkin_skip_building_tests': False, 'cmake_args': None, 'cmake_clean_cache': False, 'cmake_clean_first': False, 'cmake_force_configure': False, 'cmake_target': None, 'cmake_target_skip_unavailable': False, 'install_base': '/mnt/c/Users/David/OneDrive/Documents/Projects/PortaMailCapstone/install/carmen_player', 'merge_install': False, 'path': '/mnt/c/Users/David/OneDrive/Documents/Projects/PortaMailCapstone/src/carmen_player', 'symlink_install': False, 'test_result_base': None}
[1.762s] INFO:colcon.colcon_core.executor:Executing jobs using 'parallel' executor
[1.763s] DEBUG:colcon.colcon_parallel_executor.executor.parallel:run_until_complete
[1.763s] INFO:colcon.colcon_ros.task.ament_python.build:Building ROS package in '/mnt/c/Users/David/OneDrive/Documents/Projects/PortaMailCapstone/src/carmen_player' with build type 'ament_python'
[1.764s] Level 1:colcon.colcon_core.shell:create_environment_hook('carmen_player', 'ament_prefix_path')
[1.776s] INFO:colcon.colcon_core.plugin_system:Skipping extension 'colcon_core.shell.bat': Not used on non-Windows systems
[1.776s] INFO:colcon.colcon_core.shell:Creating environment hook '/mnt/c/Users/David/OneDrive/Documents/Projects/PortaMailCapstone/install/carmen_player/share/carmen_player/hook/ament_prefix_path.ps1'
[1.790s] INFO:colcon.colcon_core.shell:Creating environment descriptor '/mnt/c/Users/David/OneDrive/Documents/Projects/PortaMailCapstone/install/carmen_player/share/carmen_player/hook/ament_prefix_path.dsv'
[1.805s] INFO:colcon.colcon_core.shell:Creating environment hook '/mnt/c/Users/David/OneDrive/Documents/Projects/PortaMailCapstone/install/carmen_player/share/carmen_player/hook/ament_prefix_path.sh'
[1.959s] INFO:colcon.colcon_core.shell:Skip shell extension 'powershell' for command environment: Not usable outside of PowerShell
[1.960s] DEBUG:colcon.colcon_core.shell:Skip shell extension 'dsv' for command environment
[3.756s] INFO:colcon.colcon_core.task.python.build:Building Python package in '/mnt/c/Users/David/OneDrive/Documents/Projects/PortaMailCapstone/src/carmen_player'
[3.756s] INFO:colcon.colcon_core.shell:Skip shell extension 'powershell' for command environment: Not usable outside of PowerShell
[3.756s] DEBUG:colcon.colcon_core.shell:Skip shell extension 'dsv' for command environment
[6.085s] DEBUG:colcon.colcon_core.event_handler.log_command:Invoking command in '/mnt/c/Users/David/OneDrive/Documents/Projects/PortaMailCapstone/src/carmen_player': PYTHONPATH=/mnt/c/Users/David/OneDrive/Documents/Projects/PortaMailCapstone/build/carmen_player/prefix_override:/usr/lib/python3/dist-packages/colcon_core/task/python/colcon_distutils_commands:/mnt/c/Users/David/OneDrive/Documents/Projects/PortaMailCapstone/install/carmen_player/lib/python3.12/site-packages:${PYTHONPATH} /usr/bin/python3 -W ignore:setup.py install is deprecated -W ignore:easy_install command is deprecated setup.py egg_info --egg-base ../../build/carmen_player build --build-base /mnt/c/Users/David/OneDrive/Documents/Projects/PortaMailCapstone/build/carmen_player/build install --record /mnt/c/Users/David/OneDrive/Documents/Projects/PortaMailCapstone/build/carmen_player/install.log --single-version-externally-managed install_data
[10.064s] DEBUG:colcon.colcon_core.event_handler.log_command:Invoked command in '/mnt/c/Users/David/OneDrive/Documents/Projects/PortaMailCapstone/src/carmen_player' returned '0': PYTHONPATH=/mnt/c/Users/David/OneDrive/Documents/Projects/PortaMailCapstone/build/carmen_player/prefix_override:/usr/lib/python3/dist-packages/colcon_core/task/python/colcon_distutils_commands:/mnt/c/Users/David/OneDrive/Documents/Projects/PortaMailCapstone/install/carmen_player/lib/python3.12/site-packages:${PYTHONPATH} /usr/bin/python3 -W ignore:setup.py install is deprecated -W ignore:easy_install command is deprecated setup.py egg_info --egg-base ../../build/carmen_player build --build-base /mnt/c/Users/David/OneDrive/Documents/Projects/PortaMailCapstone/build/carmen_player/build install --record /mnt/c/Users/David/OneDrive/Documents/Projects/PortaMailCapstone/build/carmen_player/install.log --single-version-externally-managed install_data
[10.079s] Level 1:colcon.colcon_core.environment:checking '/mnt/c/Users/David/OneDrive/Documents/Projects/PortaMailCapstone/install/carmen_player' for CMake module files
[10.137s] Level 1:colcon.colcon_core.environment:checking '/mnt/c/Users/David/OneDrive/Documents/Projects/PortaMailCapstone/install/carmen_player' for CMake config files
[10.216s] Level 1:colcon.colcon_core.environment:checking '/mnt/c/Users/David/OneDrive/Documents/Projects/PortaMailCapstone/install/carmen_player/lib'
[10.220s] Level 1:colcon.colcon_core.environment:checking '/mnt/c/Users/David/OneDrive/Documents/Projects/PortaMailCapstone/install/carmen_player/bin'
[10.221s] Level 1:colcon.colcon_core.environment:checking '/mnt/c/Users/David/OneDrive/Documents/Projects/PortaMailCapstone/install/carmen_player/lib/pkgconfig/carmen_player.pc'
[10.222s] Level 1:colcon.colcon_core.environment:checking '/mnt/c/Users/David/OneDrive/Documents/Projects/PortaMailCapstone/install/carmen_player/lib/python3.12/site-packages'
[10.225s] Level 1:colcon.colcon_core.shell:create_environment_hook('carmen_player', 'pythonpath')
[10.225s] INFO:colcon.colcon_core.shell:Creating environment hook '/mnt/c/Users/David/OneDrive/Documents/Projects/PortaMailCapstone/install/carmen_player/share/carmen_player/hook/pythonpath.ps1'
[10.237s] INFO:colcon.colcon_core.shell:Creating environment descriptor '/mnt/c/Users/David/OneDrive/Documents/Projects/PortaMailCapstone/install/carmen_player/share/carmen_player/hook/pythonpath.dsv'
[10.251s] INFO:colcon.colcon_core.shell:Creating environment hook '/mnt/c/Users/David/OneDrive/Documents/Projects/PortaMailCapstone/install/carmen_player/share/carmen_player/hook/pythonpath.sh'
[10.841s] Level 1:colcon.colcon_core.environment:checking '/mnt/c/Users/David/OneDrive/Documents/Projects/PortaMailCapstone/install/carmen_player/bin'
[10.848s] Level 1:colcon.colcon_core.environment:create_environment_scripts_only(carmen_player)
[10.849s] INFO:colcon.colcon_core.shell:Creating package script '/mnt/c/Users/David/OneDrive/Documents/Projects/PortaMailCapstone/install/carmen_player/share/carmen_player/package.ps1'
[10.870s] INFO:colcon.colcon_core.shell:Creating package descriptor '/mnt/c/Users/David/OneDrive/Documents/Projects/PortaMailCapstone/install/carmen_player/share/carmen_player/package.dsv'
[10.885s] INFO:colcon.colcon_core.shell:Creating package script '/mnt/c/Users/David/OneDrive/Documents/Projects/PortaMailCapstone/install/carmen_player/share/carmen_player/package.sh'
[11.471s] INFO:colcon.colcon_core.shell:Creating package script '/mnt/c/Users/David/OneDrive/Documents/Projects/PortaMailCapstone/install/carmen_player/share/carmen_player/package.bash'
[11.650s] INFO:colcon.colcon_core.shell:Creating package script '/mnt/c/Users/David/OneDrive/Documents/Projects/PortaMailCapstone/install/carmen_player/share/carmen_player/package.zsh'
[11.899s] Level 1:colcon.colcon_core.environment:create_file_with_runtime_dependencies(/mnt/c/Users/David/OneDrive/Documents/Projects/PortaMailCapstone/install/carmen_player/share/colcon-core/packages/carmen_player)
[11.907s] DEBUG:colcon.colcon_parallel_executor.executor.parallel:closing loop
[11.908s] DEBUG:colcon.colcon_parallel_executor.executor.parallel:loop closed
[11.908s] DEBUG:colcon.colcon_parallel_executor.executor.parallel:run_until_complete finished with '0'
[11.908s] DEBUG:colcon.colcon_core.event_reactor:joining thread
[12.178s] INFO:colcon.colcon_core.plugin_system:Skipping extension 'colcon_notification.desktop_notification.notify_send': Could not find 'notify-send'
[12.179s] INFO:colcon.colcon_core.plugin_system:Skipping extension 'colcon_notification.desktop_notification.terminal_notifier': Not used on non-Darwin systems
[12.179s] INFO:colcon.colcon_core.plugin_system:Skipping extension 'colcon_notification.desktop_notification.win32': Not used on non-Windows systems
[12.179s] INFO:colcon.colcon_notification.desktop_notification:Sending desktop notification using 'notify2'
[12.180s] DEBUG:colcon.colcon_notification.desktop_notification.notify2:Failed to initialize notify2: org.freedesktop.DBus.Error.ServiceUnknown: The name org.freedesktop.Notifications was not provided by any .service files
[12.181s] DEBUG:colcon.colcon_core.event_reactor:joined thread
[12.181s] INFO:colcon.colcon_core.shell:Creating prefix script '/mnt/c/Users/David/OneDrive/Documents/Projects/PortaMailCapstone/install/local_setup.ps1'
[12.187s] INFO:colcon.colcon_core.shell:Creating prefix util module '/mnt/c/Users/David/OneDrive/Documents/Projects/PortaMailCapstone/install/_local_setup_util_ps1.py'
[12.194s] INFO:colcon.colcon_core.shell:Creating prefix chain script '/mnt/c/Users/David/OneDrive/Documents/Projects/PortaMailCapstone/install/setup.ps1'
[12.208s] INFO:colcon.colcon_core.shell:Creating prefix script '/mnt/c/Users/David/OneDrive/Documents/Projects/PortaMailCapstone/install/local_setup.sh'
[12.482s] INFO:colcon.colcon_core.shell:Creating prefix util module '/mnt/c/Users/David/OneDrive/Documents/Projects/PortaMailCapstone/install/_local_setup_util_sh.py'
[12.488s] INFO:colcon.colcon_core.shell:Creating prefix chain script '/mnt/c/Users/David/OneDrive/Documents/Projects/PortaMailCapstone/install/setup.sh'
[12.746s] INFO:colcon.colcon_core.shell:Creating prefix script '/mnt/c/Users/David/OneDrive/Documents/Projects/PortaMailCapstone/install/local_setup.bash'
[12.752s] INFO:colcon.colcon_core.shell:Creating prefix chain script '/mnt/c/Users/David/OneDrive/Documents/Projects/PortaMailCapstone/install/setup.bash'
[12.765s] INFO:colcon.colcon_core.shell:Creating prefix script '/mnt/c/Users/David/OneDrive/Documents/Projects/PortaMailCapstone/install/local_setup.zsh'
[13.051s] INFO:colcon.colcon_core.shell:Creating prefix chain script '/mnt/c/Users/David/OneDrive/Documents/Projects/PortaMailCapstone/install/setup.zsh'
