[5.631s] Invoking command in '/mnt/c/Users/David/OneDrive/Documents/Projects/PortaMailCapstone/src/carmen_player': PYTHONPATH=/mnt/c/Users/David/OneDrive/Documents/Projects/PortaMailCapstone/build/carmen_player/prefix_override:/usr/lib/python3/dist-packages/colcon_core/task/python/colcon_distutils_commands:/mnt/c/Users/David/OneDrive/Documents/Projects/PortaMailCapstone/install/carmen_player/lib/python3.12/site-packages:${PYTHONPATH} /usr/bin/python3 -W ignore:setup.py install is deprecated -W ignore:easy_install command is deprecated setup.py egg_info --egg-base ../../build/carmen_player build --build-base /mnt/c/Users/David/OneDrive/Documents/Projects/PortaMailCapstone/build/carmen_player/build install --record /mnt/c/Users/David/OneDrive/Documents/Projects/PortaMailCapstone/build/carmen_player/install.log --single-version-externally-managed install_data
[7.934s] running egg_info
[7.983s] writing ../../build/carmen_player/carmen_player.egg-info/PKG-INFO
[7.992s] writing dependency_links to ../../build/carmen_player/carmen_player.egg-info/dependency_links.txt
[8.000s] writing entry points to ../../build/carmen_player/carmen_player.egg-info/entry_points.txt
[8.007s] writing requirements to ../../build/carmen_player/carmen_player.egg-info/requires.txt
[8.011s] writing top-level names to ../../build/carmen_player/carmen_player.egg-info/top_level.txt
[8.154s] reading manifest file '../../build/carmen_player/carmen_player.egg-info/SOURCES.txt'
[8.259s] writing manifest file '../../build/carmen_player/carmen_player.egg-info/SOURCES.txt'
[8.262s] running build
[8.263s] running build_py
[8.286s] copying carmen_player/log_publisher.py -> /mnt/c/Users/David/OneDrive/Documents/Projects/PortaMailCapstone/build/carmen_player/build/lib/carmen_player
[8.344s] running install
[8.358s] running install_lib
[8.457s] copying /mnt/c/Users/David/OneDrive/Documents/Projects/PortaMailCapstone/build/carmen_player/build/lib/carmen_player/log_publisher.py -> /mnt/c/Users/David/OneDrive/Documents/Projects/PortaMailCapstone/install/carmen_player/lib/python3.12/site-packages/carmen_player
[8.549s] byte-compiling /mnt/c/Users/David/OneDrive/Documents/Projects/PortaMailCapstone/install/carmen_player/lib/python3.12/site-packages/carmen_player/log_publisher.py to log_publisher.cpython-312.pyc
[8.632s] running install_data
[8.670s] running install_egg_info
[8.728s] removing '/mnt/c/Users/David/OneDrive/Documents/Projects/PortaMailCapstone/install/carmen_player/lib/python3.12/site-packages/carmen_player-0.0.0-py3.12.egg-info' (and everything under it)
[8.810s] Copying ../../build/carmen_player/carmen_player.egg-info to /mnt/c/Users/David/OneDrive/Documents/Projects/PortaMailCapstone/install/carmen_player/lib/python3.12/site-packages/carmen_player-0.0.0-py3.12.egg-info
[9.173s] running install_scripts
[9.753s] Installing play_log script to /mnt/c/Users/David/OneDrive/Documents/Projects/PortaMailCapstone/install/carmen_player/lib/carmen_player
[9.770s] writing list of installed files to '/mnt/c/Users/David/OneDrive/Documents/Projects/PortaMailCapstone/build/carmen_player/install.log'
[9.817s] Invoked command in '/mnt/c/Users/David/OneDrive/Documents/Projects/PortaMailCapstone/src/carmen_player' returned '0': PYTHONPATH=/mnt/c/Users/David/OneDrive/Documents/Projects/PortaMailCapstone/build/carmen_player/prefix_override:/usr/lib/python3/dist-packages/colcon_core/task/python/colcon_distutils_commands:/mnt/c/Users/David/OneDrive/Documents/Projects/PortaMailCapstone/install/carmen_player/lib/python3.12/site-packages:${PYTHONPATH} /usr/bin/python3 -W ignore:setup.py install is deprecated -W ignore:easy_install command is deprecated setup.py egg_info --egg-base ../../build/carmen_player build --build-base /mnt/c/Users/David/OneDrive/Documents/Projects/PortaMailCapstone/build/carmen_player/build install --record /mnt/c/Users/David/OneDrive/Documents/Projects/PortaMailCapstone/build/carmen_player/install.log --single-version-externally-managed install_data
