[0.023s] Invoking command in '/home/davidezuma/PortaMailCapstone/build/portamail_coordinator': CMAKE_PREFIX_PATH=${CMAKE_PREFIX_PATH}:/home/davidezuma/PortaMailCapstone/install/lcd_bridge:/opt/ros/jazzy /usr/bin/cmake --build /home/davidezuma/PortaMailCapstone/build/portamail_coordinator -- -j4 -l4
[0.172s] [100%] Built target coordinator
[0.196s] Invoked command in '/home/davidezuma/PortaMailCapstone/build/portamail_coordinator' returned '0': CMAKE_PREFIX_PATH=${CMAKE_PREFIX_PATH}:/home/davidezuma/PortaMailCapstone/install/lcd_bridge:/opt/ros/jazzy /usr/bin/cmake --build /home/davidezuma/PortaMailCapstone/build/portamail_coordinator -- -j4 -l4
[0.218s] Invoking command in '/home/davidezuma/PortaMailCapstone/build/portamail_coordinator': CMAKE_PREFIX_PATH=${CMAKE_PREFIX_PATH}:/home/davidezuma/PortaMailCapstone/install/lcd_bridge:/opt/ros/jazzy /usr/bin/cmake --install /home/davidezuma/PortaMailCapstone/build/portamail_coordinator
[0.235s] -- Install configuration: ""
[0.237s] -- Execute custom install script
[0.237s] -- Up-to-date symlink: /home/davidezuma/PortaMailCapstone/install/portamail_coordinator/lib/portamail_coordinator/coordinator
[0.239s] -- Up-to-date symlink: /home/davidezuma/PortaMailCapstone/install/portamail_coordinator/share/portamail_coordinator/launch/bringup.launch.py
[0.239s] -- Up-to-date symlink: /home/davidezuma/PortaMailCapstone/install/portamail_coordinator/share/portamail_coordinator/launch/joystick.launch.py
[0.239s] -- Up-to-date symlink: /home/davidezuma/PortaMailCapstone/install/portamail_coordinator/share/portamail_coordinator/config/locations.yaml
[0.239s] -- Up-to-date symlink: /home/davidezuma/PortaMailCapstone/install/portamail_coordinator/share/ament_index/resource_index/package_run_dependencies/portamail_coordinator
[0.239s] -- Up-to-date symlink: /home/davidezuma/PortaMailCapstone/install/portamail_coordinator/share/ament_index/resource_index/parent_prefix_path/portamail_coordinator
[0.240s] -- Up-to-date symlink: /home/davidezuma/PortaMailCapstone/install/portamail_coordinator/share/portamail_coordinator/environment/ament_prefix_path.sh
[0.240s] -- Up-to-date symlink: /home/davidezuma/PortaMailCapstone/install/portamail_coordinator/share/portamail_coordinator/environment/ament_prefix_path.dsv
[0.240s] -- Up-to-date symlink: /home/davidezuma/PortaMailCapstone/install/portamail_coordinator/share/portamail_coordinator/environment/path.sh
[0.240s] -- Up-to-date symlink: /home/davidezuma/PortaMailCapstone/install/portamail_coordinator/share/portamail_coordinator/environment/path.dsv
[0.240s] -- Up-to-date symlink: /home/davidezuma/PortaMailCapstone/install/portamail_coordinator/share/portamail_coordinator/local_setup.bash
[0.240s] -- Up-to-date symlink: /home/davidezuma/PortaMailCapstone/install/portamail_coordinator/share/portamail_coordinator/local_setup.sh
[0.241s] -- Up-to-date symlink: /home/davidezuma/PortaMailCapstone/install/portamail_coordinator/share/portamail_coordinator/local_setup.zsh
[0.242s] -- Up-to-date symlink: /home/davidezuma/PortaMailCapstone/install/portamail_coordinator/share/portamail_coordinator/local_setup.dsv
[0.242s] -- Symlinking: /home/davidezuma/PortaMailCapstone/install/portamail_coordinator/share/portamail_coordinator/package.dsv
[0.261s] -- Up-to-date symlink: /home/davidezuma/PortaMailCapstone/install/portamail_coordinator/share/ament_index/resource_index/packages/portamail_coordinator
[0.262s] -- Up-to-date symlink: /home/davidezuma/PortaMailCapstone/install/portamail_coordinator/share/portamail_coordinator/cmake/portamail_coordinatorConfig.cmake
[0.262s] -- Up-to-date symlink: /home/davidezuma/PortaMailCapstone/install/portamail_coordinator/share/portamail_coordinator/cmake/portamail_coordinatorConfig-version.cmake
[0.262s] -- Up-to-date symlink: /home/davidezuma/PortaMailCapstone/install/portamail_coordinator/share/portamail_coordinator/package.xml
[0.262s] -- Up-to-date: /home/davidezuma/PortaMailCapstone/install/portamail_coordinator/lib/portamail_coordinator/lcd_bridge
[0.267s] Invoked command in '/home/davidezuma/PortaMailCapstone/build/portamail_coordinator' returned '0': CMAKE_PREFIX_PATH=${CMAKE_PREFIX_PATH}:/home/davidezuma/PortaMailCapstone/install/lcd_bridge:/opt/ros/jazzy /usr/bin/cmake --install /home/davidezuma/PortaMailCapstone/build/portamail_coordinator
