[0.015s] Invoking command in '/home/davidezuma/PortaMailCapstone/build/portamail_navigation': CMAKE_PREFIX_PATH=${CMAKE_PREFIX_PATH}:/opt/ros/jazzy /usr/bin/cmake --build /home/davidezuma/PortaMailCapstone/build/portamail_navigation -- -j4 -l4
[0.133s] [100%] Built target mock_driver
[0.133s] [100%] Built target coordinator
[0.155s] Invoked command in '/home/davidezuma/PortaMailCapstone/build/portamail_navigation' returned '0': CMAKE_PREFIX_PATH=${CMAKE_PREFIX_PATH}:/opt/ros/jazzy /usr/bin/cmake --build /home/davidezuma/PortaMailCapstone/build/portamail_navigation -- -j4 -l4
[0.175s] Invoking command in '/home/davidezuma/PortaMailCapstone/build/portamail_navigation': CMAKE_PREFIX_PATH=${CMAKE_PREFIX_PATH}:/opt/ros/jazzy /usr/bin/cmake --install /home/davidezuma/PortaMailCapstone/build/portamail_navigation
[0.191s] -- Install configuration: ""
[0.191s] -- Up-to-date: /home/davidezuma/PortaMailCapstone/install/portamail_navigation/lib/portamail_navigation/coordinator
[0.191s] -- Up-to-date: /home/davidezuma/PortaMailCapstone/install/portamail_navigation/lib/portamail_navigation/mock_driver
[0.192s] -- Up-to-date: /home/davidezuma/PortaMailCapstone/install/portamail_navigation/share/portamail_navigation/launch
[0.192s] -- Up-to-date: /home/davidezuma/PortaMailCapstone/install/portamail_navigation/share/portamail_navigation/launch/bringup.launch.py
[0.192s] -- Installing: /home/davidezuma/PortaMailCapstone/install/portamail_navigation/share/portamail_navigation/launch/joystick.launch.py
[0.192s] -- Up-to-date: /home/davidezuma/PortaMailCapstone/install/portamail_navigation/share/portamail_navigation/config
[0.192s] -- Up-to-date: /home/davidezuma/PortaMailCapstone/install/portamail_navigation/share/portamail_navigation/config/locations.yaml
[0.192s] -- Up-to-date: /home/davidezuma/PortaMailCapstone/install/portamail_navigation/share/ament_index/resource_index/package_run_dependencies/portamail_navigation
[0.192s] -- Up-to-date: /home/davidezuma/PortaMailCapstone/install/portamail_navigation/share/ament_index/resource_index/parent_prefix_path/portamail_navigation
[0.192s] -- Up-to-date: /home/davidezuma/PortaMailCapstone/install/portamail_navigation/share/portamail_navigation/environment/ament_prefix_path.sh
[0.192s] -- Up-to-date: /home/davidezuma/PortaMailCapstone/install/portamail_navigation/share/portamail_navigation/environment/ament_prefix_path.dsv
[0.193s] -- Up-to-date: /home/davidezuma/PortaMailCapstone/install/portamail_navigation/share/portamail_navigation/environment/path.sh
[0.193s] -- Up-to-date: /home/davidezuma/PortaMailCapstone/install/portamail_navigation/share/portamail_navigation/environment/path.dsv
[0.193s] -- Up-to-date: /home/davidezuma/PortaMailCapstone/install/portamail_navigation/share/portamail_navigation/local_setup.bash
[0.193s] -- Up-to-date: /home/davidezuma/PortaMailCapstone/install/portamail_navigation/share/portamail_navigation/local_setup.sh
[0.193s] -- Up-to-date: /home/davidezuma/PortaMailCapstone/install/portamail_navigation/share/portamail_navigation/local_setup.zsh
[0.193s] -- Up-to-date: /home/davidezuma/PortaMailCapstone/install/portamail_navigation/share/portamail_navigation/local_setup.dsv
[0.193s] -- Installing: /home/davidezuma/PortaMailCapstone/install/portamail_navigation/share/portamail_navigation/package.dsv
[0.193s] -- Up-to-date: /home/davidezuma/PortaMailCapstone/install/portamail_navigation/share/ament_index/resource_index/packages/portamail_navigation
[0.193s] -- Up-to-date: /home/davidezuma/PortaMailCapstone/install/portamail_navigation/share/portamail_navigation/cmake/portamail_navigationConfig.cmake
[0.193s] -- Up-to-date: /home/davidezuma/PortaMailCapstone/install/portamail_navigation/share/portamail_navigation/cmake/portamail_navigationConfig-version.cmake
[0.194s] -- Up-to-date: /home/davidezuma/PortaMailCapstone/install/portamail_navigation/share/portamail_navigation/package.xml
[0.196s] Invoked command in '/home/davidezuma/PortaMailCapstone/build/portamail_navigation' returned '0': CMAKE_PREFIX_PATH=${CMAKE_PREFIX_PATH}:/opt/ros/jazzy /usr/bin/cmake --install /home/davidezuma/PortaMailCapstone/build/portamail_navigation
