-- Found ament_cmake: 2.5.5 (/opt/ros/jazzy/share/ament_cmake/cmake)
-- Found rclcpp: 28.1.16 (/opt/ros/jazzy/share/rclcpp/cmake)
-- Found rosidl_generator_c: 4.6.7 (/opt/ros/jazzy/share/rosidl_generator_c/cmake)
-- Found rosidl_generator_cpp: 4.6.7 (/opt/ros/jazzy/share/rosidl_generator_cpp/cmake)
-- Using all available rosidl_typesupport_c: rosidl_typesupport_fastrtps_c;rosidl_typesupport_introspection_c
-- Using all available rosidl_typesupport_cpp: rosidl_typesupport_fastrtps_cpp;rosidl_typesupport_introspection_cpp
-- Found rmw_implementation_cmake: 7.3.3 (/opt/ros/jazzy/share/rmw_implementation_cmake/cmake)
-- Found rmw_fastrtps_cpp: 8.4.3 (/opt/ros/jazzy/share/rmw_fastrtps_cpp/cmake)
-- Using RMW implementation 'rmw_fastrtps_cpp' as default
-- Found geometry_msgs: 5.3.6 (/opt/ros/jazzy/share/geometry_msgs/cmake)
-- Found nav_msgs: 5.3.6 (/opt/ros/jazzy/share/nav_msgs/cmake)
-- Found tf2: 0.36.19 (/opt/ros/jazzy/share/tf2/cmake)
-- Found tf2_ros: 0.36.19 (/opt/ros/jazzy/share/tf2_ros/cmake)
-- Found tf2_geometry_msgs: 0.36.19 (/opt/ros/jazzy/share/tf2_geometry_msgs/cmake)
-- Found eigen3_cmake_module: 0.3.0 (/opt/ros/jazzy/share/eigen3_cmake_module/cmake)
-- Ensuring Eigen3 include directory is part of orocos-kdl CMake target
-- Found slam_toolbox: 2.8.3 (/opt/ros/jazzy/share/slam_toolbox/cmake)
-- Setting OGRE_DIR to: '/opt/ros/jazzy/share/rviz_ogre_vendor/cmake/../../../opt/rviz_ogre_vendor/lib/OGRE/cmake'
-- Found OGRE
--   static     : OFF
--   components : MeshLodGenerator;Overlay;Paging;Property;RTShaderSystem;Terrain;Volume
--   plugins    : Plugin_BSPSceneManager;Plugin_OctreeSceneManager;Plugin_PCZSceneManager;Plugin_ParticleFX;RenderSystem_GL;RenderSystem_GL3Plus;Codec_STBI
--   media      : /opt/ros/jazzy/opt/rviz_ogre_vendor/share/OGRE/Media
-- OGRE_LIBRARIES: OgreMeshLodGenerator;OgreOverlay;OgrePaging;OgreProperty;OgreRTShaderSystem;OgreTerrain;OgreVolume;OgreMain
-- OGRE_LIBRARY_DIRS: /opt/ros/jazzy/opt/rviz_ogre_vendor/lib
-- OGRE_PLUGINS: Plugin_BSPSceneManager;Plugin_OctreeSceneManager;Plugin_PCZSceneManager;Plugin_ParticleFX;RenderSystem_GL;RenderSystem_GL3Plus;Codec_STBI
-- OGRE_PLUGIN_DIR: /opt/ros/jazzy/opt/rviz_ogre_vendor/lib/OGRE
-- rviz_ogre_vendor::OgreOverlay for IMPORTED_LOCATION_RELEASE: /opt/ros/jazzy/opt/rviz_ogre_vendor/lib/libOgreOverlay.so
-- rviz_ogre_vendor::OgreOverlay for IMPORTED_LOCATION_DEBUG: /opt/ros/jazzy/opt/rviz_ogre_vendor/lib/libOgreOverlay.so
-- rviz_ogre_vendor::OgreMain for IMPORTED_LOCATION_RELEASE: /opt/ros/jazzy/opt/rviz_ogre_vendor/lib/libOgreMain.so
-- rviz_ogre_vendor::OgreMain for IMPORTED_LOCATION_DEBUG: /opt/ros/jazzy/opt/rviz_ogre_vendor/lib/libOgreMain.so
-- Found ZLIB: /usr/lib/x86_64-linux-gnu/libz.so (found version "1.3")  
-- Found OpenGL: /usr/lib/x86_64-linux-gnu/libOpenGL.so   
-- Found X11: /usr/include   
-- Looking for XOpenDisplay in /usr/lib/x86_64-linux-gnu/libX11.so;/usr/lib/x86_64-linux-gnu/libXext.so
-- Looking for XOpenDisplay in /usr/lib/x86_64-linux-gnu/libX11.so;/usr/lib/x86_64-linux-gnu/libXext.so - found
-- Looking for gethostbyname
-- Looking for gethostbyname - found
-- Looking for connect
-- Looking for connect - found
-- Looking for remove
-- Looking for remove - found
-- Looking for shmat
-- Looking for shmat - found
-- Looking for IceConnectionNumber in ICE
-- Looking for IceConnectionNumber in ICE - found
-- Setting yaml-cpp_DIR to: '/opt/ros/jazzy/share/yaml_cpp_vendor/cmake/../../../opt/yaml_cpp_vendor/share/cmake/yaml-cpp'
-- Configuring done (1.5s)
-- Generating done (0.0s)
-- Build files have been written to: /home/david-ezuma/Documents/PortaMailCapstone/build/portamail_navigator
[ 50%] Building CXX object CMakeFiles/mock_driver.dir/src/mock_driver.cpp.o
[ 50%] Building CXX object CMakeFiles/map_autosave_node.dir/src/map_autosave_node.cpp.o
[ 75%] Linking CXX executable map_autosave_node
[ 75%] Built target map_autosave_node
[100%] Linking CXX executable mock_driver
[100%] Built target mock_driver
-- Install configuration: ""
-- Installing: /home/david-ezuma/Documents/PortaMailCapstone/install/portamail_navigator/lib/portamail_navigator/mock_driver
-- Set non-toolchain portion of runtime path of "/home/david-ezuma/Documents/PortaMailCapstone/install/portamail_navigator/lib/portamail_navigator/mock_driver" to ""
-- Installing: /home/david-ezuma/Documents/PortaMailCapstone/install/portamail_navigator/lib/portamail_navigator/map_autosave_node
-- Set non-toolchain portion of runtime path of "/home/david-ezuma/Documents/PortaMailCapstone/install/portamail_navigator/lib/portamail_navigator/map_autosave_node" to ""
-- Installing: /home/david-ezuma/Documents/PortaMailCapstone/install/portamail_navigator/include
-- Installing: /home/david-ezuma/Documents/PortaMailCapstone/install/portamail_navigator/include/portamail_navigator
-- Installing: /home/david-ezuma/Documents/PortaMailCapstone/install/portamail_navigator/include/portamail_navigator/map_autosave_node.hpp
-- Installing: /home/david-ezuma/Documents/PortaMailCapstone/install/portamail_navigator/share/portamail_navigator/launch
-- Installing: /home/david-ezuma/Documents/PortaMailCapstone/install/portamail_navigator/share/portamail_navigator/launch/gazebo_classic_mapping.launch.py
-- Installing: /home/david-ezuma/Documents/PortaMailCapstone/install/portamail_navigator/share/portamail_navigator/launch/mapping.launch.py
-- Installing: /home/david-ezuma/Documents/PortaMailCapstone/install/portamail_navigator/share/portamail_navigator/launch/hardware.launch.py
-- Installing: /home/david-ezuma/Documents/PortaMailCapstone/install/portamail_navigator/share/portamail_navigator/launch/joystick.launch.py
-- Installing: /home/david-ezuma/Documents/PortaMailCapstone/install/portamail_navigator/share/portamail_navigator/config
-- Installing: /home/david-ezuma/Documents/PortaMailCapstone/install/portamail_navigator/share/portamail_navigator/config/ekf_no_imu.yaml
-- Installing: /home/david-ezuma/Documents/PortaMailCapstone/install/portamail_navigator/share/portamail_navigator/config/slam.yaml
-- Installing: /home/david-ezuma/Documents/PortaMailCapstone/install/portamail_navigator/share/portamail_navigator/config/map_autosave.yaml
-- Installing: /home/david-ezuma/Documents/PortaMailCapstone/install/portamail_navigator/share/portamail_navigator/config/ekf.yaml
-- Installing: /home/david-ezuma/Documents/PortaMailCapstone/install/portamail_navigator/share/portamail_navigator/firmware
-- Installing: /home/david-ezuma/Documents/PortaMailCapstone/install/portamail_navigator/share/portamail_navigator/firmware/teensy_driver
-- Installing: /home/david-ezuma/Documents/PortaMailCapstone/install/portamail_navigator/share/portamail_navigator/firmware/teensy_driver/locale_stubs.c
-- Installing: /home/david-ezuma/Documents/PortaMailCapstone/install/portamail_navigator/share/portamail_navigator/firmware/teensy_driver/teensy_driver.ino
-- Installing: /home/david-ezuma/Documents/PortaMailCapstone/install/portamail_navigator/share/portamail_navigator/firmware/esp32_driver
-- Installing: /home/david-ezuma/Documents/PortaMailCapstone/install/portamail_navigator/share/portamail_navigator/firmware/esp32_driver/esp32_driver.ino
-- Installing: /home/david-ezuma/Documents/PortaMailCapstone/install/portamail_navigator/share/portamail_navigator/firmware/micro_ros_arduino-2.0.8-jazzy.zip
-- Installing: /home/david-ezuma/Documents/PortaMailCapstone/install/portamail_navigator/share/portamail_navigator/firmware/error message.png
-- Installing: /home/david-ezuma/Documents/PortaMailCapstone/install/portamail_navigator/share/portamail_navigator/urdf
-- Installing: /home/david-ezuma/Documents/PortaMailCapstone/install/portamail_navigator/share/portamail_navigator/urdf/portamail.urdf
-- Installing: /home/david-ezuma/Documents/PortaMailCapstone/install/portamail_navigator/share/portamail_navigator/urdf/portamail_classic.urdf
-- Installing: /home/david-ezuma/Documents/PortaMailCapstone/install/portamail_navigator/share/portamail_navigator/meshes
-- Installing: /home/david-ezuma/Documents/PortaMailCapstone/install/portamail_navigator/share/portamail_navigator/meshes/caster_wheel.STL
-- Installing: /home/david-ezuma/Documents/PortaMailCapstone/install/portamail_navigator/share/portamail_navigator/meshes/base_link.STL
-- Installing: /home/david-ezuma/Documents/PortaMailCapstone/install/portamail_navigator/share/portamail_navigator/meshes/left_wheel.STL
-- Installing: /home/david-ezuma/Documents/PortaMailCapstone/install/portamail_navigator/share/portamail_navigator/meshes/right_wheel.STL
-- Installing: /home/david-ezuma/Documents/PortaMailCapstone/install/portamail_navigator/share/portamail_navigator/meshes/caster_swivel.STL
-- Installing: /home/david-ezuma/Documents/PortaMailCapstone/install/portamail_navigator/share/ament_index/resource_index/package_run_dependencies/portamail_navigator
-- Installing: /home/david-ezuma/Documents/PortaMailCapstone/install/portamail_navigator/share/ament_index/resource_index/parent_prefix_path/portamail_navigator
-- Installing: /home/david-ezuma/Documents/PortaMailCapstone/install/portamail_navigator/share/portamail_navigator/environment/ament_prefix_path.sh
-- Installing: /home/david-ezuma/Documents/PortaMailCapstone/install/portamail_navigator/share/portamail_navigator/environment/ament_prefix_path.dsv
-- Installing: /home/david-ezuma/Documents/PortaMailCapstone/install/portamail_navigator/share/portamail_navigator/environment/path.sh
-- Installing: /home/david-ezuma/Documents/PortaMailCapstone/install/portamail_navigator/share/portamail_navigator/environment/path.dsv
-- Installing: /home/david-ezuma/Documents/PortaMailCapstone/install/portamail_navigator/share/portamail_navigator/local_setup.bash
-- Installing: /home/david-ezuma/Documents/PortaMailCapstone/install/portamail_navigator/share/portamail_navigator/local_setup.sh
-- Installing: /home/david-ezuma/Documents/PortaMailCapstone/install/portamail_navigator/share/portamail_navigator/local_setup.zsh
-- Installing: /home/david-ezuma/Documents/PortaMailCapstone/install/portamail_navigator/share/portamail_navigator/local_setup.dsv
-- Installing: /home/david-ezuma/Documents/PortaMailCapstone/install/portamail_navigator/share/portamail_navigator/package.dsv
-- Installing: /home/david-ezuma/Documents/PortaMailCapstone/install/portamail_navigator/share/ament_index/resource_index/packages/portamail_navigator
-- Installing: /home/david-ezuma/Documents/PortaMailCapstone/install/portamail_navigator/share/portamail_navigator/cmake/portamail_navigatorConfig.cmake
-- Installing: /home/david-ezuma/Documents/PortaMailCapstone/install/portamail_navigator/share/portamail_navigator/cmake/portamail_navigatorConfig-version.cmake
-- Installing: /home/david-ezuma/Documents/PortaMailCapstone/install/portamail_navigator/share/portamail_navigator/package.xml
