[0.012s] Invoking command in '/home/davidezuma/PortaMailCapstone/build/portamail_coordinator': CMAKE_PREFIX_PATH=${CMAKE_PREFIX_PATH}:/opt/ros/jazzy /usr/bin/cmake /home/davidezuma/PortaMailCapstone/src/portamail_coordinator -DCMAKE_INSTALL_PREFIX=/home/davidezuma/PortaMailCapstone/install/portamail_coordinator
[0.049s] -- Found ament_cmake: 2.5.5 (/opt/ros/jazzy/share/ament_cmake/cmake)
[0.399s] -- Override CMake install command with custom implementation using symlinks instead of copying resources
[0.436s] -- Found rclcpp: 28.1.16 (/opt/ros/jazzy/share/rclcpp/cmake)
[0.505s] -- Found rosidl_generator_c: 4.6.7 (/opt/ros/jazzy/share/rosidl_generator_c/cmake)
[0.527s] -- Found rosidl_generator_cpp: 4.6.7 (/opt/ros/jazzy/share/rosidl_generator_cpp/cmake)
[0.555s] -- Using all available rosidl_typesupport_c: rosidl_typesupport_fastrtps_c;rosidl_typesupport_introspection_c
[0.586s] -- Using all available rosidl_typesupport_cpp: rosidl_typesupport_fastrtps_cpp;rosidl_typesupport_introspection_cpp
[0.716s] -- Found rmw_implementation_cmake: 7.3.3 (/opt/ros/jazzy/share/rmw_implementation_cmake/cmake)
[0.721s] -- Found rmw_fastrtps_cpp: 8.4.3 (/opt/ros/jazzy/share/rmw_fastrtps_cpp/cmake)
[0.848s] -- Using RMW implementation 'rmw_fastrtps_cpp' as default
[0.978s] -- Found rclcpp_action: 28.1.16 (/opt/ros/jazzy/share/rclcpp_action/cmake)
[1.062s] -- Found std_msgs: 5.3.6 (/opt/ros/jazzy/share/std_msgs/cmake)
[1.092s] -- Found geometry_msgs: 5.3.6 (/opt/ros/jazzy/share/geometry_msgs/cmake)
[1.124s] -- Found nav2_msgs: 1.3.10 (/opt/ros/jazzy/share/nav2_msgs/cmake)
[1.313s] -- Found slam_toolbox: 2.8.3 (/opt/ros/jazzy/share/slam_toolbox/cmake)
[1.623s] -- Found eigen3_cmake_module: 0.3.0 (/opt/ros/jazzy/share/eigen3_cmake_module/cmake)
[1.626s] -- Ensuring Eigen3 include directory is part of orocos-kdl CMake target
[1.850s] -- Setting OGRE_DIR to: '/opt/ros/jazzy/share/rviz_ogre_vendor/cmake/../../../opt/rviz_ogre_vendor/lib/OGRE/cmake'
[1.853s] -- Found OGRE
[1.853s] --   static     : OFF
[1.853s] --   components : MeshLodGenerator;Overlay;Paging;Property;RTShaderSystem;Terrain;Volume
[1.853s] --   plugins    : Plugin_BSPSceneManager;Plugin_OctreeSceneManager;Plugin_PCZSceneManager;Plugin_ParticleFX;RenderSystem_GL;RenderSystem_GL3Plus;Codec_STBI
[1.854s] --   media      : /opt/ros/jazzy/opt/rviz_ogre_vendor/share/OGRE/Media
[1.854s] -- OGRE_LIBRARIES: OgreMeshLodGenerator;OgreOverlay;OgrePaging;OgreProperty;OgreRTShaderSystem;OgreTerrain;OgreVolume;OgreMain
[1.854s] -- OGRE_LIBRARY_DIRS: /opt/ros/jazzy/opt/rviz_ogre_vendor/lib
[1.854s] -- OGRE_PLUGINS: Plugin_BSPSceneManager;Plugin_OctreeSceneManager;Plugin_PCZSceneManager;Plugin_ParticleFX;RenderSystem_GL;RenderSystem_GL3Plus;Codec_STBI
[1.854s] -- OGRE_PLUGIN_DIR: /opt/ros/jazzy/opt/rviz_ogre_vendor/lib/OGRE
[1.854s] -- rviz_ogre_vendor::OgreOverlay for IMPORTED_LOCATION_RELEASE: /opt/ros/jazzy/opt/rviz_ogre_vendor/lib/libOgreOverlay.so
[1.854s] -- rviz_ogre_vendor::OgreOverlay for IMPORTED_LOCATION_DEBUG: /opt/ros/jazzy/opt/rviz_ogre_vendor/lib/libOgreOverlay.so
[1.854s] -- rviz_ogre_vendor::OgreMain for IMPORTED_LOCATION_RELEASE: /opt/ros/jazzy/opt/rviz_ogre_vendor/lib/libOgreMain.so
[1.854s] -- rviz_ogre_vendor::OgreMain for IMPORTED_LOCATION_DEBUG: /opt/ros/jazzy/opt/rviz_ogre_vendor/lib/libOgreMain.so
[2.046s] -- Setting yaml-cpp_DIR to: '/opt/ros/jazzy/share/yaml_cpp_vendor/cmake/../../../opt/yaml_cpp_vendor/share/cmake/yaml-cpp'
[2.440s] -- Configuring done (2.4s)
[2.529s] -- Generating done (0.1s)
[2.548s] -- Build files have been written to: /home/davidezuma/PortaMailCapstone/build/portamail_coordinator
[2.574s] Invoked command in '/home/davidezuma/PortaMailCapstone/build/portamail_coordinator' returned '0': CMAKE_PREFIX_PATH=${CMAKE_PREFIX_PATH}:/opt/ros/jazzy /usr/bin/cmake /home/davidezuma/PortaMailCapstone/src/portamail_coordinator -DCMAKE_INSTALL_PREFIX=/home/davidezuma/PortaMailCapstone/install/portamail_coordinator
[2.576s] Invoking command in '/home/davidezuma/PortaMailCapstone/build/portamail_coordinator': CMAKE_PREFIX_PATH=${CMAKE_PREFIX_PATH}:/opt/ros/jazzy /usr/bin/cmake --build /home/davidezuma/PortaMailCapstone/build/portamail_coordinator -- -j4 -l4
[2.705s] [100%] Built target coordinator
[2.727s] Invoked command in '/home/davidezuma/PortaMailCapstone/build/portamail_coordinator' returned '0': CMAKE_PREFIX_PATH=${CMAKE_PREFIX_PATH}:/opt/ros/jazzy /usr/bin/cmake --build /home/davidezuma/PortaMailCapstone/build/portamail_coordinator -- -j4 -l4
[2.748s] Invoking command in '/home/davidezuma/PortaMailCapstone/build/portamail_coordinator': CMAKE_PREFIX_PATH=${CMAKE_PREFIX_PATH}:/opt/ros/jazzy /usr/bin/cmake --install /home/davidezuma/PortaMailCapstone/build/portamail_coordinator
[2.764s] -- Install configuration: ""
[2.765s] -- Execute custom install script
[2.765s] -- Up-to-date symlink: /home/davidezuma/PortaMailCapstone/install/portamail_coordinator/lib/portamail_coordinator/coordinator
[2.766s] -- Up-to-date symlink: /home/davidezuma/PortaMailCapstone/install/portamail_coordinator/share/portamail_coordinator/launch/bringup.launch.py
[2.766s] -- Up-to-date symlink: /home/davidezuma/PortaMailCapstone/install/portamail_coordinator/share/portamail_coordinator/launch/joystick.launch.py
[2.766s] -- Up-to-date symlink: /home/davidezuma/PortaMailCapstone/install/portamail_coordinator/share/portamail_coordinator/config/locations.yaml
[2.766s] -- Up-to-date symlink: /home/davidezuma/PortaMailCapstone/install/portamail_coordinator/share/ament_index/resource_index/package_run_dependencies/portamail_coordinator
[2.767s] -- Up-to-date symlink: /home/davidezuma/PortaMailCapstone/install/portamail_coordinator/share/ament_index/resource_index/parent_prefix_path/portamail_coordinator
[2.767s] -- Up-to-date symlink: /home/davidezuma/PortaMailCapstone/install/portamail_coordinator/share/portamail_coordinator/environment/ament_prefix_path.sh
[2.767s] -- Up-to-date symlink: /home/davidezuma/PortaMailCapstone/install/portamail_coordinator/share/portamail_coordinator/environment/ament_prefix_path.dsv
[2.767s] -- Up-to-date symlink: /home/davidezuma/PortaMailCapstone/install/portamail_coordinator/share/portamail_coordinator/environment/path.sh
[2.767s] -- Up-to-date symlink: /home/davidezuma/PortaMailCapstone/install/portamail_coordinator/share/portamail_coordinator/environment/path.dsv
[2.768s] -- Up-to-date symlink: /home/davidezuma/PortaMailCapstone/install/portamail_coordinator/share/portamail_coordinator/local_setup.bash
[2.768s] -- Up-to-date symlink: /home/davidezuma/PortaMailCapstone/install/portamail_coordinator/share/portamail_coordinator/local_setup.sh
[2.768s] -- Up-to-date symlink: /home/davidezuma/PortaMailCapstone/install/portamail_coordinator/share/portamail_coordinator/local_setup.zsh
[2.768s] -- Up-to-date symlink: /home/davidezuma/PortaMailCapstone/install/portamail_coordinator/share/portamail_coordinator/local_setup.dsv
[2.768s] -- Symlinking: /home/davidezuma/PortaMailCapstone/install/portamail_coordinator/share/portamail_coordinator/package.dsv
[2.786s] -- Up-to-date symlink: /home/davidezuma/PortaMailCapstone/install/portamail_coordinator/share/ament_index/resource_index/packages/portamail_coordinator
[2.787s] -- Up-to-date symlink: /home/davidezuma/PortaMailCapstone/install/portamail_coordinator/share/portamail_coordinator/cmake/portamail_coordinatorConfig.cmake
[2.787s] -- Up-to-date symlink: /home/davidezuma/PortaMailCapstone/install/portamail_coordinator/share/portamail_coordinator/cmake/portamail_coordinatorConfig-version.cmake
[2.787s] -- Up-to-date symlink: /home/davidezuma/PortaMailCapstone/install/portamail_coordinator/share/portamail_coordinator/package.xml
[2.787s] -- Installing: /home/davidezuma/PortaMailCapstone/install/portamail_coordinator/lib/portamail_coordinator/lcd_bridge
[2.790s] Invoked command in '/home/davidezuma/PortaMailCapstone/build/portamail_coordinator' returned '0': CMAKE_PREFIX_PATH=${CMAKE_PREFIX_PATH}:/opt/ros/jazzy /usr/bin/cmake --install /home/davidezuma/PortaMailCapstone/build/portamail_coordinator
