[0.061s] Invoking command in '/mnt/c/Users/David/OneDrive/Documents/Projects/PortaMailCapstone/build/portamail_navigation': CMAKE_PREFIX_PATH=${CMAKE_PREFIX_PATH}:/opt/ros/jazzy /usr/bin/cmake /mnt/c/Users/David/OneDrive/Documents/Projects/PortaMailCapstone/src/portamail_navigation -DCMAKE_INSTALL_PREFIX=/mnt/c/Users/David/OneDrive/Documents/Projects/PortaMailCapstone/install/portamail_navigation
[0.341s] -- The C compiler identification is GNU 13.3.0
[1.207s] -- The CXX compiler identification is GNU 13.3.0
[1.964s] -- Detecting C compiler ABI info
[2.724s] -- Detecting C compiler ABI info - done
[2.757s] -- Check for working C compiler: /usr/bin/cc - skipped
[2.758s] -- Detecting C compile features
[2.759s] -- Detecting C compile features - done
[2.900s] -- Detecting CXX compiler ABI info
[3.788s] -- Detecting CXX compiler ABI info - done
[3.823s] -- Check for working CXX compiler: /usr/bin/c++ - skipped
[3.824s] -- Detecting CXX compile features
[3.824s] -- Detecting CXX compile features - done
[3.893s] -- Found ament_cmake: 2.5.4 (/opt/ros/jazzy/share/ament_cmake/cmake)
[4.112s] -- Found Python3: /usr/bin/python3 (found version "3.12.3") found components: Interpreter 
[4.558s] -- Found rclcpp: 28.1.13 (/opt/ros/jazzy/share/rclcpp/cmake)
[4.949s] -- Found rosidl_generator_c: 4.6.6 (/opt/ros/jazzy/share/rosidl_generator_c/cmake)
[5.040s] -- Found rosidl_generator_cpp: 4.6.6 (/opt/ros/jazzy/share/rosidl_generator_cpp/cmake)
[5.137s] -- Using all available rosidl_typesupport_c: rosidl_typesupport_fastrtps_c;rosidl_typesupport_introspection_c
[5.231s] -- Using all available rosidl_typesupport_cpp: rosidl_typesupport_fastrtps_cpp;rosidl_typesupport_introspection_cpp
[5.532s] -- Found rmw_implementation_cmake: 7.3.2 (/opt/ros/jazzy/share/rmw_implementation_cmake/cmake)
[5.557s] -- Found rmw_fastrtps_cpp: 8.4.3 (/opt/ros/jazzy/share/rmw_fastrtps_cpp/cmake)
[5.743s] -- Found OpenSSL: /usr/lib/x86_64-linux-gnu/libcrypto.so (found version "3.0.13")  
[6.001s] -- Found FastRTPS: /opt/ros/jazzy/include (Required is at least version "2.13") 
[6.172s] -- Using RMW implementation 'rmw_fastrtps_cpp' as default
[6.545s] -- Found rclcpp_action: 28.1.13 (/opt/ros/jazzy/share/rclcpp_action/cmake)
[6.705s] -- Found std_msgs: 5.3.6 (/opt/ros/jazzy/share/std_msgs/cmake)
[6.745s] -- Found geometry_msgs: 5.3.6 (/opt/ros/jazzy/share/geometry_msgs/cmake)
[6.785s] -- Found nav2_msgs: 1.3.10 (/opt/ros/jazzy/share/nav2_msgs/cmake)
[6.980s] -- Found slam_toolbox: 2.8.3 (/opt/ros/jazzy/share/slam_toolbox/cmake)
[7.569s] -- Found eigen3_cmake_module: 0.3.0 (/opt/ros/jazzy/share/eigen3_cmake_module/cmake)
[7.573s] -- Found Eigen3: TRUE (found version "3.4.0") 
[7.574s] -- Ensuring Eigen3 include directory is part of orocos-kdl CMake target
[8.056s] -- Setting OGRE_DIR to: '/opt/ros/jazzy/share/rviz_ogre_vendor/cmake/../../../opt/rviz_ogre_vendor/lib/OGRE/cmake'
[8.058s] -- Found OGRE
[8.059s] --   static     : OFF
[8.059s] --   components : MeshLodGenerator;Overlay;Paging;Property;RTShaderSystem;Terrain;Volume
[8.060s] --   plugins    : Plugin_BSPSceneManager;Plugin_OctreeSceneManager;Plugin_PCZSceneManager;Plugin_ParticleFX;RenderSystem_GL;RenderSystem_GL3Plus;Codec_STBI
[8.061s] --   media      : /opt/ros/jazzy/opt/rviz_ogre_vendor/share/OGRE/Media
[8.061s] -- OGRE_LIBRARIES: OgreMeshLodGenerator;OgreOverlay;OgrePaging;OgreProperty;OgreRTShaderSystem;OgreTerrain;OgreVolume;OgreMain
[8.062s] -- OGRE_LIBRARY_DIRS: /opt/ros/jazzy/opt/rviz_ogre_vendor/lib
[8.062s] -- OGRE_PLUGINS: Plugin_BSPSceneManager;Plugin_OctreeSceneManager;Plugin_PCZSceneManager;Plugin_ParticleFX;RenderSystem_GL;RenderSystem_GL3Plus;Codec_STBI
[8.063s] -- OGRE_PLUGIN_DIR: /opt/ros/jazzy/opt/rviz_ogre_vendor/lib/OGRE
[8.064s] -- rviz_ogre_vendor::OgreOverlay for IMPORTED_LOCATION_RELEASE: /opt/ros/jazzy/opt/rviz_ogre_vendor/lib/libOgreOverlay.so
[8.065s] -- rviz_ogre_vendor::OgreOverlay for IMPORTED_LOCATION_DEBUG: /opt/ros/jazzy/opt/rviz_ogre_vendor/lib/libOgreOverlay.so
[8.065s] -- rviz_ogre_vendor::OgreMain for IMPORTED_LOCATION_RELEASE: /opt/ros/jazzy/opt/rviz_ogre_vendor/lib/libOgreMain.so
[8.066s] -- rviz_ogre_vendor::OgreMain for IMPORTED_LOCATION_DEBUG: /opt/ros/jazzy/opt/rviz_ogre_vendor/lib/libOgreMain.so
[10.792s] -- Found ZLIB: /usr/lib/x86_64-linux-gnu/libz.so (found version "1.3")  
[11.665s] -- Found OpenGL: /usr/lib/x86_64-linux-gnu/libOpenGL.so   
[18.940s] -- Found X11: /usr/include   
[18.941s] -- Looking for XOpenDisplay in /usr/lib/x86_64-linux-gnu/libX11.so;/usr/lib/x86_64-linux-gnu/libXext.so
[19.588s] -- Looking for XOpenDisplay in /usr/lib/x86_64-linux-gnu/libX11.so;/usr/lib/x86_64-linux-gnu/libXext.so - found
[19.589s] -- Looking for gethostbyname
[20.225s] -- Looking for gethostbyname - found
[20.226s] -- Looking for connect
[20.852s] -- Looking for connect - found
[20.853s] -- Looking for remove
[21.474s] -- Looking for remove - found
[21.474s] -- Looking for shmat
[22.114s] -- Looking for shmat - found
[22.115s] -- Looking for IceConnectionNumber in ICE
[22.794s] -- Looking for IceConnectionNumber in ICE - found
[22.938s] -- Setting yaml-cpp_DIR to: '/opt/ros/jazzy/share/yaml_cpp_vendor/cmake/../../../opt/yaml_cpp_vendor/share/cmake/yaml-cpp'
[23.321s] -- Found PkgConfig: /usr/bin/pkg-config (found version "1.8.1") 
[23.322s] -- Checking for module 'yaml-cpp'
[23.337s] --   Found yaml-cpp, version 0.8.0
[23.772s] -- Configuring done (23.7s)
[24.209s] -- Generating done (0.4s)
[24.468s] -- Build files have been written to: /mnt/c/Users/David/OneDrive/Documents/Projects/PortaMailCapstone/build/portamail_navigation
[24.485s] Invoked command in '/mnt/c/Users/David/OneDrive/Documents/Projects/PortaMailCapstone/build/portamail_navigation' returned '0': CMAKE_PREFIX_PATH=${CMAKE_PREFIX_PATH}:/opt/ros/jazzy /usr/bin/cmake /mnt/c/Users/David/OneDrive/Documents/Projects/PortaMailCapstone/src/portamail_navigation -DCMAKE_INSTALL_PREFIX=/mnt/c/Users/David/OneDrive/Documents/Projects/PortaMailCapstone/install/portamail_navigation
[24.497s] Invoking command in '/mnt/c/Users/David/OneDrive/Documents/Projects/PortaMailCapstone/build/portamail_navigation': CMAKE_PREFIX_PATH=${CMAKE_PREFIX_PATH}:/opt/ros/jazzy /usr/bin/cmake --build /mnt/c/Users/David/OneDrive/Documents/Projects/PortaMailCapstone/build/portamail_navigation -- -j12 -l12
[24.745s] [ 25%] [32mBuilding CXX object CMakeFiles/mock_driver.dir/src/mock_driver.cpp.o[0m
[24.755s] [ 50%] [32mBuilding CXX object CMakeFiles/coordinator.dir/src/navigation_coordinator.cpp.o[0m
[35.982s] [ 75%] [32m[1mLinking CXX executable mock_driver[0m
[38.465s] [100%] [32m[1mLinking CXX executable coordinator[0m
[40.287s] [100%] Built target mock_driver
[43.448s] [100%] Built target coordinator
[43.483s] Invoked command in '/mnt/c/Users/David/OneDrive/Documents/Projects/PortaMailCapstone/build/portamail_navigation' returned '0': CMAKE_PREFIX_PATH=${CMAKE_PREFIX_PATH}:/opt/ros/jazzy /usr/bin/cmake --build /mnt/c/Users/David/OneDrive/Documents/Projects/PortaMailCapstone/build/portamail_navigation -- -j12 -l12
[43.513s] Invoking command in '/mnt/c/Users/David/OneDrive/Documents/Projects/PortaMailCapstone/build/portamail_navigation': CMAKE_PREFIX_PATH=${CMAKE_PREFIX_PATH}:/opt/ros/jazzy /usr/bin/cmake --install /mnt/c/Users/David/OneDrive/Documents/Projects/PortaMailCapstone/build/portamail_navigation
[43.527s] -- Install configuration: ""
[43.543s] -- Installing: /mnt/c/Users/David/OneDrive/Documents/Projects/PortaMailCapstone/install/portamail_navigation/lib/portamail_navigation/coordinator
[43.847s] -- Set non-toolchain portion of runtime path of "/mnt/c/Users/David/OneDrive/Documents/Projects/PortaMailCapstone/install/portamail_navigation/lib/portamail_navigation/coordinator" to ""
[43.865s] -- Installing: /mnt/c/Users/David/OneDrive/Documents/Projects/PortaMailCapstone/install/portamail_navigation/lib/portamail_navigation/mock_driver
[44.117s] -- Set non-toolchain portion of runtime path of "/mnt/c/Users/David/OneDrive/Documents/Projects/PortaMailCapstone/install/portamail_navigation/lib/portamail_navigation/mock_driver" to ""
[44.129s] -- Installing: /mnt/c/Users/David/OneDrive/Documents/Projects/PortaMailCapstone/install/portamail_navigation/share/portamail_navigation/launch
[44.158s] -- Installing: /mnt/c/Users/David/OneDrive/Documents/Projects/PortaMailCapstone/install/portamail_navigation/share/portamail_navigation/launch/bringup.launch.py
[44.226s] -- Installing: /mnt/c/Users/David/OneDrive/Documents/Projects/PortaMailCapstone/install/portamail_navigation/share/portamail_navigation/launch/joystick.launch.py
[44.286s] -- Installing: /mnt/c/Users/David/OneDrive/Documents/Projects/PortaMailCapstone/install/portamail_navigation/share/portamail_navigation/config
[44.317s] -- Installing: /mnt/c/Users/David/OneDrive/Documents/Projects/PortaMailCapstone/install/portamail_navigation/share/portamail_navigation/config/locations.yaml
[44.412s] -- Installing: /mnt/c/Users/David/OneDrive/Documents/Projects/PortaMailCapstone/install/portamail_navigation/share/ament_index/resource_index/package_run_dependencies/portamail_navigation
[44.530s] -- Installing: /mnt/c/Users/David/OneDrive/Documents/Projects/PortaMailCapstone/install/portamail_navigation/share/ament_index/resource_index/parent_prefix_path/portamail_navigation
[44.613s] -- Installing: /mnt/c/Users/David/OneDrive/Documents/Projects/PortaMailCapstone/install/portamail_navigation/share/portamail_navigation/environment/ament_prefix_path.sh
[44.667s] -- Installing: /mnt/c/Users/David/OneDrive/Documents/Projects/PortaMailCapstone/install/portamail_navigation/share/portamail_navigation/environment/ament_prefix_path.dsv
[44.724s] -- Installing: /mnt/c/Users/David/OneDrive/Documents/Projects/PortaMailCapstone/install/portamail_navigation/share/portamail_navigation/environment/path.sh
[44.780s] -- Installing: /mnt/c/Users/David/OneDrive/Documents/Projects/PortaMailCapstone/install/portamail_navigation/share/portamail_navigation/environment/path.dsv
[44.851s] -- Installing: /mnt/c/Users/David/OneDrive/Documents/Projects/PortaMailCapstone/install/portamail_navigation/share/portamail_navigation/local_setup.bash
[44.908s] -- Installing: /mnt/c/Users/David/OneDrive/Documents/Projects/PortaMailCapstone/install/portamail_navigation/share/portamail_navigation/local_setup.sh
[44.961s] -- Installing: /mnt/c/Users/David/OneDrive/Documents/Projects/PortaMailCapstone/install/portamail_navigation/share/portamail_navigation/local_setup.zsh
[45.016s] -- Installing: /mnt/c/Users/David/OneDrive/Documents/Projects/PortaMailCapstone/install/portamail_navigation/share/portamail_navigation/local_setup.dsv
[45.072s] -- Installing: /mnt/c/Users/David/OneDrive/Documents/Projects/PortaMailCapstone/install/portamail_navigation/share/portamail_navigation/package.dsv
[45.151s] -- Installing: /mnt/c/Users/David/OneDrive/Documents/Projects/PortaMailCapstone/install/portamail_navigation/share/ament_index/resource_index/packages/portamail_navigation
[45.236s] -- Installing: /mnt/c/Users/David/OneDrive/Documents/Projects/PortaMailCapstone/install/portamail_navigation/share/portamail_navigation/cmake/portamail_navigationConfig.cmake
[45.291s] -- Installing: /mnt/c/Users/David/OneDrive/Documents/Projects/PortaMailCapstone/install/portamail_navigation/share/portamail_navigation/cmake/portamail_navigationConfig-version.cmake
[45.354s] -- Installing: /mnt/c/Users/David/OneDrive/Documents/Projects/PortaMailCapstone/install/portamail_navigation/share/portamail_navigation/package.xml
[45.404s] Invoked command in '/mnt/c/Users/David/OneDrive/Documents/Projects/PortaMailCapstone/build/portamail_navigation' returned '0': CMAKE_PREFIX_PATH=${CMAKE_PREFIX_PATH}:/opt/ros/jazzy /usr/bin/cmake --install /mnt/c/Users/David/OneDrive/Documents/Projects/PortaMailCapstone/build/portamail_navigation
