[0.043s] Invoking command in '/mnt/c/Users/David/OneDrive/Documents/Projects/PortaMailCapstone/build/portamail_navigation': /usr/bin/cmake /mnt/c/Users/David/OneDrive/Documents/Projects/PortaMailCapstone/src/portamail_navigation -DCMAKE_INSTALL_PREFIX=/mnt/c/Users/David/OneDrive/Documents/Projects/PortaMailCapstone/install/portamail_navigation
[0.392s] -- The C compiler identification is GNU 13.3.0
[1.242s] -- The CXX compiler identification is GNU 13.3.0
[1.954s] -- Detecting C compiler ABI info
[2.630s] -- Detecting C compiler ABI info - done
[2.657s] -- Check for working C compiler: /usr/bin/cc - skipped
[2.659s] -- Detecting C compile features
[2.659s] -- Detecting C compile features - done
[2.801s] -- Detecting CXX compiler ABI info
[3.485s] -- Detecting CXX compiler ABI info - done
[3.512s] -- Check for working CXX compiler: /usr/bin/c++ - skipped
[3.512s] -- Detecting CXX compile features
[3.513s] -- Detecting CXX compile features - done
[4.680s] [31mCMake Error at CMakeLists.txt:13 (find_package):
[4.681s]   By not providing "Findament_cmake.cmake" in CMAKE_MODULE_PATH this project
[4.682s]   has asked CMake to find a package configuration file provided by
[4.682s]   "ament_cmake", but CMake did not find one.
[4.683s] 
[4.684s]   Could not find a package configuration file provided by "ament_cmake" with
[4.684s]   any of the following names:
[4.685s] 
[4.686s]     ament_cmakeConfig.cmake
[4.686s]     ament_cmake-config.cmake
[4.687s] 
[4.688s]   Add the installation prefix of "ament_cmake" to CMAKE_PREFIX_PATH or set
[4.689s]   "ament_cmake_DIR" to a directory containing one of the above files.  If
[4.690s]   "ament_cmake" provides a separate development package or SDK, be sure it
[4.690s]   has been installed.
[4.691s] 
[4.692s] [0m
[4.693s] -- Configuring incomplete, errors occurred!
[4.693s] Invoked command in '/mnt/c/Users/David/OneDrive/Documents/Projects/PortaMailCapstone/build/portamail_navigation' returned '1': /usr/bin/cmake /mnt/c/Users/David/OneDrive/Documents/Projects/PortaMailCapstone/src/portamail_navigation -DCMAKE_INSTALL_PREFIX=/mnt/c/Users/David/OneDrive/Documents/Projects/PortaMailCapstone/install/portamail_navigation
