[0.323s] Invoking command in '/home/davidezuma/PortaMailCapstone/build/portamail_coordinator': CMAKE_PREFIX_PATH=${CMAKE_PREFIX_PATH}:/opt/ros/jazzy /usr/bin/cmake /home/davidezuma/PortaMailCapstone/src/portamail_coordinator -DAMENT_CMAKE_SYMLINK_INSTALL=1 -DCMAKE_INSTALL_PREFIX=/home/davidezuma/PortaMailCapstone/install/portamail_coordinator
[0.570s] -- Found ament_cmake: 2.5.5 (/opt/ros/jazzy/share/ament_cmake/cmake)
[1.131s] -- Override CMake install command with custom implementation using symlinks instead of copying resources
[1.262s] -- Found rclcpp: 28.1.16 (/opt/ros/jazzy/share/rclcpp/cmake)
[1.491s] -- Found rosidl_generator_c: 4.6.7 (/opt/ros/jazzy/share/rosidl_generator_c/cmake)
[1.550s] -- Found rosidl_generator_cpp: 4.6.7 (/opt/ros/jazzy/share/rosidl_generator_cpp/cmake)
[1.644s] -- Using all available rosidl_typesupport_c: rosidl_typesupport_fastrtps_c;rosidl_typesupport_introspection_c
[1.702s] -- Using all available rosidl_typesupport_cpp: rosidl_typesupport_fastrtps_cpp;rosidl_typesupport_introspection_cpp
[1.920s] -- Found rmw_implementation_cmake: 7.3.3 (/opt/ros/jazzy/share/rmw_implementation_cmake/cmake)
[1.930s] -- Found rmw_fastrtps_cpp: 8.4.3 (/opt/ros/jazzy/share/rmw_fastrtps_cpp/cmake)
[2.133s] -- Using RMW implementation 'rmw_fastrtps_cpp' as default
[2.346s] -- Found rclcpp_action: 28.1.16 (/opt/ros/jazzy/share/rclcpp_action/cmake)
[2.465s] -- Found std_msgs: 5.3.6 (/opt/ros/jazzy/share/std_msgs/cmake)
[2.491s] -- Found geometry_msgs: 5.3.6 (/opt/ros/jazzy/share/geometry_msgs/cmake)
[2.520s] -- Found nav2_msgs: 1.3.10 (/opt/ros/jazzy/share/nav2_msgs/cmake)
[2.812s] -- Found slam_toolbox: 2.8.3 (/opt/ros/jazzy/share/slam_toolbox/cmake)
[3.162s] -- Found eigen3_cmake_module: 0.3.0 (/opt/ros/jazzy/share/eigen3_cmake_module/cmake)
[3.164s] -- Ensuring Eigen3 include directory is part of orocos-kdl CMake target
[3.413s] -- Setting OGRE_DIR to: '/opt/ros/jazzy/share/rviz_ogre_vendor/cmake/../../../opt/rviz_ogre_vendor/lib/OGRE/cmake'
[3.421s] -- Found OGRE
[3.422s] --   static     : OFF
[3.422s] --   components : MeshLodGenerator;Overlay;Paging;Property;RTShaderSystem;Terrain;Volume
[3.422s] --   plugins    : Plugin_BSPSceneManager;Plugin_OctreeSceneManager;Plugin_PCZSceneManager;Plugin_ParticleFX;RenderSystem_GL;RenderSystem_GL3Plus;Codec_STBI
[3.422s] --   media      : /opt/ros/jazzy/opt/rviz_ogre_vendor/share/OGRE/Media
[3.422s] -- OGRE_LIBRARIES: OgreMeshLodGenerator;OgreOverlay;OgrePaging;OgreProperty;OgreRTShaderSystem;OgreTerrain;OgreVolume;OgreMain
[3.423s] -- OGRE_LIBRARY_DIRS: /opt/ros/jazzy/opt/rviz_ogre_vendor/lib
[3.423s] -- OGRE_PLUGINS: Plugin_BSPSceneManager;Plugin_OctreeSceneManager;Plugin_PCZSceneManager;Plugin_ParticleFX;RenderSystem_GL;RenderSystem_GL3Plus;Codec_STBI
[3.423s] -- OGRE_PLUGIN_DIR: /opt/ros/jazzy/opt/rviz_ogre_vendor/lib/OGRE
[3.423s] -- rviz_ogre_vendor::OgreOverlay for IMPORTED_LOCATION_RELEASE: /opt/ros/jazzy/opt/rviz_ogre_vendor/lib/libOgreOverlay.so
[3.423s] -- rviz_ogre_vendor::OgreOverlay for IMPORTED_LOCATION_DEBUG: /opt/ros/jazzy/opt/rviz_ogre_vendor/lib/libOgreOverlay.so
[3.423s] -- rviz_ogre_vendor::OgreMain for IMPORTED_LOCATION_RELEASE: /opt/ros/jazzy/opt/rviz_ogre_vendor/lib/libOgreMain.so
[3.423s] -- rviz_ogre_vendor::OgreMain for IMPORTED_LOCATION_DEBUG: /opt/ros/jazzy/opt/rviz_ogre_vendor/lib/libOgreMain.so
[3.743s] -- Setting yaml-cpp_DIR to: '/opt/ros/jazzy/share/yaml_cpp_vendor/cmake/../../../opt/yaml_cpp_vendor/share/cmake/yaml-cpp'
[4.292s] -- Configuring done (3.8s)
[4.412s] -- Generating done (0.1s)
[4.426s] -- Build files have been written to: /home/davidezuma/PortaMailCapstone/build/portamail_coordinator
[4.495s] Invoked command in '/home/davidezuma/PortaMailCapstone/build/portamail_coordinator' returned '0': CMAKE_PREFIX_PATH=${CMAKE_PREFIX_PATH}:/opt/ros/jazzy /usr/bin/cmake /home/davidezuma/PortaMailCapstone/src/portamail_coordinator -DAMENT_CMAKE_SYMLINK_INSTALL=1 -DCMAKE_INSTALL_PREFIX=/home/davidezuma/PortaMailCapstone/install/portamail_coordinator
[4.496s] Invoking command in '/home/davidezuma/PortaMailCapstone/build/portamail_coordinator': CMAKE_PREFIX_PATH=${CMAKE_PREFIX_PATH}:/opt/ros/jazzy /usr/bin/cmake --build /home/davidezuma/PortaMailCapstone/build/portamail_coordinator -- -j4 -l4
[4.795s] [ 50%] [32m[1mLinking CXX executable coordinator[0m
[12.600s] [100%] Built target coordinator
[12.667s] Invoked command in '/home/davidezuma/PortaMailCapstone/build/portamail_coordinator' returned '0': CMAKE_PREFIX_PATH=${CMAKE_PREFIX_PATH}:/opt/ros/jazzy /usr/bin/cmake --build /home/davidezuma/PortaMailCapstone/build/portamail_coordinator -- -j4 -l4
[12.673s] Invoking command in '/home/davidezuma/PortaMailCapstone/build/portamail_coordinator': CMAKE_PREFIX_PATH=${CMAKE_PREFIX_PATH}:/opt/ros/jazzy /usr/bin/cmake --install /home/davidezuma/PortaMailCapstone/build/portamail_coordinator
[12.720s] -- Install configuration: ""
[12.721s] -- Execute custom install script
[12.723s] -- Symlinking: /home/davidezuma/PortaMailCapstone/install/portamail_coordinator/lib/portamail_coordinator/coordinator
[12.778s] -- Symlinking: /home/davidezuma/PortaMailCapstone/install/portamail_coordinator/share/portamail_coordinator/launch/bringup.launch.py
[12.834s] -- Symlinking: /home/davidezuma/PortaMailCapstone/install/portamail_coordinator/share/portamail_coordinator/launch/joystick.launch.py
[12.886s] -- Symlinking: /home/davidezuma/PortaMailCapstone/install/portamail_coordinator/share/portamail_coordinator/config/locations.yaml
[12.948s] -- Symlinking: /home/davidezuma/PortaMailCapstone/install/portamail_coordinator/share/ament_index/resource_index/package_run_dependencies/portamail_coordinator
[13.002s] -- Symlinking: /home/davidezuma/PortaMailCapstone/install/portamail_coordinator/share/ament_index/resource_index/parent_prefix_path/portamail_coordinator
[13.059s] -- Symlinking: /home/davidezuma/PortaMailCapstone/install/portamail_coordinator/share/portamail_coordinator/environment/ament_prefix_path.sh
[13.102s] -- Symlinking: /home/davidezuma/PortaMailCapstone/install/portamail_coordinator/share/portamail_coordinator/environment/ament_prefix_path.dsv
[13.155s] -- Symlinking: /home/davidezuma/PortaMailCapstone/install/portamail_coordinator/share/portamail_coordinator/environment/path.sh
[13.211s] -- Symlinking: /home/davidezuma/PortaMailCapstone/install/portamail_coordinator/share/portamail_coordinator/environment/path.dsv
[13.247s] -- Symlinking: /home/davidezuma/PortaMailCapstone/install/portamail_coordinator/share/portamail_coordinator/local_setup.bash
[13.274s] -- Symlinking: /home/davidezuma/PortaMailCapstone/install/portamail_coordinator/share/portamail_coordinator/local_setup.sh
[13.300s] -- Symlinking: /home/davidezuma/PortaMailCapstone/install/portamail_coordinator/share/portamail_coordinator/local_setup.zsh
[13.326s] -- Symlinking: /home/davidezuma/PortaMailCapstone/install/portamail_coordinator/share/portamail_coordinator/local_setup.dsv
[13.354s] -- Symlinking: /home/davidezuma/PortaMailCapstone/install/portamail_coordinator/share/portamail_coordinator/package.dsv
[13.379s] -- Symlinking: /home/davidezuma/PortaMailCapstone/install/portamail_coordinator/share/ament_index/resource_index/packages/portamail_coordinator
[13.407s] -- Symlinking: /home/davidezuma/PortaMailCapstone/install/portamail_coordinator/share/portamail_coordinator/cmake/portamail_coordinatorConfig.cmake
[13.434s] -- Symlinking: /home/davidezuma/PortaMailCapstone/install/portamail_coordinator/share/portamail_coordinator/cmake/portamail_coordinatorConfig-version.cmake
[13.462s] -- Symlinking: /home/davidezuma/PortaMailCapstone/install/portamail_coordinator/share/portamail_coordinator/package.xml
[13.488s] -- Installing: /home/davidezuma/PortaMailCapstone/install/portamail_coordinator/lib/portamail_coordinator/lcd_bridge
[13.510s] Invoked command in '/home/davidezuma/PortaMailCapstone/build/portamail_coordinator' returned '0': CMAKE_PREFIX_PATH=${CMAKE_PREFIX_PATH}:/opt/ros/jazzy /usr/bin/cmake --install /home/davidezuma/PortaMailCapstone/build/portamail_coordinator
