running develop
running egg_info
creating lcd_bridge.egg-info
writing lcd_bridge.egg-info/PKG-INFO
writing dependency_links to lcd_bridge.egg-info/dependency_links.txt
writing entry points to lcd_bridge.egg-info/entry_points.txt
writing requirements to lcd_bridge.egg-info/requires.txt
writing top-level names to lcd_bridge.egg-info/top_level.txt
writing manifest file 'lcd_bridge.egg-info/SOURCES.txt'
reading manifest file 'lcd_bridge.egg-info/SOURCES.txt'
writing manifest file 'lcd_bridge.egg-info/SOURCES.txt'
running build_ext
Creating /home/davidezuma/PortaMailCapstone/install/lcd_bridge/lib/python3.12/site-packages/lcd-bridge.egg-link (link to .)
Installing lcd_bridge script to /home/davidezuma/PortaMailCapstone/install/lcd_bridge/lib/lcd_bridge

Installed /home/davidezuma/PortaMailCapstone/build/lcd_bridge
running symlink_data
creating /home/davidezuma/PortaMailCapstone/install/lcd_bridge/share/ament_index
creating /home/davidezuma/PortaMailCapstone/install/lcd_bridge/share/ament_index/resource_index
creating /home/davidezuma/PortaMailCapstone/install/lcd_bridge/share/ament_index/resource_index/packages
symbolically linking /home/davidezuma/PortaMailCapstone/build/lcd_bridge/resource/lcd_bridge -> /home/davidezuma/PortaMailCapstone/install/lcd_bridge/share/ament_index/resource_index/packages
symbolically linking /home/davidezuma/PortaMailCapstone/build/lcd_bridge/package.xml -> /home/davidezuma/PortaMailCapstone/install/lcd_bridge/share/lcd_bridge
