[2.832s] Invoking command in '/home/davidezuma/PortaMailCapstone/build/lcd_bridge': PYTHONPATH=/home/davidezuma/PortaMailCapstone/build/lcd_bridge/prefix_override:/usr/lib/python3/dist-packages/colcon_core/task/python/colcon_distutils_commands:/home/davidezuma/PortaMailCapstone/install/lcd_bridge/lib/python3.12/site-packages:${PYTHONPATH} /usr/bin/python3 -W ignore:setup.py install is deprecated -W ignore:easy_install command is deprecated setup.py develop --editable --build-directory /home/davidezuma/PortaMailCapstone/build/lcd_bridge/build --no-deps symlink_data
[3.394s] running develop
[3.683s] running egg_info
[3.683s] creating lcd_bridge.egg-info
[3.706s] writing lcd_bridge.egg-info/PKG-INFO
[3.706s] writing dependency_links to lcd_bridge.egg-info/dependency_links.txt
[3.706s] writing entry points to lcd_bridge.egg-info/entry_points.txt
[3.707s] writing requirements to lcd_bridge.egg-info/requires.txt
[3.707s] writing top-level names to lcd_bridge.egg-info/top_level.txt
[3.707s] writing manifest file 'lcd_bridge.egg-info/SOURCES.txt'
[3.753s] reading manifest file 'lcd_bridge.egg-info/SOURCES.txt'
[3.754s] writing manifest file 'lcd_bridge.egg-info/SOURCES.txt'
[3.783s] running build_ext
[3.783s] Creating /home/davidezuma/PortaMailCapstone/install/lcd_bridge/lib/python3.12/site-packages/lcd-bridge.egg-link (link to .)
[3.784s] Installing lcd_bridge script to /home/davidezuma/PortaMailCapstone/install/lcd_bridge/lib/lcd_bridge
[3.785s] 
[3.785s] Installed /home/davidezuma/PortaMailCapstone/build/lcd_bridge
[3.786s] running symlink_data
[3.787s] creating /home/davidezuma/PortaMailCapstone/install/lcd_bridge/share/ament_index
[3.787s] creating /home/davidezuma/PortaMailCapstone/install/lcd_bridge/share/ament_index/resource_index
[3.787s] creating /home/davidezuma/PortaMailCapstone/install/lcd_bridge/share/ament_index/resource_index/packages
[3.787s] symbolically linking /home/davidezuma/PortaMailCapstone/build/lcd_bridge/resource/lcd_bridge -> /home/davidezuma/PortaMailCapstone/install/lcd_bridge/share/ament_index/resource_index/packages
[3.787s] symbolically linking /home/davidezuma/PortaMailCapstone/build/lcd_bridge/package.xml -> /home/davidezuma/PortaMailCapstone/install/lcd_bridge/share/lcd_bridge
[3.948s] Invoked command in '/home/davidezuma/PortaMailCapstone/build/lcd_bridge' returned '0': PYTHONPATH=/home/davidezuma/PortaMailCapstone/build/lcd_bridge/prefix_override:/usr/lib/python3/dist-packages/colcon_core/task/python/colcon_distutils_commands:/home/davidezuma/PortaMailCapstone/install/lcd_bridge/lib/python3.12/site-packages:${PYTHONPATH} /usr/bin/python3 -W ignore:setup.py install is deprecated -W ignore:easy_install command is deprecated setup.py develop --editable --build-directory /home/davidezuma/PortaMailCapstone/build/lcd_bridge/build --no-deps symlink_data
