[0.009s] Invoking command in '/home/david-ezuma/Documents/PortaMailCapstone/build/portamail_coordinator': CMAKE_PREFIX_PATH=${CMAKE_PREFIX_PATH}:/opt/ros/jazzy DEBUGINFOD_URLS=https://debuginfod.ubuntu.com /usr/bin/cmake /home/david-ezuma/Documents/PortaMailCapstone/src/portamail_coordinator -DCMAKE_INSTALL_PREFIX=/home/david-ezuma/Documents/PortaMailCapstone/install/portamail_coordinator
[0.020s] -- Found ament_cmake: 2.5.5 (/opt/ros/jazzy/share/ament_cmake/cmake)
[0.180s] -- Found rclcpp: 28.1.16 (/opt/ros/jazzy/share/rclcpp/cmake)
[0.209s] -- Found rosidl_generator_c: 4.6.7 (/opt/ros/jazzy/share/rosidl_generator_c/cmake)
[0.217s] -- Found rosidl_generator_cpp: 4.6.7 (/opt/ros/jazzy/share/rosidl_generator_cpp/cmake)
[0.227s] -- Using all available rosidl_typesupport_c: rosidl_typesupport_fastrtps_c;rosidl_typesupport_introspection_c
[0.239s] -- Using all available rosidl_typesupport_cpp: rosidl_typesupport_fastrtps_cpp;rosidl_typesupport_introspection_cpp
[0.297s] -- Found rmw_implementation_cmake: 7.3.3 (/opt/ros/jazzy/share/rmw_implementation_cmake/cmake)
[0.298s] -- Found rmw_fastrtps_cpp: 8.4.3 (/opt/ros/jazzy/share/rmw_fastrtps_cpp/cmake)
[0.353s] -- Using RMW implementation 'rmw_fastrtps_cpp' as default
[0.413s] -- Found rclcpp_action: 28.1.16 (/opt/ros/jazzy/share/rclcpp_action/cmake)
[0.450s] -- Found std_msgs: 5.3.6 (/opt/ros/jazzy/share/std_msgs/cmake)
[0.463s] -- Found geometry_msgs: 5.3.6 (/opt/ros/jazzy/share/geometry_msgs/cmake)
[0.479s] -- Found nav2_msgs: 1.3.10 (/opt/ros/jazzy/share/nav2_msgs/cmake)
[0.599s] -- Found slam_toolbox: 2.8.3 (/opt/ros/jazzy/share/slam_toolbox/cmake)
[0.814s] -- Found eigen3_cmake_module: 0.3.0 (/opt/ros/jazzy/share/eigen3_cmake_module/cmake)
[0.815s] -- Found Eigen3: TRUE (found version "3.4.0") 
[0.815s] -- Ensuring Eigen3 include directory is part of orocos-kdl CMake target
[0.928s] -- Setting OGRE_DIR to: '/opt/ros/jazzy/share/rviz_ogre_vendor/cmake/../../../opt/rviz_ogre_vendor/lib/OGRE/cmake'
[0.930s] -- Found OGRE
[0.930s] --   static     : OFF
[0.930s] --   components : MeshLodGenerator;Overlay;Paging;Property;RTShaderSystem;Terrain;Volume
[0.930s] --   plugins    : Plugin_BSPSceneManager;Plugin_OctreeSceneManager;Plugin_PCZSceneManager;Plugin_ParticleFX;RenderSystem_GL;RenderSystem_GL3Plus;Codec_STBI
[0.930s] --   media      : /opt/ros/jazzy/opt/rviz_ogre_vendor/share/OGRE/Media
[0.930s] -- OGRE_LIBRARIES: OgreMeshLodGenerator;OgreOverlay;OgrePaging;OgreProperty;OgreRTShaderSystem;OgreTerrain;OgreVolume;OgreMain
[0.930s] -- OGRE_LIBRARY_DIRS: /opt/ros/jazzy/opt/rviz_ogre_vendor/lib
[0.930s] -- OGRE_PLUGINS: Plugin_BSPSceneManager;Plugin_OctreeSceneManager;Plugin_PCZSceneManager;Plugin_ParticleFX;RenderSystem_GL;RenderSystem_GL3Plus;Codec_STBI
[0.930s] -- OGRE_PLUGIN_DIR: /opt/ros/jazzy/opt/rviz_ogre_vendor/lib/OGRE
[0.930s] -- rviz_ogre_vendor::OgreOverlay for IMPORTED_LOCATION_RELEASE: /opt/ros/jazzy/opt/rviz_ogre_vendor/lib/libOgreOverlay.so
[0.930s] -- rviz_ogre_vendor::OgreOverlay for IMPORTED_LOCATION_DEBUG: /opt/ros/jazzy/opt/rviz_ogre_vendor/lib/libOgreOverlay.so
[0.930s] -- rviz_ogre_vendor::OgreMain for IMPORTED_LOCATION_RELEASE: /opt/ros/jazzy/opt/rviz_ogre_vendor/lib/libOgreMain.so
[0.930s] -- rviz_ogre_vendor::OgreMain for IMPORTED_LOCATION_DEBUG: /opt/ros/jazzy/opt/rviz_ogre_vendor/lib/libOgreMain.so
[0.958s] -- Found ZLIB: /usr/lib/x86_64-linux-gnu/libz.so (found version "1.3")  
[0.967s] -- Found OpenGL: /usr/lib/x86_64-linux-gnu/libOpenGL.so   
[1.050s] -- Found X11: /usr/include   
[1.050s] -- Looking for XOpenDisplay in /usr/lib/x86_64-linux-gnu/libX11.so;/usr/lib/x86_64-linux-gnu/libXext.so
[1.114s] -- Looking for XOpenDisplay in /usr/lib/x86_64-linux-gnu/libX11.so;/usr/lib/x86_64-linux-gnu/libXext.so - found
[1.114s] -- Looking for gethostbyname
[1.174s] -- Looking for gethostbyname - found
[1.174s] -- Looking for connect
[1.234s] -- Looking for connect - found
[1.234s] -- Looking for remove
[1.295s] -- Looking for remove - found
[1.295s] -- Looking for shmat
[1.356s] -- Looking for shmat - found
[1.356s] -- Looking for IceConnectionNumber in ICE
[1.417s] -- Looking for IceConnectionNumber in ICE - found
[1.431s] -- Setting yaml-cpp_DIR to: '/opt/ros/jazzy/share/yaml_cpp_vendor/cmake/../../../opt/yaml_cpp_vendor/share/cmake/yaml-cpp'
[1.621s] -- Configuring done (1.6s)
[1.642s] -- Generating done (0.0s)
[1.647s] -- Build files have been written to: /home/david-ezuma/Documents/PortaMailCapstone/build/portamail_coordinator
[1.656s] Invoked command in '/home/david-ezuma/Documents/PortaMailCapstone/build/portamail_coordinator' returned '0': CMAKE_PREFIX_PATH=${CMAKE_PREFIX_PATH}:/opt/ros/jazzy DEBUGINFOD_URLS=https://debuginfod.ubuntu.com /usr/bin/cmake /home/david-ezuma/Documents/PortaMailCapstone/src/portamail_coordinator -DCMAKE_INSTALL_PREFIX=/home/david-ezuma/Documents/PortaMailCapstone/install/portamail_coordinator
[1.657s] Invoking command in '/home/david-ezuma/Documents/PortaMailCapstone/build/portamail_coordinator': CMAKE_PREFIX_PATH=${CMAKE_PREFIX_PATH}:/opt/ros/jazzy DEBUGINFOD_URLS=https://debuginfod.ubuntu.com /usr/bin/cmake --build /home/david-ezuma/Documents/PortaMailCapstone/build/portamail_coordinator -- -j12 -l12
[1.698s] [ 50%] Building CXX object CMakeFiles/coordinator.dir/src/navigation_coordinator.cpp.o
[10.141s] [100%] Linking CXX executable coordinator
[10.564s] [100%] Built target coordinator
[10.573s] Invoked command in '/home/david-ezuma/Documents/PortaMailCapstone/build/portamail_coordinator' returned '0': CMAKE_PREFIX_PATH=${CMAKE_PREFIX_PATH}:/opt/ros/jazzy DEBUGINFOD_URLS=https://debuginfod.ubuntu.com /usr/bin/cmake --build /home/david-ezuma/Documents/PortaMailCapstone/build/portamail_coordinator -- -j12 -l12
[10.574s] Invoking command in '/home/david-ezuma/Documents/PortaMailCapstone/build/portamail_coordinator': CMAKE_PREFIX_PATH=${CMAKE_PREFIX_PATH}:/opt/ros/jazzy DEBUGINFOD_URLS=https://debuginfod.ubuntu.com /usr/bin/cmake --install /home/david-ezuma/Documents/PortaMailCapstone/build/portamail_coordinator
[10.580s] -- Install configuration: ""
[10.580s] -- Installing: /home/david-ezuma/Documents/PortaMailCapstone/install/portamail_coordinator/lib/portamail_coordinator/coordinator
[10.583s] -- Set non-toolchain portion of runtime path of "/home/david-ezuma/Documents/PortaMailCapstone/install/portamail_coordinator/lib/portamail_coordinator/coordinator" to ""
[10.583s] -- Installing: /home/david-ezuma/Documents/PortaMailCapstone/install/portamail_coordinator/lib/portamail_coordinator/lcd_bridge
[10.583s] -- Installing: /home/david-ezuma/Documents/PortaMailCapstone/install/portamail_coordinator/share/portamail_coordinator/launch
[10.583s] -- Installing: /home/david-ezuma/Documents/PortaMailCapstone/install/portamail_coordinator/share/portamail_coordinator/launch/bringup.launch.py
[10.583s] -- Installing: /home/david-ezuma/Documents/PortaMailCapstone/install/portamail_coordinator/share/portamail_coordinator/launch/joystick.launch.py
[10.583s] -- Installing: /home/david-ezuma/Documents/PortaMailCapstone/install/portamail_coordinator/share/portamail_coordinator/config
[10.583s] -- Installing: /home/david-ezuma/Documents/PortaMailCapstone/install/portamail_coordinator/share/portamail_coordinator/config/locations.yaml
[10.583s] -- Installing: /home/david-ezuma/Documents/PortaMailCapstone/install/portamail_coordinator/share/ament_index/resource_index/package_run_dependencies/portamail_coordinator
[10.583s] -- Installing: /home/david-ezuma/Documents/PortaMailCapstone/install/portamail_coordinator/share/ament_index/resource_index/parent_prefix_path/portamail_coordinator
[10.584s] -- Installing: /home/david-ezuma/Documents/PortaMailCapstone/install/portamail_coordinator/share/portamail_coordinator/environment/ament_prefix_path.sh
[10.584s] -- Installing: /home/david-ezuma/Documents/PortaMailCapstone/install/portamail_coordinator/share/portamail_coordinator/environment/ament_prefix_path.dsv
[10.584s] -- Installing: /home/david-ezuma/Documents/PortaMailCapstone/install/portamail_coordinator/share/portamail_coordinator/environment/path.sh
[10.584s] -- Installing: /home/david-ezuma/Documents/PortaMailCapstone/install/portamail_coordinator/share/portamail_coordinator/environment/path.dsv
[10.584s] -- Installing: /home/david-ezuma/Documents/PortaMailCapstone/install/portamail_coordinator/share/portamail_coordinator/local_setup.bash
[10.584s] -- Installing: /home/david-ezuma/Documents/PortaMailCapstone/install/portamail_coordinator/share/portamail_coordinator/local_setup.sh
[10.584s] -- Installing: /home/david-ezuma/Documents/PortaMailCapstone/install/portamail_coordinator/share/portamail_coordinator/local_setup.zsh
[10.584s] -- Installing: /home/david-ezuma/Documents/PortaMailCapstone/install/portamail_coordinator/share/portamail_coordinator/local_setup.dsv
[10.584s] -- Installing: /home/david-ezuma/Documents/PortaMailCapstone/install/portamail_coordinator/share/portamail_coordinator/package.dsv
[10.584s] -- Installing: /home/david-ezuma/Documents/PortaMailCapstone/install/portamail_coordinator/share/ament_index/resource_index/packages/portamail_coordinator
[10.584s] -- Installing: /home/david-ezuma/Documents/PortaMailCapstone/install/portamail_coordinator/share/portamail_coordinator/cmake/portamail_coordinatorConfig.cmake
[10.585s] -- Installing: /home/david-ezuma/Documents/PortaMailCapstone/install/portamail_coordinator/share/portamail_coordinator/cmake/portamail_coordinatorConfig-version.cmake
[10.585s] -- Installing: /home/david-ezuma/Documents/PortaMailCapstone/install/portamail_coordinator/share/portamail_coordinator/package.xml
[10.586s] Invoked command in '/home/david-ezuma/Documents/PortaMailCapstone/build/portamail_coordinator' returned '0': CMAKE_PREFIX_PATH=${CMAKE_PREFIX_PATH}:/opt/ros/jazzy DEBUGINFOD_URLS=https://debuginfod.ubuntu.com /usr/bin/cmake --install /home/david-ezuma/Documents/PortaMailCapstone/build/portamail_coordinator
