[0.016s] Invoking command in '/home/davidezuma/PortaMailCapstone/build/portamail_navigator': CMAKE_PREFIX_PATH=${CMAKE_PREFIX_PATH}:/opt/ros/jazzy /usr/bin/cmake /home/davidezuma/PortaMailCapstone/src/portamail_navigator -DCMAKE_INSTALL_PREFIX=/home/davidezuma/PortaMailCapstone/install/portamail_navigator
[0.853s] -- The C compiler identification is GNU 13.3.0
[1.363s] -- The CXX compiler identification is GNU 13.3.0
[1.410s] -- Detecting C compiler ABI info
[1.656s] -- Detecting C compiler ABI info - done
[1.671s] -- Check for working C compiler: /usr/bin/cc - skipped
[1.672s] -- Detecting C compile features
[1.673s] -- Detecting C compile features - done
[1.692s] -- Detecting CXX compiler ABI info
[1.918s] -- Detecting CXX compiler ABI info - done
[1.933s] -- Check for working CXX compiler: /usr/bin/c++ - skipped
[1.934s] -- Detecting CXX compile features
[1.935s] -- Detecting CXX compile features - done
[1.958s] -- Found ament_cmake: 2.5.5 (/opt/ros/jazzy/share/ament_cmake/cmake)
[2.273s] -- Found Python3: /usr/bin/python3 (found version "3.12.3") found components: Interpreter 
[2.601s] -- Found rclcpp: 28.1.16 (/opt/ros/jazzy/share/rclcpp/cmake)
[2.744s] -- Found rosidl_generator_c: 4.6.7 (/opt/ros/jazzy/share/rosidl_generator_c/cmake)
[2.787s] -- Found rosidl_generator_cpp: 4.6.7 (/opt/ros/jazzy/share/rosidl_generator_cpp/cmake)
[2.847s] -- Using all available rosidl_typesupport_c: rosidl_typesupport_fastrtps_c;rosidl_typesupport_introspection_c
[2.944s] -- Using all available rosidl_typesupport_cpp: rosidl_typesupport_fastrtps_cpp;rosidl_typesupport_introspection_cpp
[3.159s] -- Found rmw_implementation_cmake: 7.3.3 (/opt/ros/jazzy/share/rmw_implementation_cmake/cmake)
[3.170s] -- Found rmw_fastrtps_cpp: 8.4.3 (/opt/ros/jazzy/share/rmw_fastrtps_cpp/cmake)
[3.428s] -- Found OpenSSL: /usr/lib/aarch64-linux-gnu/libcrypto.so (found version "3.0.13")  
[3.461s] -- Found FastRTPS: /opt/ros/jazzy/include (Required is at least version "2.13") 
[3.501s] -- Using RMW implementation 'rmw_fastrtps_cpp' as default
[3.689s] -- Found geometry_msgs: 5.3.6 (/opt/ros/jazzy/share/geometry_msgs/cmake)
[3.787s] -- Found nav_msgs: 5.3.6 (/opt/ros/jazzy/share/nav_msgs/cmake)
[3.845s] -- Found tf2: 0.36.19 (/opt/ros/jazzy/share/tf2/cmake)
[3.859s] -- Found tf2_ros: 0.36.19 (/opt/ros/jazzy/share/tf2_ros/cmake)
[4.169s] -- Found tf2_geometry_msgs: 0.36.19 (/opt/ros/jazzy/share/tf2_geometry_msgs/cmake)
[4.216s] -- Found eigen3_cmake_module: 0.3.0 (/opt/ros/jazzy/share/eigen3_cmake_module/cmake)
[4.219s] -- Found Eigen3: TRUE (found version "3.4.0") 
[4.219s] -- Ensuring Eigen3 include directory is part of orocos-kdl CMake target
[4.400s] -- Configuring done (4.2s)
[4.428s] -- Generating done (0.0s)
[4.436s] -- Build files have been written to: /home/davidezuma/PortaMailCapstone/build/portamail_navigator
[4.461s] Invoked command in '/home/davidezuma/PortaMailCapstone/build/portamail_navigator' returned '0': CMAKE_PREFIX_PATH=${CMAKE_PREFIX_PATH}:/opt/ros/jazzy /usr/bin/cmake /home/davidezuma/PortaMailCapstone/src/portamail_navigator -DCMAKE_INSTALL_PREFIX=/home/davidezuma/PortaMailCapstone/install/portamail_navigator
[4.463s] Invoking command in '/home/davidezuma/PortaMailCapstone/build/portamail_navigator': CMAKE_PREFIX_PATH=${CMAKE_PREFIX_PATH}:/opt/ros/jazzy /usr/bin/cmake --build /home/davidezuma/PortaMailCapstone/build/portamail_navigator -- -j4 -l4
[4.568s] [ 50%] [32mBuilding CXX object CMakeFiles/mock_driver.dir/src/mock_driver.cpp.o[0m
[20.251s] [100%] [32m[1mLinking CXX executable mock_driver[0m
[21.715s] [100%] Built target mock_driver
[21.737s] Invoked command in '/home/davidezuma/PortaMailCapstone/build/portamail_navigator' returned '0': CMAKE_PREFIX_PATH=${CMAKE_PREFIX_PATH}:/opt/ros/jazzy /usr/bin/cmake --build /home/davidezuma/PortaMailCapstone/build/portamail_navigator -- -j4 -l4
[21.756s] Invoking command in '/home/davidezuma/PortaMailCapstone/build/portamail_navigator': CMAKE_PREFIX_PATH=${CMAKE_PREFIX_PATH}:/opt/ros/jazzy /usr/bin/cmake --install /home/davidezuma/PortaMailCapstone/build/portamail_navigator
[21.772s] -- Install configuration: ""
[21.772s] -- Installing: /home/davidezuma/PortaMailCapstone/install/portamail_navigator/lib/portamail_navigator/mock_driver
[21.781s] -- Set non-toolchain portion of runtime path of "/home/davidezuma/PortaMailCapstone/install/portamail_navigator/lib/portamail_navigator/mock_driver" to ""
[21.781s] -- Installing: /home/davidezuma/PortaMailCapstone/install/portamail_navigator/share/portamail_navigator/launch
[21.782s] -- Installing: /home/davidezuma/PortaMailCapstone/install/portamail_navigator/share/portamail_navigator/launch/mapping.launch.py
[21.782s] -- Installing: /home/davidezuma/PortaMailCapstone/install/portamail_navigator/share/portamail_navigator/launch/gazebo_classic_mapping.launch.py
[21.783s] -- Installing: /home/davidezuma/PortaMailCapstone/install/portamail_navigator/share/portamail_navigator/launch/hardware.launch.py
[21.784s] -- Installing: /home/davidezuma/PortaMailCapstone/install/portamail_navigator/share/portamail_navigator/launch/joystick.launch.py
[21.784s] -- Installing: /home/davidezuma/PortaMailCapstone/install/portamail_navigator/share/portamail_navigator/config
[21.785s] -- Installing: /home/davidezuma/PortaMailCapstone/install/portamail_navigator/share/portamail_navigator/config/ekf.yaml
[21.785s] -- Installing: /home/davidezuma/PortaMailCapstone/install/portamail_navigator/share/portamail_navigator/config/slam.yaml
[21.786s] -- Installing: /home/davidezuma/PortaMailCapstone/install/portamail_navigator/share/portamail_navigator/firmware
[21.787s] -- Installing: /home/davidezuma/PortaMailCapstone/install/portamail_navigator/share/portamail_navigator/firmware/teensy_driver
[21.787s] -- Installing: /home/davidezuma/PortaMailCapstone/install/portamail_navigator/share/portamail_navigator/firmware/teensy_driver/teensy_driver.ino
[21.788s] -- Installing: /home/davidezuma/PortaMailCapstone/install/portamail_navigator/share/portamail_navigator/firmware/teensy_driver/locale_stubs.c
[21.788s] -- Installing: /home/davidezuma/PortaMailCapstone/install/portamail_navigator/share/portamail_navigator/urdf
[21.789s] -- Installing: /home/davidezuma/PortaMailCapstone/install/portamail_navigator/share/portamail_navigator/urdf/portamail.urdf
[21.789s] -- Installing: /home/davidezuma/PortaMailCapstone/install/portamail_navigator/share/portamail_navigator/urdf/portamail_classic.urdf
[21.790s] -- Installing: /home/davidezuma/PortaMailCapstone/install/portamail_navigator/share/portamail_navigator/meshes
[21.791s] -- Installing: /home/davidezuma/PortaMailCapstone/install/portamail_navigator/share/portamail_navigator/meshes/left_wheel.STL
[21.792s] -- Installing: /home/davidezuma/PortaMailCapstone/install/portamail_navigator/share/portamail_navigator/meshes/caster_wheel.STL
[21.795s] -- Installing: /home/davidezuma/PortaMailCapstone/install/portamail_navigator/share/portamail_navigator/meshes/right_wheel.STL
[21.797s] -- Installing: /home/davidezuma/PortaMailCapstone/install/portamail_navigator/share/portamail_navigator/meshes/base_link.STL
[21.958s] -- Installing: /home/davidezuma/PortaMailCapstone/install/portamail_navigator/share/portamail_navigator/meshes/caster_swivel.STL
[21.962s] -- Installing: /home/davidezuma/PortaMailCapstone/install/portamail_navigator/share/ament_index/resource_index/package_run_dependencies/portamail_navigator
[21.962s] -- Installing: /home/davidezuma/PortaMailCapstone/install/portamail_navigator/share/ament_index/resource_index/parent_prefix_path/portamail_navigator
[21.963s] -- Installing: /home/davidezuma/PortaMailCapstone/install/portamail_navigator/share/portamail_navigator/environment/ament_prefix_path.sh
[21.963s] -- Installing: /home/davidezuma/PortaMailCapstone/install/portamail_navigator/share/portamail_navigator/environment/ament_prefix_path.dsv
[21.963s] -- Installing: /home/davidezuma/PortaMailCapstone/install/portamail_navigator/share/portamail_navigator/environment/path.sh
[21.963s] -- Installing: /home/davidezuma/PortaMailCapstone/install/portamail_navigator/share/portamail_navigator/environment/path.dsv
[21.963s] -- Installing: /home/davidezuma/PortaMailCapstone/install/portamail_navigator/share/portamail_navigator/local_setup.bash
[21.964s] -- Installing: /home/davidezuma/PortaMailCapstone/install/portamail_navigator/share/portamail_navigator/local_setup.sh
[21.964s] -- Installing: /home/davidezuma/PortaMailCapstone/install/portamail_navigator/share/portamail_navigator/local_setup.zsh
[21.964s] -- Installing: /home/davidezuma/PortaMailCapstone/install/portamail_navigator/share/portamail_navigator/local_setup.dsv
[21.964s] -- Installing: /home/davidezuma/PortaMailCapstone/install/portamail_navigator/share/portamail_navigator/package.dsv
[21.964s] -- Installing: /home/davidezuma/PortaMailCapstone/install/portamail_navigator/share/ament_index/resource_index/packages/portamail_navigator
[21.965s] -- Installing: /home/davidezuma/PortaMailCapstone/install/portamail_navigator/share/portamail_navigator/cmake/portamail_navigatorConfig.cmake
[21.965s] -- Installing: /home/davidezuma/PortaMailCapstone/install/portamail_navigator/share/portamail_navigator/cmake/portamail_navigatorConfig-version.cmake
[21.965s] -- Installing: /home/davidezuma/PortaMailCapstone/install/portamail_navigator/share/portamail_navigator/package.xml
[21.968s] Invoked command in '/home/davidezuma/PortaMailCapstone/build/portamail_navigator' returned '0': CMAKE_PREFIX_PATH=${CMAKE_PREFIX_PATH}:/opt/ros/jazzy /usr/bin/cmake --install /home/davidezuma/PortaMailCapstone/build/portamail_navigator
