[0.564s] DEBUG:colcon:Command line arguments: ['/usr/bin/colcon', 'build', '--packages-select', 'carmen_player']
[0.565s] DEBUG:colcon:Parsed command line arguments: Namespace(log_base=None, log_level=None, verb_name='build', build_base='build', install_base='install', merge_install=False, symlink_install=False, test_result_base=None, continue_on_error=False, executor='parallel', parallel_workers=12, event_handlers=None, ignore_user_meta=False, metas=['./colcon.meta'], base_paths=['.'], packages_ignore=None, packages_ignore_regex=None, paths=None, packages_up_to=None, packages_up_to_regex=None, packages_above=None, packages_above_and_dependencies=None, packages_above_depth=None, packages_select_by_dep=None, packages_skip_by_dep=None, packages_skip_up_to=None, packages_select_build_failed=False, packages_skip_build_finished=False, packages_select_test_failures=False, packages_skip_test_passed=False, packages_select=['carmen_player'], packages_skip=None, packages_select_regex=None, packages_skip_regex=None, packages_start=None, packages_end=None, allow_overriding=[], cmake_args=None, cmake_target=None, cmake_target_skip_unavailable=False, cmake_clean_cache=False, cmake_clean_first=False, cmake_force_configure=False, ament_cmake_args=None, catkin_cmake_args=None, catkin_skip_building_tests=False, mixin_files=None, mixin=None, verb_parser=<colcon_mixin.mixin.mixin_argument.MixinArgumentDecorator object at 0x70162aa96150>, verb_extension=<colcon_core.verb.build.BuildVerb object at 0x70162abd9040>, main=<bound method BuildVerb.main of <colcon_core.verb.build.BuildVerb object at 0x70162abd9040>>, mixin_verb=('build',))
[0.678s] Level 1:colcon.colcon_core.package_discovery:discover_packages(colcon_meta) check parameters
[0.679s] Level 1:colcon.colcon_core.package_discovery:discover_packages(recursive) check parameters
[0.680s] Level 1:colcon.colcon_core.package_discovery:discover_packages(ignore) check parameters
[0.680s] Level 1:colcon.colcon_core.package_discovery:discover_packages(path) check parameters
[0.680s] Level 1:colcon.colcon_core.package_discovery:discover_packages(colcon_meta) discover
[0.681s] Level 1:colcon.colcon_core.package_discovery:discover_packages(recursive) discover
[0.681s] INFO:colcon.colcon_core.package_discovery:Crawling recursively for packages in '/mnt/c/Users/David/onedrive/Documents/Projects/PortaMailCapstone'
[0.683s] Level 1:colcon.colcon_core.package_identification:_identify(.) by extensions ['ignore', 'ignore_ament_install']
[0.684s] Level 1:colcon.colcon_core.package_identification:_identify(.) by extension 'ignore'
[0.684s] Level 1:colcon.colcon_core.package_identification:_identify(.) by extension 'ignore_ament_install'
[0.685s] Level 1:colcon.colcon_core.package_identification:_identify(.) by extensions ['colcon_pkg']
[0.685s] Level 1:colcon.colcon_core.package_identification:_identify(.) by extension 'colcon_pkg'
[0.686s] Level 1:colcon.colcon_core.package_identification:_identify(.) by extensions ['colcon_meta']
[0.686s] Level 1:colcon.colcon_core.package_identification:_identify(.) by extension 'colcon_meta'
[0.687s] Level 1:colcon.colcon_core.package_identification:_identify(.) by extensions ['ros']
[0.687s] Level 1:colcon.colcon_core.package_identification:_identify(.) by extension 'ros'
[0.749s] Level 1:colcon.colcon_core.package_identification:_identify(.) by extensions ['cmake', 'python']
[0.749s] Level 1:colcon.colcon_core.package_identification:_identify(.) by extension 'cmake'
[0.750s] Level 1:colcon.colcon_core.package_identification:_identify(.) by extension 'python'
[0.750s] Level 1:colcon.colcon_core.package_identification:_identify(.) by extensions ['python_setup_py']
[0.751s] Level 1:colcon.colcon_core.package_identification:_identify(.) by extension 'python_setup_py'
[0.755s] Level 1:colcon.colcon_core.package_identification:_identify(Datasets) by extensions ['ignore', 'ignore_ament_install']
[0.755s] Level 1:colcon.colcon_core.package_identification:_identify(Datasets) by extension 'ignore'
[0.757s] Level 1:colcon.colcon_core.package_identification:_identify(Datasets) by extension 'ignore_ament_install'
[0.759s] Level 1:colcon.colcon_core.package_identification:_identify(Datasets) by extensions ['colcon_pkg']
[0.759s] Level 1:colcon.colcon_core.package_identification:_identify(Datasets) by extension 'colcon_pkg'
[0.760s] Level 1:colcon.colcon_core.package_identification:_identify(Datasets) by extensions ['colcon_meta']
[0.761s] Level 1:colcon.colcon_core.package_identification:_identify(Datasets) by extension 'colcon_meta'
[0.762s] Level 1:colcon.colcon_core.package_identification:_identify(Datasets) by extensions ['ros']
[0.762s] Level 1:colcon.colcon_core.package_identification:_identify(Datasets) by extension 'ros'
[0.768s] Level 1:colcon.colcon_core.package_identification:_identify(Datasets) by extensions ['cmake', 'python']
[0.768s] Level 1:colcon.colcon_core.package_identification:_identify(Datasets) by extension 'cmake'
[0.770s] Level 1:colcon.colcon_core.package_identification:_identify(Datasets) by extension 'python'
[0.771s] Level 1:colcon.colcon_core.package_identification:_identify(Datasets) by extensions ['python_setup_py']
[0.771s] Level 1:colcon.colcon_core.package_identification:_identify(Datasets) by extension 'python_setup_py'
[0.776s] Level 1:colcon.colcon_core.package_identification:_identify(build) by extensions ['ignore', 'ignore_ament_install']
[0.777s] Level 1:colcon.colcon_core.package_identification:_identify(build) by extension 'ignore'
[0.778s] Level 1:colcon.colcon_core.package_identification:_identify(build) ignored
[0.782s] Level 1:colcon.colcon_core.package_identification:_identify(install) by extensions ['ignore', 'ignore_ament_install']
[0.782s] Level 1:colcon.colcon_core.package_identification:_identify(install) by extension 'ignore'
[0.784s] Level 1:colcon.colcon_core.package_identification:_identify(install) ignored
[0.790s] Level 1:colcon.colcon_core.package_identification:_identify(log) by extensions ['ignore', 'ignore_ament_install']
[0.791s] Level 1:colcon.colcon_core.package_identification:_identify(log) by extension 'ignore'
[0.792s] Level 1:colcon.colcon_core.package_identification:_identify(log) ignored
[0.799s] Level 1:colcon.colcon_core.package_identification:_identify(src) by extensions ['ignore', 'ignore_ament_install']
[0.800s] Level 1:colcon.colcon_core.package_identification:_identify(src) by extension 'ignore'
[0.803s] Level 1:colcon.colcon_core.package_identification:_identify(src) by extension 'ignore_ament_install'
[0.808s] Level 1:colcon.colcon_core.package_identification:_identify(src) by extensions ['colcon_pkg']
[0.809s] Level 1:colcon.colcon_core.package_identification:_identify(src) by extension 'colcon_pkg'
[0.811s] Level 1:colcon.colcon_core.package_identification:_identify(src) by extensions ['colcon_meta']
[0.812s] Level 1:colcon.colcon_core.package_identification:_identify(src) by extension 'colcon_meta'
[0.815s] Level 1:colcon.colcon_core.package_identification:_identify(src) by extensions ['ros']
[0.815s] Level 1:colcon.colcon_core.package_identification:_identify(src) by extension 'ros'
[0.826s] Level 1:colcon.colcon_core.package_identification:_identify(src) by extensions ['cmake', 'python']
[0.827s] Level 1:colcon.colcon_core.package_identification:_identify(src) by extension 'cmake'
[0.828s] Level 1:colcon.colcon_core.package_identification:_identify(src) by extension 'python'
[0.830s] Level 1:colcon.colcon_core.package_identification:_identify(src) by extensions ['python_setup_py']
[0.830s] Level 1:colcon.colcon_core.package_identification:_identify(src) by extension 'python_setup_py'
[0.840s] Level 1:colcon.colcon_core.package_identification:_identify(src/carmen_player) by extensions ['ignore', 'ignore_ament_install']
[0.840s] Level 1:colcon.colcon_core.package_identification:_identify(src/carmen_player) by extension 'ignore'
[0.843s] Level 1:colcon.colcon_core.package_identification:_identify(src/carmen_player) by extension 'ignore_ament_install'
[0.848s] Level 1:colcon.colcon_core.package_identification:_identify(src/carmen_player) by extensions ['colcon_pkg']
[0.848s] Level 1:colcon.colcon_core.package_identification:_identify(src/carmen_player) by extension 'colcon_pkg'
[0.851s] Level 1:colcon.colcon_core.package_identification:_identify(src/carmen_player) by extensions ['colcon_meta']
[0.852s] Level 1:colcon.colcon_core.package_identification:_identify(src/carmen_player) by extension 'colcon_meta'
[0.856s] Level 1:colcon.colcon_core.package_identification:_identify(src/carmen_player) by extensions ['ros']
[0.856s] Level 1:colcon.colcon_core.package_identification:_identify(src/carmen_player) by extension 'ros'
[0.888s] DEBUG:colcon.colcon_core.package_identification:Package 'src/carmen_player' with type 'ros.ament_python' and name 'carmen_player'
[0.889s] Level 1:colcon.colcon_core.package_discovery:discover_packages(recursive) using defaults
[0.889s] Level 1:colcon.colcon_core.package_discovery:discover_packages(ignore) discover
[0.890s] Level 1:colcon.colcon_core.package_discovery:discover_packages(ignore) using defaults
[0.890s] Level 1:colcon.colcon_core.package_discovery:discover_packages(path) discover
[0.890s] Level 1:colcon.colcon_core.package_discovery:discover_packages(path) using defaults
[0.996s] Level 1:colcon.colcon_core.package_discovery:discover_packages(prefix_path) check parameters
[0.996s] Level 1:colcon.colcon_core.package_discovery:discover_packages(prefix_path) discover
[1.075s] DEBUG:colcon.colcon_installed_package_information.package_discovery:Found 1 installed packages in /mnt/c/Users/David/onedrive/Documents/Projects/PortaMailCapstone/install
[1.078s] DEBUG:colcon.colcon_installed_package_information.package_discovery:Found 289 installed packages in /opt/ros/jazzy
[1.081s] Level 1:colcon.colcon_core.package_discovery:discover_packages(prefix_path) using defaults
[1.180s] Level 5:colcon.colcon_core.verb:set package 'carmen_player' build argument 'cmake_args' from command line to 'None'
[1.180s] Level 5:colcon.colcon_core.verb:set package 'carmen_player' build argument 'cmake_target' from command line to 'None'
[1.180s] Level 5:colcon.colcon_core.verb:set package 'carmen_player' build argument 'cmake_target_skip_unavailable' from command line to 'False'
[1.181s] Level 5:colcon.colcon_core.verb:set package 'carmen_player' build argument 'cmake_clean_cache' from command line to 'False'
[1.181s] Level 5:colcon.colcon_core.verb:set package 'carmen_player' build argument 'cmake_clean_first' from command line to 'False'
[1.181s] Level 5:colcon.colcon_core.verb:set package 'carmen_player' build argument 'cmake_force_configure' from command line to 'False'
[1.182s] Level 5:colcon.colcon_core.verb:set package 'carmen_player' build argument 'ament_cmake_args' from command line to 'None'
[1.182s] Level 5:colcon.colcon_core.verb:set package 'carmen_player' build argument 'catkin_cmake_args' from command line to 'None'
[1.182s] Level 5:colcon.colcon_core.verb:set package 'carmen_player' build argument 'catkin_skip_building_tests' from command line to 'False'
[1.183s] DEBUG:colcon.colcon_core.verb:Building package 'carmen_player' with the following arguments: {'ament_cmake_args': None, 'build_base': '/mnt/c/Users/David/onedrive/Documents/Projects/PortaMailCapstone/build/carmen_player', 'catkin_cmake_args': None, 'catkin_skip_building_tests': False, 'cmake_args': None, 'cmake_clean_cache': False, 'cmake_clean_first': False, 'cmake_force_configure': False, 'cmake_target': None, 'cmake_target_skip_unavailable': False, 'install_base': '/mnt/c/Users/David/onedrive/Documents/Projects/PortaMailCapstone/install/carmen_player', 'merge_install': False, 'path': '/mnt/c/Users/David/onedrive/Documents/Projects/PortaMailCapstone/src/carmen_player', 'symlink_install': False, 'test_result_base': None}
[1.183s] INFO:colcon.colcon_core.executor:Executing jobs using 'parallel' executor
[1.185s] DEBUG:colcon.colcon_parallel_executor.executor.parallel:run_until_complete
[1.185s] INFO:colcon.colcon_ros.task.ament_python.build:Building ROS package in '/mnt/c/Users/David/onedrive/Documents/Projects/PortaMailCapstone/src/carmen_player' with build type 'ament_python'
[1.186s] Level 1:colcon.colcon_core.shell:create_environment_hook('carmen_player', 'ament_prefix_path')
[1.199s] INFO:colcon.colcon_core.plugin_system:Skipping extension 'colcon_core.shell.bat': Not used on non-Windows systems
[1.199s] INFO:colcon.colcon_core.shell:Creating environment hook '/mnt/c/Users/David/onedrive/Documents/Projects/PortaMailCapstone/install/carmen_player/share/carmen_player/hook/ament_prefix_path.ps1'
[1.223s] INFO:colcon.colcon_core.shell:Creating environment descriptor '/mnt/c/Users/David/onedrive/Documents/Projects/PortaMailCapstone/install/carmen_player/share/carmen_player/hook/ament_prefix_path.dsv'
[1.248s] INFO:colcon.colcon_core.shell:Creating environment hook '/mnt/c/Users/David/onedrive/Documents/Projects/PortaMailCapstone/install/carmen_player/share/carmen_player/hook/ament_prefix_path.sh'
[1.271s] INFO:colcon.colcon_core.shell:Skip shell extension 'powershell' for command environment: Not usable outside of PowerShell
[1.271s] DEBUG:colcon.colcon_core.shell:Skip shell extension 'dsv' for command environment
[2.514s] INFO:colcon.colcon_core.task.python.build:Building Python package in '/mnt/c/Users/David/onedrive/Documents/Projects/PortaMailCapstone/src/carmen_player'
[2.515s] INFO:colcon.colcon_core.shell:Skip shell extension 'powershell' for command environment: Not usable outside of PowerShell
[2.515s] DEBUG:colcon.colcon_core.shell:Skip shell extension 'dsv' for command environment
[5.160s] DEBUG:colcon.colcon_core.event_handler.log_command:Invoking command in '/mnt/c/Users/David/onedrive/Documents/Projects/PortaMailCapstone/src/carmen_player': PYTHONPATH=/mnt/c/Users/David/onedrive/Documents/Projects/PortaMailCapstone/build/carmen_player/prefix_override:/usr/lib/python3/dist-packages/colcon_core/task/python/colcon_distutils_commands:/mnt/c/Users/David/onedrive/Documents/Projects/PortaMailCapstone/install/carmen_player/lib/python3.12/site-packages:${PYTHONPATH} /usr/bin/python3 -W ignore:setup.py install is deprecated -W ignore:easy_install command is deprecated setup.py egg_info --egg-base ../../build/carmen_player build --build-base /mnt/c/Users/David/onedrive/Documents/Projects/PortaMailCapstone/build/carmen_player/build install --record /mnt/c/Users/David/onedrive/Documents/Projects/PortaMailCapstone/build/carmen_player/install.log --single-version-externally-managed install_data
[8.968s] DEBUG:colcon.colcon_core.event_handler.log_command:Invoked command in '/mnt/c/Users/David/onedrive/Documents/Projects/PortaMailCapstone/src/carmen_player' returned '0': PYTHONPATH=/mnt/c/Users/David/onedrive/Documents/Projects/PortaMailCapstone/build/carmen_player/prefix_override:/usr/lib/python3/dist-packages/colcon_core/task/python/colcon_distutils_commands:/mnt/c/Users/David/onedrive/Documents/Projects/PortaMailCapstone/install/carmen_player/lib/python3.12/site-packages:${PYTHONPATH} /usr/bin/python3 -W ignore:setup.py install is deprecated -W ignore:easy_install command is deprecated setup.py egg_info --egg-base ../../build/carmen_player build --build-base /mnt/c/Users/David/onedrive/Documents/Projects/PortaMailCapstone/build/carmen_player/build install --record /mnt/c/Users/David/onedrive/Documents/Projects/PortaMailCapstone/build/carmen_player/install.log --single-version-externally-managed install_data
[8.981s] Level 1:colcon.colcon_core.environment:checking '/mnt/c/Users/David/onedrive/Documents/Projects/PortaMailCapstone/install/carmen_player' for CMake module files
[9.057s] Level 1:colcon.colcon_core.environment:checking '/mnt/c/Users/David/onedrive/Documents/Projects/PortaMailCapstone/install/carmen_player' for CMake config files
[9.291s] Level 1:colcon.colcon_core.environment:checking '/mnt/c/Users/David/onedrive/Documents/Projects/PortaMailCapstone/install/carmen_player/lib'
[9.297s] Level 1:colcon.colcon_core.environment:checking '/mnt/c/Users/David/onedrive/Documents/Projects/PortaMailCapstone/install/carmen_player/bin'
[9.299s] Level 1:colcon.colcon_core.environment:checking '/mnt/c/Users/David/onedrive/Documents/Projects/PortaMailCapstone/install/carmen_player/lib/pkgconfig/carmen_player.pc'
[9.302s] Level 1:colcon.colcon_core.environment:checking '/mnt/c/Users/David/onedrive/Documents/Projects/PortaMailCapstone/install/carmen_player/lib/python3.12/site-packages'
[9.305s] Level 1:colcon.colcon_core.shell:create_environment_hook('carmen_player', 'pythonpath')
[9.306s] INFO:colcon.colcon_core.shell:Creating environment hook '/mnt/c/Users/David/onedrive/Documents/Projects/PortaMailCapstone/install/carmen_player/share/carmen_player/hook/pythonpath.ps1'
[9.327s] INFO:colcon.colcon_core.shell:Creating environment descriptor '/mnt/c/Users/David/onedrive/Documents/Projects/PortaMailCapstone/install/carmen_player/share/carmen_player/hook/pythonpath.dsv'
[9.346s] INFO:colcon.colcon_core.shell:Creating environment hook '/mnt/c/Users/David/onedrive/Documents/Projects/PortaMailCapstone/install/carmen_player/share/carmen_player/hook/pythonpath.sh'
[9.367s] Level 1:colcon.colcon_core.environment:checking '/mnt/c/Users/David/onedrive/Documents/Projects/PortaMailCapstone/install/carmen_player/bin'
[9.369s] Level 1:colcon.colcon_core.environment:create_environment_scripts_only(carmen_player)
[9.369s] INFO:colcon.colcon_core.shell:Creating package script '/mnt/c/Users/David/onedrive/Documents/Projects/PortaMailCapstone/install/carmen_player/share/carmen_player/package.ps1'
[9.387s] INFO:colcon.colcon_core.shell:Creating package descriptor '/mnt/c/Users/David/onedrive/Documents/Projects/PortaMailCapstone/install/carmen_player/share/carmen_player/package.dsv'
[9.405s] INFO:colcon.colcon_core.shell:Creating package script '/mnt/c/Users/David/onedrive/Documents/Projects/PortaMailCapstone/install/carmen_player/share/carmen_player/package.sh'
[9.423s] INFO:colcon.colcon_core.shell:Creating package script '/mnt/c/Users/David/onedrive/Documents/Projects/PortaMailCapstone/install/carmen_player/share/carmen_player/package.bash'
[9.442s] INFO:colcon.colcon_core.shell:Creating package script '/mnt/c/Users/David/onedrive/Documents/Projects/PortaMailCapstone/install/carmen_player/share/carmen_player/package.zsh'
[9.459s] Level 1:colcon.colcon_core.environment:create_file_with_runtime_dependencies(/mnt/c/Users/David/onedrive/Documents/Projects/PortaMailCapstone/install/carmen_player/share/colcon-core/packages/carmen_player)
[9.474s] DEBUG:colcon.colcon_parallel_executor.executor.parallel:closing loop
[9.474s] DEBUG:colcon.colcon_parallel_executor.executor.parallel:loop closed
[9.475s] DEBUG:colcon.colcon_parallel_executor.executor.parallel:run_until_complete finished with '0'
[9.475s] DEBUG:colcon.colcon_core.event_reactor:joining thread
[9.582s] INFO:colcon.colcon_core.plugin_system:Skipping extension 'colcon_notification.desktop_notification.notify_send': Could not find 'notify-send'
[9.583s] INFO:colcon.colcon_core.plugin_system:Skipping extension 'colcon_notification.desktop_notification.terminal_notifier': Not used on non-Darwin systems
[9.583s] INFO:colcon.colcon_core.plugin_system:Skipping extension 'colcon_notification.desktop_notification.win32': Not used on non-Windows systems
[9.584s] INFO:colcon.colcon_notification.desktop_notification:Sending desktop notification using 'notify2'
[9.587s] DEBUG:colcon.colcon_notification.desktop_notification.notify2:Failed to initialize notify2: org.freedesktop.DBus.Error.ServiceUnknown: The name org.freedesktop.Notifications was not provided by any .service files
[9.587s] DEBUG:colcon.colcon_core.event_reactor:joined thread
[9.588s] INFO:colcon.colcon_core.shell:Creating prefix script '/mnt/c/Users/David/onedrive/Documents/Projects/PortaMailCapstone/install/local_setup.ps1'
[9.601s] INFO:colcon.colcon_core.shell:Creating prefix util module '/mnt/c/Users/David/onedrive/Documents/Projects/PortaMailCapstone/install/_local_setup_util_ps1.py'
[9.615s] INFO:colcon.colcon_core.shell:Creating prefix chain script '/mnt/c/Users/David/onedrive/Documents/Projects/PortaMailCapstone/install/setup.ps1'
[9.645s] INFO:colcon.colcon_core.shell:Creating prefix script '/mnt/c/Users/David/onedrive/Documents/Projects/PortaMailCapstone/install/local_setup.sh'
[9.657s] INFO:colcon.colcon_core.shell:Creating prefix util module '/mnt/c/Users/David/onedrive/Documents/Projects/PortaMailCapstone/install/_local_setup_util_sh.py'
[9.670s] INFO:colcon.colcon_core.shell:Creating prefix chain script '/mnt/c/Users/David/onedrive/Documents/Projects/PortaMailCapstone/install/setup.sh'
[9.722s] INFO:colcon.colcon_core.shell:Creating prefix script '/mnt/c/Users/David/onedrive/Documents/Projects/PortaMailCapstone/install/local_setup.bash'
[9.737s] INFO:colcon.colcon_core.shell:Creating prefix chain script '/mnt/c/Users/David/onedrive/Documents/Projects/PortaMailCapstone/install/setup.bash'
[9.780s] INFO:colcon.colcon_core.shell:Creating prefix script '/mnt/c/Users/David/onedrive/Documents/Projects/PortaMailCapstone/install/local_setup.zsh'
[9.806s] INFO:colcon.colcon_core.shell:Creating prefix chain script '/mnt/c/Users/David/onedrive/Documents/Projects/PortaMailCapstone/install/setup.zsh'
