[0.020s] Invoking command in '/home/davidezuma/PortaMailCapstone/build/portamail_navigator': CMAKE_PREFIX_PATH=/home/davidezuma/PortaMailCapstone/install/sllidar_ros2:/home/davidezuma/PortaMailCapstone/install/portamail_navigator:/home/davidezuma/PortaMailCapstone/install/portamail_navigation:/home/davidezuma/PortaMailCapstone/install/portamail_coordinator:/opt/ros/jazzy/opt/gz_sim_vendor:/opt/ros/jazzy/opt/gz_sensors_vendor:/opt/ros/jazzy/opt/gz_physics_vendor:/opt/ros/jazzy/opt/sdformat_vendor:/opt/ros/jazzy/opt/gz_gui_vendor:/opt/ros/jazzy/opt/gz_transport_vendor:/opt/ros/jazzy/opt/gz_rendering_vendor:/opt/ros/jazzy/opt/gz_plugin_vendor:/opt/ros/jazzy/opt/gz_fuel_tools_vendor:/opt/ros/jazzy/opt/gz_msgs_vendor:/opt/ros/jazzy/opt/gz_common_vendor:/opt/ros/jazzy/opt/gz_math_vendor:/opt/ros/jazzy/opt/gz_utils_vendor:/opt/ros/jazzy/opt/gz_tools_vendor:/opt/ros/jazzy/opt/gz_ogre_next_vendor:/opt/ros/jazzy/opt/gz_dartsim_vendor:/opt/ros/jazzy/opt/gz_cmake_vendor:/home/davidezuma/PortaMailCapstone/install/lcd_bridge:/opt/ros/jazzy /usr/bin/cmake --build /home/davidezuma/PortaMailCapstone/build/portamail_navigator -- -j4 -l4
[0.150s] [ 50%] Built target mock_driver
[0.203s] [100%] Built target map_autosave_node
[0.226s] Invoked command in '/home/davidezuma/PortaMailCapstone/build/portamail_navigator' returned '0': CMAKE_PREFIX_PATH=/home/davidezuma/PortaMailCapstone/install/sllidar_ros2:/home/davidezuma/PortaMailCapstone/install/portamail_navigator:/home/davidezuma/PortaMailCapstone/install/portamail_navigation:/home/davidezuma/PortaMailCapstone/install/portamail_coordinator:/opt/ros/jazzy/opt/gz_sim_vendor:/opt/ros/jazzy/opt/gz_sensors_vendor:/opt/ros/jazzy/opt/gz_physics_vendor:/opt/ros/jazzy/opt/sdformat_vendor:/opt/ros/jazzy/opt/gz_gui_vendor:/opt/ros/jazzy/opt/gz_transport_vendor:/opt/ros/jazzy/opt/gz_rendering_vendor:/opt/ros/jazzy/opt/gz_plugin_vendor:/opt/ros/jazzy/opt/gz_fuel_tools_vendor:/opt/ros/jazzy/opt/gz_msgs_vendor:/opt/ros/jazzy/opt/gz_common_vendor:/opt/ros/jazzy/opt/gz_math_vendor:/opt/ros/jazzy/opt/gz_utils_vendor:/opt/ros/jazzy/opt/gz_tools_vendor:/opt/ros/jazzy/opt/gz_ogre_next_vendor:/opt/ros/jazzy/opt/gz_dartsim_vendor:/opt/ros/jazzy/opt/gz_cmake_vendor:/home/davidezuma/PortaMailCapstone/install/lcd_bridge:/opt/ros/jazzy /usr/bin/cmake --build /home/davidezuma/PortaMailCapstone/build/portamail_navigator -- -j4 -l4
[0.228s] Invoking command in '/home/davidezuma/PortaMailCapstone/build/portamail_navigator': CMAKE_PREFIX_PATH=/home/davidezuma/PortaMailCapstone/install/sllidar_ros2:/home/davidezuma/PortaMailCapstone/install/portamail_navigator:/home/davidezuma/PortaMailCapstone/install/portamail_navigation:/home/davidezuma/PortaMailCapstone/install/portamail_coordinator:/opt/ros/jazzy/opt/gz_sim_vendor:/opt/ros/jazzy/opt/gz_sensors_vendor:/opt/ros/jazzy/opt/gz_physics_vendor:/opt/ros/jazzy/opt/sdformat_vendor:/opt/ros/jazzy/opt/gz_gui_vendor:/opt/ros/jazzy/opt/gz_transport_vendor:/opt/ros/jazzy/opt/gz_rendering_vendor:/opt/ros/jazzy/opt/gz_plugin_vendor:/opt/ros/jazzy/opt/gz_fuel_tools_vendor:/opt/ros/jazzy/opt/gz_msgs_vendor:/opt/ros/jazzy/opt/gz_common_vendor:/opt/ros/jazzy/opt/gz_math_vendor:/opt/ros/jazzy/opt/gz_utils_vendor:/opt/ros/jazzy/opt/gz_tools_vendor:/opt/ros/jazzy/opt/gz_ogre_next_vendor:/opt/ros/jazzy/opt/gz_dartsim_vendor:/opt/ros/jazzy/opt/gz_cmake_vendor:/home/davidezuma/PortaMailCapstone/install/lcd_bridge:/opt/ros/jazzy /usr/bin/cmake --install /home/davidezuma/PortaMailCapstone/build/portamail_navigator
[0.246s] -- Install configuration: ""
[0.246s] -- Execute custom install script
[0.248s] -- Up-to-date symlink: /home/davidezuma/PortaMailCapstone/install/portamail_navigator/lib/portamail_navigator/mock_driver
[0.248s] -- Up-to-date symlink: /home/davidezuma/PortaMailCapstone/install/portamail_navigator/lib/portamail_navigator/map_autosave_node
[0.249s] -- Up-to-date symlink: /home/davidezuma/PortaMailCapstone/install/portamail_navigator/include/portamail_navigator/map_autosave_node.hpp
[0.251s] -- Up-to-date symlink: /home/davidezuma/PortaMailCapstone/install/portamail_navigator/share/portamail_navigator/launch/gazebo_classic_mapping.launch.py
[0.252s] -- Up-to-date symlink: /home/davidezuma/PortaMailCapstone/install/portamail_navigator/share/portamail_navigator/launch/hardware.launch.py
[0.252s] -- Up-to-date symlink: /home/davidezuma/PortaMailCapstone/install/portamail_navigator/share/portamail_navigator/launch/joystick.launch.py
[0.252s] -- Up-to-date symlink: /home/davidezuma/PortaMailCapstone/install/portamail_navigator/share/portamail_navigator/launch/mapping.launch.py
[0.252s] -- Up-to-date symlink: /home/davidezuma/PortaMailCapstone/install/portamail_navigator/share/portamail_navigator/config/ekf.yaml
[0.252s] -- Up-to-date symlink: /home/davidezuma/PortaMailCapstone/install/portamail_navigator/share/portamail_navigator/config/ekf_no_imu.yaml
[0.253s] -- Up-to-date symlink: /home/davidezuma/PortaMailCapstone/install/portamail_navigator/share/portamail_navigator/config/map_autosave.yaml
[0.253s] -- Up-to-date symlink: /home/davidezuma/PortaMailCapstone/install/portamail_navigator/share/portamail_navigator/config/slam.yaml
[0.253s] -- Up-to-date symlink: /home/davidezuma/PortaMailCapstone/install/portamail_navigator/share/portamail_navigator/firmware/error message.png
[0.253s] -- Up-to-date symlink: /home/davidezuma/PortaMailCapstone/install/portamail_navigator/share/portamail_navigator/firmware/micro_ros_arduino-2.0.8-jazzy.zip
[0.254s] -- Up-to-date symlink: /home/davidezuma/PortaMailCapstone/install/portamail_navigator/share/portamail_navigator/firmware/teensy_driver/locale_stubs.c
[0.254s] -- Up-to-date symlink: /home/davidezuma/PortaMailCapstone/install/portamail_navigator/share/portamail_navigator/firmware/teensy_driver/teensy_driver.ino
[0.254s] -- Up-to-date symlink: /home/davidezuma/PortaMailCapstone/install/portamail_navigator/share/portamail_navigator/urdf/portamail.urdf
[0.254s] -- Up-to-date symlink: /home/davidezuma/PortaMailCapstone/install/portamail_navigator/share/portamail_navigator/urdf/portamail_classic.urdf
[0.254s] -- Up-to-date symlink: /home/davidezuma/PortaMailCapstone/install/portamail_navigator/share/portamail_navigator/meshes/base_link.STL
[0.254s] -- Up-to-date symlink: /home/davidezuma/PortaMailCapstone/install/portamail_navigator/share/portamail_navigator/meshes/caster_swivel.STL
[0.254s] -- Up-to-date symlink: /home/davidezuma/PortaMailCapstone/install/portamail_navigator/share/portamail_navigator/meshes/caster_wheel.STL
[0.254s] -- Up-to-date symlink: /home/davidezuma/PortaMailCapstone/install/portamail_navigator/share/portamail_navigator/meshes/left_wheel.STL
[0.255s] -- Up-to-date symlink: /home/davidezuma/PortaMailCapstone/install/portamail_navigator/share/portamail_navigator/meshes/right_wheel.STL
[0.255s] -- Up-to-date symlink: /home/davidezuma/PortaMailCapstone/install/portamail_navigator/share/ament_index/resource_index/package_run_dependencies/portamail_navigator
[0.255s] -- Up-to-date symlink: /home/davidezuma/PortaMailCapstone/install/portamail_navigator/share/ament_index/resource_index/parent_prefix_path/portamail_navigator
[0.255s] -- Up-to-date symlink: /home/davidezuma/PortaMailCapstone/install/portamail_navigator/share/portamail_navigator/environment/ament_prefix_path.sh
[0.255s] -- Up-to-date symlink: /home/davidezuma/PortaMailCapstone/install/portamail_navigator/share/portamail_navigator/environment/ament_prefix_path.dsv
[0.255s] -- Up-to-date symlink: /home/davidezuma/PortaMailCapstone/install/portamail_navigator/share/portamail_navigator/environment/path.sh
[0.256s] -- Up-to-date symlink: /home/davidezuma/PortaMailCapstone/install/portamail_navigator/share/portamail_navigator/environment/path.dsv
[0.256s] -- Up-to-date symlink: /home/davidezuma/PortaMailCapstone/install/portamail_navigator/share/portamail_navigator/local_setup.bash
[0.256s] -- Up-to-date symlink: /home/davidezuma/PortaMailCapstone/install/portamail_navigator/share/portamail_navigator/local_setup.sh
[0.256s] -- Up-to-date symlink: /home/davidezuma/PortaMailCapstone/install/portamail_navigator/share/portamail_navigator/local_setup.zsh
[0.256s] -- Up-to-date symlink: /home/davidezuma/PortaMailCapstone/install/portamail_navigator/share/portamail_navigator/local_setup.dsv
[0.256s] -- Symlinking: /home/davidezuma/PortaMailCapstone/install/portamail_navigator/share/portamail_navigator/package.dsv
[0.274s] -- Up-to-date symlink: /home/davidezuma/PortaMailCapstone/install/portamail_navigator/share/ament_index/resource_index/packages/portamail_navigator
[0.274s] -- Up-to-date symlink: /home/davidezuma/PortaMailCapstone/install/portamail_navigator/share/portamail_navigator/cmake/portamail_navigatorConfig.cmake
[0.274s] -- Up-to-date symlink: /home/davidezuma/PortaMailCapstone/install/portamail_navigator/share/portamail_navigator/cmake/portamail_navigatorConfig-version.cmake
[0.275s] -- Up-to-date symlink: /home/davidezuma/PortaMailCapstone/install/portamail_navigator/share/portamail_navigator/package.xml
[0.278s] Invoked command in '/home/davidezuma/PortaMailCapstone/build/portamail_navigator' returned '0': CMAKE_PREFIX_PATH=/home/davidezuma/PortaMailCapstone/install/sllidar_ros2:/home/davidezuma/PortaMailCapstone/install/portamail_navigator:/home/davidezuma/PortaMailCapstone/install/portamail_navigation:/home/davidezuma/PortaMailCapstone/install/portamail_coordinator:/opt/ros/jazzy/opt/gz_sim_vendor:/opt/ros/jazzy/opt/gz_sensors_vendor:/opt/ros/jazzy/opt/gz_physics_vendor:/opt/ros/jazzy/opt/sdformat_vendor:/opt/ros/jazzy/opt/gz_gui_vendor:/opt/ros/jazzy/opt/gz_transport_vendor:/opt/ros/jazzy/opt/gz_rendering_vendor:/opt/ros/jazzy/opt/gz_plugin_vendor:/opt/ros/jazzy/opt/gz_fuel_tools_vendor:/opt/ros/jazzy/opt/gz_msgs_vendor:/opt/ros/jazzy/opt/gz_common_vendor:/opt/ros/jazzy/opt/gz_math_vendor:/opt/ros/jazzy/opt/gz_utils_vendor:/opt/ros/jazzy/opt/gz_tools_vendor:/opt/ros/jazzy/opt/gz_ogre_next_vendor:/opt/ros/jazzy/opt/gz_dartsim_vendor:/opt/ros/jazzy/opt/gz_cmake_vendor:/home/davidezuma/PortaMailCapstone/install/lcd_bridge:/opt/ros/jazzy /usr/bin/cmake --install /home/davidezuma/PortaMailCapstone/build/portamail_navigator
