[0.213s] DEBUG:colcon:Command line arguments: ['/usr/bin/colcon', 'build', '--packages-select', 'portamail_navigation']
[0.213s] DEBUG:colcon:Parsed command line arguments: Namespace(log_base=None, log_level=None, verb_name='build', build_base='build', install_base='install', merge_install=False, symlink_install=False, test_result_base=None, continue_on_error=False, executor='parallel', parallel_workers=12, event_handlers=None, ignore_user_meta=False, metas=['./colcon.meta'], base_paths=['.'], packages_ignore=None, packages_ignore_regex=None, paths=None, packages_up_to=None, packages_up_to_regex=None, packages_above=None, packages_above_and_dependencies=None, packages_above_depth=None, packages_select_by_dep=None, packages_skip_by_dep=None, packages_skip_up_to=None, packages_select_build_failed=False, packages_skip_build_finished=False, packages_select_test_failures=False, packages_skip_test_passed=False, packages_select=['portamail_navigation'], packages_skip=None, packages_select_regex=None, packages_skip_regex=None, packages_start=None, packages_end=None, allow_overriding=[], cmake_args=None, cmake_target=None, cmake_target_skip_unavailable=False, cmake_clean_cache=False, cmake_clean_first=False, cmake_force_configure=False, ament_cmake_args=None, catkin_cmake_args=None, catkin_skip_building_tests=False, mixin_files=None, mixin=None, verb_parser=<colcon_mixin.mixin.mixin_argument.MixinArgumentDecorator object at 0x717c71260e00>, verb_extension=<colcon_core.verb.build.BuildVerb object at 0x717c713814c0>, main=<bound method BuildVerb.main of <colcon_core.verb.build.BuildVerb object at 0x717c713814c0>>, mixin_verb=('build',))
[0.259s] Level 1:colcon.colcon_core.package_discovery:discover_packages(colcon_meta) check parameters
[0.259s] Level 1:colcon.colcon_core.package_discovery:discover_packages(recursive) check parameters
[0.259s] Level 1:colcon.colcon_core.package_discovery:discover_packages(ignore) check parameters
[0.259s] Level 1:colcon.colcon_core.package_discovery:discover_packages(path) check parameters
[0.260s] Level 1:colcon.colcon_core.package_discovery:discover_packages(colcon_meta) discover
[0.260s] Level 1:colcon.colcon_core.package_discovery:discover_packages(recursive) discover
[0.260s] INFO:colcon.colcon_core.package_discovery:Crawling recursively for packages in '/mnt/c/Users/David/OneDrive/Documents/Projects/PortaMailCapstone'
[0.261s] Level 1:colcon.colcon_core.package_identification:_identify(.) by extensions ['ignore', 'ignore_ament_install']
[0.261s] Level 1:colcon.colcon_core.package_identification:_identify(.) by extension 'ignore'
[0.262s] Level 1:colcon.colcon_core.package_identification:_identify(.) by extension 'ignore_ament_install'
[0.262s] Level 1:colcon.colcon_core.package_identification:_identify(.) by extensions ['colcon_pkg']
[0.262s] Level 1:colcon.colcon_core.package_identification:_identify(.) by extension 'colcon_pkg'
[0.262s] Level 1:colcon.colcon_core.package_identification:_identify(.) by extensions ['colcon_meta']
[0.263s] Level 1:colcon.colcon_core.package_identification:_identify(.) by extension 'colcon_meta'
[0.263s] Level 1:colcon.colcon_core.package_identification:_identify(.) by extensions ['ros']
[0.263s] Level 1:colcon.colcon_core.package_identification:_identify(.) by extension 'ros'
[0.286s] Level 1:colcon.colcon_core.package_identification:_identify(.) by extensions ['cmake', 'python']
[0.287s] Level 1:colcon.colcon_core.package_identification:_identify(.) by extension 'cmake'
[0.287s] Level 1:colcon.colcon_core.package_identification:_identify(.) by extension 'python'
[0.287s] Level 1:colcon.colcon_core.package_identification:_identify(.) by extensions ['python_setup_py']
[0.287s] Level 1:colcon.colcon_core.package_identification:_identify(.) by extension 'python_setup_py'
[0.289s] Level 1:colcon.colcon_core.package_identification:_identify(build) by extensions ['ignore', 'ignore_ament_install']
[0.290s] Level 1:colcon.colcon_core.package_identification:_identify(build) by extension 'ignore'
[0.291s] Level 1:colcon.colcon_core.package_identification:_identify(build) ignored
[0.293s] Level 1:colcon.colcon_core.package_identification:_identify(install) by extensions ['ignore', 'ignore_ament_install']
[0.293s] Level 1:colcon.colcon_core.package_identification:_identify(install) by extension 'ignore'
[0.294s] Level 1:colcon.colcon_core.package_identification:_identify(install) ignored
[0.297s] Level 1:colcon.colcon_core.package_identification:_identify(log) by extensions ['ignore', 'ignore_ament_install']
[0.297s] Level 1:colcon.colcon_core.package_identification:_identify(log) by extension 'ignore'
[0.298s] Level 1:colcon.colcon_core.package_identification:_identify(log) ignored
[0.300s] Level 1:colcon.colcon_core.package_identification:_identify(src) by extensions ['ignore', 'ignore_ament_install']
[0.300s] Level 1:colcon.colcon_core.package_identification:_identify(src) by extension 'ignore'
[0.301s] Level 1:colcon.colcon_core.package_identification:_identify(src) by extension 'ignore_ament_install'
[0.302s] Level 1:colcon.colcon_core.package_identification:_identify(src) by extensions ['colcon_pkg']
[0.302s] Level 1:colcon.colcon_core.package_identification:_identify(src) by extension 'colcon_pkg'
[0.302s] Level 1:colcon.colcon_core.package_identification:_identify(src) by extensions ['colcon_meta']
[0.303s] Level 1:colcon.colcon_core.package_identification:_identify(src) by extension 'colcon_meta'
[0.303s] Level 1:colcon.colcon_core.package_identification:_identify(src) by extensions ['ros']
[0.303s] Level 1:colcon.colcon_core.package_identification:_identify(src) by extension 'ros'
[0.306s] Level 1:colcon.colcon_core.package_identification:_identify(src) by extensions ['cmake', 'python']
[0.306s] Level 1:colcon.colcon_core.package_identification:_identify(src) by extension 'cmake'
[0.307s] Level 1:colcon.colcon_core.package_identification:_identify(src) by extension 'python'
[0.307s] Level 1:colcon.colcon_core.package_identification:_identify(src) by extensions ['python_setup_py']
[0.307s] Level 1:colcon.colcon_core.package_identification:_identify(src) by extension 'python_setup_py'
[0.311s] Level 1:colcon.colcon_core.package_identification:_identify(src/Maps) by extensions ['ignore', 'ignore_ament_install']
[0.311s] Level 1:colcon.colcon_core.package_identification:_identify(src/Maps) by extension 'ignore'
[0.312s] Level 1:colcon.colcon_core.package_identification:_identify(src/Maps) by extension 'ignore_ament_install'
[0.314s] Level 1:colcon.colcon_core.package_identification:_identify(src/Maps) by extensions ['colcon_pkg']
[0.314s] Level 1:colcon.colcon_core.package_identification:_identify(src/Maps) by extension 'colcon_pkg'
[0.315s] Level 1:colcon.colcon_core.package_identification:_identify(src/Maps) by extensions ['colcon_meta']
[0.315s] Level 1:colcon.colcon_core.package_identification:_identify(src/Maps) by extension 'colcon_meta'
[0.317s] Level 1:colcon.colcon_core.package_identification:_identify(src/Maps) by extensions ['ros']
[0.317s] Level 1:colcon.colcon_core.package_identification:_identify(src/Maps) by extension 'ros'
[0.321s] Level 1:colcon.colcon_core.package_identification:_identify(src/Maps) by extensions ['cmake', 'python']
[0.321s] Level 1:colcon.colcon_core.package_identification:_identify(src/Maps) by extension 'cmake'
[0.322s] Level 1:colcon.colcon_core.package_identification:_identify(src/Maps) by extension 'python'
[0.323s] Level 1:colcon.colcon_core.package_identification:_identify(src/Maps) by extensions ['python_setup_py']
[0.324s] Level 1:colcon.colcon_core.package_identification:_identify(src/Maps) by extension 'python_setup_py'
[0.328s] Level 1:colcon.colcon_core.package_identification:_identify(src/Navigation) by extensions ['ignore', 'ignore_ament_install']
[0.328s] Level 1:colcon.colcon_core.package_identification:_identify(src/Navigation) by extension 'ignore'
[0.329s] Level 1:colcon.colcon_core.package_identification:_identify(src/Navigation) by extension 'ignore_ament_install'
[0.331s] Level 1:colcon.colcon_core.package_identification:_identify(src/Navigation) by extensions ['colcon_pkg']
[0.331s] Level 1:colcon.colcon_core.package_identification:_identify(src/Navigation) by extension 'colcon_pkg'
[0.332s] Level 1:colcon.colcon_core.package_identification:_identify(src/Navigation) by extensions ['colcon_meta']
[0.332s] Level 1:colcon.colcon_core.package_identification:_identify(src/Navigation) by extension 'colcon_meta'
[0.334s] Level 1:colcon.colcon_core.package_identification:_identify(src/Navigation) by extensions ['ros']
[0.334s] Level 1:colcon.colcon_core.package_identification:_identify(src/Navigation) by extension 'ros'
[0.339s] Level 1:colcon.colcon_core.package_identification:_identify(src/Navigation) by extensions ['cmake', 'python']
[0.339s] Level 1:colcon.colcon_core.package_identification:_identify(src/Navigation) by extension 'cmake'
[0.340s] Level 1:colcon.colcon_core.package_identification:_identify(src/Navigation) by extension 'python'
[0.342s] Level 1:colcon.colcon_core.package_identification:_identify(src/Navigation) by extensions ['python_setup_py']
[0.342s] Level 1:colcon.colcon_core.package_identification:_identify(src/Navigation) by extension 'python_setup_py'
[0.346s] Level 1:colcon.colcon_core.package_identification:_identify(src/build) by extensions ['ignore', 'ignore_ament_install']
[0.346s] Level 1:colcon.colcon_core.package_identification:_identify(src/build) by extension 'ignore'
[0.347s] Level 1:colcon.colcon_core.package_identification:_identify(src/build) ignored
[0.350s] Level 1:colcon.colcon_core.package_identification:_identify(src/install) by extensions ['ignore', 'ignore_ament_install']
[0.351s] Level 1:colcon.colcon_core.package_identification:_identify(src/install) by extension 'ignore'
[0.352s] Level 1:colcon.colcon_core.package_identification:_identify(src/install) ignored
[0.358s] Level 1:colcon.colcon_core.package_identification:_identify(src/log) by extensions ['ignore', 'ignore_ament_install']
[0.358s] Level 1:colcon.colcon_core.package_identification:_identify(src/log) by extension 'ignore'
[0.359s] Level 1:colcon.colcon_core.package_identification:_identify(src/log) ignored
[0.363s] Level 1:colcon.colcon_core.package_identification:_identify(src/portamail_navigation) by extensions ['ignore', 'ignore_ament_install']
[0.363s] Level 1:colcon.colcon_core.package_identification:_identify(src/portamail_navigation) by extension 'ignore'
[0.364s] Level 1:colcon.colcon_core.package_identification:_identify(src/portamail_navigation) by extension 'ignore_ament_install'
[0.366s] Level 1:colcon.colcon_core.package_identification:_identify(src/portamail_navigation) by extensions ['colcon_pkg']
[0.366s] Level 1:colcon.colcon_core.package_identification:_identify(src/portamail_navigation) by extension 'colcon_pkg'
[0.367s] Level 1:colcon.colcon_core.package_identification:_identify(src/portamail_navigation) by extensions ['colcon_meta']
[0.367s] Level 1:colcon.colcon_core.package_identification:_identify(src/portamail_navigation) by extension 'colcon_meta'
[0.369s] Level 1:colcon.colcon_core.package_identification:_identify(src/portamail_navigation) by extensions ['ros']
[0.369s] Level 1:colcon.colcon_core.package_identification:_identify(src/portamail_navigation) by extension 'ros'
[0.402s] DEBUG:colcon.colcon_core.package_identification:Found ROS schema reference in package manifest in 'src/portamail_navigation'
[0.403s] WARNING:colcon.colcon_core.package_identification:Failed to parse ROS package manifest in 'src/portamail_navigation': Error(s) in package 'src/portamail_navigation/package.xml':
Error(s):
- The generic dependency on 'yaml-cpp' is redundant with: build_depend, build_export_depend, exec_depend
[0.404s] Level 1:colcon.colcon_core.package_identification:_identify(src/portamail_navigation) by extensions ['cmake', 'python']
[0.404s] Level 1:colcon.colcon_core.package_identification:_identify(src/portamail_navigation) by extension 'cmake'
[0.405s] Level 1:colcon.colcon_core.package_identification:_identify(src/portamail_navigation) by extension 'python'
[0.406s] Level 1:colcon.colcon_core.package_identification:_identify(src/portamail_navigation) by extensions ['python_setup_py']
[0.406s] Level 1:colcon.colcon_core.package_identification:_identify(src/portamail_navigation) by extension 'python_setup_py'
[0.413s] Level 1:colcon.colcon_core.package_identification:_identify(src/portamail_navigation/src) by extensions ['ignore', 'ignore_ament_install']
[0.413s] Level 1:colcon.colcon_core.package_identification:_identify(src/portamail_navigation/src) by extension 'ignore'
[0.414s] Level 1:colcon.colcon_core.package_identification:_identify(src/portamail_navigation/src) by extension 'ignore_ament_install'
[0.417s] Level 1:colcon.colcon_core.package_identification:_identify(src/portamail_navigation/src) by extensions ['colcon_pkg']
[0.418s] Level 1:colcon.colcon_core.package_identification:_identify(src/portamail_navigation/src) by extension 'colcon_pkg'
[0.420s] Level 1:colcon.colcon_core.package_identification:_identify(src/portamail_navigation/src) by extensions ['colcon_meta']
[0.420s] Level 1:colcon.colcon_core.package_identification:_identify(src/portamail_navigation/src) by extension 'colcon_meta'
[0.423s] Level 1:colcon.colcon_core.package_identification:_identify(src/portamail_navigation/src) by extensions ['ros']
[0.423s] Level 1:colcon.colcon_core.package_identification:_identify(src/portamail_navigation/src) by extension 'ros'
[0.430s] Level 1:colcon.colcon_core.package_identification:_identify(src/portamail_navigation/src) by extensions ['cmake', 'python']
[0.430s] Level 1:colcon.colcon_core.package_identification:_identify(src/portamail_navigation/src) by extension 'cmake'
[0.432s] Level 1:colcon.colcon_core.package_identification:_identify(src/portamail_navigation/src) by extension 'python'
[0.433s] Level 1:colcon.colcon_core.package_identification:_identify(src/portamail_navigation/src) by extensions ['python_setup_py']
[0.433s] Level 1:colcon.colcon_core.package_identification:_identify(src/portamail_navigation/src) by extension 'python_setup_py'
[0.435s] Level 1:colcon.colcon_core.package_discovery:discover_packages(recursive) using defaults
[0.435s] Level 1:colcon.colcon_core.package_discovery:discover_packages(ignore) discover
[0.435s] Level 1:colcon.colcon_core.package_discovery:discover_packages(ignore) using defaults
[0.435s] Level 1:colcon.colcon_core.package_discovery:discover_packages(path) discover
[0.435s] Level 1:colcon.colcon_core.package_discovery:discover_packages(path) using defaults
[0.435s] WARNING:colcon.colcon_core.package_selection:ignoring unknown package 'portamail_navigation' in --packages-select
[0.453s] Level 1:colcon.colcon_core.package_discovery:discover_packages(prefix_path) check parameters
[0.453s] Level 1:colcon.colcon_core.package_discovery:discover_packages(prefix_path) discover
[0.454s] Level 1:colcon.colcon_core.package_discovery:discover_packages(prefix_path) using defaults
[0.455s] INFO:colcon.colcon_core.executor:Executing jobs using 'parallel' executor
[0.456s] DEBUG:colcon.colcon_parallel_executor.executor.parallel:run_until_complete
[0.456s] DEBUG:colcon.colcon_parallel_executor.executor.parallel:closing loop
[0.456s] DEBUG:colcon.colcon_parallel_executor.executor.parallel:loop closed
[0.456s] DEBUG:colcon.colcon_parallel_executor.executor.parallel:run_until_complete finished with '0'
[0.457s] DEBUG:colcon.colcon_core.event_reactor:joining thread
[0.513s] INFO:colcon.colcon_core.plugin_system:Skipping extension 'colcon_notification.desktop_notification.notify_send': Could not find 'notify-send'
[0.513s] INFO:colcon.colcon_core.plugin_system:Skipping extension 'colcon_notification.desktop_notification.terminal_notifier': Not used on non-Darwin systems
[0.514s] INFO:colcon.colcon_core.plugin_system:Skipping extension 'colcon_notification.desktop_notification.win32': Not used on non-Windows systems
[0.514s] INFO:colcon.colcon_notification.desktop_notification:Sending desktop notification using 'notify2'
[0.515s] DEBUG:colcon.colcon_notification.desktop_notification.notify2:Failed to initialize notify2: org.freedesktop.DBus.Error.ServiceUnknown: The name org.freedesktop.Notifications was not provided by any .service files
[0.515s] DEBUG:colcon.colcon_core.event_reactor:joined thread
[0.516s] INFO:colcon.colcon_core.plugin_system:Skipping extension 'colcon_core.shell.bat': Not used on non-Windows systems
[0.517s] INFO:colcon.colcon_core.shell:Creating prefix script '/mnt/c/Users/David/OneDrive/Documents/Projects/PortaMailCapstone/install/local_setup.ps1'
[0.522s] INFO:colcon.colcon_core.shell:Creating prefix util module '/mnt/c/Users/David/OneDrive/Documents/Projects/PortaMailCapstone/install/_local_setup_util_ps1.py'
[0.528s] INFO:colcon.colcon_core.shell:Creating prefix chain script '/mnt/c/Users/David/OneDrive/Documents/Projects/PortaMailCapstone/install/setup.ps1'
[0.534s] INFO:colcon.colcon_core.shell:Creating prefix script '/mnt/c/Users/David/OneDrive/Documents/Projects/PortaMailCapstone/install/local_setup.sh'
[0.540s] INFO:colcon.colcon_core.shell:Creating prefix util module '/mnt/c/Users/David/OneDrive/Documents/Projects/PortaMailCapstone/install/_local_setup_util_sh.py'
[0.545s] INFO:colcon.colcon_core.shell:Creating prefix chain script '/mnt/c/Users/David/OneDrive/Documents/Projects/PortaMailCapstone/install/setup.sh'
[0.549s] INFO:colcon.colcon_core.shell:Creating prefix script '/mnt/c/Users/David/OneDrive/Documents/Projects/PortaMailCapstone/install/local_setup.bash'
[0.554s] INFO:colcon.colcon_core.shell:Creating prefix chain script '/mnt/c/Users/David/OneDrive/Documents/Projects/PortaMailCapstone/install/setup.bash'
[0.559s] INFO:colcon.colcon_core.shell:Creating prefix script '/mnt/c/Users/David/OneDrive/Documents/Projects/PortaMailCapstone/install/local_setup.zsh'
[0.563s] INFO:colcon.colcon_core.shell:Creating prefix chain script '/mnt/c/Users/David/OneDrive/Documents/Projects/PortaMailCapstone/install/setup.zsh'
