-- The C compiler identification is GNU 13.3.0
-- The CXX compiler identification is GNU 13.3.0
-- Detecting C compiler ABI info
-- Detecting C compiler ABI info - done
-- Check for working C compiler: /usr/bin/cc - skipped
-- Detecting C compile features
-- Detecting C compile features - done
-- Detecting CXX compiler ABI info
-- Detecting CXX compiler ABI info - done
-- Check for working CXX compiler: /usr/bin/c++ - skipped
-- Detecting CXX compile features
-- Detecting CXX compile features - done
-- Found ament_cmake: 2.5.4 (/opt/ros/jazzy/share/ament_cmake/cmake)
-- Found Python3: /usr/bin/python3 (found version "3.12.3") found components: Interpreter 
-- Found rclcpp: 28.1.13 (/opt/ros/jazzy/share/rclcpp/cmake)
-- Found rosidl_generator_c: 4.6.6 (/opt/ros/jazzy/share/rosidl_generator_c/cmake)
-- Found rosidl_generator_cpp: 4.6.6 (/opt/ros/jazzy/share/rosidl_generator_cpp/cmake)
-- Using all available rosidl_typesupport_c: rosidl_typesupport_fastrtps_c;rosidl_typesupport_introspection_c
-- Using all available rosidl_typesupport_cpp: rosidl_typesupport_fastrtps_cpp;rosidl_typesupport_introspection_cpp
-- Found rmw_implementation_cmake: 7.3.2 (/opt/ros/jazzy/share/rmw_implementation_cmake/cmake)
-- Found rmw_fastrtps_cpp: 8.4.3 (/opt/ros/jazzy/share/rmw_fastrtps_cpp/cmake)
-- Found OpenSSL: /usr/lib/aarch64-linux-gnu/libcrypto.so (found version "3.0.13")  
-- Found FastRTPS: /opt/ros/jazzy/include (Required is at least version "2.13") 
-- Using RMW implementation 'rmw_fastrtps_cpp' as default
-- Found rclcpp_action: 28.1.13 (/opt/ros/jazzy/share/rclcpp_action/cmake)
-- Found std_msgs: 5.3.6 (/opt/ros/jazzy/share/std_msgs/cmake)
-- Found geometry_msgs: 5.3.6 (/opt/ros/jazzy/share/geometry_msgs/cmake)
-- Found nav2_msgs: 1.3.10 (/opt/ros/jazzy/share/nav2_msgs/cmake)
-- Found slam_toolbox: 2.8.3 (/opt/ros/jazzy/share/slam_toolbox/cmake)
-- Found eigen3_cmake_module: 0.3.0 (/opt/ros/jazzy/share/eigen3_cmake_module/cmake)
-- Found Eigen3: TRUE (found version "3.4.0") 
-- Ensuring Eigen3 include directory is part of orocos-kdl CMake target
-- Setting OGRE_DIR to: '/opt/ros/jazzy/share/rviz_ogre_vendor/cmake/../../../opt/rviz_ogre_vendor/lib/OGRE/cmake'
-- Found OGRE
--   static     : OFF
--   components : MeshLodGenerator;Overlay;Paging;Property;RTShaderSystem;Terrain;Volume
--   plugins    : Plugin_BSPSceneManager;Plugin_OctreeSceneManager;Plugin_PCZSceneManager;Plugin_ParticleFX;RenderSystem_GL;RenderSystem_GL3Plus;Codec_STBI
--   media      : /opt/ros/jazzy/opt/rviz_ogre_vendor/share/OGRE/Media
-- OGRE_LIBRARIES: OgreMeshLodGenerator;OgreOverlay;OgrePaging;OgreProperty;OgreRTShaderSystem;OgreTerrain;OgreVolume;OgreMain
-- OGRE_LIBRARY_DIRS: /opt/ros/jazzy/opt/rviz_ogre_vendor/lib
-- OGRE_PLUGINS: Plugin_BSPSceneManager;Plugin_OctreeSceneManager;Plugin_PCZSceneManager;Plugin_ParticleFX;RenderSystem_GL;RenderSystem_GL3Plus;Codec_STBI
-- OGRE_PLUGIN_DIR: /opt/ros/jazzy/opt/rviz_ogre_vendor/lib/OGRE
-- rviz_ogre_vendor::OgreOverlay for IMPORTED_LOCATION_RELEASE: /opt/ros/jazzy/opt/rviz_ogre_vendor/lib/libOgreOverlay.so
-- rviz_ogre_vendor::OgreOverlay for IMPORTED_LOCATION_DEBUG: /opt/ros/jazzy/opt/rviz_ogre_vendor/lib/libOgreOverlay.so
-- rviz_ogre_vendor::OgreMain for IMPORTED_LOCATION_RELEASE: /opt/ros/jazzy/opt/rviz_ogre_vendor/lib/libOgreMain.so
-- rviz_ogre_vendor::OgreMain for IMPORTED_LOCATION_DEBUG: /opt/ros/jazzy/opt/rviz_ogre_vendor/lib/libOgreMain.so
-- Found ZLIB: /usr/lib/aarch64-linux-gnu/libz.so (found version "1.3")  
-- Found OpenGL: /usr/lib/aarch64-linux-gnu/libOpenGL.so   
-- Found X11: /usr/include   
-- Looking for XOpenDisplay in /usr/lib/aarch64-linux-gnu/libX11.so;/usr/lib/aarch64-linux-gnu/libXext.so
-- Looking for XOpenDisplay in /usr/lib/aarch64-linux-gnu/libX11.so;/usr/lib/aarch64-linux-gnu/libXext.so - found
-- Looking for gethostbyname
-- Looking for gethostbyname - found
-- Looking for connect
-- Looking for connect - found
-- Looking for remove
-- Looking for remove - found
-- Looking for shmat
-- Looking for shmat - found
-- Looking for IceConnectionNumber in ICE
-- Looking for IceConnectionNumber in ICE - found
-- Setting yaml-cpp_DIR to: '/opt/ros/jazzy/share/yaml_cpp_vendor/cmake/../../../opt/yaml_cpp_vendor/share/cmake/yaml-cpp'
-- Found PkgConfig: /usr/bin/pkg-config (found version "1.8.1") 
-- Checking for module 'yaml-cpp'
--   Found yaml-cpp, version 0.8.0
-- Configuring done (4.1s)
-- Generating done (0.0s)
-- Build files have been written to: /home/davidezuma/PortaMailCapstone/build/portamail_navigation
[ 50%] [32mBuilding CXX object CMakeFiles/mock_driver.dir/src/mock_driver.cpp.o[0m
[ 25%] [32mBuilding CXX object CMakeFiles/coordinator.dir/src/navigation_coordinator.cpp.o[0m
[ 75%] [32m[1mLinking CXX executable mock_driver[0m
[ 75%] Built target mock_driver
[100%] [32m[1mLinking CXX executable coordinator[0m
[100%] Built target coordinator
-- Install configuration: ""
-- Installing: /home/davidezuma/PortaMailCapstone/install/portamail_navigation/lib/portamail_navigation/coordinator
-- Set non-toolchain portion of runtime path of "/home/davidezuma/PortaMailCapstone/install/portamail_navigation/lib/portamail_navigation/coordinator" to ""
-- Installing: /home/davidezuma/PortaMailCapstone/install/portamail_navigation/lib/portamail_navigation/mock_driver
-- Set non-toolchain portion of runtime path of "/home/davidezuma/PortaMailCapstone/install/portamail_navigation/lib/portamail_navigation/mock_driver" to ""
-- Installing: /home/davidezuma/PortaMailCapstone/install/portamail_navigation/share/portamail_navigation/launch
-- Installing: /home/davidezuma/PortaMailCapstone/install/portamail_navigation/share/portamail_navigation/launch/bringup.launch.py
-- Installing: /home/davidezuma/PortaMailCapstone/install/portamail_navigation/share/portamail_navigation/launch/joystick.launch.py
-- Installing: /home/davidezuma/PortaMailCapstone/install/portamail_navigation/share/portamail_navigation/config
-- Installing: /home/davidezuma/PortaMailCapstone/install/portamail_navigation/share/portamail_navigation/config/locations.yaml
-- Installing: /home/davidezuma/PortaMailCapstone/install/portamail_navigation/share/ament_index/resource_index/package_run_dependencies/portamail_navigation
-- Installing: /home/davidezuma/PortaMailCapstone/install/portamail_navigation/share/ament_index/resource_index/parent_prefix_path/portamail_navigation
-- Installing: /home/davidezuma/PortaMailCapstone/install/portamail_navigation/share/portamail_navigation/environment/ament_prefix_path.sh
-- Installing: /home/davidezuma/PortaMailCapstone/install/portamail_navigation/share/portamail_navigation/environment/ament_prefix_path.dsv
-- Installing: /home/davidezuma/PortaMailCapstone/install/portamail_navigation/share/portamail_navigation/environment/path.sh
-- Installing: /home/davidezuma/PortaMailCapstone/install/portamail_navigation/share/portamail_navigation/environment/path.dsv
-- Installing: /home/davidezuma/PortaMailCapstone/install/portamail_navigation/share/portamail_navigation/local_setup.bash
-- Installing: /home/davidezuma/PortaMailCapstone/install/portamail_navigation/share/portamail_navigation/local_setup.sh
-- Installing: /home/davidezuma/PortaMailCapstone/install/portamail_navigation/share/portamail_navigation/local_setup.zsh
-- Installing: /home/davidezuma/PortaMailCapstone/install/portamail_navigation/share/portamail_navigation/local_setup.dsv
-- Installing: /home/davidezuma/PortaMailCapstone/install/portamail_navigation/share/portamail_navigation/package.dsv
-- Installing: /home/davidezuma/PortaMailCapstone/install/portamail_navigation/share/ament_index/resource_index/packages/portamail_navigation
-- Installing: /home/davidezuma/PortaMailCapstone/install/portamail_navigation/share/portamail_navigation/cmake/portamail_navigationConfig.cmake
-- Installing: /home/davidezuma/PortaMailCapstone/install/portamail_navigation/share/portamail_navigation/cmake/portamail_navigationConfig-version.cmake
-- Installing: /home/davidezuma/PortaMailCapstone/install/portamail_navigation/share/portamail_navigation/package.xml
