[0.083s] DEBUG:colcon:Command line arguments: ['/usr/bin/colcon', 'build', '--packages-select', 'portamail_navigator']
[0.083s] DEBUG:colcon:Parsed command line arguments: Namespace(log_base=None, log_level=None, verb_name='build', build_base='build', install_base='install', merge_install=False, symlink_install=False, test_result_base=None, continue_on_error=False, executor='parallel', parallel_workers=12, event_handlers=None, ignore_user_meta=False, metas=['./colcon.meta'], base_paths=['.'], packages_ignore=None, packages_ignore_regex=None, paths=None, packages_up_to=None, packages_up_to_regex=None, packages_above=None, packages_above_and_dependencies=None, packages_above_depth=None, packages_select_by_dep=None, packages_skip_by_dep=None, packages_skip_up_to=None, packages_select_build_failed=False, packages_skip_build_finished=False, packages_select_test_failures=False, packages_skip_test_passed=False, packages_select=['portamail_navigator'], packages_skip=None, packages_select_regex=None, packages_skip_regex=None, packages_start=None, packages_end=None, allow_overriding=[], cmake_args=None, cmake_target=None, cmake_target_skip_unavailable=False, cmake_clean_cache=False, cmake_clean_first=False, cmake_force_configure=False, ament_cmake_args=None, catkin_cmake_args=None, catkin_skip_building_tests=False, verb_parser=<colcon_defaults.argument_parser.defaults.DefaultArgumentsDecorator object at 0x771b34f60a70>, verb_extension=<colcon_core.verb.build.BuildVerb object at 0x771b34f60110>, main=<bound method BuildVerb.main of <colcon_core.verb.build.BuildVerb object at 0x771b34f60110>>)
[0.114s] Level 1:colcon.colcon_core.package_discovery:discover_packages(colcon_meta) check parameters
[0.114s] Level 1:colcon.colcon_core.package_discovery:discover_packages(recursive) check parameters
[0.114s] Level 1:colcon.colcon_core.package_discovery:discover_packages(ignore) check parameters
[0.114s] Level 1:colcon.colcon_core.package_discovery:discover_packages(path) check parameters
[0.114s] Level 1:colcon.colcon_core.package_discovery:discover_packages(colcon_meta) discover
[0.114s] Level 1:colcon.colcon_core.package_discovery:discover_packages(recursive) discover
[0.114s] INFO:colcon.colcon_core.package_discovery:Crawling recursively for packages in '/home/david-ezuma/Documents/PortaMailCapstone'
[0.114s] Level 1:colcon.colcon_core.package_identification:_identify(.) by extensions ['ignore', 'ignore_ament_install']
[0.114s] Level 1:colcon.colcon_core.package_identification:_identify(.) by extension 'ignore'
[0.114s] Level 1:colcon.colcon_core.package_identification:_identify(.) by extension 'ignore_ament_install'
[0.114s] Level 1:colcon.colcon_core.package_identification:_identify(.) by extensions ['colcon_pkg']
[0.114s] Level 1:colcon.colcon_core.package_identification:_identify(.) by extension 'colcon_pkg'
[0.114s] Level 1:colcon.colcon_core.package_identification:_identify(.) by extensions ['colcon_meta']
[0.114s] Level 1:colcon.colcon_core.package_identification:_identify(.) by extension 'colcon_meta'
[0.114s] Level 1:colcon.colcon_core.package_identification:_identify(.) by extensions ['ros']
[0.114s] Level 1:colcon.colcon_core.package_identification:_identify(.) by extension 'ros'
[0.134s] Level 1:colcon.colcon_core.package_identification:_identify(.) by extensions ['cmake', 'python']
[0.134s] Level 1:colcon.colcon_core.package_identification:_identify(.) by extension 'cmake'
[0.134s] Level 1:colcon.colcon_core.package_identification:_identify(.) by extension 'python'
[0.134s] Level 1:colcon.colcon_core.package_identification:_identify(.) by extensions ['python_setup_py']
[0.134s] Level 1:colcon.colcon_core.package_identification:_identify(.) by extension 'python_setup_py'
[0.134s] Level 1:colcon.colcon_core.package_identification:_identify(LCD_web) by extensions ['ignore', 'ignore_ament_install']
[0.135s] Level 1:colcon.colcon_core.package_identification:_identify(LCD_web) by extension 'ignore'
[0.135s] Level 1:colcon.colcon_core.package_identification:_identify(LCD_web) by extension 'ignore_ament_install'
[0.135s] Level 1:colcon.colcon_core.package_identification:_identify(LCD_web) by extensions ['colcon_pkg']
[0.135s] Level 1:colcon.colcon_core.package_identification:_identify(LCD_web) by extension 'colcon_pkg'
[0.135s] Level 1:colcon.colcon_core.package_identification:_identify(LCD_web) by extensions ['colcon_meta']
[0.135s] Level 1:colcon.colcon_core.package_identification:_identify(LCD_web) by extension 'colcon_meta'
[0.135s] Level 1:colcon.colcon_core.package_identification:_identify(LCD_web) by extensions ['ros']
[0.135s] Level 1:colcon.colcon_core.package_identification:_identify(LCD_web) by extension 'ros'
[0.135s] Level 1:colcon.colcon_core.package_identification:_identify(LCD_web) by extensions ['cmake', 'python']
[0.135s] Level 1:colcon.colcon_core.package_identification:_identify(LCD_web) by extension 'cmake'
[0.135s] Level 1:colcon.colcon_core.package_identification:_identify(LCD_web) by extension 'python'
[0.135s] Level 1:colcon.colcon_core.package_identification:_identify(LCD_web) by extensions ['python_setup_py']
[0.135s] Level 1:colcon.colcon_core.package_identification:_identify(LCD_web) by extension 'python_setup_py'
[0.135s] Level 1:colcon.colcon_core.package_identification:_identify(LCD_web/portamail_ui) by extensions ['ignore', 'ignore_ament_install']
[0.135s] Level 1:colcon.colcon_core.package_identification:_identify(LCD_web/portamail_ui) by extension 'ignore'
[0.135s] Level 1:colcon.colcon_core.package_identification:_identify(LCD_web/portamail_ui) by extension 'ignore_ament_install'
[0.135s] Level 1:colcon.colcon_core.package_identification:_identify(LCD_web/portamail_ui) by extensions ['colcon_pkg']
[0.135s] Level 1:colcon.colcon_core.package_identification:_identify(LCD_web/portamail_ui) by extension 'colcon_pkg'
[0.135s] Level 1:colcon.colcon_core.package_identification:_identify(LCD_web/portamail_ui) by extensions ['colcon_meta']
[0.135s] Level 1:colcon.colcon_core.package_identification:_identify(LCD_web/portamail_ui) by extension 'colcon_meta'
[0.135s] Level 1:colcon.colcon_core.package_identification:_identify(LCD_web/portamail_ui) by extensions ['ros']
[0.135s] Level 1:colcon.colcon_core.package_identification:_identify(LCD_web/portamail_ui) by extension 'ros'
[0.135s] Level 1:colcon.colcon_core.package_identification:_identify(LCD_web/portamail_ui) by extensions ['cmake', 'python']
[0.135s] Level 1:colcon.colcon_core.package_identification:_identify(LCD_web/portamail_ui) by extension 'cmake'
[0.136s] Level 1:colcon.colcon_core.package_identification:_identify(LCD_web/portamail_ui) by extension 'python'
[0.136s] Level 1:colcon.colcon_core.package_identification:_identify(LCD_web/portamail_ui) by extensions ['python_setup_py']
[0.136s] Level 1:colcon.colcon_core.package_identification:_identify(LCD_web/portamail_ui) by extension 'python_setup_py'
[0.136s] Level 1:colcon.colcon_core.package_identification:_identify(LCD_web/portamail_ui/examples) by extensions ['ignore', 'ignore_ament_install']
[0.136s] Level 1:colcon.colcon_core.package_identification:_identify(LCD_web/portamail_ui/examples) by extension 'ignore'
[0.136s] Level 1:colcon.colcon_core.package_identification:_identify(LCD_web/portamail_ui/examples) by extension 'ignore_ament_install'
[0.136s] Level 1:colcon.colcon_core.package_identification:_identify(LCD_web/portamail_ui/examples) by extensions ['colcon_pkg']
[0.136s] Level 1:colcon.colcon_core.package_identification:_identify(LCD_web/portamail_ui/examples) by extension 'colcon_pkg'
[0.136s] Level 1:colcon.colcon_core.package_identification:_identify(LCD_web/portamail_ui/examples) by extensions ['colcon_meta']
[0.136s] Level 1:colcon.colcon_core.package_identification:_identify(LCD_web/portamail_ui/examples) by extension 'colcon_meta'
[0.136s] Level 1:colcon.colcon_core.package_identification:_identify(LCD_web/portamail_ui/examples) by extensions ['ros']
[0.136s] Level 1:colcon.colcon_core.package_identification:_identify(LCD_web/portamail_ui/examples) by extension 'ros'
[0.136s] Level 1:colcon.colcon_core.package_identification:_identify(LCD_web/portamail_ui/examples) by extensions ['cmake', 'python']
[0.136s] Level 1:colcon.colcon_core.package_identification:_identify(LCD_web/portamail_ui/examples) by extension 'cmake'
[0.136s] Level 1:colcon.colcon_core.package_identification:_identify(LCD_web/portamail_ui/examples) by extension 'python'
[0.136s] Level 1:colcon.colcon_core.package_identification:_identify(LCD_web/portamail_ui/examples) by extensions ['python_setup_py']
[0.136s] Level 1:colcon.colcon_core.package_identification:_identify(LCD_web/portamail_ui/examples) by extension 'python_setup_py'
[0.136s] Level 1:colcon.colcon_core.package_identification:_identify(LCD_web/portamail_ui/examples/external_cpp_minimal) by extensions ['ignore', 'ignore_ament_install']
[0.136s] Level 1:colcon.colcon_core.package_identification:_identify(LCD_web/portamail_ui/examples/external_cpp_minimal) by extension 'ignore'
[0.136s] Level 1:colcon.colcon_core.package_identification:_identify(LCD_web/portamail_ui/examples/external_cpp_minimal) by extension 'ignore_ament_install'
[0.136s] Level 1:colcon.colcon_core.package_identification:_identify(LCD_web/portamail_ui/examples/external_cpp_minimal) by extensions ['colcon_pkg']
[0.136s] Level 1:colcon.colcon_core.package_identification:_identify(LCD_web/portamail_ui/examples/external_cpp_minimal) by extension 'colcon_pkg'
[0.137s] Level 1:colcon.colcon_core.package_identification:_identify(LCD_web/portamail_ui/examples/external_cpp_minimal) by extensions ['colcon_meta']
[0.137s] Level 1:colcon.colcon_core.package_identification:_identify(LCD_web/portamail_ui/examples/external_cpp_minimal) by extension 'colcon_meta'
[0.137s] Level 1:colcon.colcon_core.package_identification:_identify(LCD_web/portamail_ui/examples/external_cpp_minimal) by extensions ['ros']
[0.137s] Level 1:colcon.colcon_core.package_identification:_identify(LCD_web/portamail_ui/examples/external_cpp_minimal) by extension 'ros'
[0.137s] Level 1:colcon.colcon_core.package_identification:_identify(LCD_web/portamail_ui/examples/external_cpp_minimal) by extensions ['cmake', 'python']
[0.137s] Level 1:colcon.colcon_core.package_identification:_identify(LCD_web/portamail_ui/examples/external_cpp_minimal) by extension 'cmake'
[0.137s] Level 1:colcon.colcon_core.package_identification:_identify(LCD_web/portamail_ui/examples/external_cpp_minimal) by extension 'python'
[0.137s] Level 1:colcon.colcon_core.package_identification:_identify(LCD_web/portamail_ui/examples/external_cpp_minimal) by extensions ['python_setup_py']
[0.137s] Level 1:colcon.colcon_core.package_identification:_identify(LCD_web/portamail_ui/examples/external_cpp_minimal) by extension 'python_setup_py'
[0.137s] Level 1:colcon.colcon_core.package_identification:_identify(LCD_web/portamail_ui/interface) by extensions ['ignore', 'ignore_ament_install']
[0.137s] Level 1:colcon.colcon_core.package_identification:_identify(LCD_web/portamail_ui/interface) by extension 'ignore'
[0.137s] Level 1:colcon.colcon_core.package_identification:_identify(LCD_web/portamail_ui/interface) by extension 'ignore_ament_install'
[0.137s] Level 1:colcon.colcon_core.package_identification:_identify(LCD_web/portamail_ui/interface) by extensions ['colcon_pkg']
[0.137s] Level 1:colcon.colcon_core.package_identification:_identify(LCD_web/portamail_ui/interface) by extension 'colcon_pkg'
[0.137s] Level 1:colcon.colcon_core.package_identification:_identify(LCD_web/portamail_ui/interface) by extensions ['colcon_meta']
[0.137s] Level 1:colcon.colcon_core.package_identification:_identify(LCD_web/portamail_ui/interface) by extension 'colcon_meta'
[0.137s] Level 1:colcon.colcon_core.package_identification:_identify(LCD_web/portamail_ui/interface) by extensions ['ros']
[0.137s] Level 1:colcon.colcon_core.package_identification:_identify(LCD_web/portamail_ui/interface) by extension 'ros'
[0.137s] Level 1:colcon.colcon_core.package_identification:_identify(LCD_web/portamail_ui/interface) by extensions ['cmake', 'python']
[0.137s] Level 1:colcon.colcon_core.package_identification:_identify(LCD_web/portamail_ui/interface) by extension 'cmake'
[0.137s] Level 1:colcon.colcon_core.package_identification:_identify(LCD_web/portamail_ui/interface) by extension 'python'
[0.137s] Level 1:colcon.colcon_core.package_identification:_identify(LCD_web/portamail_ui/interface) by extensions ['python_setup_py']
[0.137s] Level 1:colcon.colcon_core.package_identification:_identify(LCD_web/portamail_ui/interface) by extension 'python_setup_py'
[0.137s] Level 1:colcon.colcon_core.package_identification:_identify(LCD_web/portamail_ui/logs) by extensions ['ignore', 'ignore_ament_install']
[0.138s] Level 1:colcon.colcon_core.package_identification:_identify(LCD_web/portamail_ui/logs) by extension 'ignore'
[0.138s] Level 1:colcon.colcon_core.package_identification:_identify(LCD_web/portamail_ui/logs) by extension 'ignore_ament_install'
[0.138s] Level 1:colcon.colcon_core.package_identification:_identify(LCD_web/portamail_ui/logs) by extensions ['colcon_pkg']
[0.138s] Level 1:colcon.colcon_core.package_identification:_identify(LCD_web/portamail_ui/logs) by extension 'colcon_pkg'
[0.138s] Level 1:colcon.colcon_core.package_identification:_identify(LCD_web/portamail_ui/logs) by extensions ['colcon_meta']
[0.138s] Level 1:colcon.colcon_core.package_identification:_identify(LCD_web/portamail_ui/logs) by extension 'colcon_meta'
[0.138s] Level 1:colcon.colcon_core.package_identification:_identify(LCD_web/portamail_ui/logs) by extensions ['ros']
[0.138s] Level 1:colcon.colcon_core.package_identification:_identify(LCD_web/portamail_ui/logs) by extension 'ros'
[0.138s] Level 1:colcon.colcon_core.package_identification:_identify(LCD_web/portamail_ui/logs) by extensions ['cmake', 'python']
[0.138s] Level 1:colcon.colcon_core.package_identification:_identify(LCD_web/portamail_ui/logs) by extension 'cmake'
[0.138s] Level 1:colcon.colcon_core.package_identification:_identify(LCD_web/portamail_ui/logs) by extension 'python'
[0.138s] Level 1:colcon.colcon_core.package_identification:_identify(LCD_web/portamail_ui/logs) by extensions ['python_setup_py']
[0.138s] Level 1:colcon.colcon_core.package_identification:_identify(LCD_web/portamail_ui/logs) by extension 'python_setup_py'
[0.138s] Level 1:colcon.colcon_core.package_identification:_identify(LCD_web/portamail_ui/state) by extensions ['ignore', 'ignore_ament_install']
[0.138s] Level 1:colcon.colcon_core.package_identification:_identify(LCD_web/portamail_ui/state) by extension 'ignore'
[0.138s] Level 1:colcon.colcon_core.package_identification:_identify(LCD_web/portamail_ui/state) by extension 'ignore_ament_install'
[0.138s] Level 1:colcon.colcon_core.package_identification:_identify(LCD_web/portamail_ui/state) by extensions ['colcon_pkg']
[0.138s] Level 1:colcon.colcon_core.package_identification:_identify(LCD_web/portamail_ui/state) by extension 'colcon_pkg'
[0.138s] Level 1:colcon.colcon_core.package_identification:_identify(LCD_web/portamail_ui/state) by extensions ['colcon_meta']
[0.138s] Level 1:colcon.colcon_core.package_identification:_identify(LCD_web/portamail_ui/state) by extension 'colcon_meta'
[0.138s] Level 1:colcon.colcon_core.package_identification:_identify(LCD_web/portamail_ui/state) by extensions ['ros']
[0.138s] Level 1:colcon.colcon_core.package_identification:_identify(LCD_web/portamail_ui/state) by extension 'ros'
[0.138s] Level 1:colcon.colcon_core.package_identification:_identify(LCD_web/portamail_ui/state) by extensions ['cmake', 'python']
[0.138s] Level 1:colcon.colcon_core.package_identification:_identify(LCD_web/portamail_ui/state) by extension 'cmake'
[0.138s] Level 1:colcon.colcon_core.package_identification:_identify(LCD_web/portamail_ui/state) by extension 'python'
[0.139s] Level 1:colcon.colcon_core.package_identification:_identify(LCD_web/portamail_ui/state) by extensions ['python_setup_py']
[0.139s] Level 1:colcon.colcon_core.package_identification:_identify(LCD_web/portamail_ui/state) by extension 'python_setup_py'
[0.139s] Level 1:colcon.colcon_core.package_identification:_identify(LCD_web/portamail_ui/static) by extensions ['ignore', 'ignore_ament_install']
[0.139s] Level 1:colcon.colcon_core.package_identification:_identify(LCD_web/portamail_ui/static) by extension 'ignore'
[0.139s] Level 1:colcon.colcon_core.package_identification:_identify(LCD_web/portamail_ui/static) by extension 'ignore_ament_install'
[0.139s] Level 1:colcon.colcon_core.package_identification:_identify(LCD_web/portamail_ui/static) by extensions ['colcon_pkg']
[0.139s] Level 1:colcon.colcon_core.package_identification:_identify(LCD_web/portamail_ui/static) by extension 'colcon_pkg'
[0.139s] Level 1:colcon.colcon_core.package_identification:_identify(LCD_web/portamail_ui/static) by extensions ['colcon_meta']
[0.139s] Level 1:colcon.colcon_core.package_identification:_identify(LCD_web/portamail_ui/static) by extension 'colcon_meta'
[0.139s] Level 1:colcon.colcon_core.package_identification:_identify(LCD_web/portamail_ui/static) by extensions ['ros']
[0.139s] Level 1:colcon.colcon_core.package_identification:_identify(LCD_web/portamail_ui/static) by extension 'ros'
[0.139s] Level 1:colcon.colcon_core.package_identification:_identify(LCD_web/portamail_ui/static) by extensions ['cmake', 'python']
[0.139s] Level 1:colcon.colcon_core.package_identification:_identify(LCD_web/portamail_ui/static) by extension 'cmake'
[0.139s] Level 1:colcon.colcon_core.package_identification:_identify(LCD_web/portamail_ui/static) by extension 'python'
[0.139s] Level 1:colcon.colcon_core.package_identification:_identify(LCD_web/portamail_ui/static) by extensions ['python_setup_py']
[0.139s] Level 1:colcon.colcon_core.package_identification:_identify(LCD_web/portamail_ui/static) by extension 'python_setup_py'
[0.139s] Level 1:colcon.colcon_core.package_identification:_identify(LCD_web/portamail_ui/static/vendor) by extensions ['ignore', 'ignore_ament_install']
[0.139s] Level 1:colcon.colcon_core.package_identification:_identify(LCD_web/portamail_ui/static/vendor) by extension 'ignore'
[0.139s] Level 1:colcon.colcon_core.package_identification:_identify(LCD_web/portamail_ui/static/vendor) by extension 'ignore_ament_install'
[0.139s] Level 1:colcon.colcon_core.package_identification:_identify(LCD_web/portamail_ui/static/vendor) by extensions ['colcon_pkg']
[0.139s] Level 1:colcon.colcon_core.package_identification:_identify(LCD_web/portamail_ui/static/vendor) by extension 'colcon_pkg'
[0.139s] Level 1:colcon.colcon_core.package_identification:_identify(LCD_web/portamail_ui/static/vendor) by extensions ['colcon_meta']
[0.139s] Level 1:colcon.colcon_core.package_identification:_identify(LCD_web/portamail_ui/static/vendor) by extension 'colcon_meta'
[0.139s] Level 1:colcon.colcon_core.package_identification:_identify(LCD_web/portamail_ui/static/vendor) by extensions ['ros']
[0.140s] Level 1:colcon.colcon_core.package_identification:_identify(LCD_web/portamail_ui/static/vendor) by extension 'ros'
[0.140s] Level 1:colcon.colcon_core.package_identification:_identify(LCD_web/portamail_ui/static/vendor) by extensions ['cmake', 'python']
[0.140s] Level 1:colcon.colcon_core.package_identification:_identify(LCD_web/portamail_ui/static/vendor) by extension 'cmake'
[0.140s] Level 1:colcon.colcon_core.package_identification:_identify(LCD_web/portamail_ui/static/vendor) by extension 'python'
[0.140s] Level 1:colcon.colcon_core.package_identification:_identify(LCD_web/portamail_ui/static/vendor) by extensions ['python_setup_py']
[0.140s] Level 1:colcon.colcon_core.package_identification:_identify(LCD_web/portamail_ui/static/vendor) by extension 'python_setup_py'
[0.140s] Level 1:colcon.colcon_core.package_identification:_identify(LCD_web/portamail_ui/templates) by extensions ['ignore', 'ignore_ament_install']
[0.140s] Level 1:colcon.colcon_core.package_identification:_identify(LCD_web/portamail_ui/templates) by extension 'ignore'
[0.140s] Level 1:colcon.colcon_core.package_identification:_identify(LCD_web/portamail_ui/templates) by extension 'ignore_ament_install'
[0.140s] Level 1:colcon.colcon_core.package_identification:_identify(LCD_web/portamail_ui/templates) by extensions ['colcon_pkg']
[0.140s] Level 1:colcon.colcon_core.package_identification:_identify(LCD_web/portamail_ui/templates) by extension 'colcon_pkg'
[0.140s] Level 1:colcon.colcon_core.package_identification:_identify(LCD_web/portamail_ui/templates) by extensions ['colcon_meta']
[0.140s] Level 1:colcon.colcon_core.package_identification:_identify(LCD_web/portamail_ui/templates) by extension 'colcon_meta'
[0.140s] Level 1:colcon.colcon_core.package_identification:_identify(LCD_web/portamail_ui/templates) by extensions ['ros']
[0.140s] Level 1:colcon.colcon_core.package_identification:_identify(LCD_web/portamail_ui/templates) by extension 'ros'
[0.140s] Level 1:colcon.colcon_core.package_identification:_identify(LCD_web/portamail_ui/templates) by extensions ['cmake', 'python']
[0.140s] Level 1:colcon.colcon_core.package_identification:_identify(LCD_web/portamail_ui/templates) by extension 'cmake'
[0.140s] Level 1:colcon.colcon_core.package_identification:_identify(LCD_web/portamail_ui/templates) by extension 'python'
[0.140s] Level 1:colcon.colcon_core.package_identification:_identify(LCD_web/portamail_ui/templates) by extensions ['python_setup_py']
[0.140s] Level 1:colcon.colcon_core.package_identification:_identify(LCD_web/portamail_ui/templates) by extension 'python_setup_py'
[0.140s] Level 1:colcon.colcon_core.package_identification:_identify(LCD_web/portamail_ui/templates/partials) by extensions ['ignore', 'ignore_ament_install']
[0.140s] Level 1:colcon.colcon_core.package_identification:_identify(LCD_web/portamail_ui/templates/partials) by extension 'ignore'
[0.141s] Level 1:colcon.colcon_core.package_identification:_identify(LCD_web/portamail_ui/templates/partials) by extension 'ignore_ament_install'
[0.141s] Level 1:colcon.colcon_core.package_identification:_identify(LCD_web/portamail_ui/templates/partials) by extensions ['colcon_pkg']
[0.141s] Level 1:colcon.colcon_core.package_identification:_identify(LCD_web/portamail_ui/templates/partials) by extension 'colcon_pkg'
[0.141s] Level 1:colcon.colcon_core.package_identification:_identify(LCD_web/portamail_ui/templates/partials) by extensions ['colcon_meta']
[0.141s] Level 1:colcon.colcon_core.package_identification:_identify(LCD_web/portamail_ui/templates/partials) by extension 'colcon_meta'
[0.141s] Level 1:colcon.colcon_core.package_identification:_identify(LCD_web/portamail_ui/templates/partials) by extensions ['ros']
[0.141s] Level 1:colcon.colcon_core.package_identification:_identify(LCD_web/portamail_ui/templates/partials) by extension 'ros'
[0.141s] Level 1:colcon.colcon_core.package_identification:_identify(LCD_web/portamail_ui/templates/partials) by extensions ['cmake', 'python']
[0.141s] Level 1:colcon.colcon_core.package_identification:_identify(LCD_web/portamail_ui/templates/partials) by extension 'cmake'
[0.141s] Level 1:colcon.colcon_core.package_identification:_identify(LCD_web/portamail_ui/templates/partials) by extension 'python'
[0.141s] Level 1:colcon.colcon_core.package_identification:_identify(LCD_web/portamail_ui/templates/partials) by extensions ['python_setup_py']
[0.141s] Level 1:colcon.colcon_core.package_identification:_identify(LCD_web/portamail_ui/templates/partials) by extension 'python_setup_py'
[0.141s] Level 1:colcon.colcon_core.package_identification:_identify(LCD_web/portamail_ui/tests) by extensions ['ignore', 'ignore_ament_install']
[0.141s] Level 1:colcon.colcon_core.package_identification:_identify(LCD_web/portamail_ui/tests) by extension 'ignore'
[0.141s] Level 1:colcon.colcon_core.package_identification:_identify(LCD_web/portamail_ui/tests) by extension 'ignore_ament_install'
[0.141s] Level 1:colcon.colcon_core.package_identification:_identify(LCD_web/portamail_ui/tests) by extensions ['colcon_pkg']
[0.141s] Level 1:colcon.colcon_core.package_identification:_identify(LCD_web/portamail_ui/tests) by extension 'colcon_pkg'
[0.141s] Level 1:colcon.colcon_core.package_identification:_identify(LCD_web/portamail_ui/tests) by extensions ['colcon_meta']
[0.141s] Level 1:colcon.colcon_core.package_identification:_identify(LCD_web/portamail_ui/tests) by extension 'colcon_meta'
[0.141s] Level 1:colcon.colcon_core.package_identification:_identify(LCD_web/portamail_ui/tests) by extensions ['ros']
[0.141s] Level 1:colcon.colcon_core.package_identification:_identify(LCD_web/portamail_ui/tests) by extension 'ros'
[0.141s] Level 1:colcon.colcon_core.package_identification:_identify(LCD_web/portamail_ui/tests) by extensions ['cmake', 'python']
[0.141s] Level 1:colcon.colcon_core.package_identification:_identify(LCD_web/portamail_ui/tests) by extension 'cmake'
[0.141s] Level 1:colcon.colcon_core.package_identification:_identify(LCD_web/portamail_ui/tests) by extension 'python'
[0.141s] Level 1:colcon.colcon_core.package_identification:_identify(LCD_web/portamail_ui/tests) by extensions ['python_setup_py']
[0.141s] Level 1:colcon.colcon_core.package_identification:_identify(LCD_web/portamail_ui/tests) by extension 'python_setup_py'
[0.142s] Level 1:colcon.colcon_core.package_identification:_identify(LCD_web/portamail_ui/tools) by extensions ['ignore', 'ignore_ament_install']
[0.142s] Level 1:colcon.colcon_core.package_identification:_identify(LCD_web/portamail_ui/tools) by extension 'ignore'
[0.142s] Level 1:colcon.colcon_core.package_identification:_identify(LCD_web/portamail_ui/tools) by extension 'ignore_ament_install'
[0.142s] Level 1:colcon.colcon_core.package_identification:_identify(LCD_web/portamail_ui/tools) by extensions ['colcon_pkg']
[0.142s] Level 1:colcon.colcon_core.package_identification:_identify(LCD_web/portamail_ui/tools) by extension 'colcon_pkg'
[0.142s] Level 1:colcon.colcon_core.package_identification:_identify(LCD_web/portamail_ui/tools) by extensions ['colcon_meta']
[0.142s] Level 1:colcon.colcon_core.package_identification:_identify(LCD_web/portamail_ui/tools) by extension 'colcon_meta'
[0.142s] Level 1:colcon.colcon_core.package_identification:_identify(LCD_web/portamail_ui/tools) by extensions ['ros']
[0.142s] Level 1:colcon.colcon_core.package_identification:_identify(LCD_web/portamail_ui/tools) by extension 'ros'
[0.142s] Level 1:colcon.colcon_core.package_identification:_identify(LCD_web/portamail_ui/tools) by extensions ['cmake', 'python']
[0.142s] Level 1:colcon.colcon_core.package_identification:_identify(LCD_web/portamail_ui/tools) by extension 'cmake'
[0.142s] Level 1:colcon.colcon_core.package_identification:_identify(LCD_web/portamail_ui/tools) by extension 'python'
[0.142s] Level 1:colcon.colcon_core.package_identification:_identify(LCD_web/portamail_ui/tools) by extensions ['python_setup_py']
[0.142s] Level 1:colcon.colcon_core.package_identification:_identify(LCD_web/portamail_ui/tools) by extension 'python_setup_py'
[0.142s] Level 1:colcon.colcon_core.package_identification:_identify(LCD_web/portamail_ui/transport) by extensions ['ignore', 'ignore_ament_install']
[0.142s] Level 1:colcon.colcon_core.package_identification:_identify(LCD_web/portamail_ui/transport) by extension 'ignore'
[0.142s] Level 1:colcon.colcon_core.package_identification:_identify(LCD_web/portamail_ui/transport) by extension 'ignore_ament_install'
[0.142s] Level 1:colcon.colcon_core.package_identification:_identify(LCD_web/portamail_ui/transport) by extensions ['colcon_pkg']
[0.142s] Level 1:colcon.colcon_core.package_identification:_identify(LCD_web/portamail_ui/transport) by extension 'colcon_pkg'
[0.142s] Level 1:colcon.colcon_core.package_identification:_identify(LCD_web/portamail_ui/transport) by extensions ['colcon_meta']
[0.142s] Level 1:colcon.colcon_core.package_identification:_identify(LCD_web/portamail_ui/transport) by extension 'colcon_meta'
[0.142s] Level 1:colcon.colcon_core.package_identification:_identify(LCD_web/portamail_ui/transport) by extensions ['ros']
[0.142s] Level 1:colcon.colcon_core.package_identification:_identify(LCD_web/portamail_ui/transport) by extension 'ros'
[0.142s] Level 1:colcon.colcon_core.package_identification:_identify(LCD_web/portamail_ui/transport) by extensions ['cmake', 'python']
[0.143s] Level 1:colcon.colcon_core.package_identification:_identify(LCD_web/portamail_ui/transport) by extension 'cmake'
[0.143s] Level 1:colcon.colcon_core.package_identification:_identify(LCD_web/portamail_ui/transport) by extension 'python'
[0.143s] Level 1:colcon.colcon_core.package_identification:_identify(LCD_web/portamail_ui/transport) by extensions ['python_setup_py']
[0.143s] Level 1:colcon.colcon_core.package_identification:_identify(LCD_web/portamail_ui/transport) by extension 'python_setup_py'
[0.143s] Level 1:colcon.colcon_core.package_identification:_identify(bin) by extensions ['ignore', 'ignore_ament_install']
[0.143s] Level 1:colcon.colcon_core.package_identification:_identify(bin) by extension 'ignore'
[0.143s] Level 1:colcon.colcon_core.package_identification:_identify(bin) by extension 'ignore_ament_install'
[0.143s] Level 1:colcon.colcon_core.package_identification:_identify(bin) by extensions ['colcon_pkg']
[0.143s] Level 1:colcon.colcon_core.package_identification:_identify(bin) by extension 'colcon_pkg'
[0.143s] Level 1:colcon.colcon_core.package_identification:_identify(bin) by extensions ['colcon_meta']
[0.143s] Level 1:colcon.colcon_core.package_identification:_identify(bin) by extension 'colcon_meta'
[0.143s] Level 1:colcon.colcon_core.package_identification:_identify(bin) by extensions ['ros']
[0.143s] Level 1:colcon.colcon_core.package_identification:_identify(bin) by extension 'ros'
[0.143s] Level 1:colcon.colcon_core.package_identification:_identify(bin) by extensions ['cmake', 'python']
[0.143s] Level 1:colcon.colcon_core.package_identification:_identify(bin) by extension 'cmake'
[0.143s] Level 1:colcon.colcon_core.package_identification:_identify(bin) by extension 'python'
[0.143s] Level 1:colcon.colcon_core.package_identification:_identify(bin) by extensions ['python_setup_py']
[0.143s] Level 1:colcon.colcon_core.package_identification:_identify(bin) by extension 'python_setup_py'
[0.143s] Level 1:colcon.colcon_core.package_identification:_identify(build) by extensions ['ignore', 'ignore_ament_install']
[0.143s] Level 1:colcon.colcon_core.package_identification:_identify(build) by extension 'ignore'
[0.143s] Level 1:colcon.colcon_core.package_identification:_identify(build) ignored
[0.143s] Level 1:colcon.colcon_core.package_identification:_identify(capstone_PCB) by extensions ['ignore', 'ignore_ament_install']
[0.143s] Level 1:colcon.colcon_core.package_identification:_identify(capstone_PCB) by extension 'ignore'
[0.144s] Level 1:colcon.colcon_core.package_identification:_identify(capstone_PCB) by extension 'ignore_ament_install'
[0.144s] Level 1:colcon.colcon_core.package_identification:_identify(capstone_PCB) by extensions ['colcon_pkg']
[0.144s] Level 1:colcon.colcon_core.package_identification:_identify(capstone_PCB) by extension 'colcon_pkg'
[0.144s] Level 1:colcon.colcon_core.package_identification:_identify(capstone_PCB) by extensions ['colcon_meta']
[0.144s] Level 1:colcon.colcon_core.package_identification:_identify(capstone_PCB) by extension 'colcon_meta'
[0.144s] Level 1:colcon.colcon_core.package_identification:_identify(capstone_PCB) by extensions ['ros']
[0.144s] Level 1:colcon.colcon_core.package_identification:_identify(capstone_PCB) by extension 'ros'
[0.144s] Level 1:colcon.colcon_core.package_identification:_identify(capstone_PCB) by extensions ['cmake', 'python']
[0.144s] Level 1:colcon.colcon_core.package_identification:_identify(capstone_PCB) by extension 'cmake'
[0.144s] Level 1:colcon.colcon_core.package_identification:_identify(capstone_PCB) by extension 'python'
[0.144s] Level 1:colcon.colcon_core.package_identification:_identify(capstone_PCB) by extensions ['python_setup_py']
[0.144s] Level 1:colcon.colcon_core.package_identification:_identify(capstone_PCB) by extension 'python_setup_py'
[0.144s] Level 1:colcon.colcon_core.package_identification:_identify(capstone_PCB/PCB) by extensions ['ignore', 'ignore_ament_install']
[0.144s] Level 1:colcon.colcon_core.package_identification:_identify(capstone_PCB/PCB) by extension 'ignore'
[0.144s] Level 1:colcon.colcon_core.package_identification:_identify(capstone_PCB/PCB) by extension 'ignore_ament_install'
[0.144s] Level 1:colcon.colcon_core.package_identification:_identify(capstone_PCB/PCB) by extensions ['colcon_pkg']
[0.144s] Level 1:colcon.colcon_core.package_identification:_identify(capstone_PCB/PCB) by extension 'colcon_pkg'
[0.144s] Level 1:colcon.colcon_core.package_identification:_identify(capstone_PCB/PCB) by extensions ['colcon_meta']
[0.144s] Level 1:colcon.colcon_core.package_identification:_identify(capstone_PCB/PCB) by extension 'colcon_meta'
[0.144s] Level 1:colcon.colcon_core.package_identification:_identify(capstone_PCB/PCB) by extensions ['ros']
[0.144s] Level 1:colcon.colcon_core.package_identification:_identify(capstone_PCB/PCB) by extension 'ros'
[0.144s] Level 1:colcon.colcon_core.package_identification:_identify(capstone_PCB/PCB) by extensions ['cmake', 'python']
[0.144s] Level 1:colcon.colcon_core.package_identification:_identify(capstone_PCB/PCB) by extension 'cmake'
[0.144s] Level 1:colcon.colcon_core.package_identification:_identify(capstone_PCB/PCB) by extension 'python'
[0.144s] Level 1:colcon.colcon_core.package_identification:_identify(capstone_PCB/PCB) by extensions ['python_setup_py']
[0.144s] Level 1:colcon.colcon_core.package_identification:_identify(capstone_PCB/PCB) by extension 'python_setup_py'
[0.145s] Level 1:colcon.colcon_core.package_identification:_identify(capstone_PCB/PCB/PCB-backups) by extensions ['ignore', 'ignore_ament_install']
[0.145s] Level 1:colcon.colcon_core.package_identification:_identify(capstone_PCB/PCB/PCB-backups) by extension 'ignore'
[0.145s] Level 1:colcon.colcon_core.package_identification:_identify(capstone_PCB/PCB/PCB-backups) by extension 'ignore_ament_install'
[0.145s] Level 1:colcon.colcon_core.package_identification:_identify(capstone_PCB/PCB/PCB-backups) by extensions ['colcon_pkg']
[0.145s] Level 1:colcon.colcon_core.package_identification:_identify(capstone_PCB/PCB/PCB-backups) by extension 'colcon_pkg'
[0.145s] Level 1:colcon.colcon_core.package_identification:_identify(capstone_PCB/PCB/PCB-backups) by extensions ['colcon_meta']
[0.145s] Level 1:colcon.colcon_core.package_identification:_identify(capstone_PCB/PCB/PCB-backups) by extension 'colcon_meta'
[0.145s] Level 1:colcon.colcon_core.package_identification:_identify(capstone_PCB/PCB/PCB-backups) by extensions ['ros']
[0.145s] Level 1:colcon.colcon_core.package_identification:_identify(capstone_PCB/PCB/PCB-backups) by extension 'ros'
[0.145s] Level 1:colcon.colcon_core.package_identification:_identify(capstone_PCB/PCB/PCB-backups) by extensions ['cmake', 'python']
[0.145s] Level 1:colcon.colcon_core.package_identification:_identify(capstone_PCB/PCB/PCB-backups) by extension 'cmake'
[0.145s] Level 1:colcon.colcon_core.package_identification:_identify(capstone_PCB/PCB/PCB-backups) by extension 'python'
[0.145s] Level 1:colcon.colcon_core.package_identification:_identify(capstone_PCB/PCB/PCB-backups) by extensions ['python_setup_py']
[0.145s] Level 1:colcon.colcon_core.package_identification:_identify(capstone_PCB/PCB/PCB-backups) by extension 'python_setup_py'
[0.145s] Level 1:colcon.colcon_core.package_identification:_identify(capstone_PCB/capstone_PCB-backups) by extensions ['ignore', 'ignore_ament_install']
[0.145s] Level 1:colcon.colcon_core.package_identification:_identify(capstone_PCB/capstone_PCB-backups) by extension 'ignore'
[0.145s] Level 1:colcon.colcon_core.package_identification:_identify(capstone_PCB/capstone_PCB-backups) by extension 'ignore_ament_install'
[0.145s] Level 1:colcon.colcon_core.package_identification:_identify(capstone_PCB/capstone_PCB-backups) by extensions ['colcon_pkg']
[0.145s] Level 1:colcon.colcon_core.package_identification:_identify(capstone_PCB/capstone_PCB-backups) by extension 'colcon_pkg'
[0.145s] Level 1:colcon.colcon_core.package_identification:_identify(capstone_PCB/capstone_PCB-backups) by extensions ['colcon_meta']
[0.145s] Level 1:colcon.colcon_core.package_identification:_identify(capstone_PCB/capstone_PCB-backups) by extension 'colcon_meta'
[0.145s] Level 1:colcon.colcon_core.package_identification:_identify(capstone_PCB/capstone_PCB-backups) by extensions ['ros']
[0.145s] Level 1:colcon.colcon_core.package_identification:_identify(capstone_PCB/capstone_PCB-backups) by extension 'ros'
[0.145s] Level 1:colcon.colcon_core.package_identification:_identify(capstone_PCB/capstone_PCB-backups) by extensions ['cmake', 'python']
[0.146s] Level 1:colcon.colcon_core.package_identification:_identify(capstone_PCB/capstone_PCB-backups) by extension 'cmake'
[0.146s] Level 1:colcon.colcon_core.package_identification:_identify(capstone_PCB/capstone_PCB-backups) by extension 'python'
[0.146s] Level 1:colcon.colcon_core.package_identification:_identify(capstone_PCB/capstone_PCB-backups) by extensions ['python_setup_py']
[0.146s] Level 1:colcon.colcon_core.package_identification:_identify(capstone_PCB/capstone_PCB-backups) by extension 'python_setup_py'
[0.146s] Level 1:colcon.colcon_core.package_identification:_identify(downloads) by extensions ['ignore', 'ignore_ament_install']
[0.146s] Level 1:colcon.colcon_core.package_identification:_identify(downloads) by extension 'ignore'
[0.146s] Level 1:colcon.colcon_core.package_identification:_identify(downloads) by extension 'ignore_ament_install'
[0.146s] Level 1:colcon.colcon_core.package_identification:_identify(downloads) by extensions ['colcon_pkg']
[0.146s] Level 1:colcon.colcon_core.package_identification:_identify(downloads) by extension 'colcon_pkg'
[0.146s] Level 1:colcon.colcon_core.package_identification:_identify(downloads) by extensions ['colcon_meta']
[0.146s] Level 1:colcon.colcon_core.package_identification:_identify(downloads) by extension 'colcon_meta'
[0.146s] Level 1:colcon.colcon_core.package_identification:_identify(downloads) by extensions ['ros']
[0.146s] Level 1:colcon.colcon_core.package_identification:_identify(downloads) by extension 'ros'
[0.146s] Level 1:colcon.colcon_core.package_identification:_identify(downloads) by extensions ['cmake', 'python']
[0.146s] Level 1:colcon.colcon_core.package_identification:_identify(downloads) by extension 'cmake'
[0.146s] Level 1:colcon.colcon_core.package_identification:_identify(downloads) by extension 'python'
[0.146s] Level 1:colcon.colcon_core.package_identification:_identify(downloads) by extensions ['python_setup_py']
[0.146s] Level 1:colcon.colcon_core.package_identification:_identify(downloads) by extension 'python_setup_py'
[0.146s] Level 1:colcon.colcon_core.package_identification:_identify(downloads/capstone_PCB) by extensions ['ignore', 'ignore_ament_install']
[0.146s] Level 1:colcon.colcon_core.package_identification:_identify(downloads/capstone_PCB) by extension 'ignore'
[0.146s] Level 1:colcon.colcon_core.package_identification:_identify(downloads/capstone_PCB) by extension 'ignore_ament_install'
[0.146s] Level 1:colcon.colcon_core.package_identification:_identify(downloads/capstone_PCB) by extensions ['colcon_pkg']
[0.146s] Level 1:colcon.colcon_core.package_identification:_identify(downloads/capstone_PCB) by extension 'colcon_pkg'
[0.146s] Level 1:colcon.colcon_core.package_identification:_identify(downloads/capstone_PCB) by extensions ['colcon_meta']
[0.147s] Level 1:colcon.colcon_core.package_identification:_identify(downloads/capstone_PCB) by extension 'colcon_meta'
[0.147s] Level 1:colcon.colcon_core.package_identification:_identify(downloads/capstone_PCB) by extensions ['ros']
[0.147s] Level 1:colcon.colcon_core.package_identification:_identify(downloads/capstone_PCB) by extension 'ros'
[0.147s] Level 1:colcon.colcon_core.package_identification:_identify(downloads/capstone_PCB) by extensions ['cmake', 'python']
[0.147s] Level 1:colcon.colcon_core.package_identification:_identify(downloads/capstone_PCB) by extension 'cmake'
[0.147s] Level 1:colcon.colcon_core.package_identification:_identify(downloads/capstone_PCB) by extension 'python'
[0.147s] Level 1:colcon.colcon_core.package_identification:_identify(downloads/capstone_PCB) by extensions ['python_setup_py']
[0.147s] Level 1:colcon.colcon_core.package_identification:_identify(downloads/capstone_PCB) by extension 'python_setup_py'
[0.147s] Level 1:colcon.colcon_core.package_identification:_identify(downloads/capstone_PCB/PCB) by extensions ['ignore', 'ignore_ament_install']
[0.147s] Level 1:colcon.colcon_core.package_identification:_identify(downloads/capstone_PCB/PCB) by extension 'ignore'
[0.147s] Level 1:colcon.colcon_core.package_identification:_identify(downloads/capstone_PCB/PCB) by extension 'ignore_ament_install'
[0.147s] Level 1:colcon.colcon_core.package_identification:_identify(downloads/capstone_PCB/PCB) by extensions ['colcon_pkg']
[0.147s] Level 1:colcon.colcon_core.package_identification:_identify(downloads/capstone_PCB/PCB) by extension 'colcon_pkg'
[0.147s] Level 1:colcon.colcon_core.package_identification:_identify(downloads/capstone_PCB/PCB) by extensions ['colcon_meta']
[0.147s] Level 1:colcon.colcon_core.package_identification:_identify(downloads/capstone_PCB/PCB) by extension 'colcon_meta'
[0.147s] Level 1:colcon.colcon_core.package_identification:_identify(downloads/capstone_PCB/PCB) by extensions ['ros']
[0.147s] Level 1:colcon.colcon_core.package_identification:_identify(downloads/capstone_PCB/PCB) by extension 'ros'
[0.147s] Level 1:colcon.colcon_core.package_identification:_identify(downloads/capstone_PCB/PCB) by extensions ['cmake', 'python']
[0.147s] Level 1:colcon.colcon_core.package_identification:_identify(downloads/capstone_PCB/PCB) by extension 'cmake'
[0.147s] Level 1:colcon.colcon_core.package_identification:_identify(downloads/capstone_PCB/PCB) by extension 'python'
[0.147s] Level 1:colcon.colcon_core.package_identification:_identify(downloads/capstone_PCB/PCB) by extensions ['python_setup_py']
[0.147s] Level 1:colcon.colcon_core.package_identification:_identify(downloads/capstone_PCB/PCB) by extension 'python_setup_py'
[0.147s] Level 1:colcon.colcon_core.package_identification:_identify(downloads/capstone_PCB/PCB/PCB-backups) by extensions ['ignore', 'ignore_ament_install']
[0.147s] Level 1:colcon.colcon_core.package_identification:_identify(downloads/capstone_PCB/PCB/PCB-backups) by extension 'ignore'
[0.148s] Level 1:colcon.colcon_core.package_identification:_identify(downloads/capstone_PCB/PCB/PCB-backups) by extension 'ignore_ament_install'
[0.148s] Level 1:colcon.colcon_core.package_identification:_identify(downloads/capstone_PCB/PCB/PCB-backups) by extensions ['colcon_pkg']
[0.148s] Level 1:colcon.colcon_core.package_identification:_identify(downloads/capstone_PCB/PCB/PCB-backups) by extension 'colcon_pkg'
[0.148s] Level 1:colcon.colcon_core.package_identification:_identify(downloads/capstone_PCB/PCB/PCB-backups) by extensions ['colcon_meta']
[0.148s] Level 1:colcon.colcon_core.package_identification:_identify(downloads/capstone_PCB/PCB/PCB-backups) by extension 'colcon_meta'
[0.148s] Level 1:colcon.colcon_core.package_identification:_identify(downloads/capstone_PCB/PCB/PCB-backups) by extensions ['ros']
[0.148s] Level 1:colcon.colcon_core.package_identification:_identify(downloads/capstone_PCB/PCB/PCB-backups) by extension 'ros'
[0.148s] Level 1:colcon.colcon_core.package_identification:_identify(downloads/capstone_PCB/PCB/PCB-backups) by extensions ['cmake', 'python']
[0.148s] Level 1:colcon.colcon_core.package_identification:_identify(downloads/capstone_PCB/PCB/PCB-backups) by extension 'cmake'
[0.148s] Level 1:colcon.colcon_core.package_identification:_identify(downloads/capstone_PCB/PCB/PCB-backups) by extension 'python'
[0.148s] Level 1:colcon.colcon_core.package_identification:_identify(downloads/capstone_PCB/PCB/PCB-backups) by extensions ['python_setup_py']
[0.148s] Level 1:colcon.colcon_core.package_identification:_identify(downloads/capstone_PCB/PCB/PCB-backups) by extension 'python_setup_py'
[0.148s] Level 1:colcon.colcon_core.package_identification:_identify(downloads/capstone_PCB/capstone_PCB-backups) by extensions ['ignore', 'ignore_ament_install']
[0.148s] Level 1:colcon.colcon_core.package_identification:_identify(downloads/capstone_PCB/capstone_PCB-backups) by extension 'ignore'
[0.148s] Level 1:colcon.colcon_core.package_identification:_identify(downloads/capstone_PCB/capstone_PCB-backups) by extension 'ignore_ament_install'
[0.148s] Level 1:colcon.colcon_core.package_identification:_identify(downloads/capstone_PCB/capstone_PCB-backups) by extensions ['colcon_pkg']
[0.148s] Level 1:colcon.colcon_core.package_identification:_identify(downloads/capstone_PCB/capstone_PCB-backups) by extension 'colcon_pkg'
[0.148s] Level 1:colcon.colcon_core.package_identification:_identify(downloads/capstone_PCB/capstone_PCB-backups) by extensions ['colcon_meta']
[0.148s] Level 1:colcon.colcon_core.package_identification:_identify(downloads/capstone_PCB/capstone_PCB-backups) by extension 'colcon_meta'
[0.148s] Level 1:colcon.colcon_core.package_identification:_identify(downloads/capstone_PCB/capstone_PCB-backups) by extensions ['ros']
[0.148s] Level 1:colcon.colcon_core.package_identification:_identify(downloads/capstone_PCB/capstone_PCB-backups) by extension 'ros'
[0.148s] Level 1:colcon.colcon_core.package_identification:_identify(downloads/capstone_PCB/capstone_PCB-backups) by extensions ['cmake', 'python']
[0.148s] Level 1:colcon.colcon_core.package_identification:_identify(downloads/capstone_PCB/capstone_PCB-backups) by extension 'cmake'
[0.148s] Level 1:colcon.colcon_core.package_identification:_identify(downloads/capstone_PCB/capstone_PCB-backups) by extension 'python'
[0.148s] Level 1:colcon.colcon_core.package_identification:_identify(downloads/capstone_PCB/capstone_PCB-backups) by extensions ['python_setup_py']
[0.149s] Level 1:colcon.colcon_core.package_identification:_identify(downloads/capstone_PCB/capstone_PCB-backups) by extension 'python_setup_py'
[0.149s] Level 1:colcon.colcon_core.package_identification:_identify(external_controller) by extensions ['ignore', 'ignore_ament_install']
[0.149s] Level 1:colcon.colcon_core.package_identification:_identify(external_controller) by extension 'ignore'
[0.149s] Level 1:colcon.colcon_core.package_identification:_identify(external_controller) by extension 'ignore_ament_install'
[0.149s] Level 1:colcon.colcon_core.package_identification:_identify(external_controller) by extensions ['colcon_pkg']
[0.149s] Level 1:colcon.colcon_core.package_identification:_identify(external_controller) by extension 'colcon_pkg'
[0.149s] Level 1:colcon.colcon_core.package_identification:_identify(external_controller) by extensions ['colcon_meta']
[0.149s] Level 1:colcon.colcon_core.package_identification:_identify(external_controller) by extension 'colcon_meta'
[0.149s] Level 1:colcon.colcon_core.package_identification:_identify(external_controller) by extensions ['ros']
[0.149s] Level 1:colcon.colcon_core.package_identification:_identify(external_controller) by extension 'ros'
[0.149s] Level 1:colcon.colcon_core.package_identification:_identify(external_controller) by extensions ['cmake', 'python']
[0.149s] Level 1:colcon.colcon_core.package_identification:_identify(external_controller) by extension 'cmake'
[0.149s] Level 1:colcon.colcon_core.package_identification:_identify(external_controller) by extension 'python'
[0.149s] Level 1:colcon.colcon_core.package_identification:_identify(external_controller) by extensions ['python_setup_py']
[0.149s] Level 1:colcon.colcon_core.package_identification:_identify(external_controller) by extension 'python_setup_py'
[0.149s] Level 1:colcon.colcon_core.package_identification:_identify(install) by extensions ['ignore', 'ignore_ament_install']
[0.149s] Level 1:colcon.colcon_core.package_identification:_identify(install) by extension 'ignore'
[0.149s] Level 1:colcon.colcon_core.package_identification:_identify(install) ignored
[0.149s] Level 1:colcon.colcon_core.package_identification:_identify(log) by extensions ['ignore', 'ignore_ament_install']
[0.149s] Level 1:colcon.colcon_core.package_identification:_identify(log) by extension 'ignore'
[0.149s] Level 1:colcon.colcon_core.package_identification:_identify(log) ignored
[0.149s] Level 1:colcon.colcon_core.package_identification:_identify(scripts) by extensions ['ignore', 'ignore_ament_install']
[0.150s] Level 1:colcon.colcon_core.package_identification:_identify(scripts) by extension 'ignore'
[0.150s] Level 1:colcon.colcon_core.package_identification:_identify(scripts) by extension 'ignore_ament_install'
[0.150s] Level 1:colcon.colcon_core.package_identification:_identify(scripts) by extensions ['colcon_pkg']
[0.150s] Level 1:colcon.colcon_core.package_identification:_identify(scripts) by extension 'colcon_pkg'
[0.150s] Level 1:colcon.colcon_core.package_identification:_identify(scripts) by extensions ['colcon_meta']
[0.150s] Level 1:colcon.colcon_core.package_identification:_identify(scripts) by extension 'colcon_meta'
[0.150s] Level 1:colcon.colcon_core.package_identification:_identify(scripts) by extensions ['ros']
[0.150s] Level 1:colcon.colcon_core.package_identification:_identify(scripts) by extension 'ros'
[0.150s] Level 1:colcon.colcon_core.package_identification:_identify(scripts) by extensions ['cmake', 'python']
[0.150s] Level 1:colcon.colcon_core.package_identification:_identify(scripts) by extension 'cmake'
[0.150s] Level 1:colcon.colcon_core.package_identification:_identify(scripts) by extension 'python'
[0.150s] Level 1:colcon.colcon_core.package_identification:_identify(scripts) by extensions ['python_setup_py']
[0.150s] Level 1:colcon.colcon_core.package_identification:_identify(scripts) by extension 'python_setup_py'
[0.150s] Level 1:colcon.colcon_core.package_identification:_identify(src) by extensions ['ignore', 'ignore_ament_install']
[0.150s] Level 1:colcon.colcon_core.package_identification:_identify(src) by extension 'ignore'
[0.150s] Level 1:colcon.colcon_core.package_identification:_identify(src) by extension 'ignore_ament_install'
[0.150s] Level 1:colcon.colcon_core.package_identification:_identify(src) by extensions ['colcon_pkg']
[0.150s] Level 1:colcon.colcon_core.package_identification:_identify(src) by extension 'colcon_pkg'
[0.150s] Level 1:colcon.colcon_core.package_identification:_identify(src) by extensions ['colcon_meta']
[0.150s] Level 1:colcon.colcon_core.package_identification:_identify(src) by extension 'colcon_meta'
[0.150s] Level 1:colcon.colcon_core.package_identification:_identify(src) by extensions ['ros']
[0.150s] Level 1:colcon.colcon_core.package_identification:_identify(src) by extension 'ros'
[0.150s] Level 1:colcon.colcon_core.package_identification:_identify(src) by extensions ['cmake', 'python']
[0.150s] Level 1:colcon.colcon_core.package_identification:_identify(src) by extension 'cmake'
[0.150s] Level 1:colcon.colcon_core.package_identification:_identify(src) by extension 'python'
[0.150s] Level 1:colcon.colcon_core.package_identification:_identify(src) by extensions ['python_setup_py']
[0.150s] Level 1:colcon.colcon_core.package_identification:_identify(src) by extension 'python_setup_py'
[0.151s] Level 1:colcon.colcon_core.package_identification:_identify(src/build) by extensions ['ignore', 'ignore_ament_install']
[0.151s] Level 1:colcon.colcon_core.package_identification:_identify(src/build) by extension 'ignore'
[0.151s] Level 1:colcon.colcon_core.package_identification:_identify(src/build) ignored
[0.151s] Level 1:colcon.colcon_core.package_identification:_identify(src/install) by extensions ['ignore', 'ignore_ament_install']
[0.151s] Level 1:colcon.colcon_core.package_identification:_identify(src/install) by extension 'ignore'
[0.151s] Level 1:colcon.colcon_core.package_identification:_identify(src/install) ignored
[0.151s] Level 1:colcon.colcon_core.package_identification:_identify(src/lcd_bridge) by extensions ['ignore', 'ignore_ament_install']
[0.151s] Level 1:colcon.colcon_core.package_identification:_identify(src/lcd_bridge) by extension 'ignore'
[0.151s] Level 1:colcon.colcon_core.package_identification:_identify(src/lcd_bridge) by extension 'ignore_ament_install'
[0.151s] Level 1:colcon.colcon_core.package_identification:_identify(src/lcd_bridge) by extensions ['colcon_pkg']
[0.151s] Level 1:colcon.colcon_core.package_identification:_identify(src/lcd_bridge) by extension 'colcon_pkg'
[0.151s] Level 1:colcon.colcon_core.package_identification:_identify(src/lcd_bridge) by extensions ['colcon_meta']
[0.151s] Level 1:colcon.colcon_core.package_identification:_identify(src/lcd_bridge) by extension 'colcon_meta'
[0.151s] Level 1:colcon.colcon_core.package_identification:_identify(src/lcd_bridge) by extensions ['ros']
[0.151s] Level 1:colcon.colcon_core.package_identification:_identify(src/lcd_bridge) by extension 'ros'
[0.154s] DEBUG:colcon.colcon_core.package_identification:Package 'src/lcd_bridge' with type 'ros.ament_python' and name 'lcd_bridge'
[0.154s] Level 1:colcon.colcon_core.package_identification:_identify(src/log) by extensions ['ignore', 'ignore_ament_install']
[0.154s] Level 1:colcon.colcon_core.package_identification:_identify(src/log) by extension 'ignore'
[0.154s] Level 1:colcon.colcon_core.package_identification:_identify(src/log) ignored
[0.154s] Level 1:colcon.colcon_core.package_identification:_identify(src/portamail_coordinator) by extensions ['ignore', 'ignore_ament_install']
[0.154s] Level 1:colcon.colcon_core.package_identification:_identify(src/portamail_coordinator) by extension 'ignore'
[0.154s] Level 1:colcon.colcon_core.package_identification:_identify(src/portamail_coordinator) by extension 'ignore_ament_install'
[0.154s] Level 1:colcon.colcon_core.package_identification:_identify(src/portamail_coordinator) by extensions ['colcon_pkg']
[0.154s] Level 1:colcon.colcon_core.package_identification:_identify(src/portamail_coordinator) by extension 'colcon_pkg'
[0.154s] Level 1:colcon.colcon_core.package_identification:_identify(src/portamail_coordinator) by extensions ['colcon_meta']
[0.154s] Level 1:colcon.colcon_core.package_identification:_identify(src/portamail_coordinator) by extension 'colcon_meta'
[0.154s] Level 1:colcon.colcon_core.package_identification:_identify(src/portamail_coordinator) by extensions ['ros']
[0.154s] Level 1:colcon.colcon_core.package_identification:_identify(src/portamail_coordinator) by extension 'ros'
[0.155s] DEBUG:colcon.colcon_core.package_identification:Package 'src/portamail_coordinator' with type 'ros.ament_cmake' and name 'portamail_coordinator'
[0.155s] Level 1:colcon.colcon_core.package_identification:_identify(src/portamail_navigator) by extensions ['ignore', 'ignore_ament_install']
[0.155s] Level 1:colcon.colcon_core.package_identification:_identify(src/portamail_navigator) by extension 'ignore'
[0.155s] Level 1:colcon.colcon_core.package_identification:_identify(src/portamail_navigator) by extension 'ignore_ament_install'
[0.155s] Level 1:colcon.colcon_core.package_identification:_identify(src/portamail_navigator) by extensions ['colcon_pkg']
[0.155s] Level 1:colcon.colcon_core.package_identification:_identify(src/portamail_navigator) by extension 'colcon_pkg'
[0.155s] Level 1:colcon.colcon_core.package_identification:_identify(src/portamail_navigator) by extensions ['colcon_meta']
[0.155s] Level 1:colcon.colcon_core.package_identification:_identify(src/portamail_navigator) by extension 'colcon_meta'
[0.155s] Level 1:colcon.colcon_core.package_identification:_identify(src/portamail_navigator) by extensions ['ros']
[0.155s] Level 1:colcon.colcon_core.package_identification:_identify(src/portamail_navigator) by extension 'ros'
[0.156s] DEBUG:colcon.colcon_core.package_identification:Package 'src/portamail_navigator' with type 'ros.ament_cmake' and name 'portamail_navigator'
[0.156s] Level 1:colcon.colcon_core.package_identification:_identify(src/sllidar_ros2) by extensions ['ignore', 'ignore_ament_install']
[0.156s] Level 1:colcon.colcon_core.package_identification:_identify(src/sllidar_ros2) by extension 'ignore'
[0.156s] Level 1:colcon.colcon_core.package_identification:_identify(src/sllidar_ros2) by extension 'ignore_ament_install'
[0.156s] Level 1:colcon.colcon_core.package_identification:_identify(src/sllidar_ros2) by extensions ['colcon_pkg']
[0.156s] Level 1:colcon.colcon_core.package_identification:_identify(src/sllidar_ros2) by extension 'colcon_pkg'
[0.156s] Level 1:colcon.colcon_core.package_identification:_identify(src/sllidar_ros2) by extensions ['colcon_meta']
[0.156s] Level 1:colcon.colcon_core.package_identification:_identify(src/sllidar_ros2) by extension 'colcon_meta'
[0.156s] Level 1:colcon.colcon_core.package_identification:_identify(src/sllidar_ros2) by extensions ['ros']
[0.156s] Level 1:colcon.colcon_core.package_identification:_identify(src/sllidar_ros2) by extension 'ros'
[0.156s] Level 1:colcon.colcon_core.package_identification:_identify(src/sllidar_ros2) by extensions ['cmake', 'python']
[0.156s] Level 1:colcon.colcon_core.package_identification:_identify(src/sllidar_ros2) by extension 'cmake'
[0.157s] Level 1:colcon.colcon_core.package_identification:_identify(src/sllidar_ros2) by extension 'python'
[0.157s] Level 1:colcon.colcon_core.package_identification:_identify(src/sllidar_ros2) by extensions ['python_setup_py']
[0.157s] Level 1:colcon.colcon_core.package_identification:_identify(src/sllidar_ros2) by extension 'python_setup_py'
[0.157s] Level 1:colcon.colcon_core.package_discovery:discover_packages(recursive) using defaults
[0.157s] Level 1:colcon.colcon_core.package_discovery:discover_packages(ignore) discover
[0.157s] Level 1:colcon.colcon_core.package_discovery:discover_packages(ignore) using defaults
[0.157s] Level 1:colcon.colcon_core.package_discovery:discover_packages(path) discover
[0.157s] Level 1:colcon.colcon_core.package_discovery:discover_packages(path) using defaults
[0.171s] INFO:colcon.colcon_core.package_selection:Skipping not selected package 'lcd_bridge' in 'src/lcd_bridge'
[0.171s] INFO:colcon.colcon_core.package_selection:Skipping not selected package 'portamail_coordinator' in 'src/portamail_coordinator'
[0.171s] Level 1:colcon.colcon_core.package_discovery:discover_packages(prefix_path) check parameters
[0.171s] Level 1:colcon.colcon_core.package_discovery:discover_packages(prefix_path) discover
[0.172s] DEBUG:colcon.colcon_installed_package_information.package_discovery:Found 2 installed packages in /home/david-ezuma/Documents/PortaMailCapstone/install
[0.174s] DEBUG:colcon.colcon_installed_package_information.package_discovery:Found 312 installed packages in /opt/ros/jazzy
[0.174s] Level 1:colcon.colcon_core.package_discovery:discover_packages(prefix_path) using defaults
[0.209s] Level 5:colcon.colcon_core.verb:set package 'portamail_navigator' build argument 'cmake_args' from command line to 'None'
[0.209s] Level 5:colcon.colcon_core.verb:set package 'portamail_navigator' build argument 'cmake_target' from command line to 'None'
[0.209s] Level 5:colcon.colcon_core.verb:set package 'portamail_navigator' build argument 'cmake_target_skip_unavailable' from command line to 'False'
[0.209s] Level 5:colcon.colcon_core.verb:set package 'portamail_navigator' build argument 'cmake_clean_cache' from command line to 'False'
[0.209s] Level 5:colcon.colcon_core.verb:set package 'portamail_navigator' build argument 'cmake_clean_first' from command line to 'False'
[0.210s] Level 5:colcon.colcon_core.verb:set package 'portamail_navigator' build argument 'cmake_force_configure' from command line to 'False'
[0.210s] Level 5:colcon.colcon_core.verb:set package 'portamail_navigator' build argument 'ament_cmake_args' from command line to 'None'
[0.210s] Level 5:colcon.colcon_core.verb:set package 'portamail_navigator' build argument 'catkin_cmake_args' from command line to 'None'
[0.210s] Level 5:colcon.colcon_core.verb:set package 'portamail_navigator' build argument 'catkin_skip_building_tests' from command line to 'False'
[0.210s] DEBUG:colcon.colcon_core.verb:Building package 'portamail_navigator' with the following arguments: {'ament_cmake_args': None, 'build_base': '/home/david-ezuma/Documents/PortaMailCapstone/build/portamail_navigator', 'catkin_cmake_args': None, 'catkin_skip_building_tests': False, 'cmake_args': None, 'cmake_clean_cache': False, 'cmake_clean_first': False, 'cmake_force_configure': False, 'cmake_target': None, 'cmake_target_skip_unavailable': False, 'install_base': '/home/david-ezuma/Documents/PortaMailCapstone/install/portamail_navigator', 'merge_install': False, 'path': '/home/david-ezuma/Documents/PortaMailCapstone/src/portamail_navigator', 'symlink_install': False, 'test_result_base': None}
[0.210s] INFO:colcon.colcon_core.executor:Executing jobs using 'parallel' executor
[0.210s] DEBUG:colcon.colcon_parallel_executor.executor.parallel:run_until_complete
[0.211s] INFO:colcon.colcon_ros.task.ament_cmake.build:Building ROS package in '/home/david-ezuma/Documents/PortaMailCapstone/src/portamail_navigator' with build type 'ament_cmake'
[0.211s] INFO:colcon.colcon_cmake.task.cmake.build:Building CMake package in '/home/david-ezuma/Documents/PortaMailCapstone/src/portamail_navigator'
[0.212s] INFO:colcon.colcon_core.plugin_system:Skipping extension 'colcon_core.shell.bat': Not used on non-Windows systems
[0.212s] INFO:colcon.colcon_core.shell:Skip shell extension 'powershell' for command environment: Not usable outside of PowerShell
[0.212s] DEBUG:colcon.colcon_core.shell:Skip shell extension 'dsv' for command environment
[0.219s] DEBUG:colcon.colcon_core.event_handler.log_command:Invoking command in '/home/david-ezuma/Documents/PortaMailCapstone/build/portamail_navigator': CMAKE_PREFIX_PATH=${CMAKE_PREFIX_PATH}:/opt/ros/jazzy DEBUGINFOD_URLS=https://debuginfod.ubuntu.com /usr/bin/cmake --build /home/david-ezuma/Documents/PortaMailCapstone/build/portamail_navigator -- -j12 -l12
[0.270s] DEBUG:colcon.colcon_core.event_handler.log_command:Invoked command in '/home/david-ezuma/Documents/PortaMailCapstone/build/portamail_navigator' returned '0': CMAKE_PREFIX_PATH=${CMAKE_PREFIX_PATH}:/opt/ros/jazzy DEBUGINFOD_URLS=https://debuginfod.ubuntu.com /usr/bin/cmake --build /home/david-ezuma/Documents/PortaMailCapstone/build/portamail_navigator -- -j12 -l12
[0.277s] DEBUG:colcon.colcon_core.event_handler.log_command:Invoking command in '/home/david-ezuma/Documents/PortaMailCapstone/build/portamail_navigator': CMAKE_PREFIX_PATH=${CMAKE_PREFIX_PATH}:/opt/ros/jazzy DEBUGINFOD_URLS=https://debuginfod.ubuntu.com /usr/bin/cmake --install /home/david-ezuma/Documents/PortaMailCapstone/build/portamail_navigator
[0.286s] Level 1:colcon.colcon_core.environment:create_environment_scripts_only(portamail_navigator)
[0.286s] DEBUG:colcon.colcon_core.event_handler.log_command:Invoked command in '/home/david-ezuma/Documents/PortaMailCapstone/build/portamail_navigator' returned '0': CMAKE_PREFIX_PATH=${CMAKE_PREFIX_PATH}:/opt/ros/jazzy DEBUGINFOD_URLS=https://debuginfod.ubuntu.com /usr/bin/cmake --install /home/david-ezuma/Documents/PortaMailCapstone/build/portamail_navigator
[0.287s] Level 1:colcon.colcon_core.environment:checking '/home/david-ezuma/Documents/PortaMailCapstone/install/portamail_navigator' for CMake module files
[0.288s] Level 1:colcon.colcon_core.environment:checking '/home/david-ezuma/Documents/PortaMailCapstone/install/portamail_navigator' for CMake config files
[0.288s] Level 1:colcon.colcon_core.shell:create_environment_hook('portamail_navigator', 'cmake_prefix_path')
[0.288s] INFO:colcon.colcon_core.shell:Creating environment hook '/home/david-ezuma/Documents/PortaMailCapstone/install/portamail_navigator/share/portamail_navigator/hook/cmake_prefix_path.ps1'
[0.289s] INFO:colcon.colcon_core.shell:Creating environment descriptor '/home/david-ezuma/Documents/PortaMailCapstone/install/portamail_navigator/share/portamail_navigator/hook/cmake_prefix_path.dsv'
[0.289s] INFO:colcon.colcon_core.shell:Creating environment hook '/home/david-ezuma/Documents/PortaMailCapstone/install/portamail_navigator/share/portamail_navigator/hook/cmake_prefix_path.sh'
[0.291s] Level 1:colcon.colcon_core.environment:checking '/home/david-ezuma/Documents/PortaMailCapstone/install/portamail_navigator/lib'
[0.291s] Level 1:colcon.colcon_core.environment:checking '/home/david-ezuma/Documents/PortaMailCapstone/install/portamail_navigator/bin'
[0.291s] Level 1:colcon.colcon_core.environment:checking '/home/david-ezuma/Documents/PortaMailCapstone/install/portamail_navigator/lib/pkgconfig/portamail_navigator.pc'
[0.291s] Level 1:colcon.colcon_core.environment:checking '/home/david-ezuma/Documents/PortaMailCapstone/install/portamail_navigator/lib/python3.12/site-packages'
[0.292s] Level 1:colcon.colcon_core.environment:checking '/home/david-ezuma/Documents/PortaMailCapstone/install/portamail_navigator/bin'
[0.292s] INFO:colcon.colcon_core.shell:Creating package script '/home/david-ezuma/Documents/PortaMailCapstone/install/portamail_navigator/share/portamail_navigator/package.ps1'
[0.293s] INFO:colcon.colcon_core.shell:Creating package descriptor '/home/david-ezuma/Documents/PortaMailCapstone/install/portamail_navigator/share/portamail_navigator/package.dsv'
[0.294s] INFO:colcon.colcon_core.shell:Creating package script '/home/david-ezuma/Documents/PortaMailCapstone/install/portamail_navigator/share/portamail_navigator/package.sh'
[0.294s] INFO:colcon.colcon_core.shell:Creating package script '/home/david-ezuma/Documents/PortaMailCapstone/install/portamail_navigator/share/portamail_navigator/package.bash'
[0.295s] INFO:colcon.colcon_core.shell:Creating package script '/home/david-ezuma/Documents/PortaMailCapstone/install/portamail_navigator/share/portamail_navigator/package.zsh'
[0.296s] Level 1:colcon.colcon_core.environment:create_file_with_runtime_dependencies(/home/david-ezuma/Documents/PortaMailCapstone/install/portamail_navigator/share/colcon-core/packages/portamail_navigator)
[0.297s] Level 1:colcon.colcon_core.environment:create_environment_scripts_only(portamail_navigator)
[0.297s] Level 1:colcon.colcon_core.environment:checking '/home/david-ezuma/Documents/PortaMailCapstone/install/portamail_navigator' for CMake module files
[0.298s] Level 1:colcon.colcon_core.environment:checking '/home/david-ezuma/Documents/PortaMailCapstone/install/portamail_navigator' for CMake config files
[0.298s] Level 1:colcon.colcon_core.shell:create_environment_hook('portamail_navigator', 'cmake_prefix_path')
[0.298s] INFO:colcon.colcon_core.shell:Creating environment hook '/home/david-ezuma/Documents/PortaMailCapstone/install/portamail_navigator/share/portamail_navigator/hook/cmake_prefix_path.ps1'
[0.299s] INFO:colcon.colcon_core.shell:Creating environment descriptor '/home/david-ezuma/Documents/PortaMailCapstone/install/portamail_navigator/share/portamail_navigator/hook/cmake_prefix_path.dsv'
[0.299s] INFO:colcon.colcon_core.shell:Creating environment hook '/home/david-ezuma/Documents/PortaMailCapstone/install/portamail_navigator/share/portamail_navigator/hook/cmake_prefix_path.sh'
[0.300s] Level 1:colcon.colcon_core.environment:checking '/home/david-ezuma/Documents/PortaMailCapstone/install/portamail_navigator/lib'
[0.300s] Level 1:colcon.colcon_core.environment:checking '/home/david-ezuma/Documents/PortaMailCapstone/install/portamail_navigator/bin'
[0.300s] Level 1:colcon.colcon_core.environment:checking '/home/david-ezuma/Documents/PortaMailCapstone/install/portamail_navigator/lib/pkgconfig/portamail_navigator.pc'
[0.301s] Level 1:colcon.colcon_core.environment:checking '/home/david-ezuma/Documents/PortaMailCapstone/install/portamail_navigator/lib/python3.12/site-packages'
[0.301s] Level 1:colcon.colcon_core.environment:checking '/home/david-ezuma/Documents/PortaMailCapstone/install/portamail_navigator/bin'
[0.301s] INFO:colcon.colcon_core.shell:Creating package script '/home/david-ezuma/Documents/PortaMailCapstone/install/portamail_navigator/share/portamail_navigator/package.ps1'
[0.302s] INFO:colcon.colcon_core.shell:Creating package descriptor '/home/david-ezuma/Documents/PortaMailCapstone/install/portamail_navigator/share/portamail_navigator/package.dsv'
[0.302s] INFO:colcon.colcon_core.shell:Creating package script '/home/david-ezuma/Documents/PortaMailCapstone/install/portamail_navigator/share/portamail_navigator/package.sh'
[0.303s] INFO:colcon.colcon_core.shell:Creating package script '/home/david-ezuma/Documents/PortaMailCapstone/install/portamail_navigator/share/portamail_navigator/package.bash'
[0.303s] INFO:colcon.colcon_core.shell:Creating package script '/home/david-ezuma/Documents/PortaMailCapstone/install/portamail_navigator/share/portamail_navigator/package.zsh'
[0.304s] Level 1:colcon.colcon_core.environment:create_file_with_runtime_dependencies(/home/david-ezuma/Documents/PortaMailCapstone/install/portamail_navigator/share/colcon-core/packages/portamail_navigator)
[0.304s] DEBUG:colcon.colcon_parallel_executor.executor.parallel:closing loop
[0.304s] DEBUG:colcon.colcon_parallel_executor.executor.parallel:loop closed
[0.304s] DEBUG:colcon.colcon_parallel_executor.executor.parallel:run_until_complete finished with '0'
[0.305s] DEBUG:colcon.colcon_core.event_reactor:joining thread
[0.312s] INFO:colcon.colcon_core.plugin_system:Skipping extension 'colcon_notification.desktop_notification.terminal_notifier': Not used on non-Darwin systems
[0.312s] INFO:colcon.colcon_core.plugin_system:Skipping extension 'colcon_notification.desktop_notification.win32': Not used on non-Windows systems
[0.312s] INFO:colcon.colcon_notification.desktop_notification:Sending desktop notification using 'notify2'
[0.338s] DEBUG:colcon.colcon_core.event_reactor:joined thread
[0.339s] INFO:colcon.colcon_core.shell:Creating prefix script '/home/david-ezuma/Documents/PortaMailCapstone/install/local_setup.ps1'
[0.340s] INFO:colcon.colcon_core.shell:Creating prefix util module '/home/david-ezuma/Documents/PortaMailCapstone/install/_local_setup_util_ps1.py'
[0.342s] INFO:colcon.colcon_core.shell:Creating prefix chain script '/home/david-ezuma/Documents/PortaMailCapstone/install/setup.ps1'
[0.343s] INFO:colcon.colcon_core.shell:Creating prefix script '/home/david-ezuma/Documents/PortaMailCapstone/install/local_setup.sh'
[0.344s] INFO:colcon.colcon_core.shell:Creating prefix util module '/home/david-ezuma/Documents/PortaMailCapstone/install/_local_setup_util_sh.py'
[0.345s] INFO:colcon.colcon_core.shell:Creating prefix chain script '/home/david-ezuma/Documents/PortaMailCapstone/install/setup.sh'
[0.346s] INFO:colcon.colcon_core.shell:Creating prefix script '/home/david-ezuma/Documents/PortaMailCapstone/install/local_setup.bash'
[0.347s] INFO:colcon.colcon_core.shell:Creating prefix chain script '/home/david-ezuma/Documents/PortaMailCapstone/install/setup.bash'
[0.348s] INFO:colcon.colcon_core.shell:Creating prefix script '/home/david-ezuma/Documents/PortaMailCapstone/install/local_setup.zsh'
[0.349s] INFO:colcon.colcon_core.shell:Creating prefix chain script '/home/david-ezuma/Documents/PortaMailCapstone/install/setup.zsh'
