[1.380s] DEBUG:colcon:Command line arguments: ['/usr/bin/colcon', 'build', '--packages-select', 'carmen_player']
[1.382s] DEBUG:colcon:Parsed command line arguments: Namespace(log_base=None, log_level=None, verb_name='build', build_base='build', install_base='install', merge_install=False, symlink_install=False, test_result_base=None, continue_on_error=False, executor='parallel', parallel_workers=12, event_handlers=None, ignore_user_meta=False, metas=['./colcon.meta'], base_paths=['.'], packages_ignore=None, packages_ignore_regex=None, paths=None, packages_up_to=None, packages_up_to_regex=None, packages_above=None, packages_above_and_dependencies=None, packages_above_depth=None, packages_select_by_dep=None, packages_skip_by_dep=None, packages_skip_up_to=None, packages_select_build_failed=False, packages_skip_build_finished=False, packages_select_test_failures=False, packages_skip_test_passed=False, packages_select=['carmen_player'], packages_skip=None, packages_select_regex=None, packages_skip_regex=None, packages_start=None, packages_end=None, allow_overriding=[], cmake_args=None, cmake_target=None, cmake_target_skip_unavailable=False, cmake_clean_cache=False, cmake_clean_first=False, cmake_force_configure=False, ament_cmake_args=None, catkin_cmake_args=None, catkin_skip_building_tests=False, mixin_files=None, mixin=None, verb_parser=<colcon_mixin.mixin.mixin_argument.MixinArgumentDecorator object at 0x7745a0882060>, verb_extension=<colcon_core.verb.build.BuildVerb object at 0x7745a099e810>, main=<bound method BuildVerb.main of <colcon_core.verb.build.BuildVerb object at 0x7745a099e810>>, mixin_verb=('build',))
[1.847s] Level 1:colcon.colcon_core.package_discovery:discover_packages(colcon_meta) check parameters
[1.849s] Level 1:colcon.colcon_core.package_discovery:discover_packages(recursive) check parameters
[1.851s] Level 1:colcon.colcon_core.package_discovery:discover_packages(ignore) check parameters
[1.851s] Level 1:colcon.colcon_core.package_discovery:discover_packages(path) check parameters
[1.852s] Level 1:colcon.colcon_core.package_discovery:discover_packages(colcon_meta) discover
[1.853s] Level 1:colcon.colcon_core.package_discovery:discover_packages(recursive) discover
[1.854s] INFO:colcon.colcon_core.package_discovery:Crawling recursively for packages in '/mnt/c/Users/David/onedrive/Documents/Projects/PortaMailCapstone'
[1.858s] Level 1:colcon.colcon_core.package_identification:_identify(.) by extensions ['ignore', 'ignore_ament_install']
[1.859s] Level 1:colcon.colcon_core.package_identification:_identify(.) by extension 'ignore'
[1.860s] Level 1:colcon.colcon_core.package_identification:_identify(.) by extension 'ignore_ament_install'
[1.862s] Level 1:colcon.colcon_core.package_identification:_identify(.) by extensions ['colcon_pkg']
[1.862s] Level 1:colcon.colcon_core.package_identification:_identify(.) by extension 'colcon_pkg'
[1.863s] Level 1:colcon.colcon_core.package_identification:_identify(.) by extensions ['colcon_meta']
[1.864s] Level 1:colcon.colcon_core.package_identification:_identify(.) by extension 'colcon_meta'
[1.865s] Level 1:colcon.colcon_core.package_identification:_identify(.) by extensions ['ros']
[1.866s] Level 1:colcon.colcon_core.package_identification:_identify(.) by extension 'ros'
[2.007s] Level 1:colcon.colcon_core.package_identification:_identify(.) by extensions ['cmake', 'python']
[2.007s] Level 1:colcon.colcon_core.package_identification:_identify(.) by extension 'cmake'
[2.008s] Level 1:colcon.colcon_core.package_identification:_identify(.) by extension 'python'
[2.009s] Level 1:colcon.colcon_core.package_identification:_identify(.) by extensions ['python_setup_py']
[2.010s] Level 1:colcon.colcon_core.package_identification:_identify(.) by extension 'python_setup_py'
[2.016s] Level 1:colcon.colcon_core.package_identification:_identify(Datasets) by extensions ['ignore', 'ignore_ament_install']
[2.017s] Level 1:colcon.colcon_core.package_identification:_identify(Datasets) by extension 'ignore'
[2.019s] Level 1:colcon.colcon_core.package_identification:_identify(Datasets) by extension 'ignore_ament_install'
[2.022s] Level 1:colcon.colcon_core.package_identification:_identify(Datasets) by extensions ['colcon_pkg']
[2.023s] Level 1:colcon.colcon_core.package_identification:_identify(Datasets) by extension 'colcon_pkg'
[2.025s] Level 1:colcon.colcon_core.package_identification:_identify(Datasets) by extensions ['colcon_meta']
[2.027s] Level 1:colcon.colcon_core.package_identification:_identify(Datasets) by extension 'colcon_meta'
[2.030s] Level 1:colcon.colcon_core.package_identification:_identify(Datasets) by extensions ['ros']
[2.031s] Level 1:colcon.colcon_core.package_identification:_identify(Datasets) by extension 'ros'
[2.041s] Level 1:colcon.colcon_core.package_identification:_identify(Datasets) by extensions ['cmake', 'python']
[2.041s] Level 1:colcon.colcon_core.package_identification:_identify(Datasets) by extension 'cmake'
[2.044s] Level 1:colcon.colcon_core.package_identification:_identify(Datasets) by extension 'python'
[2.047s] Level 1:colcon.colcon_core.package_identification:_identify(Datasets) by extensions ['python_setup_py']
[2.047s] Level 1:colcon.colcon_core.package_identification:_identify(Datasets) by extension 'python_setup_py'
[2.056s] Level 1:colcon.colcon_core.package_identification:_identify(build) by extensions ['ignore', 'ignore_ament_install']
[2.057s] Level 1:colcon.colcon_core.package_identification:_identify(build) by extension 'ignore'
[2.062s] Level 1:colcon.colcon_core.package_identification:_identify(build) ignored
[2.070s] Level 1:colcon.colcon_core.package_identification:_identify(install) by extensions ['ignore', 'ignore_ament_install']
[2.071s] Level 1:colcon.colcon_core.package_identification:_identify(install) by extension 'ignore'
[2.074s] Level 1:colcon.colcon_core.package_identification:_identify(install) ignored
[2.086s] Level 1:colcon.colcon_core.package_identification:_identify(log) by extensions ['ignore', 'ignore_ament_install']
[2.087s] Level 1:colcon.colcon_core.package_identification:_identify(log) by extension 'ignore'
[2.090s] Level 1:colcon.colcon_core.package_identification:_identify(log) ignored
[2.099s] Level 1:colcon.colcon_core.package_identification:_identify(src) by extensions ['ignore', 'ignore_ament_install']
[2.100s] Level 1:colcon.colcon_core.package_identification:_identify(src) by extension 'ignore'
[2.102s] Level 1:colcon.colcon_core.package_identification:_identify(src) by extension 'ignore_ament_install'
[2.106s] Level 1:colcon.colcon_core.package_identification:_identify(src) by extensions ['colcon_pkg']
[2.107s] Level 1:colcon.colcon_core.package_identification:_identify(src) by extension 'colcon_pkg'
[2.109s] Level 1:colcon.colcon_core.package_identification:_identify(src) by extensions ['colcon_meta']
[2.109s] Level 1:colcon.colcon_core.package_identification:_identify(src) by extension 'colcon_meta'
[2.112s] Level 1:colcon.colcon_core.package_identification:_identify(src) by extensions ['ros']
[2.113s] Level 1:colcon.colcon_core.package_identification:_identify(src) by extension 'ros'
[2.124s] Level 1:colcon.colcon_core.package_identification:_identify(src) by extensions ['cmake', 'python']
[2.125s] Level 1:colcon.colcon_core.package_identification:_identify(src) by extension 'cmake'
[2.127s] Level 1:colcon.colcon_core.package_identification:_identify(src) by extension 'python'
[2.130s] Level 1:colcon.colcon_core.package_identification:_identify(src) by extensions ['python_setup_py']
[2.131s] Level 1:colcon.colcon_core.package_identification:_identify(src) by extension 'python_setup_py'
[2.140s] Level 1:colcon.colcon_core.package_identification:_identify(src/carmen_player) by extensions ['ignore', 'ignore_ament_install']
[2.140s] Level 1:colcon.colcon_core.package_identification:_identify(src/carmen_player) by extension 'ignore'
[2.142s] Level 1:colcon.colcon_core.package_identification:_identify(src/carmen_player) by extension 'ignore_ament_install'
[2.146s] Level 1:colcon.colcon_core.package_identification:_identify(src/carmen_player) by extensions ['colcon_pkg']
[2.147s] Level 1:colcon.colcon_core.package_identification:_identify(src/carmen_player) by extension 'colcon_pkg'
[2.149s] Level 1:colcon.colcon_core.package_identification:_identify(src/carmen_player) by extensions ['colcon_meta']
[2.150s] Level 1:colcon.colcon_core.package_identification:_identify(src/carmen_player) by extension 'colcon_meta'
[2.156s] Level 1:colcon.colcon_core.package_identification:_identify(src/carmen_player) by extensions ['ros']
[2.157s] Level 1:colcon.colcon_core.package_identification:_identify(src/carmen_player) by extension 'ros'
[2.202s] DEBUG:colcon.colcon_core.package_identification:Package 'src/carmen_player' with type 'ros.ament_python' and name 'carmen_player'
[2.202s] Level 1:colcon.colcon_core.package_discovery:discover_packages(recursive) using defaults
[2.203s] Level 1:colcon.colcon_core.package_discovery:discover_packages(ignore) discover
[2.203s] Level 1:colcon.colcon_core.package_discovery:discover_packages(ignore) using defaults
[2.203s] Level 1:colcon.colcon_core.package_discovery:discover_packages(path) discover
[2.204s] Level 1:colcon.colcon_core.package_discovery:discover_packages(path) using defaults
[2.320s] Level 1:colcon.colcon_core.package_discovery:discover_packages(prefix_path) check parameters
[2.321s] Level 1:colcon.colcon_core.package_discovery:discover_packages(prefix_path) discover
[2.378s] DEBUG:colcon.colcon_installed_package_information.package_discovery:Found 1 installed packages in /mnt/c/Users/David/onedrive/Documents/Projects/PortaMailCapstone/install
[2.381s] DEBUG:colcon.colcon_installed_package_information.package_discovery:Found 289 installed packages in /opt/ros/jazzy
[2.384s] Level 1:colcon.colcon_core.package_discovery:discover_packages(prefix_path) using defaults
[2.529s] Level 5:colcon.colcon_core.verb:set package 'carmen_player' build argument 'cmake_args' from command line to 'None'
[2.529s] Level 5:colcon.colcon_core.verb:set package 'carmen_player' build argument 'cmake_target' from command line to 'None'
[2.529s] Level 5:colcon.colcon_core.verb:set package 'carmen_player' build argument 'cmake_target_skip_unavailable' from command line to 'False'
[2.529s] Level 5:colcon.colcon_core.verb:set package 'carmen_player' build argument 'cmake_clean_cache' from command line to 'False'
[2.529s] Level 5:colcon.colcon_core.verb:set package 'carmen_player' build argument 'cmake_clean_first' from command line to 'False'
[2.530s] Level 5:colcon.colcon_core.verb:set package 'carmen_player' build argument 'cmake_force_configure' from command line to 'False'
[2.530s] Level 5:colcon.colcon_core.verb:set package 'carmen_player' build argument 'ament_cmake_args' from command line to 'None'
[2.530s] Level 5:colcon.colcon_core.verb:set package 'carmen_player' build argument 'catkin_cmake_args' from command line to 'None'
[2.530s] Level 5:colcon.colcon_core.verb:set package 'carmen_player' build argument 'catkin_skip_building_tests' from command line to 'False'
[2.530s] DEBUG:colcon.colcon_core.verb:Building package 'carmen_player' with the following arguments: {'ament_cmake_args': None, 'build_base': '/mnt/c/Users/David/onedrive/Documents/Projects/PortaMailCapstone/build/carmen_player', 'catkin_cmake_args': None, 'catkin_skip_building_tests': False, 'cmake_args': None, 'cmake_clean_cache': False, 'cmake_clean_first': False, 'cmake_force_configure': False, 'cmake_target': None, 'cmake_target_skip_unavailable': False, 'install_base': '/mnt/c/Users/David/onedrive/Documents/Projects/PortaMailCapstone/install/carmen_player', 'merge_install': False, 'path': '/mnt/c/Users/David/onedrive/Documents/Projects/PortaMailCapstone/src/carmen_player', 'symlink_install': False, 'test_result_base': None}
[2.531s] INFO:colcon.colcon_core.executor:Executing jobs using 'parallel' executor
[2.532s] DEBUG:colcon.colcon_parallel_executor.executor.parallel:run_until_complete
[2.532s] INFO:colcon.colcon_ros.task.ament_python.build:Building ROS package in '/mnt/c/Users/David/onedrive/Documents/Projects/PortaMailCapstone/src/carmen_player' with build type 'ament_python'
[2.533s] Level 1:colcon.colcon_core.shell:create_environment_hook('carmen_player', 'ament_prefix_path')
[2.549s] INFO:colcon.colcon_core.plugin_system:Skipping extension 'colcon_core.shell.bat': Not used on non-Windows systems
[2.550s] INFO:colcon.colcon_core.shell:Creating environment hook '/mnt/c/Users/David/onedrive/Documents/Projects/PortaMailCapstone/install/carmen_player/share/carmen_player/hook/ament_prefix_path.ps1'
[2.583s] INFO:colcon.colcon_core.shell:Creating environment descriptor '/mnt/c/Users/David/onedrive/Documents/Projects/PortaMailCapstone/install/carmen_player/share/carmen_player/hook/ament_prefix_path.dsv'
[2.634s] INFO:colcon.colcon_core.shell:Creating environment hook '/mnt/c/Users/David/onedrive/Documents/Projects/PortaMailCapstone/install/carmen_player/share/carmen_player/hook/ament_prefix_path.sh'
[2.691s] INFO:colcon.colcon_core.shell:Skip shell extension 'powershell' for command environment: Not usable outside of PowerShell
[2.692s] DEBUG:colcon.colcon_core.shell:Skip shell extension 'dsv' for command environment
[4.032s] INFO:colcon.colcon_core.task.python.build:Building Python package in '/mnt/c/Users/David/onedrive/Documents/Projects/PortaMailCapstone/src/carmen_player'
[4.033s] INFO:colcon.colcon_core.shell:Skip shell extension 'powershell' for command environment: Not usable outside of PowerShell
[4.033s] DEBUG:colcon.colcon_core.shell:Skip shell extension 'dsv' for command environment
[7.146s] DEBUG:colcon.colcon_core.event_handler.log_command:Invoking command in '/mnt/c/Users/David/onedrive/Documents/Projects/PortaMailCapstone/src/carmen_player': PYTHONPATH=/mnt/c/Users/David/onedrive/Documents/Projects/PortaMailCapstone/build/carmen_player/prefix_override:/usr/lib/python3/dist-packages/colcon_core/task/python/colcon_distutils_commands:/mnt/c/Users/David/onedrive/Documents/Projects/PortaMailCapstone/install/carmen_player/lib/python3.12/site-packages:${PYTHONPATH} /usr/bin/python3 -W ignore:setup.py install is deprecated -W ignore:easy_install command is deprecated setup.py egg_info --egg-base ../../build/carmen_player build --build-base /mnt/c/Users/David/onedrive/Documents/Projects/PortaMailCapstone/build/carmen_player/build install --record /mnt/c/Users/David/onedrive/Documents/Projects/PortaMailCapstone/build/carmen_player/install.log --single-version-externally-managed install_data
[10.337s] DEBUG:colcon.colcon_core.event_handler.log_command:Invoked command in '/mnt/c/Users/David/onedrive/Documents/Projects/PortaMailCapstone/src/carmen_player' returned '0': PYTHONPATH=/mnt/c/Users/David/onedrive/Documents/Projects/PortaMailCapstone/build/carmen_player/prefix_override:/usr/lib/python3/dist-packages/colcon_core/task/python/colcon_distutils_commands:/mnt/c/Users/David/onedrive/Documents/Projects/PortaMailCapstone/install/carmen_player/lib/python3.12/site-packages:${PYTHONPATH} /usr/bin/python3 -W ignore:setup.py install is deprecated -W ignore:easy_install command is deprecated setup.py egg_info --egg-base ../../build/carmen_player build --build-base /mnt/c/Users/David/onedrive/Documents/Projects/PortaMailCapstone/build/carmen_player/build install --record /mnt/c/Users/David/onedrive/Documents/Projects/PortaMailCapstone/build/carmen_player/install.log --single-version-externally-managed install_data
[10.360s] Level 1:colcon.colcon_core.environment:checking '/mnt/c/Users/David/onedrive/Documents/Projects/PortaMailCapstone/install/carmen_player' for CMake module files
[10.445s] Level 1:colcon.colcon_core.environment:checking '/mnt/c/Users/David/onedrive/Documents/Projects/PortaMailCapstone/install/carmen_player' for CMake config files
[10.591s] Level 1:colcon.colcon_core.environment:checking '/mnt/c/Users/David/onedrive/Documents/Projects/PortaMailCapstone/install/carmen_player/lib'
[10.599s] Level 1:colcon.colcon_core.environment:checking '/mnt/c/Users/David/onedrive/Documents/Projects/PortaMailCapstone/install/carmen_player/bin'
[10.602s] Level 1:colcon.colcon_core.environment:checking '/mnt/c/Users/David/onedrive/Documents/Projects/PortaMailCapstone/install/carmen_player/lib/pkgconfig/carmen_player.pc'
[10.605s] Level 1:colcon.colcon_core.environment:checking '/mnt/c/Users/David/onedrive/Documents/Projects/PortaMailCapstone/install/carmen_player/lib/python3.12/site-packages'
[10.610s] Level 1:colcon.colcon_core.shell:create_environment_hook('carmen_player', 'pythonpath')
[10.610s] INFO:colcon.colcon_core.shell:Creating environment hook '/mnt/c/Users/David/onedrive/Documents/Projects/PortaMailCapstone/install/carmen_player/share/carmen_player/hook/pythonpath.ps1'
[10.648s] INFO:colcon.colcon_core.shell:Creating environment descriptor '/mnt/c/Users/David/onedrive/Documents/Projects/PortaMailCapstone/install/carmen_player/share/carmen_player/hook/pythonpath.dsv'
[10.670s] INFO:colcon.colcon_core.shell:Creating environment hook '/mnt/c/Users/David/onedrive/Documents/Projects/PortaMailCapstone/install/carmen_player/share/carmen_player/hook/pythonpath.sh'
[10.702s] Level 1:colcon.colcon_core.environment:checking '/mnt/c/Users/David/onedrive/Documents/Projects/PortaMailCapstone/install/carmen_player/bin'
[10.704s] Level 1:colcon.colcon_core.environment:create_environment_scripts_only(carmen_player)
[10.705s] INFO:colcon.colcon_core.shell:Creating package script '/mnt/c/Users/David/onedrive/Documents/Projects/PortaMailCapstone/install/carmen_player/share/carmen_player/package.ps1'
[10.746s] INFO:colcon.colcon_core.shell:Creating package descriptor '/mnt/c/Users/David/onedrive/Documents/Projects/PortaMailCapstone/install/carmen_player/share/carmen_player/package.dsv'
[10.765s] INFO:colcon.colcon_core.shell:Creating package script '/mnt/c/Users/David/onedrive/Documents/Projects/PortaMailCapstone/install/carmen_player/share/carmen_player/package.sh'
[10.802s] INFO:colcon.colcon_core.shell:Creating package script '/mnt/c/Users/David/onedrive/Documents/Projects/PortaMailCapstone/install/carmen_player/share/carmen_player/package.bash'
[10.837s] INFO:colcon.colcon_core.shell:Creating package script '/mnt/c/Users/David/onedrive/Documents/Projects/PortaMailCapstone/install/carmen_player/share/carmen_player/package.zsh'
[10.869s] Level 1:colcon.colcon_core.environment:create_file_with_runtime_dependencies(/mnt/c/Users/David/onedrive/Documents/Projects/PortaMailCapstone/install/carmen_player/share/colcon-core/packages/carmen_player)
[10.884s] DEBUG:colcon.colcon_parallel_executor.executor.parallel:closing loop
[10.885s] DEBUG:colcon.colcon_parallel_executor.executor.parallel:loop closed
[10.885s] DEBUG:colcon.colcon_parallel_executor.executor.parallel:run_until_complete finished with '0'
[10.886s] DEBUG:colcon.colcon_core.event_reactor:joining thread
[10.964s] INFO:colcon.colcon_core.plugin_system:Skipping extension 'colcon_notification.desktop_notification.notify_send': Could not find 'notify-send'
[10.964s] INFO:colcon.colcon_core.plugin_system:Skipping extension 'colcon_notification.desktop_notification.terminal_notifier': Not used on non-Darwin systems
[10.964s] INFO:colcon.colcon_core.plugin_system:Skipping extension 'colcon_notification.desktop_notification.win32': Not used on non-Windows systems
[10.965s] INFO:colcon.colcon_notification.desktop_notification:Sending desktop notification using 'notify2'
[10.966s] DEBUG:colcon.colcon_notification.desktop_notification.notify2:Failed to initialize notify2: org.freedesktop.DBus.Error.ServiceUnknown: The name org.freedesktop.Notifications was not provided by any .service files
[10.967s] DEBUG:colcon.colcon_core.event_reactor:joined thread
[10.967s] INFO:colcon.colcon_core.shell:Creating prefix script '/mnt/c/Users/David/onedrive/Documents/Projects/PortaMailCapstone/install/local_setup.ps1'
[10.997s] INFO:colcon.colcon_core.shell:Creating prefix util module '/mnt/c/Users/David/onedrive/Documents/Projects/PortaMailCapstone/install/_local_setup_util_ps1.py'
[11.024s] INFO:colcon.colcon_core.shell:Creating prefix chain script '/mnt/c/Users/David/onedrive/Documents/Projects/PortaMailCapstone/install/setup.ps1'
[11.066s] INFO:colcon.colcon_core.shell:Creating prefix script '/mnt/c/Users/David/onedrive/Documents/Projects/PortaMailCapstone/install/local_setup.sh'
[11.093s] INFO:colcon.colcon_core.shell:Creating prefix util module '/mnt/c/Users/David/onedrive/Documents/Projects/PortaMailCapstone/install/_local_setup_util_sh.py'
[11.102s] INFO:colcon.colcon_core.shell:Creating prefix chain script '/mnt/c/Users/David/onedrive/Documents/Projects/PortaMailCapstone/install/setup.sh'
[11.135s] INFO:colcon.colcon_core.shell:Creating prefix script '/mnt/c/Users/David/onedrive/Documents/Projects/PortaMailCapstone/install/local_setup.bash'
[11.143s] INFO:colcon.colcon_core.shell:Creating prefix chain script '/mnt/c/Users/David/onedrive/Documents/Projects/PortaMailCapstone/install/setup.bash'
[11.165s] INFO:colcon.colcon_core.shell:Creating prefix script '/mnt/c/Users/David/onedrive/Documents/Projects/PortaMailCapstone/install/local_setup.zsh'
[11.187s] INFO:colcon.colcon_core.shell:Creating prefix chain script '/mnt/c/Users/David/onedrive/Documents/Projects/PortaMailCapstone/install/setup.zsh'
