[0.016s] Invoking command in '/home/davidezuma/PortaMailCapstone/build/portamail_navigator': CMAKE_PREFIX_PATH=${CMAKE_PREFIX_PATH}:/home/davidezuma/PortaMailCapstone/install/portamail_coordinator:/opt/ros/jazzy /usr/bin/cmake --build /home/davidezuma/PortaMailCapstone/build/portamail_navigator -- -j4 -l4
[0.135s] [ 50%] Built target mock_driver
[0.140s] [100%] Built target map_autosave_node
[0.162s] Invoked command in '/home/davidezuma/PortaMailCapstone/build/portamail_navigator' returned '0': CMAKE_PREFIX_PATH=${CMAKE_PREFIX_PATH}:/home/davidezuma/PortaMailCapstone/install/portamail_coordinator:/opt/ros/jazzy /usr/bin/cmake --build /home/davidezuma/PortaMailCapstone/build/portamail_navigator -- -j4 -l4
[0.183s] Invoking command in '/home/davidezuma/PortaMailCapstone/build/portamail_navigator': CMAKE_PREFIX_PATH=${CMAKE_PREFIX_PATH}:/home/davidezuma/PortaMailCapstone/install/portamail_coordinator:/opt/ros/jazzy /usr/bin/cmake --install /home/davidezuma/PortaMailCapstone/build/portamail_navigator
[0.199s] -- Install configuration: ""
[0.200s] -- Up-to-date: /home/davidezuma/PortaMailCapstone/install/portamail_navigator/lib/portamail_navigator/mock_driver
[0.200s] -- Up-to-date: /home/davidezuma/PortaMailCapstone/install/portamail_navigator/lib/portamail_navigator/map_autosave_node
[0.200s] -- Up-to-date: /home/davidezuma/PortaMailCapstone/install/portamail_navigator/include
[0.200s] -- Up-to-date: /home/davidezuma/PortaMailCapstone/install/portamail_navigator/include/portamail_navigator
[0.201s] -- Up-to-date: /home/davidezuma/PortaMailCapstone/install/portamail_navigator/include/portamail_navigator/map_autosave_node.hpp
[0.201s] -- Up-to-date: /home/davidezuma/PortaMailCapstone/install/portamail_navigator/share/portamail_navigator/launch
[0.201s] -- Up-to-date: /home/davidezuma/PortaMailCapstone/install/portamail_navigator/share/portamail_navigator/launch/mapping.launch.py
[0.201s] -- Up-to-date: /home/davidezuma/PortaMailCapstone/install/portamail_navigator/share/portamail_navigator/launch/gazebo_classic_mapping.launch.py
[0.201s] -- Installing: /home/davidezuma/PortaMailCapstone/install/portamail_navigator/share/portamail_navigator/launch/hardware.launch.py
[0.201s] -- Up-to-date: /home/davidezuma/PortaMailCapstone/install/portamail_navigator/share/portamail_navigator/launch/joystick.launch.py
[0.201s] -- Up-to-date: /home/davidezuma/PortaMailCapstone/install/portamail_navigator/share/portamail_navigator/config
[0.201s] -- Up-to-date: /home/davidezuma/PortaMailCapstone/install/portamail_navigator/share/portamail_navigator/config/map_autosave.yaml
[0.201s] -- Up-to-date: /home/davidezuma/PortaMailCapstone/install/portamail_navigator/share/portamail_navigator/config/ekf.yaml
[0.201s] -- Up-to-date: /home/davidezuma/PortaMailCapstone/install/portamail_navigator/share/portamail_navigator/config/ekf_no_imu.yaml
[0.202s] -- Up-to-date: /home/davidezuma/PortaMailCapstone/install/portamail_navigator/share/portamail_navigator/config/slam.yaml
[0.202s] -- Up-to-date: /home/davidezuma/PortaMailCapstone/install/portamail_navigator/share/portamail_navigator/firmware
[0.202s] -- Up-to-date: /home/davidezuma/PortaMailCapstone/install/portamail_navigator/share/portamail_navigator/firmware/teensy_driver
[0.202s] -- Up-to-date: /home/davidezuma/PortaMailCapstone/install/portamail_navigator/share/portamail_navigator/firmware/teensy_driver/teensy_driver.ino
[0.202s] -- Up-to-date: /home/davidezuma/PortaMailCapstone/install/portamail_navigator/share/portamail_navigator/firmware/teensy_driver/locale_stubs.c
[0.202s] -- Up-to-date: /home/davidezuma/PortaMailCapstone/install/portamail_navigator/share/portamail_navigator/urdf
[0.202s] -- Up-to-date: /home/davidezuma/PortaMailCapstone/install/portamail_navigator/share/portamail_navigator/urdf/portamail.urdf
[0.202s] -- Up-to-date: /home/davidezuma/PortaMailCapstone/install/portamail_navigator/share/portamail_navigator/urdf/portamail_classic.urdf
[0.202s] -- Up-to-date: /home/davidezuma/PortaMailCapstone/install/portamail_navigator/share/portamail_navigator/meshes
[0.202s] -- Up-to-date: /home/davidezuma/PortaMailCapstone/install/portamail_navigator/share/portamail_navigator/meshes/left_wheel.STL
[0.202s] -- Up-to-date: /home/davidezuma/PortaMailCapstone/install/portamail_navigator/share/portamail_navigator/meshes/caster_wheel.STL
[0.203s] -- Up-to-date: /home/davidezuma/PortaMailCapstone/install/portamail_navigator/share/portamail_navigator/meshes/right_wheel.STL
[0.203s] -- Up-to-date: /home/davidezuma/PortaMailCapstone/install/portamail_navigator/share/portamail_navigator/meshes/base_link.STL
[0.203s] -- Up-to-date: /home/davidezuma/PortaMailCapstone/install/portamail_navigator/share/portamail_navigator/meshes/caster_swivel.STL
[0.203s] -- Up-to-date: /home/davidezuma/PortaMailCapstone/install/portamail_navigator/share/portamail_navigator/scripts
[0.203s] -- Up-to-date: /home/davidezuma/PortaMailCapstone/install/portamail_navigator/share/portamail_navigator/scripts/prespinlidar.py
[0.203s] -- Up-to-date: /home/davidezuma/PortaMailCapstone/install/portamail_navigator/share/ament_index/resource_index/package_run_dependencies/portamail_navigator
[0.203s] -- Up-to-date: /home/davidezuma/PortaMailCapstone/install/portamail_navigator/share/ament_index/resource_index/parent_prefix_path/portamail_navigator
[0.203s] -- Up-to-date: /home/davidezuma/PortaMailCapstone/install/portamail_navigator/share/portamail_navigator/environment/ament_prefix_path.sh
[0.203s] -- Up-to-date: /home/davidezuma/PortaMailCapstone/install/portamail_navigator/share/portamail_navigator/environment/ament_prefix_path.dsv
[0.203s] -- Up-to-date: /home/davidezuma/PortaMailCapstone/install/portamail_navigator/share/portamail_navigator/environment/path.sh
[0.203s] -- Up-to-date: /home/davidezuma/PortaMailCapstone/install/portamail_navigator/share/portamail_navigator/environment/path.dsv
[0.203s] -- Up-to-date: /home/davidezuma/PortaMailCapstone/install/portamail_navigator/share/portamail_navigator/local_setup.bash
[0.203s] -- Up-to-date: /home/davidezuma/PortaMailCapstone/install/portamail_navigator/share/portamail_navigator/local_setup.sh
[0.204s] -- Up-to-date: /home/davidezuma/PortaMailCapstone/install/portamail_navigator/share/portamail_navigator/local_setup.zsh
[0.204s] -- Up-to-date: /home/davidezuma/PortaMailCapstone/install/portamail_navigator/share/portamail_navigator/local_setup.dsv
[0.204s] -- Installing: /home/davidezuma/PortaMailCapstone/install/portamail_navigator/share/portamail_navigator/package.dsv
[0.204s] -- Up-to-date: /home/davidezuma/PortaMailCapstone/install/portamail_navigator/share/ament_index/resource_index/packages/portamail_navigator
[0.204s] -- Up-to-date: /home/davidezuma/PortaMailCapstone/install/portamail_navigator/share/portamail_navigator/cmake/portamail_navigatorConfig.cmake
[0.204s] -- Up-to-date: /home/davidezuma/PortaMailCapstone/install/portamail_navigator/share/portamail_navigator/cmake/portamail_navigatorConfig-version.cmake
[0.204s] -- Up-to-date: /home/davidezuma/PortaMailCapstone/install/portamail_navigator/share/portamail_navigator/package.xml
[0.206s] Invoked command in '/home/davidezuma/PortaMailCapstone/build/portamail_navigator' returned '0': CMAKE_PREFIX_PATH=${CMAKE_PREFIX_PATH}:/home/davidezuma/PortaMailCapstone/install/portamail_coordinator:/opt/ros/jazzy /usr/bin/cmake --install /home/davidezuma/PortaMailCapstone/build/portamail_navigator
