[0.474s] DEBUG:colcon:Command line arguments: ['/usr/bin/colcon', 'build', '--packages-select', 'portamail_coordinator', 'portamail_navigator']
[0.474s] DEBUG:colcon:Parsed command line arguments: Namespace(log_base=None, log_level=None, verb_name='build', build_base='build', install_base='install', merge_install=False, symlink_install=False, test_result_base=None, continue_on_error=False, executor='parallel', parallel_workers=4, event_handlers=None, ignore_user_meta=False, metas=['./colcon.meta'], base_paths=['.'], packages_ignore=None, packages_ignore_regex=None, paths=None, packages_up_to=None, packages_up_to_regex=None, packages_above=None, packages_above_and_dependencies=None, packages_above_depth=None, packages_select_by_dep=None, packages_skip_by_dep=None, packages_skip_up_to=None, packages_select_build_failed=False, packages_skip_build_finished=False, packages_select_test_failures=False, packages_skip_test_passed=False, packages_select=['portamail_coordinator', 'portamail_navigator'], packages_skip=None, packages_select_regex=None, packages_skip_regex=None, packages_start=None, packages_end=None, allow_overriding=[], cmake_args=None, cmake_target=None, cmake_target_skip_unavailable=False, cmake_clean_cache=False, cmake_clean_first=False, cmake_force_configure=False, ament_cmake_args=None, catkin_cmake_args=None, catkin_skip_building_tests=False, verb_parser=<colcon_defaults.argument_parser.defaults.DefaultArgumentsDecorator object at 0xffff8aab5eb0>, verb_extension=<colcon_core.verb.build.BuildVerb object at 0xffff8bb0e0f0>, main=<bound method BuildVerb.main of <colcon_core.verb.build.BuildVerb object at 0xffff8bb0e0f0>>)
[0.590s] Level 1:colcon.colcon_core.package_discovery:discover_packages(colcon_meta) check parameters
[0.590s] Level 1:colcon.colcon_core.package_discovery:discover_packages(recursive) check parameters
[0.591s] Level 1:colcon.colcon_core.package_discovery:discover_packages(ignore) check parameters
[0.591s] Level 1:colcon.colcon_core.package_discovery:discover_packages(path) check parameters
[0.591s] Level 1:colcon.colcon_core.package_discovery:discover_packages(colcon_meta) discover
[0.591s] Level 1:colcon.colcon_core.package_discovery:discover_packages(recursive) discover
[0.591s] INFO:colcon.colcon_core.package_discovery:Crawling recursively for packages in '/home/davidezuma/PortaMailCapstone'
[0.591s] Level 1:colcon.colcon_core.package_identification:_identify(.) by extensions ['ignore', 'ignore_ament_install']
[0.591s] Level 1:colcon.colcon_core.package_identification:_identify(.) by extension 'ignore'
[0.591s] Level 1:colcon.colcon_core.package_identification:_identify(.) by extension 'ignore_ament_install'
[0.591s] Level 1:colcon.colcon_core.package_identification:_identify(.) by extensions ['colcon_pkg']
[0.591s] Level 1:colcon.colcon_core.package_identification:_identify(.) by extension 'colcon_pkg'
[0.591s] Level 1:colcon.colcon_core.package_identification:_identify(.) by extensions ['colcon_meta']
[0.591s] Level 1:colcon.colcon_core.package_identification:_identify(.) by extension 'colcon_meta'
[0.591s] Level 1:colcon.colcon_core.package_identification:_identify(.) by extensions ['ros']
[0.591s] Level 1:colcon.colcon_core.package_identification:_identify(.) by extension 'ros'
[0.645s] Level 1:colcon.colcon_core.package_identification:_identify(.) by extensions ['cmake', 'python']
[0.645s] Level 1:colcon.colcon_core.package_identification:_identify(.) by extension 'cmake'
[0.645s] Level 1:colcon.colcon_core.package_identification:_identify(.) by extension 'python'
[0.645s] Level 1:colcon.colcon_core.package_identification:_identify(.) by extensions ['python_setup_py']
[0.645s] Level 1:colcon.colcon_core.package_identification:_identify(.) by extension 'python_setup_py'
[0.646s] Level 1:colcon.colcon_core.package_identification:_identify(bin) by extensions ['ignore', 'ignore_ament_install']
[0.646s] Level 1:colcon.colcon_core.package_identification:_identify(bin) by extension 'ignore'
[0.646s] Level 1:colcon.colcon_core.package_identification:_identify(bin) by extension 'ignore_ament_install'
[0.646s] Level 1:colcon.colcon_core.package_identification:_identify(bin) by extensions ['colcon_pkg']
[0.646s] Level 1:colcon.colcon_core.package_identification:_identify(bin) by extension 'colcon_pkg'
[0.646s] Level 1:colcon.colcon_core.package_identification:_identify(bin) by extensions ['colcon_meta']
[0.646s] Level 1:colcon.colcon_core.package_identification:_identify(bin) by extension 'colcon_meta'
[0.646s] Level 1:colcon.colcon_core.package_identification:_identify(bin) by extensions ['ros']
[0.646s] Level 1:colcon.colcon_core.package_identification:_identify(bin) by extension 'ros'
[0.646s] Level 1:colcon.colcon_core.package_identification:_identify(bin) by extensions ['cmake', 'python']
[0.646s] Level 1:colcon.colcon_core.package_identification:_identify(bin) by extension 'cmake'
[0.646s] Level 1:colcon.colcon_core.package_identification:_identify(bin) by extension 'python'
[0.646s] Level 1:colcon.colcon_core.package_identification:_identify(bin) by extensions ['python_setup_py']
[0.646s] Level 1:colcon.colcon_core.package_identification:_identify(bin) by extension 'python_setup_py'
[0.647s] Level 1:colcon.colcon_core.package_identification:_identify(build) by extensions ['ignore', 'ignore_ament_install']
[0.647s] Level 1:colcon.colcon_core.package_identification:_identify(build) by extension 'ignore'
[0.647s] Level 1:colcon.colcon_core.package_identification:_identify(build) ignored
[0.647s] Level 1:colcon.colcon_core.package_identification:_identify(install) by extensions ['ignore', 'ignore_ament_install']
[0.647s] Level 1:colcon.colcon_core.package_identification:_identify(install) by extension 'ignore'
[0.647s] Level 1:colcon.colcon_core.package_identification:_identify(install) ignored
[0.647s] Level 1:colcon.colcon_core.package_identification:_identify(log) by extensions ['ignore', 'ignore_ament_install']
[0.647s] Level 1:colcon.colcon_core.package_identification:_identify(log) by extension 'ignore'
[0.647s] Level 1:colcon.colcon_core.package_identification:_identify(log) ignored
[0.650s] Level 1:colcon.colcon_core.package_identification:_identify(src) by extensions ['ignore', 'ignore_ament_install']
[0.650s] Level 1:colcon.colcon_core.package_identification:_identify(src) by extension 'ignore'
[0.650s] Level 1:colcon.colcon_core.package_identification:_identify(src) by extension 'ignore_ament_install'
[0.650s] Level 1:colcon.colcon_core.package_identification:_identify(src) by extensions ['colcon_pkg']
[0.650s] Level 1:colcon.colcon_core.package_identification:_identify(src) by extension 'colcon_pkg'
[0.650s] Level 1:colcon.colcon_core.package_identification:_identify(src) by extensions ['colcon_meta']
[0.650s] Level 1:colcon.colcon_core.package_identification:_identify(src) by extension 'colcon_meta'
[0.650s] Level 1:colcon.colcon_core.package_identification:_identify(src) by extensions ['ros']
[0.650s] Level 1:colcon.colcon_core.package_identification:_identify(src) by extension 'ros'
[0.650s] Level 1:colcon.colcon_core.package_identification:_identify(src) by extensions ['cmake', 'python']
[0.650s] Level 1:colcon.colcon_core.package_identification:_identify(src) by extension 'cmake'
[0.650s] Level 1:colcon.colcon_core.package_identification:_identify(src) by extension 'python'
[0.650s] Level 1:colcon.colcon_core.package_identification:_identify(src) by extensions ['python_setup_py']
[0.650s] Level 1:colcon.colcon_core.package_identification:_identify(src) by extension 'python_setup_py'
[0.651s] Level 1:colcon.colcon_core.package_identification:_identify(src/build) by extensions ['ignore', 'ignore_ament_install']
[0.651s] Level 1:colcon.colcon_core.package_identification:_identify(src/build) by extension 'ignore'
[0.651s] Level 1:colcon.colcon_core.package_identification:_identify(src/build) ignored
[0.652s] Level 1:colcon.colcon_core.package_identification:_identify(src/install) by extensions ['ignore', 'ignore_ament_install']
[0.652s] Level 1:colcon.colcon_core.package_identification:_identify(src/install) by extension 'ignore'
[0.652s] Level 1:colcon.colcon_core.package_identification:_identify(src/install) ignored
[0.652s] Level 1:colcon.colcon_core.package_identification:_identify(src/log) by extensions ['ignore', 'ignore_ament_install']
[0.652s] Level 1:colcon.colcon_core.package_identification:_identify(src/log) by extension 'ignore'
[0.653s] Level 1:colcon.colcon_core.package_identification:_identify(src/log) ignored
[0.653s] Level 1:colcon.colcon_core.package_identification:_identify(src/portamail_coordinator) by extensions ['ignore', 'ignore_ament_install']
[0.653s] Level 1:colcon.colcon_core.package_identification:_identify(src/portamail_coordinator) by extension 'ignore'
[0.653s] Level 1:colcon.colcon_core.package_identification:_identify(src/portamail_coordinator) by extension 'ignore_ament_install'
[0.653s] Level 1:colcon.colcon_core.package_identification:_identify(src/portamail_coordinator) by extensions ['colcon_pkg']
[0.653s] Level 1:colcon.colcon_core.package_identification:_identify(src/portamail_coordinator) by extension 'colcon_pkg'
[0.653s] Level 1:colcon.colcon_core.package_identification:_identify(src/portamail_coordinator) by extensions ['colcon_meta']
[0.653s] Level 1:colcon.colcon_core.package_identification:_identify(src/portamail_coordinator) by extension 'colcon_meta'
[0.653s] Level 1:colcon.colcon_core.package_identification:_identify(src/portamail_coordinator) by extensions ['ros']
[0.653s] Level 1:colcon.colcon_core.package_identification:_identify(src/portamail_coordinator) by extension 'ros'
[0.662s] DEBUG:colcon.colcon_core.package_identification:Package 'src/portamail_coordinator' with type 'ros.ament_cmake' and name 'portamail_coordinator'
[0.663s] Level 1:colcon.colcon_core.package_identification:_identify(src/portamail_navigator) by extensions ['ignore', 'ignore_ament_install']
[0.663s] Level 1:colcon.colcon_core.package_identification:_identify(src/portamail_navigator) by extension 'ignore'
[0.663s] Level 1:colcon.colcon_core.package_identification:_identify(src/portamail_navigator) by extension 'ignore_ament_install'
[0.663s] Level 1:colcon.colcon_core.package_identification:_identify(src/portamail_navigator) by extensions ['colcon_pkg']
[0.663s] Level 1:colcon.colcon_core.package_identification:_identify(src/portamail_navigator) by extension 'colcon_pkg'
[0.663s] Level 1:colcon.colcon_core.package_identification:_identify(src/portamail_navigator) by extensions ['colcon_meta']
[0.663s] Level 1:colcon.colcon_core.package_identification:_identify(src/portamail_navigator) by extension 'colcon_meta'
[0.663s] Level 1:colcon.colcon_core.package_identification:_identify(src/portamail_navigator) by extensions ['ros']
[0.663s] Level 1:colcon.colcon_core.package_identification:_identify(src/portamail_navigator) by extension 'ros'
[0.665s] DEBUG:colcon.colcon_core.package_identification:Package 'src/portamail_navigator' with type 'ros.ament_cmake' and name 'portamail_navigator'
[0.665s] Level 1:colcon.colcon_core.package_discovery:discover_packages(recursive) using defaults
[0.665s] Level 1:colcon.colcon_core.package_discovery:discover_packages(ignore) discover
[0.665s] Level 1:colcon.colcon_core.package_discovery:discover_packages(ignore) using defaults
[0.665s] Level 1:colcon.colcon_core.package_discovery:discover_packages(path) discover
[0.665s] Level 1:colcon.colcon_core.package_discovery:discover_packages(path) using defaults
[0.712s] Level 1:colcon.colcon_core.package_discovery:discover_packages(prefix_path) check parameters
[0.712s] Level 1:colcon.colcon_core.package_discovery:discover_packages(prefix_path) discover
[0.720s] DEBUG:colcon.colcon_installed_package_information.package_discovery:Found 311 installed packages in /opt/ros/jazzy
[0.722s] Level 1:colcon.colcon_core.package_discovery:discover_packages(prefix_path) using defaults
[0.784s] Level 5:colcon.colcon_core.verb:set package 'portamail_coordinator' build argument 'cmake_args' from command line to 'None'
[0.784s] Level 5:colcon.colcon_core.verb:set package 'portamail_coordinator' build argument 'cmake_target' from command line to 'None'
[0.784s] Level 5:colcon.colcon_core.verb:set package 'portamail_coordinator' build argument 'cmake_target_skip_unavailable' from command line to 'False'
[0.784s] Level 5:colcon.colcon_core.verb:set package 'portamail_coordinator' build argument 'cmake_clean_cache' from command line to 'False'
[0.784s] Level 5:colcon.colcon_core.verb:set package 'portamail_coordinator' build argument 'cmake_clean_first' from command line to 'False'
[0.784s] Level 5:colcon.colcon_core.verb:set package 'portamail_coordinator' build argument 'cmake_force_configure' from command line to 'False'
[0.784s] Level 5:colcon.colcon_core.verb:set package 'portamail_coordinator' build argument 'ament_cmake_args' from command line to 'None'
[0.784s] Level 5:colcon.colcon_core.verb:set package 'portamail_coordinator' build argument 'catkin_cmake_args' from command line to 'None'
[0.784s] Level 5:colcon.colcon_core.verb:set package 'portamail_coordinator' build argument 'catkin_skip_building_tests' from command line to 'False'
[0.784s] DEBUG:colcon.colcon_core.verb:Building package 'portamail_coordinator' with the following arguments: {'ament_cmake_args': None, 'build_base': '/home/davidezuma/PortaMailCapstone/build/portamail_coordinator', 'catkin_cmake_args': None, 'catkin_skip_building_tests': False, 'cmake_args': None, 'cmake_clean_cache': False, 'cmake_clean_first': False, 'cmake_force_configure': False, 'cmake_target': None, 'cmake_target_skip_unavailable': False, 'install_base': '/home/davidezuma/PortaMailCapstone/install/portamail_coordinator', 'merge_install': False, 'path': '/home/davidezuma/PortaMailCapstone/src/portamail_coordinator', 'symlink_install': False, 'test_result_base': None}
[0.785s] Level 5:colcon.colcon_core.verb:set package 'portamail_navigator' build argument 'cmake_args' from command line to 'None'
[0.785s] Level 5:colcon.colcon_core.verb:set package 'portamail_navigator' build argument 'cmake_target' from command line to 'None'
[0.785s] Level 5:colcon.colcon_core.verb:set package 'portamail_navigator' build argument 'cmake_target_skip_unavailable' from command line to 'False'
[0.785s] Level 5:colcon.colcon_core.verb:set package 'portamail_navigator' build argument 'cmake_clean_cache' from command line to 'False'
[0.785s] Level 5:colcon.colcon_core.verb:set package 'portamail_navigator' build argument 'cmake_clean_first' from command line to 'False'
[0.785s] Level 5:colcon.colcon_core.verb:set package 'portamail_navigator' build argument 'cmake_force_configure' from command line to 'False'
[0.785s] Level 5:colcon.colcon_core.verb:set package 'portamail_navigator' build argument 'ament_cmake_args' from command line to 'None'
[0.785s] Level 5:colcon.colcon_core.verb:set package 'portamail_navigator' build argument 'catkin_cmake_args' from command line to 'None'
[0.785s] Level 5:colcon.colcon_core.verb:set package 'portamail_navigator' build argument 'catkin_skip_building_tests' from command line to 'False'
[0.785s] DEBUG:colcon.colcon_core.verb:Building package 'portamail_navigator' with the following arguments: {'ament_cmake_args': None, 'build_base': '/home/davidezuma/PortaMailCapstone/build/portamail_navigator', 'catkin_cmake_args': None, 'catkin_skip_building_tests': False, 'cmake_args': None, 'cmake_clean_cache': False, 'cmake_clean_first': False, 'cmake_force_configure': False, 'cmake_target': None, 'cmake_target_skip_unavailable': False, 'install_base': '/home/davidezuma/PortaMailCapstone/install/portamail_navigator', 'merge_install': False, 'path': '/home/davidezuma/PortaMailCapstone/src/portamail_navigator', 'symlink_install': False, 'test_result_base': None}
[0.785s] INFO:colcon.colcon_core.executor:Executing jobs using 'parallel' executor
[0.787s] DEBUG:colcon.colcon_parallel_executor.executor.parallel:run_until_complete
[0.787s] INFO:colcon.colcon_ros.task.ament_cmake.build:Building ROS package in '/home/davidezuma/PortaMailCapstone/src/portamail_coordinator' with build type 'ament_cmake'
[0.787s] INFO:colcon.colcon_cmake.task.cmake.build:Building CMake package in '/home/davidezuma/PortaMailCapstone/src/portamail_coordinator'
[0.800s] INFO:colcon.colcon_core.plugin_system:Skipping extension 'colcon_core.shell.bat': Not used on non-Windows systems
[0.801s] INFO:colcon.colcon_core.shell:Skip shell extension 'powershell' for command environment: Not usable outside of PowerShell
[0.801s] DEBUG:colcon.colcon_core.shell:Skip shell extension 'dsv' for command environment
[0.807s] INFO:colcon.colcon_ros.task.ament_cmake.build:Building ROS package in '/home/davidezuma/PortaMailCapstone/src/portamail_navigator' with build type 'ament_cmake'
[0.807s] INFO:colcon.colcon_cmake.task.cmake.build:Building CMake package in '/home/davidezuma/PortaMailCapstone/src/portamail_navigator'
[0.807s] INFO:colcon.colcon_core.shell:Skip shell extension 'powershell' for command environment: Not usable outside of PowerShell
[0.807s] DEBUG:colcon.colcon_core.shell:Skip shell extension 'dsv' for command environment
[0.817s] DEBUG:colcon.colcon_core.event_handler.log_command:Invoking command in '/home/davidezuma/PortaMailCapstone/build/portamail_coordinator': CMAKE_PREFIX_PATH=${CMAKE_PREFIX_PATH}:/opt/ros/jazzy /usr/bin/cmake /home/davidezuma/PortaMailCapstone/src/portamail_coordinator -DCMAKE_INSTALL_PREFIX=/home/davidezuma/PortaMailCapstone/install/portamail_coordinator
[0.824s] DEBUG:colcon.colcon_core.event_handler.log_command:Invoking command in '/home/davidezuma/PortaMailCapstone/build/portamail_navigator': CMAKE_PREFIX_PATH=${CMAKE_PREFIX_PATH}:/opt/ros/jazzy /usr/bin/cmake /home/davidezuma/PortaMailCapstone/src/portamail_navigator -DCMAKE_INSTALL_PREFIX=/home/davidezuma/PortaMailCapstone/install/portamail_navigator
[5.268s] DEBUG:colcon.colcon_core.event_handler.log_command:Invoked command in '/home/davidezuma/PortaMailCapstone/build/portamail_navigator' returned '0': CMAKE_PREFIX_PATH=${CMAKE_PREFIX_PATH}:/opt/ros/jazzy /usr/bin/cmake /home/davidezuma/PortaMailCapstone/src/portamail_navigator -DCMAKE_INSTALL_PREFIX=/home/davidezuma/PortaMailCapstone/install/portamail_navigator
[5.270s] DEBUG:colcon.colcon_core.event_handler.log_command:Invoking command in '/home/davidezuma/PortaMailCapstone/build/portamail_navigator': CMAKE_PREFIX_PATH=${CMAKE_PREFIX_PATH}:/opt/ros/jazzy /usr/bin/cmake --build /home/davidezuma/PortaMailCapstone/build/portamail_navigator -- -j4 -l4
[7.638s] DEBUG:colcon.colcon_core.event_handler.log_command:Invoked command in '/home/davidezuma/PortaMailCapstone/build/portamail_coordinator' returned '0': CMAKE_PREFIX_PATH=${CMAKE_PREFIX_PATH}:/opt/ros/jazzy /usr/bin/cmake /home/davidezuma/PortaMailCapstone/src/portamail_coordinator -DCMAKE_INSTALL_PREFIX=/home/davidezuma/PortaMailCapstone/install/portamail_coordinator
[7.640s] DEBUG:colcon.colcon_core.event_handler.log_command:Invoking command in '/home/davidezuma/PortaMailCapstone/build/portamail_coordinator': CMAKE_PREFIX_PATH=${CMAKE_PREFIX_PATH}:/opt/ros/jazzy /usr/bin/cmake --build /home/davidezuma/PortaMailCapstone/build/portamail_coordinator -- -j4 -l4
[22.544s] DEBUG:colcon.colcon_core.event_handler.log_command:Invoked command in '/home/davidezuma/PortaMailCapstone/build/portamail_navigator' returned '0': CMAKE_PREFIX_PATH=${CMAKE_PREFIX_PATH}:/opt/ros/jazzy /usr/bin/cmake --build /home/davidezuma/PortaMailCapstone/build/portamail_navigator -- -j4 -l4
[22.563s] DEBUG:colcon.colcon_core.event_handler.log_command:Invoking command in '/home/davidezuma/PortaMailCapstone/build/portamail_navigator': CMAKE_PREFIX_PATH=${CMAKE_PREFIX_PATH}:/opt/ros/jazzy /usr/bin/cmake --install /home/davidezuma/PortaMailCapstone/build/portamail_navigator
[22.775s] Level 1:colcon.colcon_core.environment:create_environment_scripts_only(portamail_navigator)
[22.776s] DEBUG:colcon.colcon_core.event_handler.log_command:Invoked command in '/home/davidezuma/PortaMailCapstone/build/portamail_navigator' returned '0': CMAKE_PREFIX_PATH=${CMAKE_PREFIX_PATH}:/opt/ros/jazzy /usr/bin/cmake --install /home/davidezuma/PortaMailCapstone/build/portamail_navigator
[22.786s] Level 1:colcon.colcon_core.environment:checking '/home/davidezuma/PortaMailCapstone/install/portamail_navigator' for CMake module files
[22.787s] Level 1:colcon.colcon_core.environment:checking '/home/davidezuma/PortaMailCapstone/install/portamail_navigator' for CMake config files
[22.787s] Level 1:colcon.colcon_core.shell:create_environment_hook('portamail_navigator', 'cmake_prefix_path')
[22.788s] INFO:colcon.colcon_core.shell:Creating environment hook '/home/davidezuma/PortaMailCapstone/install/portamail_navigator/share/portamail_navigator/hook/cmake_prefix_path.ps1'
[22.789s] INFO:colcon.colcon_core.shell:Creating environment descriptor '/home/davidezuma/PortaMailCapstone/install/portamail_navigator/share/portamail_navigator/hook/cmake_prefix_path.dsv'
[22.790s] INFO:colcon.colcon_core.shell:Creating environment hook '/home/davidezuma/PortaMailCapstone/install/portamail_navigator/share/portamail_navigator/hook/cmake_prefix_path.sh'
[22.792s] Level 1:colcon.colcon_core.environment:checking '/home/davidezuma/PortaMailCapstone/install/portamail_navigator/lib'
[22.792s] Level 1:colcon.colcon_core.environment:checking '/home/davidezuma/PortaMailCapstone/install/portamail_navigator/bin'
[22.792s] Level 1:colcon.colcon_core.environment:checking '/home/davidezuma/PortaMailCapstone/install/portamail_navigator/lib/pkgconfig/portamail_navigator.pc'
[22.792s] Level 1:colcon.colcon_core.environment:checking '/home/davidezuma/PortaMailCapstone/install/portamail_navigator/lib/python3.12/site-packages'
[22.793s] Level 1:colcon.colcon_core.environment:checking '/home/davidezuma/PortaMailCapstone/install/portamail_navigator/bin'
[22.793s] INFO:colcon.colcon_core.shell:Creating package script '/home/davidezuma/PortaMailCapstone/install/portamail_navigator/share/portamail_navigator/package.ps1'
[22.794s] INFO:colcon.colcon_core.shell:Creating package descriptor '/home/davidezuma/PortaMailCapstone/install/portamail_navigator/share/portamail_navigator/package.dsv'
[22.795s] INFO:colcon.colcon_core.shell:Creating package script '/home/davidezuma/PortaMailCapstone/install/portamail_navigator/share/portamail_navigator/package.sh'
[22.800s] INFO:colcon.colcon_core.shell:Creating package script '/home/davidezuma/PortaMailCapstone/install/portamail_navigator/share/portamail_navigator/package.bash'
[22.802s] INFO:colcon.colcon_core.shell:Creating package script '/home/davidezuma/PortaMailCapstone/install/portamail_navigator/share/portamail_navigator/package.zsh'
[22.804s] Level 1:colcon.colcon_core.environment:create_file_with_runtime_dependencies(/home/davidezuma/PortaMailCapstone/install/portamail_navigator/share/colcon-core/packages/portamail_navigator)
[22.805s] Level 1:colcon.colcon_core.environment:create_environment_scripts_only(portamail_navigator)
[22.805s] Level 1:colcon.colcon_core.environment:checking '/home/davidezuma/PortaMailCapstone/install/portamail_navigator' for CMake module files
[22.806s] Level 1:colcon.colcon_core.environment:checking '/home/davidezuma/PortaMailCapstone/install/portamail_navigator' for CMake config files
[22.806s] Level 1:colcon.colcon_core.shell:create_environment_hook('portamail_navigator', 'cmake_prefix_path')
[22.806s] INFO:colcon.colcon_core.shell:Creating environment hook '/home/davidezuma/PortaMailCapstone/install/portamail_navigator/share/portamail_navigator/hook/cmake_prefix_path.ps1'
[22.807s] INFO:colcon.colcon_core.shell:Creating environment descriptor '/home/davidezuma/PortaMailCapstone/install/portamail_navigator/share/portamail_navigator/hook/cmake_prefix_path.dsv'
[22.808s] INFO:colcon.colcon_core.shell:Creating environment hook '/home/davidezuma/PortaMailCapstone/install/portamail_navigator/share/portamail_navigator/hook/cmake_prefix_path.sh'
[22.809s] Level 1:colcon.colcon_core.environment:checking '/home/davidezuma/PortaMailCapstone/install/portamail_navigator/lib'
[22.810s] Level 1:colcon.colcon_core.environment:checking '/home/davidezuma/PortaMailCapstone/install/portamail_navigator/bin'
[22.810s] Level 1:colcon.colcon_core.environment:checking '/home/davidezuma/PortaMailCapstone/install/portamail_navigator/lib/pkgconfig/portamail_navigator.pc'
[22.810s] Level 1:colcon.colcon_core.environment:checking '/home/davidezuma/PortaMailCapstone/install/portamail_navigator/lib/python3.12/site-packages'
[22.810s] Level 1:colcon.colcon_core.environment:checking '/home/davidezuma/PortaMailCapstone/install/portamail_navigator/bin'
[22.811s] INFO:colcon.colcon_core.shell:Creating package script '/home/davidezuma/PortaMailCapstone/install/portamail_navigator/share/portamail_navigator/package.ps1'
[22.812s] INFO:colcon.colcon_core.shell:Creating package descriptor '/home/davidezuma/PortaMailCapstone/install/portamail_navigator/share/portamail_navigator/package.dsv'
[22.812s] INFO:colcon.colcon_core.shell:Creating package script '/home/davidezuma/PortaMailCapstone/install/portamail_navigator/share/portamail_navigator/package.sh'
[22.815s] INFO:colcon.colcon_core.shell:Creating package script '/home/davidezuma/PortaMailCapstone/install/portamail_navigator/share/portamail_navigator/package.bash'
[22.817s] INFO:colcon.colcon_core.shell:Creating package script '/home/davidezuma/PortaMailCapstone/install/portamail_navigator/share/portamail_navigator/package.zsh'
[22.818s] Level 1:colcon.colcon_core.environment:create_file_with_runtime_dependencies(/home/davidezuma/PortaMailCapstone/install/portamail_navigator/share/colcon-core/packages/portamail_navigator)
[27.222s] DEBUG:colcon.colcon_core.event_handler.log_command:Invoked command in '/home/davidezuma/PortaMailCapstone/build/portamail_coordinator' returned '0': CMAKE_PREFIX_PATH=${CMAKE_PREFIX_PATH}:/opt/ros/jazzy /usr/bin/cmake --build /home/davidezuma/PortaMailCapstone/build/portamail_coordinator -- -j4 -l4
[27.224s] DEBUG:colcon.colcon_core.event_handler.log_command:Invoking command in '/home/davidezuma/PortaMailCapstone/build/portamail_coordinator': CMAKE_PREFIX_PATH=${CMAKE_PREFIX_PATH}:/opt/ros/jazzy /usr/bin/cmake --install /home/davidezuma/PortaMailCapstone/build/portamail_coordinator
[27.260s] Level 1:colcon.colcon_core.environment:create_environment_scripts_only(portamail_coordinator)
[27.260s] Level 1:colcon.colcon_core.environment:checking '/home/davidezuma/PortaMailCapstone/install/portamail_coordinator' for CMake module files
[27.261s] DEBUG:colcon.colcon_core.event_handler.log_command:Invoked command in '/home/davidezuma/PortaMailCapstone/build/portamail_coordinator' returned '0': CMAKE_PREFIX_PATH=${CMAKE_PREFIX_PATH}:/opt/ros/jazzy /usr/bin/cmake --install /home/davidezuma/PortaMailCapstone/build/portamail_coordinator
[27.261s] Level 1:colcon.colcon_core.environment:checking '/home/davidezuma/PortaMailCapstone/install/portamail_coordinator' for CMake config files
[27.261s] Level 1:colcon.colcon_core.shell:create_environment_hook('portamail_coordinator', 'cmake_prefix_path')
[27.262s] INFO:colcon.colcon_core.shell:Creating environment hook '/home/davidezuma/PortaMailCapstone/install/portamail_coordinator/share/portamail_coordinator/hook/cmake_prefix_path.ps1'
[27.262s] INFO:colcon.colcon_core.shell:Creating environment descriptor '/home/davidezuma/PortaMailCapstone/install/portamail_coordinator/share/portamail_coordinator/hook/cmake_prefix_path.dsv'
[27.263s] INFO:colcon.colcon_core.shell:Creating environment hook '/home/davidezuma/PortaMailCapstone/install/portamail_coordinator/share/portamail_coordinator/hook/cmake_prefix_path.sh'
[27.263s] Level 1:colcon.colcon_core.environment:checking '/home/davidezuma/PortaMailCapstone/install/portamail_coordinator/lib'
[27.264s] Level 1:colcon.colcon_core.environment:checking '/home/davidezuma/PortaMailCapstone/install/portamail_coordinator/bin'
[27.264s] Level 1:colcon.colcon_core.environment:checking '/home/davidezuma/PortaMailCapstone/install/portamail_coordinator/lib/pkgconfig/portamail_coordinator.pc'
[27.264s] Level 1:colcon.colcon_core.environment:checking '/home/davidezuma/PortaMailCapstone/install/portamail_coordinator/lib/python3.12/site-packages'
[27.264s] Level 1:colcon.colcon_core.environment:checking '/home/davidezuma/PortaMailCapstone/install/portamail_coordinator/bin'
[27.265s] INFO:colcon.colcon_core.shell:Creating package script '/home/davidezuma/PortaMailCapstone/install/portamail_coordinator/share/portamail_coordinator/package.ps1'
[27.265s] INFO:colcon.colcon_core.shell:Creating package descriptor '/home/davidezuma/PortaMailCapstone/install/portamail_coordinator/share/portamail_coordinator/package.dsv'
[27.266s] INFO:colcon.colcon_core.shell:Creating package script '/home/davidezuma/PortaMailCapstone/install/portamail_coordinator/share/portamail_coordinator/package.sh'
[27.266s] INFO:colcon.colcon_core.shell:Creating package script '/home/davidezuma/PortaMailCapstone/install/portamail_coordinator/share/portamail_coordinator/package.bash'
[27.267s] INFO:colcon.colcon_core.shell:Creating package script '/home/davidezuma/PortaMailCapstone/install/portamail_coordinator/share/portamail_coordinator/package.zsh'
[27.267s] Level 1:colcon.colcon_core.environment:create_file_with_runtime_dependencies(/home/davidezuma/PortaMailCapstone/install/portamail_coordinator/share/colcon-core/packages/portamail_coordinator)
[27.268s] Level 1:colcon.colcon_core.environment:create_environment_scripts_only(portamail_coordinator)
[27.268s] Level 1:colcon.colcon_core.environment:checking '/home/davidezuma/PortaMailCapstone/install/portamail_coordinator' for CMake module files
[27.269s] Level 1:colcon.colcon_core.environment:checking '/home/davidezuma/PortaMailCapstone/install/portamail_coordinator' for CMake config files
[27.269s] Level 1:colcon.colcon_core.shell:create_environment_hook('portamail_coordinator', 'cmake_prefix_path')
[27.269s] INFO:colcon.colcon_core.shell:Creating environment hook '/home/davidezuma/PortaMailCapstone/install/portamail_coordinator/share/portamail_coordinator/hook/cmake_prefix_path.ps1'
[27.270s] INFO:colcon.colcon_core.shell:Creating environment descriptor '/home/davidezuma/PortaMailCapstone/install/portamail_coordinator/share/portamail_coordinator/hook/cmake_prefix_path.dsv'
[27.271s] INFO:colcon.colcon_core.shell:Creating environment hook '/home/davidezuma/PortaMailCapstone/install/portamail_coordinator/share/portamail_coordinator/hook/cmake_prefix_path.sh'
[27.272s] Level 1:colcon.colcon_core.environment:checking '/home/davidezuma/PortaMailCapstone/install/portamail_coordinator/lib'
[27.272s] Level 1:colcon.colcon_core.environment:checking '/home/davidezuma/PortaMailCapstone/install/portamail_coordinator/bin'
[27.272s] Level 1:colcon.colcon_core.environment:checking '/home/davidezuma/PortaMailCapstone/install/portamail_coordinator/lib/pkgconfig/portamail_coordinator.pc'
[27.272s] Level 1:colcon.colcon_core.environment:checking '/home/davidezuma/PortaMailCapstone/install/portamail_coordinator/lib/python3.12/site-packages'
[27.273s] Level 1:colcon.colcon_core.environment:checking '/home/davidezuma/PortaMailCapstone/install/portamail_coordinator/bin'
[27.273s] INFO:colcon.colcon_core.shell:Creating package script '/home/davidezuma/PortaMailCapstone/install/portamail_coordinator/share/portamail_coordinator/package.ps1'
[27.274s] INFO:colcon.colcon_core.shell:Creating package descriptor '/home/davidezuma/PortaMailCapstone/install/portamail_coordinator/share/portamail_coordinator/package.dsv'
[27.275s] INFO:colcon.colcon_core.shell:Creating package script '/home/davidezuma/PortaMailCapstone/install/portamail_coordinator/share/portamail_coordinator/package.sh'
[27.275s] INFO:colcon.colcon_core.shell:Creating package script '/home/davidezuma/PortaMailCapstone/install/portamail_coordinator/share/portamail_coordinator/package.bash'
[27.276s] INFO:colcon.colcon_core.shell:Creating package script '/home/davidezuma/PortaMailCapstone/install/portamail_coordinator/share/portamail_coordinator/package.zsh'
[27.277s] Level 1:colcon.colcon_core.environment:create_file_with_runtime_dependencies(/home/davidezuma/PortaMailCapstone/install/portamail_coordinator/share/colcon-core/packages/portamail_coordinator)
[27.283s] DEBUG:colcon.colcon_parallel_executor.executor.parallel:closing loop
[27.284s] DEBUG:colcon.colcon_parallel_executor.executor.parallel:loop closed
[27.284s] DEBUG:colcon.colcon_parallel_executor.executor.parallel:run_until_complete finished with '0'
[27.284s] DEBUG:colcon.colcon_core.event_reactor:joining thread
[27.296s] INFO:colcon.colcon_core.plugin_system:Skipping extension 'colcon_notification.desktop_notification.notify_send': Could not find 'notify-send'
[27.297s] INFO:colcon.colcon_core.plugin_system:Skipping extension 'colcon_notification.desktop_notification.terminal_notifier': Not used on non-Darwin systems
[27.297s] INFO:colcon.colcon_core.plugin_system:Skipping extension 'colcon_notification.desktop_notification.win32': Not used on non-Windows systems
[27.297s] INFO:colcon.colcon_notification.desktop_notification:Sending desktop notification using 'notify2'
[27.321s] DEBUG:colcon.colcon_notification.desktop_notification.notify2:Failed to initialize notify2: org.freedesktop.DBus.Error.ServiceUnknown: The name org.freedesktop.Notifications was not provided by any .service files
[27.321s] DEBUG:colcon.colcon_core.event_reactor:joined thread
[27.322s] INFO:colcon.colcon_core.shell:Creating prefix script '/home/davidezuma/PortaMailCapstone/install/local_setup.ps1'
[27.324s] INFO:colcon.colcon_core.shell:Creating prefix util module '/home/davidezuma/PortaMailCapstone/install/_local_setup_util_ps1.py'
[27.326s] INFO:colcon.colcon_core.shell:Creating prefix chain script '/home/davidezuma/PortaMailCapstone/install/setup.ps1'
[27.328s] INFO:colcon.colcon_core.shell:Creating prefix script '/home/davidezuma/PortaMailCapstone/install/local_setup.sh'
[27.329s] INFO:colcon.colcon_core.shell:Creating prefix util module '/home/davidezuma/PortaMailCapstone/install/_local_setup_util_sh.py'
[27.330s] INFO:colcon.colcon_core.shell:Creating prefix chain script '/home/davidezuma/PortaMailCapstone/install/setup.sh'
[27.331s] INFO:colcon.colcon_core.shell:Creating prefix script '/home/davidezuma/PortaMailCapstone/install/local_setup.bash'
[27.332s] INFO:colcon.colcon_core.shell:Creating prefix chain script '/home/davidezuma/PortaMailCapstone/install/setup.bash'
[27.334s] INFO:colcon.colcon_core.shell:Creating prefix script '/home/davidezuma/PortaMailCapstone/install/local_setup.zsh'
[27.335s] INFO:colcon.colcon_core.shell:Creating prefix chain script '/home/davidezuma/PortaMailCapstone/install/setup.zsh'
