[0.137s] DEBUG:colcon:Command line arguments: ['/usr/bin/colcon', 'build', '--packages-select', 'portamail_navigation']
[0.137s] DEBUG:colcon:Parsed command line arguments: Namespace(log_base=None, log_level=None, verb_name='build', build_base='build', install_base='install', merge_install=False, symlink_install=False, test_result_base=None, continue_on_error=False, executor='parallel', parallel_workers=4, event_handlers=None, ignore_user_meta=False, metas=['./colcon.meta'], base_paths=['.'], packages_ignore=None, packages_ignore_regex=None, paths=None, packages_up_to=None, packages_up_to_regex=None, packages_above=None, packages_above_and_dependencies=None, packages_above_depth=None, packages_select_by_dep=None, packages_skip_by_dep=None, packages_skip_up_to=None, packages_select_build_failed=False, packages_skip_build_finished=False, packages_select_test_failures=False, packages_skip_test_passed=False, packages_select=['portamail_navigation'], packages_skip=None, packages_select_regex=None, packages_skip_regex=None, packages_start=None, packages_end=None, allow_overriding=[], cmake_args=None, cmake_target=None, cmake_target_skip_unavailable=False, cmake_clean_cache=False, cmake_clean_first=False, cmake_force_configure=False, ament_cmake_args=None, catkin_cmake_args=None, catkin_skip_building_tests=False, mixin_files=None, mixin=None, verb_parser=<colcon_mixin.mixin.mixin_argument.MixinArgumentDecorator object at 0xffffb7a6da60>, verb_extension=<colcon_core.verb.build.BuildVerb object at 0xffffb7cac770>, main=<bound method BuildVerb.main of <colcon_core.verb.build.BuildVerb object at 0xffffb7cac770>>, mixin_verb=('build',))
[0.191s] Level 1:colcon.colcon_core.package_discovery:discover_packages(colcon_meta) check parameters
[0.192s] Level 1:colcon.colcon_core.package_discovery:discover_packages(recursive) check parameters
[0.192s] Level 1:colcon.colcon_core.package_discovery:discover_packages(ignore) check parameters
[0.192s] Level 1:colcon.colcon_core.package_discovery:discover_packages(path) check parameters
[0.192s] Level 1:colcon.colcon_core.package_discovery:discover_packages(colcon_meta) discover
[0.192s] Level 1:colcon.colcon_core.package_discovery:discover_packages(recursive) discover
[0.192s] INFO:colcon.colcon_core.package_discovery:Crawling recursively for packages in '/home/davidezuma/PortaMailCapstone'
[0.192s] Level 1:colcon.colcon_core.package_identification:_identify(.) by extensions ['ignore', 'ignore_ament_install']
[0.192s] Level 1:colcon.colcon_core.package_identification:_identify(.) by extension 'ignore'
[0.192s] Level 1:colcon.colcon_core.package_identification:_identify(.) by extension 'ignore_ament_install'
[0.192s] Level 1:colcon.colcon_core.package_identification:_identify(.) by extensions ['colcon_pkg']
[0.192s] Level 1:colcon.colcon_core.package_identification:_identify(.) by extension 'colcon_pkg'
[0.192s] Level 1:colcon.colcon_core.package_identification:_identify(.) by extensions ['colcon_meta']
[0.192s] Level 1:colcon.colcon_core.package_identification:_identify(.) by extension 'colcon_meta'
[0.192s] Level 1:colcon.colcon_core.package_identification:_identify(.) by extensions ['ros']
[0.192s] Level 1:colcon.colcon_core.package_identification:_identify(.) by extension 'ros'
[0.228s] Level 1:colcon.colcon_core.package_identification:_identify(.) by extensions ['cmake', 'python']
[0.228s] Level 1:colcon.colcon_core.package_identification:_identify(.) by extension 'cmake'
[0.228s] Level 1:colcon.colcon_core.package_identification:_identify(.) by extension 'python'
[0.228s] Level 1:colcon.colcon_core.package_identification:_identify(.) by extensions ['python_setup_py']
[0.228s] Level 1:colcon.colcon_core.package_identification:_identify(.) by extension 'python_setup_py'
[0.228s] Level 1:colcon.colcon_core.package_identification:_identify(build) by extensions ['ignore', 'ignore_ament_install']
[0.229s] Level 1:colcon.colcon_core.package_identification:_identify(build) by extension 'ignore'
[0.229s] Level 1:colcon.colcon_core.package_identification:_identify(build) ignored
[0.229s] Level 1:colcon.colcon_core.package_identification:_identify(install) by extensions ['ignore', 'ignore_ament_install']
[0.229s] Level 1:colcon.colcon_core.package_identification:_identify(install) by extension 'ignore'
[0.229s] Level 1:colcon.colcon_core.package_identification:_identify(install) ignored
[0.229s] Level 1:colcon.colcon_core.package_identification:_identify(log) by extensions ['ignore', 'ignore_ament_install']
[0.229s] Level 1:colcon.colcon_core.package_identification:_identify(log) by extension 'ignore'
[0.229s] Level 1:colcon.colcon_core.package_identification:_identify(log) ignored
[0.229s] Level 1:colcon.colcon_core.package_identification:_identify(src) by extensions ['ignore', 'ignore_ament_install']
[0.229s] Level 1:colcon.colcon_core.package_identification:_identify(src) by extension 'ignore'
[0.229s] Level 1:colcon.colcon_core.package_identification:_identify(src) by extension 'ignore_ament_install'
[0.229s] Level 1:colcon.colcon_core.package_identification:_identify(src) by extensions ['colcon_pkg']
[0.229s] Level 1:colcon.colcon_core.package_identification:_identify(src) by extension 'colcon_pkg'
[0.230s] Level 1:colcon.colcon_core.package_identification:_identify(src) by extensions ['colcon_meta']
[0.230s] Level 1:colcon.colcon_core.package_identification:_identify(src) by extension 'colcon_meta'
[0.230s] Level 1:colcon.colcon_core.package_identification:_identify(src) by extensions ['ros']
[0.230s] Level 1:colcon.colcon_core.package_identification:_identify(src) by extension 'ros'
[0.230s] Level 1:colcon.colcon_core.package_identification:_identify(src) by extensions ['cmake', 'python']
[0.230s] Level 1:colcon.colcon_core.package_identification:_identify(src) by extension 'cmake'
[0.230s] Level 1:colcon.colcon_core.package_identification:_identify(src) by extension 'python'
[0.230s] Level 1:colcon.colcon_core.package_identification:_identify(src) by extensions ['python_setup_py']
[0.230s] Level 1:colcon.colcon_core.package_identification:_identify(src) by extension 'python_setup_py'
[0.230s] Level 1:colcon.colcon_core.package_identification:_identify(src/build) by extensions ['ignore', 'ignore_ament_install']
[0.230s] Level 1:colcon.colcon_core.package_identification:_identify(src/build) by extension 'ignore'
[0.230s] Level 1:colcon.colcon_core.package_identification:_identify(src/build) ignored
[0.230s] Level 1:colcon.colcon_core.package_identification:_identify(src/install) by extensions ['ignore', 'ignore_ament_install']
[0.230s] Level 1:colcon.colcon_core.package_identification:_identify(src/install) by extension 'ignore'
[0.230s] Level 1:colcon.colcon_core.package_identification:_identify(src/install) ignored
[0.230s] Level 1:colcon.colcon_core.package_identification:_identify(src/log) by extensions ['ignore', 'ignore_ament_install']
[0.230s] Level 1:colcon.colcon_core.package_identification:_identify(src/log) by extension 'ignore'
[0.231s] Level 1:colcon.colcon_core.package_identification:_identify(src/log) ignored
[0.231s] Level 1:colcon.colcon_core.package_identification:_identify(src/portamail_navigation) by extensions ['ignore', 'ignore_ament_install']
[0.231s] Level 1:colcon.colcon_core.package_identification:_identify(src/portamail_navigation) by extension 'ignore'
[0.231s] Level 1:colcon.colcon_core.package_identification:_identify(src/portamail_navigation) by extension 'ignore_ament_install'
[0.231s] Level 1:colcon.colcon_core.package_identification:_identify(src/portamail_navigation) by extensions ['colcon_pkg']
[0.231s] Level 1:colcon.colcon_core.package_identification:_identify(src/portamail_navigation) by extension 'colcon_pkg'
[0.231s] Level 1:colcon.colcon_core.package_identification:_identify(src/portamail_navigation) by extensions ['colcon_meta']
[0.231s] Level 1:colcon.colcon_core.package_identification:_identify(src/portamail_navigation) by extension 'colcon_meta'
[0.231s] Level 1:colcon.colcon_core.package_identification:_identify(src/portamail_navigation) by extensions ['ros']
[0.231s] Level 1:colcon.colcon_core.package_identification:_identify(src/portamail_navigation) by extension 'ros'
[0.235s] DEBUG:colcon.colcon_core.package_identification:Package 'src/portamail_navigation' with type 'ros.ament_cmake' and name 'portamail_navigation'
[0.235s] Level 1:colcon.colcon_core.package_discovery:discover_packages(recursive) using defaults
[0.235s] Level 1:colcon.colcon_core.package_discovery:discover_packages(ignore) discover
[0.235s] Level 1:colcon.colcon_core.package_discovery:discover_packages(ignore) using defaults
[0.235s] Level 1:colcon.colcon_core.package_discovery:discover_packages(path) discover
[0.235s] Level 1:colcon.colcon_core.package_discovery:discover_packages(path) using defaults
[0.257s] Level 1:colcon.colcon_core.package_discovery:discover_packages(prefix_path) check parameters
[0.258s] Level 1:colcon.colcon_core.package_discovery:discover_packages(prefix_path) discover
[0.261s] DEBUG:colcon.colcon_installed_package_information.package_discovery:Found 306 installed packages in /opt/ros/jazzy
[0.262s] Level 1:colcon.colcon_core.package_discovery:discover_packages(prefix_path) using defaults
[0.318s] Level 5:colcon.colcon_core.verb:set package 'portamail_navigation' build argument 'cmake_args' from command line to 'None'
[0.318s] Level 5:colcon.colcon_core.verb:set package 'portamail_navigation' build argument 'cmake_target' from command line to 'None'
[0.318s] Level 5:colcon.colcon_core.verb:set package 'portamail_navigation' build argument 'cmake_target_skip_unavailable' from command line to 'False'
[0.318s] Level 5:colcon.colcon_core.verb:set package 'portamail_navigation' build argument 'cmake_clean_cache' from command line to 'False'
[0.318s] Level 5:colcon.colcon_core.verb:set package 'portamail_navigation' build argument 'cmake_clean_first' from command line to 'False'
[0.318s] Level 5:colcon.colcon_core.verb:set package 'portamail_navigation' build argument 'cmake_force_configure' from command line to 'False'
[0.318s] Level 5:colcon.colcon_core.verb:set package 'portamail_navigation' build argument 'ament_cmake_args' from command line to 'None'
[0.318s] Level 5:colcon.colcon_core.verb:set package 'portamail_navigation' build argument 'catkin_cmake_args' from command line to 'None'
[0.318s] Level 5:colcon.colcon_core.verb:set package 'portamail_navigation' build argument 'catkin_skip_building_tests' from command line to 'False'
[0.318s] DEBUG:colcon.colcon_core.verb:Building package 'portamail_navigation' with the following arguments: {'ament_cmake_args': None, 'build_base': '/home/davidezuma/PortaMailCapstone/build/portamail_navigation', 'catkin_cmake_args': None, 'catkin_skip_building_tests': False, 'cmake_args': None, 'cmake_clean_cache': False, 'cmake_clean_first': False, 'cmake_force_configure': False, 'cmake_target': None, 'cmake_target_skip_unavailable': False, 'install_base': '/home/davidezuma/PortaMailCapstone/install/portamail_navigation', 'merge_install': False, 'path': '/home/davidezuma/PortaMailCapstone/src/portamail_navigation', 'symlink_install': False, 'test_result_base': None}
[0.318s] INFO:colcon.colcon_core.executor:Executing jobs using 'parallel' executor
[0.320s] DEBUG:colcon.colcon_parallel_executor.executor.parallel:run_until_complete
[0.320s] INFO:colcon.colcon_ros.task.ament_cmake.build:Building ROS package in '/home/davidezuma/PortaMailCapstone/src/portamail_navigation' with build type 'ament_cmake'
[0.320s] INFO:colcon.colcon_cmake.task.cmake.build:Building CMake package in '/home/davidezuma/PortaMailCapstone/src/portamail_navigation'
[0.322s] INFO:colcon.colcon_core.plugin_system:Skipping extension 'colcon_core.shell.bat': Not used on non-Windows systems
[0.322s] INFO:colcon.colcon_core.shell:Skip shell extension 'powershell' for command environment: Not usable outside of PowerShell
[0.322s] DEBUG:colcon.colcon_core.shell:Skip shell extension 'dsv' for command environment
[0.332s] DEBUG:colcon.colcon_core.event_handler.log_command:Invoking command in '/home/davidezuma/PortaMailCapstone/build/portamail_navigation': CMAKE_PREFIX_PATH=${CMAKE_PREFIX_PATH}:/opt/ros/jazzy /usr/bin/cmake /home/davidezuma/PortaMailCapstone/src/portamail_navigation -DCMAKE_INSTALL_PREFIX=/home/davidezuma/PortaMailCapstone/install/portamail_navigation
[4.896s] DEBUG:colcon.colcon_core.event_handler.log_command:Invoked command in '/home/davidezuma/PortaMailCapstone/build/portamail_navigation' returned '0': CMAKE_PREFIX_PATH=${CMAKE_PREFIX_PATH}:/opt/ros/jazzy /usr/bin/cmake /home/davidezuma/PortaMailCapstone/src/portamail_navigation -DCMAKE_INSTALL_PREFIX=/home/davidezuma/PortaMailCapstone/install/portamail_navigation
[4.899s] DEBUG:colcon.colcon_core.event_handler.log_command:Invoking command in '/home/davidezuma/PortaMailCapstone/build/portamail_navigation': CMAKE_PREFIX_PATH=${CMAKE_PREFIX_PATH}:/opt/ros/jazzy /usr/bin/cmake --build /home/davidezuma/PortaMailCapstone/build/portamail_navigation -- -j4 -l4
[23.175s] DEBUG:colcon.colcon_core.event_handler.log_command:Invoked command in '/home/davidezuma/PortaMailCapstone/build/portamail_navigation' returned '0': CMAKE_PREFIX_PATH=${CMAKE_PREFIX_PATH}:/opt/ros/jazzy /usr/bin/cmake --build /home/davidezuma/PortaMailCapstone/build/portamail_navigation -- -j4 -l4
[23.195s] DEBUG:colcon.colcon_core.event_handler.log_command:Invoking command in '/home/davidezuma/PortaMailCapstone/build/portamail_navigation': CMAKE_PREFIX_PATH=${CMAKE_PREFIX_PATH}:/opt/ros/jazzy /usr/bin/cmake --install /home/davidezuma/PortaMailCapstone/build/portamail_navigation
[23.236s] Level 1:colcon.colcon_core.environment:create_environment_scripts_only(portamail_navigation)
[23.237s] DEBUG:colcon.colcon_core.event_handler.log_command:Invoked command in '/home/davidezuma/PortaMailCapstone/build/portamail_navigation' returned '0': CMAKE_PREFIX_PATH=${CMAKE_PREFIX_PATH}:/opt/ros/jazzy /usr/bin/cmake --install /home/davidezuma/PortaMailCapstone/build/portamail_navigation
[23.239s] Level 1:colcon.colcon_core.environment:checking '/home/davidezuma/PortaMailCapstone/install/portamail_navigation' for CMake module files
[23.240s] Level 1:colcon.colcon_core.environment:checking '/home/davidezuma/PortaMailCapstone/install/portamail_navigation' for CMake config files
[23.240s] Level 1:colcon.colcon_core.shell:create_environment_hook('portamail_navigation', 'cmake_prefix_path')
[23.241s] INFO:colcon.colcon_core.shell:Creating environment hook '/home/davidezuma/PortaMailCapstone/install/portamail_navigation/share/portamail_navigation/hook/cmake_prefix_path.ps1'
[23.241s] INFO:colcon.colcon_core.shell:Creating environment descriptor '/home/davidezuma/PortaMailCapstone/install/portamail_navigation/share/portamail_navigation/hook/cmake_prefix_path.dsv'
[23.242s] INFO:colcon.colcon_core.shell:Creating environment hook '/home/davidezuma/PortaMailCapstone/install/portamail_navigation/share/portamail_navigation/hook/cmake_prefix_path.sh'
[23.243s] Level 1:colcon.colcon_core.environment:checking '/home/davidezuma/PortaMailCapstone/install/portamail_navigation/lib'
[23.243s] Level 1:colcon.colcon_core.environment:checking '/home/davidezuma/PortaMailCapstone/install/portamail_navigation/bin'
[23.243s] Level 1:colcon.colcon_core.environment:checking '/home/davidezuma/PortaMailCapstone/install/portamail_navigation/lib/pkgconfig/portamail_navigation.pc'
[23.243s] Level 1:colcon.colcon_core.environment:checking '/home/davidezuma/PortaMailCapstone/install/portamail_navigation/lib/python3.12/site-packages'
[23.244s] Level 1:colcon.colcon_core.environment:checking '/home/davidezuma/PortaMailCapstone/install/portamail_navigation/bin'
[23.244s] INFO:colcon.colcon_core.shell:Creating package script '/home/davidezuma/PortaMailCapstone/install/portamail_navigation/share/portamail_navigation/package.ps1'
[23.245s] INFO:colcon.colcon_core.shell:Creating package descriptor '/home/davidezuma/PortaMailCapstone/install/portamail_navigation/share/portamail_navigation/package.dsv'
[23.246s] INFO:colcon.colcon_core.shell:Creating package script '/home/davidezuma/PortaMailCapstone/install/portamail_navigation/share/portamail_navigation/package.sh'
[23.246s] INFO:colcon.colcon_core.shell:Creating package script '/home/davidezuma/PortaMailCapstone/install/portamail_navigation/share/portamail_navigation/package.bash'
[23.247s] INFO:colcon.colcon_core.shell:Creating package script '/home/davidezuma/PortaMailCapstone/install/portamail_navigation/share/portamail_navigation/package.zsh'
[23.248s] Level 1:colcon.colcon_core.environment:create_file_with_runtime_dependencies(/home/davidezuma/PortaMailCapstone/install/portamail_navigation/share/colcon-core/packages/portamail_navigation)
[23.248s] Level 1:colcon.colcon_core.environment:create_environment_scripts_only(portamail_navigation)
[23.249s] Level 1:colcon.colcon_core.environment:checking '/home/davidezuma/PortaMailCapstone/install/portamail_navigation' for CMake module files
[23.249s] Level 1:colcon.colcon_core.environment:checking '/home/davidezuma/PortaMailCapstone/install/portamail_navigation' for CMake config files
[23.250s] Level 1:colcon.colcon_core.shell:create_environment_hook('portamail_navigation', 'cmake_prefix_path')
[23.250s] INFO:colcon.colcon_core.shell:Creating environment hook '/home/davidezuma/PortaMailCapstone/install/portamail_navigation/share/portamail_navigation/hook/cmake_prefix_path.ps1'
[23.250s] INFO:colcon.colcon_core.shell:Creating environment descriptor '/home/davidezuma/PortaMailCapstone/install/portamail_navigation/share/portamail_navigation/hook/cmake_prefix_path.dsv'
[23.252s] INFO:colcon.colcon_core.shell:Creating environment hook '/home/davidezuma/PortaMailCapstone/install/portamail_navigation/share/portamail_navigation/hook/cmake_prefix_path.sh'
[23.253s] Level 1:colcon.colcon_core.environment:checking '/home/davidezuma/PortaMailCapstone/install/portamail_navigation/lib'
[23.254s] Level 1:colcon.colcon_core.environment:checking '/home/davidezuma/PortaMailCapstone/install/portamail_navigation/bin'
[23.254s] Level 1:colcon.colcon_core.environment:checking '/home/davidezuma/PortaMailCapstone/install/portamail_navigation/lib/pkgconfig/portamail_navigation.pc'
[23.254s] Level 1:colcon.colcon_core.environment:checking '/home/davidezuma/PortaMailCapstone/install/portamail_navigation/lib/python3.12/site-packages'
[23.254s] Level 1:colcon.colcon_core.environment:checking '/home/davidezuma/PortaMailCapstone/install/portamail_navigation/bin'
[23.255s] INFO:colcon.colcon_core.shell:Creating package script '/home/davidezuma/PortaMailCapstone/install/portamail_navigation/share/portamail_navigation/package.ps1'
[23.255s] INFO:colcon.colcon_core.shell:Creating package descriptor '/home/davidezuma/PortaMailCapstone/install/portamail_navigation/share/portamail_navigation/package.dsv'
[23.257s] INFO:colcon.colcon_core.shell:Creating package script '/home/davidezuma/PortaMailCapstone/install/portamail_navigation/share/portamail_navigation/package.sh'
[23.258s] INFO:colcon.colcon_core.shell:Creating package script '/home/davidezuma/PortaMailCapstone/install/portamail_navigation/share/portamail_navigation/package.bash'
[23.259s] INFO:colcon.colcon_core.shell:Creating package script '/home/davidezuma/PortaMailCapstone/install/portamail_navigation/share/portamail_navigation/package.zsh'
[23.261s] Level 1:colcon.colcon_core.environment:create_file_with_runtime_dependencies(/home/davidezuma/PortaMailCapstone/install/portamail_navigation/share/colcon-core/packages/portamail_navigation)
[23.262s] DEBUG:colcon.colcon_parallel_executor.executor.parallel:closing loop
[23.262s] DEBUG:colcon.colcon_parallel_executor.executor.parallel:loop closed
[23.262s] DEBUG:colcon.colcon_parallel_executor.executor.parallel:run_until_complete finished with '0'
[23.263s] DEBUG:colcon.colcon_core.event_reactor:joining thread
[23.271s] INFO:colcon.colcon_core.plugin_system:Skipping extension 'colcon_notification.desktop_notification.notify_send': Could not find 'notify-send'
[23.271s] INFO:colcon.colcon_core.plugin_system:Skipping extension 'colcon_notification.desktop_notification.terminal_notifier': Not used on non-Darwin systems
[23.271s] INFO:colcon.colcon_core.plugin_system:Skipping extension 'colcon_notification.desktop_notification.win32': Not used on non-Windows systems
[23.271s] INFO:colcon.colcon_notification.desktop_notification:Sending desktop notification using 'notify2'
[23.272s] DEBUG:colcon.colcon_notification.desktop_notification.notify2:Failed to initialize notify2: org.freedesktop.DBus.Error.ServiceUnknown: The name org.freedesktop.Notifications was not provided by any .service files
[23.273s] DEBUG:colcon.colcon_core.event_reactor:joined thread
[23.273s] INFO:colcon.colcon_core.shell:Creating prefix script '/home/davidezuma/PortaMailCapstone/install/local_setup.ps1'
[23.274s] INFO:colcon.colcon_core.shell:Creating prefix util module '/home/davidezuma/PortaMailCapstone/install/_local_setup_util_ps1.py'
[23.276s] INFO:colcon.colcon_core.shell:Creating prefix chain script '/home/davidezuma/PortaMailCapstone/install/setup.ps1'
[23.277s] INFO:colcon.colcon_core.shell:Creating prefix script '/home/davidezuma/PortaMailCapstone/install/local_setup.sh'
[23.278s] INFO:colcon.colcon_core.shell:Creating prefix util module '/home/davidezuma/PortaMailCapstone/install/_local_setup_util_sh.py'
[23.278s] INFO:colcon.colcon_core.shell:Creating prefix chain script '/home/davidezuma/PortaMailCapstone/install/setup.sh'
[23.280s] INFO:colcon.colcon_core.shell:Creating prefix script '/home/davidezuma/PortaMailCapstone/install/local_setup.bash'
[23.280s] INFO:colcon.colcon_core.shell:Creating prefix chain script '/home/davidezuma/PortaMailCapstone/install/setup.bash'
[23.281s] INFO:colcon.colcon_core.shell:Creating prefix script '/home/davidezuma/PortaMailCapstone/install/local_setup.zsh'
[23.282s] INFO:colcon.colcon_core.shell:Creating prefix chain script '/home/davidezuma/PortaMailCapstone/install/setup.zsh'
