[0.220s] DEBUG:colcon:Command line arguments: ['/usr/bin/colcon', 'build', '--packages-select', 'portamail_navigation']
[0.221s] DEBUG:colcon:Parsed command line arguments: Namespace(log_base=None, log_level=None, verb_name='build', build_base='build', install_base='install', merge_install=False, symlink_install=False, test_result_base=None, continue_on_error=False, executor='parallel', parallel_workers=16, event_handlers=None, ignore_user_meta=False, metas=['./colcon.meta'], base_paths=['.'], packages_ignore=None, packages_ignore_regex=None, paths=None, packages_up_to=None, packages_up_to_regex=None, packages_above=None, packages_above_and_dependencies=None, packages_above_depth=None, packages_select_by_dep=None, packages_skip_by_dep=None, packages_skip_up_to=None, packages_select_build_failed=False, packages_skip_build_finished=False, packages_select_test_failures=False, packages_skip_test_passed=False, packages_select=['portamail_navigation'], packages_skip=None, packages_select_regex=None, packages_skip_regex=None, packages_start=None, packages_end=None, allow_overriding=[], cmake_args=None, cmake_target=None, cmake_target_skip_unavailable=False, cmake_clean_cache=False, cmake_clean_first=False, cmake_force_configure=False, ament_cmake_args=None, catkin_cmake_args=None, catkin_skip_building_tests=False, mixin_files=None, mixin=None, verb_parser=<colcon_mixin.mixin.mixin_argument.MixinArgumentDecorator object at 0x7473d4385910>, verb_extension=<colcon_core.verb.build.BuildVerb object at 0x7473d4da6540>, main=<bound method BuildVerb.main of <colcon_core.verb.build.BuildVerb object at 0x7473d4da6540>>, mixin_verb=('build',))
[0.338s] Level 1:colcon.colcon_core.package_discovery:discover_packages(colcon_meta) check parameters
[0.339s] Level 1:colcon.colcon_core.package_discovery:discover_packages(recursive) check parameters
[0.340s] Level 1:colcon.colcon_core.package_discovery:discover_packages(ignore) check parameters
[0.340s] Level 1:colcon.colcon_core.package_discovery:discover_packages(path) check parameters
[0.341s] Level 1:colcon.colcon_core.package_discovery:discover_packages(colcon_meta) discover
[0.342s] Level 1:colcon.colcon_core.package_discovery:discover_packages(recursive) discover
[0.342s] INFO:colcon.colcon_core.package_discovery:Crawling recursively for packages in '/mnt/c/Users/k1411090/Documents/Projects/PortaMailCapstone'
[0.346s] Level 1:colcon.colcon_core.package_identification:_identify(.) by extensions ['ignore', 'ignore_ament_install']
[0.346s] Level 1:colcon.colcon_core.package_identification:_identify(.) by extension 'ignore'
[0.347s] Level 1:colcon.colcon_core.package_identification:_identify(.) by extension 'ignore_ament_install'
[0.347s] Level 1:colcon.colcon_core.package_identification:_identify(.) by extensions ['colcon_pkg']
[0.348s] Level 1:colcon.colcon_core.package_identification:_identify(.) by extension 'colcon_pkg'
[0.348s] Level 1:colcon.colcon_core.package_identification:_identify(.) by extensions ['colcon_meta']
[0.348s] Level 1:colcon.colcon_core.package_identification:_identify(.) by extension 'colcon_meta'
[0.348s] Level 1:colcon.colcon_core.package_identification:_identify(.) by extensions ['ros']
[0.349s] Level 1:colcon.colcon_core.package_identification:_identify(.) by extension 'ros'
[0.381s] Level 1:colcon.colcon_core.package_identification:_identify(.) by extensions ['cmake', 'python']
[0.381s] Level 1:colcon.colcon_core.package_identification:_identify(.) by extension 'cmake'
[0.382s] Level 1:colcon.colcon_core.package_identification:_identify(.) by extension 'python'
[0.382s] Level 1:colcon.colcon_core.package_identification:_identify(.) by extensions ['python_setup_py']
[0.383s] Level 1:colcon.colcon_core.package_identification:_identify(.) by extension 'python_setup_py'
[0.385s] Level 1:colcon.colcon_core.package_identification:_identify(build) by extensions ['ignore', 'ignore_ament_install']
[0.385s] Level 1:colcon.colcon_core.package_identification:_identify(build) by extension 'ignore'
[0.386s] Level 1:colcon.colcon_core.package_identification:_identify(build) ignored
[0.389s] Level 1:colcon.colcon_core.package_identification:_identify(install) by extensions ['ignore', 'ignore_ament_install']
[0.389s] Level 1:colcon.colcon_core.package_identification:_identify(install) by extension 'ignore'
[0.390s] Level 1:colcon.colcon_core.package_identification:_identify(install) ignored
[0.393s] Level 1:colcon.colcon_core.package_identification:_identify(log) by extensions ['ignore', 'ignore_ament_install']
[0.393s] Level 1:colcon.colcon_core.package_identification:_identify(log) by extension 'ignore'
[0.394s] Level 1:colcon.colcon_core.package_identification:_identify(log) ignored
[0.396s] Level 1:colcon.colcon_core.package_identification:_identify(src) by extensions ['ignore', 'ignore_ament_install']
[0.397s] Level 1:colcon.colcon_core.package_identification:_identify(src) by extension 'ignore'
[0.397s] Level 1:colcon.colcon_core.package_identification:_identify(src) by extension 'ignore_ament_install'
[0.398s] Level 1:colcon.colcon_core.package_identification:_identify(src) by extensions ['colcon_pkg']
[0.399s] Level 1:colcon.colcon_core.package_identification:_identify(src) by extension 'colcon_pkg'
[0.399s] Level 1:colcon.colcon_core.package_identification:_identify(src) by extensions ['colcon_meta']
[0.399s] Level 1:colcon.colcon_core.package_identification:_identify(src) by extension 'colcon_meta'
[0.400s] Level 1:colcon.colcon_core.package_identification:_identify(src) by extensions ['ros']
[0.400s] Level 1:colcon.colcon_core.package_identification:_identify(src) by extension 'ros'
[0.403s] Level 1:colcon.colcon_core.package_identification:_identify(src) by extensions ['cmake', 'python']
[0.403s] Level 1:colcon.colcon_core.package_identification:_identify(src) by extension 'cmake'
[0.404s] Level 1:colcon.colcon_core.package_identification:_identify(src) by extension 'python'
[0.404s] Level 1:colcon.colcon_core.package_identification:_identify(src) by extensions ['python_setup_py']
[0.405s] Level 1:colcon.colcon_core.package_identification:_identify(src) by extension 'python_setup_py'
[0.408s] Level 1:colcon.colcon_core.package_identification:_identify(src/build) by extensions ['ignore', 'ignore_ament_install']
[0.409s] Level 1:colcon.colcon_core.package_identification:_identify(src/build) by extension 'ignore'
[0.410s] Level 1:colcon.colcon_core.package_identification:_identify(src/build) ignored
[0.413s] Level 1:colcon.colcon_core.package_identification:_identify(src/install) by extensions ['ignore', 'ignore_ament_install']
[0.413s] Level 1:colcon.colcon_core.package_identification:_identify(src/install) by extension 'ignore'
[0.415s] Level 1:colcon.colcon_core.package_identification:_identify(src/install) ignored
[0.418s] Level 1:colcon.colcon_core.package_identification:_identify(src/log) by extensions ['ignore', 'ignore_ament_install']
[0.418s] Level 1:colcon.colcon_core.package_identification:_identify(src/log) by extension 'ignore'
[0.419s] Level 1:colcon.colcon_core.package_identification:_identify(src/log) ignored
[0.422s] Level 1:colcon.colcon_core.package_identification:_identify(src/portamail_navigation) by extensions ['ignore', 'ignore_ament_install']
[0.423s] Level 1:colcon.colcon_core.package_identification:_identify(src/portamail_navigation) by extension 'ignore'
[0.424s] Level 1:colcon.colcon_core.package_identification:_identify(src/portamail_navigation) by extension 'ignore_ament_install'
[0.426s] Level 1:colcon.colcon_core.package_identification:_identify(src/portamail_navigation) by extensions ['colcon_pkg']
[0.426s] Level 1:colcon.colcon_core.package_identification:_identify(src/portamail_navigation) by extension 'colcon_pkg'
[0.427s] Level 1:colcon.colcon_core.package_identification:_identify(src/portamail_navigation) by extensions ['colcon_meta']
[0.427s] Level 1:colcon.colcon_core.package_identification:_identify(src/portamail_navigation) by extension 'colcon_meta'
[0.428s] Level 1:colcon.colcon_core.package_identification:_identify(src/portamail_navigation) by extensions ['ros']
[0.429s] Level 1:colcon.colcon_core.package_identification:_identify(src/portamail_navigation) by extension 'ros'
[0.441s] DEBUG:colcon.colcon_core.package_identification:Package 'src/portamail_navigation' with type 'ros.ament_cmake' and name 'portamail_navigation'
[0.442s] Level 1:colcon.colcon_core.package_discovery:discover_packages(recursive) using defaults
[0.442s] Level 1:colcon.colcon_core.package_discovery:discover_packages(ignore) discover
[0.442s] Level 1:colcon.colcon_core.package_discovery:discover_packages(ignore) using defaults
[0.442s] Level 1:colcon.colcon_core.package_discovery:discover_packages(path) discover
[0.442s] Level 1:colcon.colcon_core.package_discovery:discover_packages(path) using defaults
[0.468s] Level 1:colcon.colcon_core.package_discovery:discover_packages(prefix_path) check parameters
[0.468s] Level 1:colcon.colcon_core.package_discovery:discover_packages(prefix_path) discover
[0.473s] DEBUG:colcon.colcon_installed_package_information.package_discovery:Found 379 installed packages in /opt/ros/jazzy
[0.474s] Level 1:colcon.colcon_core.package_discovery:discover_packages(prefix_path) using defaults
[0.508s] Level 5:colcon.colcon_core.verb:set package 'portamail_navigation' build argument 'cmake_args' from command line to 'None'
[0.508s] Level 5:colcon.colcon_core.verb:set package 'portamail_navigation' build argument 'cmake_target' from command line to 'None'
[0.509s] Level 5:colcon.colcon_core.verb:set package 'portamail_navigation' build argument 'cmake_target_skip_unavailable' from command line to 'False'
[0.509s] Level 5:colcon.colcon_core.verb:set package 'portamail_navigation' build argument 'cmake_clean_cache' from command line to 'False'
[0.510s] Level 5:colcon.colcon_core.verb:set package 'portamail_navigation' build argument 'cmake_clean_first' from command line to 'False'
[0.510s] Level 5:colcon.colcon_core.verb:set package 'portamail_navigation' build argument 'cmake_force_configure' from command line to 'False'
[0.511s] Level 5:colcon.colcon_core.verb:set package 'portamail_navigation' build argument 'ament_cmake_args' from command line to 'None'
[0.511s] Level 5:colcon.colcon_core.verb:set package 'portamail_navigation' build argument 'catkin_cmake_args' from command line to 'None'
[0.511s] Level 5:colcon.colcon_core.verb:set package 'portamail_navigation' build argument 'catkin_skip_building_tests' from command line to 'False'
[0.512s] DEBUG:colcon.colcon_core.verb:Building package 'portamail_navigation' with the following arguments: {'ament_cmake_args': None, 'build_base': '/mnt/c/Users/k1411090/Documents/Projects/PortaMailCapstone/build/portamail_navigation', 'catkin_cmake_args': None, 'catkin_skip_building_tests': False, 'cmake_args': None, 'cmake_clean_cache': False, 'cmake_clean_first': False, 'cmake_force_configure': False, 'cmake_target': None, 'cmake_target_skip_unavailable': False, 'install_base': '/mnt/c/Users/k1411090/Documents/Projects/PortaMailCapstone/install/portamail_navigation', 'merge_install': False, 'path': '/mnt/c/Users/k1411090/Documents/Projects/PortaMailCapstone/src/portamail_navigation', 'symlink_install': False, 'test_result_base': None}
[0.512s] INFO:colcon.colcon_core.executor:Executing jobs using 'parallel' executor
[0.513s] DEBUG:colcon.colcon_parallel_executor.executor.parallel:run_until_complete
[0.513s] INFO:colcon.colcon_ros.task.ament_cmake.build:Building ROS package in '/mnt/c/Users/k1411090/Documents/Projects/PortaMailCapstone/src/portamail_navigation' with build type 'ament_cmake'
[0.513s] INFO:colcon.colcon_cmake.task.cmake.build:Building CMake package in '/mnt/c/Users/k1411090/Documents/Projects/PortaMailCapstone/src/portamail_navigation'
[0.518s] INFO:colcon.colcon_core.plugin_system:Skipping extension 'colcon_core.shell.bat': Not used on non-Windows systems
[0.518s] INFO:colcon.colcon_core.shell:Skip shell extension 'powershell' for command environment: Not usable outside of PowerShell
[0.519s] DEBUG:colcon.colcon_core.shell:Skip shell extension 'dsv' for command environment
[0.592s] DEBUG:colcon.colcon_core.event_handler.log_command:Invoking command in '/mnt/c/Users/k1411090/Documents/Projects/PortaMailCapstone/build/portamail_navigation': CMAKE_PREFIX_PATH=${CMAKE_PREFIX_PATH}:/opt/ros/jazzy /usr/bin/cmake /mnt/c/Users/k1411090/Documents/Projects/PortaMailCapstone/src/portamail_navigation -DCMAKE_INSTALL_PREFIX=/mnt/c/Users/k1411090/Documents/Projects/PortaMailCapstone/install/portamail_navigation
[37.307s] DEBUG:colcon.colcon_core.event_handler.log_command:Invoked command in '/mnt/c/Users/k1411090/Documents/Projects/PortaMailCapstone/build/portamail_navigation' returned '0': CMAKE_PREFIX_PATH=${CMAKE_PREFIX_PATH}:/opt/ros/jazzy /usr/bin/cmake /mnt/c/Users/k1411090/Documents/Projects/PortaMailCapstone/src/portamail_navigation -DCMAKE_INSTALL_PREFIX=/mnt/c/Users/k1411090/Documents/Projects/PortaMailCapstone/install/portamail_navigation
[37.326s] DEBUG:colcon.colcon_core.event_handler.log_command:Invoking command in '/mnt/c/Users/k1411090/Documents/Projects/PortaMailCapstone/build/portamail_navigation': CMAKE_PREFIX_PATH=${CMAKE_PREFIX_PATH}:/opt/ros/jazzy /usr/bin/cmake --build /mnt/c/Users/k1411090/Documents/Projects/PortaMailCapstone/build/portamail_navigation -- -j16 -l16
[51.902s] DEBUG:colcon.colcon_core.event_handler.log_command:Invoked command in '/mnt/c/Users/k1411090/Documents/Projects/PortaMailCapstone/build/portamail_navigation' returned '0': CMAKE_PREFIX_PATH=${CMAKE_PREFIX_PATH}:/opt/ros/jazzy /usr/bin/cmake --build /mnt/c/Users/k1411090/Documents/Projects/PortaMailCapstone/build/portamail_navigation -- -j16 -l16
[51.972s] DEBUG:colcon.colcon_core.event_handler.log_command:Invoking command in '/mnt/c/Users/k1411090/Documents/Projects/PortaMailCapstone/build/portamail_navigation': CMAKE_PREFIX_PATH=${CMAKE_PREFIX_PATH}:/opt/ros/jazzy /usr/bin/cmake --install /mnt/c/Users/k1411090/Documents/Projects/PortaMailCapstone/build/portamail_navigation
[54.261s] Level 1:colcon.colcon_core.environment:create_environment_scripts_only(portamail_navigation)
[54.263s] DEBUG:colcon.colcon_core.event_handler.log_command:Invoked command in '/mnt/c/Users/k1411090/Documents/Projects/PortaMailCapstone/build/portamail_navigation' returned '0': CMAKE_PREFIX_PATH=${CMAKE_PREFIX_PATH}:/opt/ros/jazzy /usr/bin/cmake --install /mnt/c/Users/k1411090/Documents/Projects/PortaMailCapstone/build/portamail_navigation
[54.269s] Level 1:colcon.colcon_core.environment:checking '/mnt/c/Users/k1411090/Documents/Projects/PortaMailCapstone/install/portamail_navigation' for CMake module files
[54.377s] Level 1:colcon.colcon_core.environment:checking '/mnt/c/Users/k1411090/Documents/Projects/PortaMailCapstone/install/portamail_navigation' for CMake config files
[54.448s] Level 1:colcon.colcon_core.shell:create_environment_hook('portamail_navigation', 'cmake_prefix_path')
[54.448s] INFO:colcon.colcon_core.shell:Creating environment hook '/mnt/c/Users/k1411090/Documents/Projects/PortaMailCapstone/install/portamail_navigation/share/portamail_navigation/hook/cmake_prefix_path.ps1'
[54.460s] INFO:colcon.colcon_core.shell:Creating environment descriptor '/mnt/c/Users/k1411090/Documents/Projects/PortaMailCapstone/install/portamail_navigation/share/portamail_navigation/hook/cmake_prefix_path.dsv'
[54.484s] INFO:colcon.colcon_core.shell:Creating environment hook '/mnt/c/Users/k1411090/Documents/Projects/PortaMailCapstone/install/portamail_navigation/share/portamail_navigation/hook/cmake_prefix_path.sh'
[54.536s] Level 1:colcon.colcon_core.environment:checking '/mnt/c/Users/k1411090/Documents/Projects/PortaMailCapstone/install/portamail_navigation/lib'
[54.541s] Level 1:colcon.colcon_core.environment:checking '/mnt/c/Users/k1411090/Documents/Projects/PortaMailCapstone/install/portamail_navigation/bin'
[54.542s] Level 1:colcon.colcon_core.environment:checking '/mnt/c/Users/k1411090/Documents/Projects/PortaMailCapstone/install/portamail_navigation/lib/pkgconfig/portamail_navigation.pc'
[54.544s] Level 1:colcon.colcon_core.environment:checking '/mnt/c/Users/k1411090/Documents/Projects/PortaMailCapstone/install/portamail_navigation/lib/python3.12/site-packages'
[54.546s] Level 1:colcon.colcon_core.environment:checking '/mnt/c/Users/k1411090/Documents/Projects/PortaMailCapstone/install/portamail_navigation/bin'
[54.547s] INFO:colcon.colcon_core.shell:Creating package script '/mnt/c/Users/k1411090/Documents/Projects/PortaMailCapstone/install/portamail_navigation/share/portamail_navigation/package.ps1'
[54.559s] INFO:colcon.colcon_core.shell:Creating package descriptor '/mnt/c/Users/k1411090/Documents/Projects/PortaMailCapstone/install/portamail_navigation/share/portamail_navigation/package.dsv'
[54.579s] INFO:colcon.colcon_core.shell:Creating package script '/mnt/c/Users/k1411090/Documents/Projects/PortaMailCapstone/install/portamail_navigation/share/portamail_navigation/package.sh'
[54.595s] INFO:colcon.colcon_core.shell:Creating package script '/mnt/c/Users/k1411090/Documents/Projects/PortaMailCapstone/install/portamail_navigation/share/portamail_navigation/package.bash'
[54.610s] INFO:colcon.colcon_core.shell:Creating package script '/mnt/c/Users/k1411090/Documents/Projects/PortaMailCapstone/install/portamail_navigation/share/portamail_navigation/package.zsh'
[54.621s] Level 1:colcon.colcon_core.environment:create_file_with_runtime_dependencies(/mnt/c/Users/k1411090/Documents/Projects/PortaMailCapstone/install/portamail_navigation/share/colcon-core/packages/portamail_navigation)
[54.722s] Level 1:colcon.colcon_core.environment:create_environment_scripts_only(portamail_navigation)
[54.723s] Level 1:colcon.colcon_core.environment:checking '/mnt/c/Users/k1411090/Documents/Projects/PortaMailCapstone/install/portamail_navigation' for CMake module files
[54.810s] Level 1:colcon.colcon_core.environment:checking '/mnt/c/Users/k1411090/Documents/Projects/PortaMailCapstone/install/portamail_navigation' for CMake config files
[54.893s] Level 1:colcon.colcon_core.shell:create_environment_hook('portamail_navigation', 'cmake_prefix_path')
[54.893s] INFO:colcon.colcon_core.shell:Creating environment hook '/mnt/c/Users/k1411090/Documents/Projects/PortaMailCapstone/install/portamail_navigation/share/portamail_navigation/hook/cmake_prefix_path.ps1'
[54.907s] INFO:colcon.colcon_core.shell:Creating environment descriptor '/mnt/c/Users/k1411090/Documents/Projects/PortaMailCapstone/install/portamail_navigation/share/portamail_navigation/hook/cmake_prefix_path.dsv'
[54.931s] INFO:colcon.colcon_core.shell:Creating environment hook '/mnt/c/Users/k1411090/Documents/Projects/PortaMailCapstone/install/portamail_navigation/share/portamail_navigation/hook/cmake_prefix_path.sh'
[54.946s] Level 1:colcon.colcon_core.environment:checking '/mnt/c/Users/k1411090/Documents/Projects/PortaMailCapstone/install/portamail_navigation/lib'
[54.950s] Level 1:colcon.colcon_core.environment:checking '/mnt/c/Users/k1411090/Documents/Projects/PortaMailCapstone/install/portamail_navigation/bin'
[54.952s] Level 1:colcon.colcon_core.environment:checking '/mnt/c/Users/k1411090/Documents/Projects/PortaMailCapstone/install/portamail_navigation/lib/pkgconfig/portamail_navigation.pc'
[54.953s] Level 1:colcon.colcon_core.environment:checking '/mnt/c/Users/k1411090/Documents/Projects/PortaMailCapstone/install/portamail_navigation/lib/python3.12/site-packages'
[54.955s] Level 1:colcon.colcon_core.environment:checking '/mnt/c/Users/k1411090/Documents/Projects/PortaMailCapstone/install/portamail_navigation/bin'
[54.957s] INFO:colcon.colcon_core.shell:Creating package script '/mnt/c/Users/k1411090/Documents/Projects/PortaMailCapstone/install/portamail_navigation/share/portamail_navigation/package.ps1'
[54.969s] INFO:colcon.colcon_core.shell:Creating package descriptor '/mnt/c/Users/k1411090/Documents/Projects/PortaMailCapstone/install/portamail_navigation/share/portamail_navigation/package.dsv'
[54.982s] INFO:colcon.colcon_core.shell:Creating package script '/mnt/c/Users/k1411090/Documents/Projects/PortaMailCapstone/install/portamail_navigation/share/portamail_navigation/package.sh'
[54.996s] INFO:colcon.colcon_core.shell:Creating package script '/mnt/c/Users/k1411090/Documents/Projects/PortaMailCapstone/install/portamail_navigation/share/portamail_navigation/package.bash'
[55.008s] INFO:colcon.colcon_core.shell:Creating package script '/mnt/c/Users/k1411090/Documents/Projects/PortaMailCapstone/install/portamail_navigation/share/portamail_navigation/package.zsh'
[55.021s] Level 1:colcon.colcon_core.environment:create_file_with_runtime_dependencies(/mnt/c/Users/k1411090/Documents/Projects/PortaMailCapstone/install/portamail_navigation/share/colcon-core/packages/portamail_navigation)
[55.031s] DEBUG:colcon.colcon_parallel_executor.executor.parallel:closing loop
[55.031s] DEBUG:colcon.colcon_parallel_executor.executor.parallel:loop closed
[55.031s] DEBUG:colcon.colcon_parallel_executor.executor.parallel:run_until_complete finished with '0'
[55.032s] DEBUG:colcon.colcon_core.event_reactor:joining thread
[55.323s] INFO:colcon.colcon_core.plugin_system:Skipping extension 'colcon_notification.desktop_notification.notify_send': Could not find 'notify-send'
[55.324s] INFO:colcon.colcon_core.plugin_system:Skipping extension 'colcon_notification.desktop_notification.terminal_notifier': Not used on non-Darwin systems
[55.325s] INFO:colcon.colcon_core.plugin_system:Skipping extension 'colcon_notification.desktop_notification.win32': Not used on non-Windows systems
[55.326s] INFO:colcon.colcon_notification.desktop_notification:Sending desktop notification using 'notify2'
[55.330s] DEBUG:colcon.colcon_notification.desktop_notification.notify2:Failed to initialize notify2: org.freedesktop.DBus.Error.ServiceUnknown: The name org.freedesktop.Notifications was not provided by any .service files
[55.330s] DEBUG:colcon.colcon_core.event_reactor:joined thread
[55.330s] INFO:colcon.colcon_core.shell:Creating prefix script '/mnt/c/Users/k1411090/Documents/Projects/PortaMailCapstone/install/local_setup.ps1'
[55.335s] INFO:colcon.colcon_core.shell:Creating prefix util module '/mnt/c/Users/k1411090/Documents/Projects/PortaMailCapstone/install/_local_setup_util_ps1.py'
[55.341s] INFO:colcon.colcon_core.shell:Creating prefix chain script '/mnt/c/Users/k1411090/Documents/Projects/PortaMailCapstone/install/setup.ps1'
[55.348s] INFO:colcon.colcon_core.shell:Creating prefix script '/mnt/c/Users/k1411090/Documents/Projects/PortaMailCapstone/install/local_setup.sh'
[55.379s] INFO:colcon.colcon_core.shell:Creating prefix util module '/mnt/c/Users/k1411090/Documents/Projects/PortaMailCapstone/install/_local_setup_util_sh.py'
[55.403s] INFO:colcon.colcon_core.shell:Creating prefix chain script '/mnt/c/Users/k1411090/Documents/Projects/PortaMailCapstone/install/setup.sh'
[55.429s] INFO:colcon.colcon_core.shell:Creating prefix script '/mnt/c/Users/k1411090/Documents/Projects/PortaMailCapstone/install/local_setup.bash'
[55.442s] INFO:colcon.colcon_core.shell:Creating prefix chain script '/mnt/c/Users/k1411090/Documents/Projects/PortaMailCapstone/install/setup.bash'
[55.454s] INFO:colcon.colcon_core.shell:Creating prefix script '/mnt/c/Users/k1411090/Documents/Projects/PortaMailCapstone/install/local_setup.zsh'
[55.467s] INFO:colcon.colcon_core.shell:Creating prefix chain script '/mnt/c/Users/k1411090/Documents/Projects/PortaMailCapstone/install/setup.zsh'
