[0.442s] DEBUG:colcon:Command line arguments: ['/usr/bin/colcon', 'build', '--packages-select', 'carmen_player']
[0.443s] DEBUG:colcon:Parsed command line arguments: Namespace(log_base=None, log_level=None, verb_name='build', build_base='build', install_base='install', merge_install=False, symlink_install=False, test_result_base=None, continue_on_error=False, executor='parallel', parallel_workers=8, event_handlers=None, ignore_user_meta=False, metas=['./colcon.meta'], base_paths=['.'], packages_ignore=None, packages_ignore_regex=None, paths=None, packages_up_to=None, packages_up_to_regex=None, packages_above=None, packages_above_and_dependencies=None, packages_above_depth=None, packages_select_by_dep=None, packages_skip_by_dep=None, packages_skip_up_to=None, packages_select_build_failed=False, packages_skip_build_finished=False, packages_select_test_failures=False, packages_skip_test_passed=False, packages_select=['carmen_player'], packages_skip=None, packages_select_regex=None, packages_skip_regex=None, packages_start=None, packages_end=None, cmake_args=None, cmake_target=None, cmake_target_skip_unavailable=False, cmake_clean_cache=False, cmake_clean_first=False, cmake_force_configure=False, ament_cmake_args=None, catkin_cmake_args=None, catkin_skip_building_tests=False, verb_parser=<colcon_defaults.argument_parser.defaults.DefaultArgumentsDecorator object at 0x75940eb02510>, verb_extension=<colcon_core.verb.build.BuildVerb object at 0x75940eb02210>, main=<bound method BuildVerb.main of <colcon_core.verb.build.BuildVerb object at 0x75940eb02210>>)
[0.622s] Level 1:colcon.colcon_core.package_discovery:discover_packages(colcon_meta) check parameters
[0.623s] Level 1:colcon.colcon_core.package_discovery:discover_packages(recursive) check parameters
[0.623s] Level 1:colcon.colcon_core.package_discovery:discover_packages(ignore) check parameters
[0.624s] Level 1:colcon.colcon_core.package_discovery:discover_packages(path) check parameters
[0.624s] Level 1:colcon.colcon_core.package_discovery:discover_packages(colcon_meta) discover
[0.625s] Level 1:colcon.colcon_core.package_discovery:discover_packages(recursive) discover
[0.625s] INFO:colcon.colcon_core.package_discovery:Crawling recursively for packages in '/mnt/c/users/david_mtuyw46/OneDrive/Documents/Projects/PortaMailCapstone'
[0.628s] Level 1:colcon.colcon_core.package_identification:_identify(.) by extensions ['ignore', 'ignore_ament_install']
[0.629s] Level 1:colcon.colcon_core.package_identification:_identify(.) by extension 'ignore'
[0.630s] Level 1:colcon.colcon_core.package_identification:_identify(.) by extension 'ignore_ament_install'
[0.631s] Level 1:colcon.colcon_core.package_identification:_identify(.) by extensions ['colcon_pkg']
[0.631s] Level 1:colcon.colcon_core.package_identification:_identify(.) by extension 'colcon_pkg'
[0.632s] Level 1:colcon.colcon_core.package_identification:_identify(.) by extensions ['colcon_meta']
[0.632s] Level 1:colcon.colcon_core.package_identification:_identify(.) by extension 'colcon_meta'
[0.633s] Level 1:colcon.colcon_core.package_identification:_identify(.) by extensions ['ros']
[0.633s] Level 1:colcon.colcon_core.package_identification:_identify(.) by extension 'ros'
[0.695s] Level 1:colcon.colcon_core.package_identification:_identify(.) by extensions ['cmake', 'python']
[0.696s] Level 1:colcon.colcon_core.package_identification:_identify(.) by extension 'cmake'
[0.696s] Level 1:colcon.colcon_core.package_identification:_identify(.) by extension 'python'
[0.697s] Level 1:colcon.colcon_core.package_identification:_identify(.) by extensions ['python_setup_py']
[0.698s] Level 1:colcon.colcon_core.package_identification:_identify(.) by extension 'python_setup_py'
[0.703s] Level 1:colcon.colcon_core.package_identification:_identify(Datasets) by extensions ['ignore', 'ignore_ament_install']
[0.704s] Level 1:colcon.colcon_core.package_identification:_identify(Datasets) by extension 'ignore'
[0.706s] Level 1:colcon.colcon_core.package_identification:_identify(Datasets) by extension 'ignore_ament_install'
[0.709s] Level 1:colcon.colcon_core.package_identification:_identify(Datasets) by extensions ['colcon_pkg']
[0.709s] Level 1:colcon.colcon_core.package_identification:_identify(Datasets) by extension 'colcon_pkg'
[0.711s] Level 1:colcon.colcon_core.package_identification:_identify(Datasets) by extensions ['colcon_meta']
[0.711s] Level 1:colcon.colcon_core.package_identification:_identify(Datasets) by extension 'colcon_meta'
[0.713s] Level 1:colcon.colcon_core.package_identification:_identify(Datasets) by extensions ['ros']
[0.713s] Level 1:colcon.colcon_core.package_identification:_identify(Datasets) by extension 'ros'
[0.722s] Level 1:colcon.colcon_core.package_identification:_identify(Datasets) by extensions ['cmake', 'python']
[0.723s] Level 1:colcon.colcon_core.package_identification:_identify(Datasets) by extension 'cmake'
[0.724s] Level 1:colcon.colcon_core.package_identification:_identify(Datasets) by extension 'python'
[0.726s] Level 1:colcon.colcon_core.package_identification:_identify(Datasets) by extensions ['python_setup_py']
[0.727s] Level 1:colcon.colcon_core.package_identification:_identify(Datasets) by extension 'python_setup_py'
[0.734s] Level 1:colcon.colcon_core.package_identification:_identify(build) by extensions ['ignore', 'ignore_ament_install']
[0.734s] Level 1:colcon.colcon_core.package_identification:_identify(build) by extension 'ignore'
[0.737s] Level 1:colcon.colcon_core.package_identification:_identify(build) ignored
[0.742s] Level 1:colcon.colcon_core.package_identification:_identify(install) by extensions ['ignore', 'ignore_ament_install']
[0.743s] Level 1:colcon.colcon_core.package_identification:_identify(install) by extension 'ignore'
[0.745s] Level 1:colcon.colcon_core.package_identification:_identify(install) ignored
[0.754s] Level 1:colcon.colcon_core.package_identification:_identify(log) by extensions ['ignore', 'ignore_ament_install']
[0.754s] Level 1:colcon.colcon_core.package_identification:_identify(log) by extension 'ignore'
[0.756s] Level 1:colcon.colcon_core.package_identification:_identify(log) ignored
[0.760s] Level 1:colcon.colcon_core.package_identification:_identify(src) by extensions ['ignore', 'ignore_ament_install']
[0.761s] Level 1:colcon.colcon_core.package_identification:_identify(src) by extension 'ignore'
[0.762s] Level 1:colcon.colcon_core.package_identification:_identify(src) by extension 'ignore_ament_install'
[0.766s] Level 1:colcon.colcon_core.package_identification:_identify(src) by extensions ['colcon_pkg']
[0.766s] Level 1:colcon.colcon_core.package_identification:_identify(src) by extension 'colcon_pkg'
[0.768s] Level 1:colcon.colcon_core.package_identification:_identify(src) by extensions ['colcon_meta']
[0.768s] Level 1:colcon.colcon_core.package_identification:_identify(src) by extension 'colcon_meta'
[0.770s] Level 1:colcon.colcon_core.package_identification:_identify(src) by extensions ['ros']
[0.770s] Level 1:colcon.colcon_core.package_identification:_identify(src) by extension 'ros'
[0.777s] Level 1:colcon.colcon_core.package_identification:_identify(src) by extensions ['cmake', 'python']
[0.778s] Level 1:colcon.colcon_core.package_identification:_identify(src) by extension 'cmake'
[0.779s] Level 1:colcon.colcon_core.package_identification:_identify(src) by extension 'python'
[0.782s] Level 1:colcon.colcon_core.package_identification:_identify(src) by extensions ['python_setup_py']
[0.782s] Level 1:colcon.colcon_core.package_identification:_identify(src) by extension 'python_setup_py'
[0.790s] Level 1:colcon.colcon_core.package_identification:_identify(src/carmen_player) by extensions ['ignore', 'ignore_ament_install']
[0.791s] Level 1:colcon.colcon_core.package_identification:_identify(src/carmen_player) by extension 'ignore'
[0.793s] Level 1:colcon.colcon_core.package_identification:_identify(src/carmen_player) by extension 'ignore_ament_install'
[0.798s] Level 1:colcon.colcon_core.package_identification:_identify(src/carmen_player) by extensions ['colcon_pkg']
[0.798s] Level 1:colcon.colcon_core.package_identification:_identify(src/carmen_player) by extension 'colcon_pkg'
[0.800s] Level 1:colcon.colcon_core.package_identification:_identify(src/carmen_player) by extensions ['colcon_meta']
[0.801s] Level 1:colcon.colcon_core.package_identification:_identify(src/carmen_player) by extension 'colcon_meta'
[0.804s] Level 1:colcon.colcon_core.package_identification:_identify(src/carmen_player) by extensions ['ros']
[0.804s] Level 1:colcon.colcon_core.package_identification:_identify(src/carmen_player) by extension 'ros'
[0.843s] DEBUG:colcon.colcon_core.package_identification:Package 'src/carmen_player' with type 'ros.ament_python' and name 'carmen_player'
[0.843s] Level 1:colcon.colcon_core.package_discovery:discover_packages(recursive) using defaults
[0.844s] Level 1:colcon.colcon_core.package_discovery:discover_packages(ignore) discover
[0.844s] Level 1:colcon.colcon_core.package_discovery:discover_packages(ignore) using defaults
[0.845s] Level 1:colcon.colcon_core.package_discovery:discover_packages(path) discover
[0.846s] Level 1:colcon.colcon_core.package_discovery:discover_packages(path) using defaults
[0.935s] Level 5:colcon.colcon_core.verb:set package 'carmen_player' build argument 'cmake_args' from command line to 'None'
[0.936s] Level 5:colcon.colcon_core.verb:set package 'carmen_player' build argument 'cmake_target' from command line to 'None'
[0.936s] Level 5:colcon.colcon_core.verb:set package 'carmen_player' build argument 'cmake_target_skip_unavailable' from command line to 'False'
[0.937s] Level 5:colcon.colcon_core.verb:set package 'carmen_player' build argument 'cmake_clean_cache' from command line to 'False'
[0.937s] Level 5:colcon.colcon_core.verb:set package 'carmen_player' build argument 'cmake_clean_first' from command line to 'False'
[0.938s] Level 5:colcon.colcon_core.verb:set package 'carmen_player' build argument 'cmake_force_configure' from command line to 'False'
[0.938s] Level 5:colcon.colcon_core.verb:set package 'carmen_player' build argument 'ament_cmake_args' from command line to 'None'
[0.939s] Level 5:colcon.colcon_core.verb:set package 'carmen_player' build argument 'catkin_cmake_args' from command line to 'None'
[0.939s] Level 5:colcon.colcon_core.verb:set package 'carmen_player' build argument 'catkin_skip_building_tests' from command line to 'False'
[0.940s] DEBUG:colcon.colcon_core.verb:Building package 'carmen_player' with the following arguments: {'ament_cmake_args': None, 'build_base': '/mnt/c/users/david_mtuyw46/OneDrive/Documents/Projects/PortaMailCapstone/build/carmen_player', 'catkin_cmake_args': None, 'catkin_skip_building_tests': False, 'cmake_args': None, 'cmake_clean_cache': False, 'cmake_clean_first': False, 'cmake_force_configure': False, 'cmake_target': None, 'cmake_target_skip_unavailable': False, 'install_base': '/mnt/c/users/david_mtuyw46/OneDrive/Documents/Projects/PortaMailCapstone/install/carmen_player', 'merge_install': False, 'path': '/mnt/c/users/david_mtuyw46/OneDrive/Documents/Projects/PortaMailCapstone/src/carmen_player', 'symlink_install': False, 'test_result_base': None}
[0.940s] INFO:colcon.colcon_core.executor:Executing jobs using 'parallel' executor
[0.943s] DEBUG:colcon.colcon_parallel_executor.executor.parallel:run_until_complete
[0.943s] INFO:colcon.colcon_ros.task.ament_python.build:Building ROS package in '/mnt/c/users/david_mtuyw46/OneDrive/Documents/Projects/PortaMailCapstone/src/carmen_player' with build type 'ament_python'
[0.944s] Level 1:colcon.colcon_core.shell:create_environment_hook('carmen_player', 'ament_prefix_path')
[0.961s] INFO:colcon.colcon_core.plugin_system:Skipping extension 'colcon_core.shell.bat': Not used on non-Windows systems
[0.962s] INFO:colcon.colcon_core.shell:Creating environment descriptor '/mnt/c/users/david_mtuyw46/OneDrive/Documents/Projects/PortaMailCapstone/install/carmen_player/share/carmen_player/hook/ament_prefix_path.dsv'
[1.014s] INFO:colcon.colcon_core.shell:Creating environment hook '/mnt/c/users/david_mtuyw46/OneDrive/Documents/Projects/PortaMailCapstone/install/carmen_player/share/carmen_player/hook/ament_prefix_path.sh'
[1.046s] DEBUG:colcon.colcon_core.shell:Skip shell extension 'dsv' for command environment
[1.600s] INFO:colcon.colcon_core.task.python.build:Building Python package in '/mnt/c/users/david_mtuyw46/OneDrive/Documents/Projects/PortaMailCapstone/src/carmen_player'
[1.601s] DEBUG:colcon.colcon_core.shell:Skip shell extension 'dsv' for command environment
[5.167s] DEBUG:colcon.colcon_core.event_handler.log_command:Invoking command in '/mnt/c/users/david_mtuyw46/OneDrive/Documents/Projects/PortaMailCapstone/src/carmen_player': PYTHONPATH=/mnt/c/users/david_mtuyw46/OneDrive/Documents/Projects/PortaMailCapstone/build/carmen_player/prefix_override:/usr/lib/python3/dist-packages/colcon_core/task/python/colcon_distutils_commands:/mnt/c/users/david_mtuyw46/OneDrive/Documents/Projects/PortaMailCapstone/install/carmen_player/lib/python3.12/site-packages:${PYTHONPATH} /usr/bin/python3 -W ignore:setup.py install is deprecated -W ignore:easy_install command is deprecated setup.py egg_info --egg-base ../../build/carmen_player build --build-base /mnt/c/users/david_mtuyw46/OneDrive/Documents/Projects/PortaMailCapstone/build/carmen_player/build install --record /mnt/c/users/david_mtuyw46/OneDrive/Documents/Projects/PortaMailCapstone/build/carmen_player/install.log --single-version-externally-managed install_data
[9.397s] DEBUG:colcon.colcon_core.event_handler.log_command:Invoked command in '/mnt/c/users/david_mtuyw46/OneDrive/Documents/Projects/PortaMailCapstone/src/carmen_player' returned '0': PYTHONPATH=/mnt/c/users/david_mtuyw46/OneDrive/Documents/Projects/PortaMailCapstone/build/carmen_player/prefix_override:/usr/lib/python3/dist-packages/colcon_core/task/python/colcon_distutils_commands:/mnt/c/users/david_mtuyw46/OneDrive/Documents/Projects/PortaMailCapstone/install/carmen_player/lib/python3.12/site-packages:${PYTHONPATH} /usr/bin/python3 -W ignore:setup.py install is deprecated -W ignore:easy_install command is deprecated setup.py egg_info --egg-base ../../build/carmen_player build --build-base /mnt/c/users/david_mtuyw46/OneDrive/Documents/Projects/PortaMailCapstone/build/carmen_player/build install --record /mnt/c/users/david_mtuyw46/OneDrive/Documents/Projects/PortaMailCapstone/build/carmen_player/install.log --single-version-externally-managed install_data
[9.419s] Level 1:colcon.colcon_core.environment:checking '/mnt/c/users/david_mtuyw46/OneDrive/Documents/Projects/PortaMailCapstone/install/carmen_player' for CMake module files
[9.498s] Level 1:colcon.colcon_core.environment:checking '/mnt/c/users/david_mtuyw46/OneDrive/Documents/Projects/PortaMailCapstone/install/carmen_player' for CMake config files
[9.647s] Level 1:colcon.colcon_core.environment:checking '/mnt/c/users/david_mtuyw46/OneDrive/Documents/Projects/PortaMailCapstone/install/carmen_player/lib'
[9.656s] Level 1:colcon.colcon_core.environment:checking '/mnt/c/users/david_mtuyw46/OneDrive/Documents/Projects/PortaMailCapstone/install/carmen_player/bin'
[9.660s] Level 1:colcon.colcon_core.environment:checking '/mnt/c/users/david_mtuyw46/OneDrive/Documents/Projects/PortaMailCapstone/install/carmen_player/lib/pkgconfig/carmen_player.pc'
[9.665s] Level 1:colcon.colcon_core.environment:checking '/mnt/c/users/david_mtuyw46/OneDrive/Documents/Projects/PortaMailCapstone/install/carmen_player/lib/python3.12/site-packages'
[9.670s] Level 1:colcon.colcon_core.shell:create_environment_hook('carmen_player', 'pythonpath')
[9.671s] INFO:colcon.colcon_core.shell:Creating environment descriptor '/mnt/c/users/david_mtuyw46/OneDrive/Documents/Projects/PortaMailCapstone/install/carmen_player/share/carmen_player/hook/pythonpath.dsv'
[9.716s] INFO:colcon.colcon_core.shell:Creating environment hook '/mnt/c/users/david_mtuyw46/OneDrive/Documents/Projects/PortaMailCapstone/install/carmen_player/share/carmen_player/hook/pythonpath.sh'
[9.755s] Level 1:colcon.colcon_core.environment:checking '/mnt/c/users/david_mtuyw46/OneDrive/Documents/Projects/PortaMailCapstone/install/carmen_player/bin'
[9.759s] Level 1:colcon.colcon_core.environment:create_environment_scripts_only(carmen_player)
[9.760s] INFO:colcon.colcon_core.shell:Creating package descriptor '/mnt/c/users/david_mtuyw46/OneDrive/Documents/Projects/PortaMailCapstone/install/carmen_player/share/carmen_player/package.dsv'
[9.792s] INFO:colcon.colcon_core.shell:Creating package script '/mnt/c/users/david_mtuyw46/OneDrive/Documents/Projects/PortaMailCapstone/install/carmen_player/share/carmen_player/package.sh'
[9.824s] INFO:colcon.colcon_core.shell:Creating package script '/mnt/c/users/david_mtuyw46/OneDrive/Documents/Projects/PortaMailCapstone/install/carmen_player/share/carmen_player/package.bash'
[9.868s] INFO:colcon.colcon_core.shell:Creating package script '/mnt/c/users/david_mtuyw46/OneDrive/Documents/Projects/PortaMailCapstone/install/carmen_player/share/carmen_player/package.zsh'
[9.910s] Level 1:colcon.colcon_core.environment:create_file_with_runtime_dependencies(/mnt/c/users/david_mtuyw46/OneDrive/Documents/Projects/PortaMailCapstone/install/carmen_player/share/colcon-core/packages/carmen_player)
[9.943s] DEBUG:colcon.colcon_parallel_executor.executor.parallel:closing loop
[9.944s] DEBUG:colcon.colcon_parallel_executor.executor.parallel:loop closed
[9.944s] DEBUG:colcon.colcon_parallel_executor.executor.parallel:run_until_complete finished with '0'
[9.945s] DEBUG:colcon.colcon_core.event_reactor:joining thread
[10.116s] INFO:colcon.colcon_core.plugin_system:Skipping extension 'colcon_notification.desktop_notification.notify_send': Could not find 'notify-send'
[10.117s] INFO:colcon.colcon_core.plugin_system:Skipping extension 'colcon_notification.desktop_notification.terminal_notifier': Not used on non-Darwin systems
[10.117s] INFO:colcon.colcon_core.plugin_system:Skipping extension 'colcon_notification.desktop_notification.win32': Not used on non-Windows systems
[10.118s] INFO:colcon.colcon_notification.desktop_notification:Sending desktop notification using 'notify2'
[10.193s] DEBUG:colcon.colcon_notification.desktop_notification.notify2:Failed to initialize notify2: org.freedesktop.DBus.Error.ServiceUnknown: The name org.freedesktop.Notifications was not provided by any .service files
[10.194s] DEBUG:colcon.colcon_core.event_reactor:joined thread
[10.195s] INFO:colcon.colcon_core.shell:Creating prefix script '/mnt/c/users/david_mtuyw46/OneDrive/Documents/Projects/PortaMailCapstone/install/local_setup.sh'
[10.204s] INFO:colcon.colcon_core.shell:Creating prefix util module '/mnt/c/users/david_mtuyw46/OneDrive/Documents/Projects/PortaMailCapstone/install/_local_setup_util_sh.py'
[10.221s] INFO:colcon.colcon_core.shell:Creating prefix chain script '/mnt/c/users/david_mtuyw46/OneDrive/Documents/Projects/PortaMailCapstone/install/setup.sh'
[10.239s] INFO:colcon.colcon_core.shell:Creating prefix script '/mnt/c/users/david_mtuyw46/OneDrive/Documents/Projects/PortaMailCapstone/install/local_setup.bash'
[10.255s] INFO:colcon.colcon_core.shell:Creating prefix chain script '/mnt/c/users/david_mtuyw46/OneDrive/Documents/Projects/PortaMailCapstone/install/setup.bash'
[10.269s] INFO:colcon.colcon_core.shell:Creating prefix script '/mnt/c/users/david_mtuyw46/OneDrive/Documents/Projects/PortaMailCapstone/install/local_setup.zsh'
[10.283s] INFO:colcon.colcon_core.shell:Creating prefix chain script '/mnt/c/users/david_mtuyw46/OneDrive/Documents/Projects/PortaMailCapstone/install/setup.zsh'
