running egg_info
writing ../../build/carmen_player/carmen_player.egg-info/PKG-INFO
writing dependency_links to ../../build/carmen_player/carmen_player.egg-info/dependency_links.txt
writing entry points to ../../build/carmen_player/carmen_player.egg-info/entry_points.txt
writing requirements to ../../build/carmen_player/carmen_player.egg-info/requires.txt
writing top-level names to ../../build/carmen_player/carmen_player.egg-info/top_level.txt
reading manifest file '../../build/carmen_player/carmen_player.egg-info/SOURCES.txt'
writing manifest file '../../build/carmen_player/carmen_player.egg-info/SOURCES.txt'
running build
running build_py
copying carmen_player/log_publisher.py -> /mnt/c/users/david_mtuyw46/OneDrive/Documents/Projects/PortaMailCapstone/build/carmen_player/build/lib/carmen_player
running install
running install_lib
copying /mnt/c/users/david_mtuyw46/OneDrive/Documents/Projects/PortaMailCapstone/build/carmen_player/build/lib/carmen_player/log_publisher.py -> /mnt/c/users/david_mtuyw46/OneDrive/Documents/Projects/PortaMailCapstone/install/carmen_player/lib/python3.12/site-packages/carmen_player
byte-compiling /mnt/c/users/david_mtuyw46/OneDrive/Documents/Projects/PortaMailCapstone/install/carmen_player/lib/python3.12/site-packages/carmen_player/log_publisher.py to log_publisher.cpython-312.pyc
running install_data
running install_egg_info
removing '/mnt/c/users/david_mtuyw46/OneDrive/Documents/Projects/PortaMailCapstone/install/carmen_player/lib/python3.12/site-packages/carmen_player-0.0.0-py3.12.egg-info' (and everything under it)
Copying ../../build/carmen_player/carmen_player.egg-info to /mnt/c/users/david_mtuyw46/OneDrive/Documents/Projects/PortaMailCapstone/install/carmen_player/lib/python3.12/site-packages/carmen_player-0.0.0-py3.12.egg-info
running install_scripts
Installing play_log script to /mnt/c/users/david_mtuyw46/OneDrive/Documents/Projects/PortaMailCapstone/install/carmen_player/lib/carmen_player
writing list of installed files to '/mnt/c/users/david_mtuyw46/OneDrive/Documents/Projects/PortaMailCapstone/build/carmen_player/install.log'
