[0.057s] Invoking command in '/mnt/c/Users/David/OneDrive/Documents/Projects/PortaMailCapstone/build/portamail_navigation': CMAKE_PREFIX_PATH=${CMAKE_PREFIX_PATH}:/opt/ros/jazzy /usr/bin/cmake --build /mnt/c/Users/David/OneDrive/Documents/Projects/PortaMailCapstone/build/portamail_navigation -- -j12 -l12
[0.324s] [100%] Built target coordinator
[0.352s] Invoked command in '/mnt/c/Users/David/OneDrive/Documents/Projects/PortaMailCapstone/build/portamail_navigation' returned '0': CMAKE_PREFIX_PATH=${CMAKE_PREFIX_PATH}:/opt/ros/jazzy /usr/bin/cmake --build /mnt/c/Users/David/OneDrive/Documents/Projects/PortaMailCapstone/build/portamail_navigation -- -j12 -l12
[0.382s] Invoking command in '/mnt/c/Users/David/OneDrive/Documents/Projects/PortaMailCapstone/build/portamail_navigation': CMAKE_PREFIX_PATH=${CMAKE_PREFIX_PATH}:/opt/ros/jazzy /usr/bin/cmake --install /mnt/c/Users/David/OneDrive/Documents/Projects/PortaMailCapstone/build/portamail_navigation
[0.394s] -- Install configuration: ""
[0.429s] -- Up-to-date: /mnt/c/Users/David/OneDrive/Documents/Projects/PortaMailCapstone/install/portamail_navigation/lib/portamail_navigation/coordinator
[0.475s] -- Up-to-date: /mnt/c/Users/David/OneDrive/Documents/Projects/PortaMailCapstone/install/portamail_navigation/share/portamail_navigation/launch
[0.499s] -- Up-to-date: /mnt/c/Users/David/OneDrive/Documents/Projects/PortaMailCapstone/install/portamail_navigation/share/portamail_navigation/launch/bringup.launch.py
[0.517s] -- Up-to-date: /mnt/c/Users/David/OneDrive/Documents/Projects/PortaMailCapstone/install/portamail_navigation/share/portamail_navigation/config
[0.541s] -- Up-to-date: /mnt/c/Users/David/OneDrive/Documents/Projects/PortaMailCapstone/install/portamail_navigation/share/portamail_navigation/config/locations.yaml
[0.573s] -- Up-to-date: /mnt/c/Users/David/OneDrive/Documents/Projects/PortaMailCapstone/install/portamail_navigation/share/ament_index/resource_index/package_run_dependencies/portamail_navigation
[0.605s] -- Up-to-date: /mnt/c/Users/David/OneDrive/Documents/Projects/PortaMailCapstone/install/portamail_navigation/share/ament_index/resource_index/parent_prefix_path/portamail_navigation
[0.621s] -- Up-to-date: /mnt/c/Users/David/OneDrive/Documents/Projects/PortaMailCapstone/install/portamail_navigation/share/portamail_navigation/environment/ament_prefix_path.sh
[0.641s] -- Up-to-date: /mnt/c/Users/David/OneDrive/Documents/Projects/PortaMailCapstone/install/portamail_navigation/share/portamail_navigation/environment/ament_prefix_path.dsv
[0.656s] -- Up-to-date: /mnt/c/Users/David/OneDrive/Documents/Projects/PortaMailCapstone/install/portamail_navigation/share/portamail_navigation/environment/path.sh
[0.675s] -- Up-to-date: /mnt/c/Users/David/OneDrive/Documents/Projects/PortaMailCapstone/install/portamail_navigation/share/portamail_navigation/environment/path.dsv
[0.693s] -- Up-to-date: /mnt/c/Users/David/OneDrive/Documents/Projects/PortaMailCapstone/install/portamail_navigation/share/portamail_navigation/local_setup.bash
[0.710s] -- Up-to-date: /mnt/c/Users/David/OneDrive/Documents/Projects/PortaMailCapstone/install/portamail_navigation/share/portamail_navigation/local_setup.sh
[0.726s] -- Up-to-date: /mnt/c/Users/David/OneDrive/Documents/Projects/PortaMailCapstone/install/portamail_navigation/share/portamail_navigation/local_setup.zsh
[0.744s] -- Up-to-date: /mnt/c/Users/David/OneDrive/Documents/Projects/PortaMailCapstone/install/portamail_navigation/share/portamail_navigation/local_setup.dsv
[0.761s] -- Installing: /mnt/c/Users/David/OneDrive/Documents/Projects/PortaMailCapstone/install/portamail_navigation/share/portamail_navigation/package.dsv
[0.834s] -- Up-to-date: /mnt/c/Users/David/OneDrive/Documents/Projects/PortaMailCapstone/install/portamail_navigation/share/ament_index/resource_index/packages/portamail_navigation
[0.861s] -- Up-to-date: /mnt/c/Users/David/OneDrive/Documents/Projects/PortaMailCapstone/install/portamail_navigation/share/portamail_navigation/cmake/portamail_navigationConfig.cmake
[0.882s] -- Up-to-date: /mnt/c/Users/David/OneDrive/Documents/Projects/PortaMailCapstone/install/portamail_navigation/share/portamail_navigation/cmake/portamail_navigationConfig-version.cmake
[0.905s] -- Up-to-date: /mnt/c/Users/David/OneDrive/Documents/Projects/PortaMailCapstone/install/portamail_navigation/share/portamail_navigation/package.xml
[0.915s] Invoked command in '/mnt/c/Users/David/OneDrive/Documents/Projects/PortaMailCapstone/build/portamail_navigation' returned '0': CMAKE_PREFIX_PATH=${CMAKE_PREFIX_PATH}:/opt/ros/jazzy /usr/bin/cmake --install /mnt/c/Users/David/OneDrive/Documents/Projects/PortaMailCapstone/build/portamail_navigation
